{"/Users/eolaw/Desktop/insightserenity-platform/servers/customer-services/modules/core-business/analytics/services/analytics-service.js": {"path":"/Users/eolaw/Desktop/insightserenity-platform/servers/customer-services/modules/core-business/analytics/services/analytics-service.js","statementMap":{"0":{"start":{"line":12,"column":15},"end":{"line":14,"column":2}},"1":{"start":{"line":15,"column":21},"end":{"line":15,"column":76}},"2":{"start":{"line":25,"column":8},"end":{"line":35,"column":10}},"3":{"start":{"line":38,"column":8},"end":{"line":38,"column":29}},"4":{"start":{"line":51,"column":8},"end":{"line":111,"column":9}},"5":{"start":{"line":52,"column":12},"end":{"line":55,"column":13}},"6":{"start":{"line":53,"column":16},"end":{"line":53,"column":60}},"7":{"start":{"line":54,"column":16},"end":{"line":54,"column":71}},"8":{"start":{"line":57,"column":61},"end":{"line":57,"column":70}},"9":{"start":{"line":59,"column":12},"end":{"line":61,"column":13}},"10":{"start":{"line":60,"column":16},"end":{"line":60,"column":88}},"11":{"start":{"line":64,"column":35},"end":{"line":76,"column":13}},"12":{"start":{"line":88,"column":12},"end":{"line":88,"column":49}},"13":{"start":{"line":90,"column":12},"end":{"line":94,"column":15}},"14":{"start":{"line":97,"column":12},"end":{"line":102,"column":14}},"15":{"start":{"line":105,"column":12},"end":{"line":108,"column":15}},"16":{"start":{"line":110,"column":12},"end":{"line":110,"column":60}},"17":{"start":{"line":121,"column":8},"end":{"line":154,"column":9}},"18":{"start":{"line":122,"column":12},"end":{"line":124,"column":13}},"19":{"start":{"line":123,"column":16},"end":{"line":123,"column":74}},"20":{"start":{"line":126,"column":12},"end":{"line":128,"column":13}},"21":{"start":{"line":127,"column":16},"end":{"line":127,"column":82}},"22":{"start":{"line":135,"column":12},"end":{"line":138,"column":15}},"23":{"start":{"line":141,"column":12},"end":{"line":146,"column":14}},"24":{"start":{"line":149,"column":12},"end":{"line":152,"column":15}},"25":{"start":{"line":153,"column":12},"end":{"line":153,"column":63}},"26":{"start":{"line":165,"column":8},"end":{"line":186,"column":9}},"27":{"start":{"line":166,"column":12},"end":{"line":168,"column":13}},"28":{"start":{"line":167,"column":16},"end":{"line":167,"column":71}},"29":{"start":{"line":170,"column":12},"end":{"line":177,"column":15}},"30":{"start":{"line":180,"column":12},"end":{"line":184,"column":15}},"31":{"start":{"line":185,"column":12},"end":{"line":185,"column":60}},"32":{"start":{"line":198,"column":8},"end":{"line":217,"column":9}},"33":{"start":{"line":199,"column":12},"end":{"line":207,"column":15}},"34":{"start":{"line":210,"column":12},"end":{"line":215,"column":15}},"35":{"start":{"line":216,"column":12},"end":{"line":216,"column":60}},"36":{"start":{"line":228,"column":8},"end":{"line":246,"column":9}},"37":{"start":{"line":229,"column":12},"end":{"line":237,"column":15}},"38":{"start":{"line":240,"column":12},"end":{"line":244,"column":15}},"39":{"start":{"line":245,"column":12},"end":{"line":245,"column":60}},"40":{"start":{"line":256,"column":8},"end":{"line":281,"column":9}},"41":{"start":{"line":262,"column":12},"end":{"line":265,"column":15}},"42":{"start":{"line":268,"column":12},"end":{"line":273,"column":14}},"43":{"start":{"line":276,"column":12},"end":{"line":279,"column":15}},"44":{"start":{"line":280,"column":12},"end":{"line":280,"column":24}},"45":{"start":{"line":291,"column":8},"end":{"line":322,"column":9}},"46":{"start":{"line":292,"column":12},"end":{"line":294,"column":13}},"47":{"start":{"line":293,"column":16},"end":{"line":293,"column":82}},"48":{"start":{"line":301,"column":12},"end":{"line":304,"column":15}},"49":{"start":{"line":307,"column":12},"end":{"line":314,"column":14}},"50":{"start":{"line":317,"column":12},"end":{"line":320,"column":15}},"51":{"start":{"line":321,"column":12},"end":{"line":321,"column":24}},"52":{"start":{"line":334,"column":8},"end":{"line":367,"column":9}},"53":{"start":{"line":335,"column":55},"end":{"line":335,"column":62}},"54":{"start":{"line":337,"column":12},"end":{"line":339,"column":13}},"55":{"start":{"line":338,"column":16},"end":{"line":338,"column":90}},"56":{"start":{"line":346,"column":12},"end":{"line":350,"column":15}},"57":{"start":{"line":353,"column":12},"end":{"line":359,"column":14}},"58":{"start":{"line":362,"column":12},"end":{"line":365,"column":15}},"59":{"start":{"line":366,"column":12},"end":{"line":366,"column":24}},"60":{"start":{"line":376,"column":8},"end":{"line":398,"column":9}},"61":{"start":{"line":377,"column":12},"end":{"line":379,"column":13}},"62":{"start":{"line":378,"column":16},"end":{"line":378,"column":23}},"63":{"start":{"line":386,"column":12},"end":{"line":388,"column":15}},"64":{"start":{"line":391,"column":12},"end":{"line":391,"column":33}},"65":{"start":{"line":394,"column":12},"end":{"line":397,"column":15}},"66":{"start":{"line":408,"column":8},"end":{"line":432,"column":9}},"67":{"start":{"line":409,"column":12},"end":{"line":411,"column":13}},"68":{"start":{"line":410,"column":16},"end":{"line":410,"column":82}},"69":{"start":{"line":415,"column":12},"end":{"line":418,"column":15}},"70":{"start":{"line":420,"column":12},"end":{"line":424,"column":14}},"71":{"start":{"line":427,"column":12},"end":{"line":430,"column":15}},"72":{"start":{"line":431,"column":12},"end":{"line":431,"column":60}},"73":{"start":{"line":443,"column":8},"end":{"line":470,"column":9}},"74":{"start":{"line":444,"column":12},"end":{"line":446,"column":13}},"75":{"start":{"line":445,"column":16},"end":{"line":445,"column":95}},"76":{"start":{"line":450,"column":12},"end":{"line":454,"column":15}},"77":{"start":{"line":456,"column":12},"end":{"line":461,"column":14}},"78":{"start":{"line":464,"column":12},"end":{"line":468,"column":15}},"79":{"start":{"line":469,"column":12},"end":{"line":469,"column":60}},"80":{"start":{"line":475,"column":0},"end":{"line":475,"column":48}}},"fnMap":{"0":{"name":"(anonymous_0)","decl":{"start":{"line":23,"column":4},"end":{"line":23,"column":5}},"loc":{"start":{"line":23,"column":18},"end":{"line":39,"column":5}},"line":23},"1":{"name":"(anonymous_1)","decl":{"start":{"line":50,"column":4},"end":{"line":50,"column":5}},"loc":{"start":{"line":50,"column":27},"end":{"line":112,"column":5}},"line":50},"2":{"name":"(anonymous_2)","decl":{"start":{"line":120,"column":4},"end":{"line":120,"column":5}},"loc":{"start":{"line":120,"column":35},"end":{"line":155,"column":5}},"line":120},"3":{"name":"(anonymous_3)","decl":{"start":{"line":164,"column":4},"end":{"line":164,"column":5}},"loc":{"start":{"line":164,"column":50},"end":{"line":187,"column":5}},"line":164},"4":{"name":"(anonymous_4)","decl":{"start":{"line":197,"column":4},"end":{"line":197,"column":5}},"loc":{"start":{"line":197,"column":65},"end":{"line":218,"column":5}},"line":197},"5":{"name":"(anonymous_5)","decl":{"start":{"line":227,"column":4},"end":{"line":227,"column":5}},"loc":{"start":{"line":227,"column":57},"end":{"line":247,"column":5}},"line":227},"6":{"name":"(anonymous_6)","decl":{"start":{"line":255,"column":4},"end":{"line":255,"column":5}},"loc":{"start":{"line":255,"column":45},"end":{"line":282,"column":5}},"line":255},"7":{"name":"(anonymous_7)","decl":{"start":{"line":290,"column":4},"end":{"line":290,"column":5}},"loc":{"start":{"line":290,"column":49},"end":{"line":323,"column":5}},"line":290},"8":{"name":"(anonymous_8)","decl":{"start":{"line":333,"column":4},"end":{"line":333,"column":5}},"loc":{"start":{"line":333,"column":29},"end":{"line":368,"column":5}},"line":333},"9":{"name":"(anonymous_9)","decl":{"start":{"line":375,"column":4},"end":{"line":375,"column":5}},"loc":{"start":{"line":375,"column":25},"end":{"line":399,"column":5}},"line":375},"10":{"name":"(anonymous_10)","decl":{"start":{"line":407,"column":4},"end":{"line":407,"column":5}},"loc":{"start":{"line":407,"column":48},"end":{"line":433,"column":5}},"line":407},"11":{"name":"(anonymous_11)","decl":{"start":{"line":442,"column":4},"end":{"line":442,"column":5}},"loc":{"start":{"line":442,"column":57},"end":{"line":471,"column":5}},"line":442}},"branchMap":{"0":{"loc":{"start":{"line":27,"column":25},"end":{"line":27,"column":62}},"type":"binary-expr","locations":[{"start":{"line":27,"column":25},"end":{"line":27,"column":54}},{"start":{"line":27,"column":58},"end":{"line":27,"column":62}}],"line":27},"1":{"loc":{"start":{"line":28,"column":26},"end":{"line":28,"column":60}},"type":"binary-expr","locations":[{"start":{"line":28,"column":26},"end":{"line":28,"column":52}},{"start":{"line":28,"column":56},"end":{"line":28,"column":60}}],"line":28},"2":{"loc":{"start":{"line":29,"column":33},"end":{"line":29,"column":70}},"type":"binary-expr","locations":[{"start":{"line":29,"column":33},"end":{"line":29,"column":62}},{"start":{"line":29,"column":66},"end":{"line":29,"column":70}}],"line":29},"3":{"loc":{"start":{"line":30,"column":27},"end":{"line":30,"column":64}},"type":"binary-expr","locations":[{"start":{"line":30,"column":27},"end":{"line":30,"column":56}},{"start":{"line":30,"column":60},"end":{"line":30,"column":64}}],"line":30},"4":{"loc":{"start":{"line":33,"column":23},"end":{"line":33,"column":72}},"type":"binary-expr","locations":[{"start":{"line":33,"column":23},"end":{"line":33,"column":65}},{"start":{"line":33,"column":69},"end":{"line":33,"column":72}}],"line":33},"5":{"loc":{"start":{"line":34,"column":27},"end":{"line":34,"column":82}},"type":"binary-expr","locations":[{"start":{"line":34,"column":27},"end":{"line":34,"column":73}},{"start":{"line":34,"column":77},"end":{"line":34,"column":82}}],"line":34},"6":{"loc":{"start":{"line":52,"column":12},"end":{"line":55,"column":13}},"type":"if","locations":[{"start":{"line":52,"column":12},"end":{"line":55,"column":13}},{"start":{},"end":{}}],"line":52},"7":{"loc":{"start":{"line":59,"column":12},"end":{"line":61,"column":13}},"type":"if","locations":[{"start":{"line":59,"column":12},"end":{"line":61,"column":13}},{"start":{},"end":{}}],"line":59},"8":{"loc":{"start":{"line":66,"column":24},"end":{"line":66,"column":45}},"type":"binary-expr","locations":[{"start":{"line":66,"column":24},"end":{"line":66,"column":30}},{"start":{"line":66,"column":34},"end":{"line":66,"column":45}}],"line":66},"9":{"loc":{"start":{"line":67,"column":28},"end":{"line":67,"column":44}},"type":"binary-expr","locations":[{"start":{"line":67,"column":28},"end":{"line":67,"column":38}},{"start":{"line":67,"column":42},"end":{"line":67,"column":44}}],"line":67},"10":{"loc":{"start":{"line":68,"column":27},"end":{"line":68,"column":64}},"type":"binary-expr","locations":[{"start":{"line":68,"column":27},"end":{"line":68,"column":36}},{"start":{"line":68,"column":40},"end":{"line":68,"column":64}}],"line":68},"11":{"loc":{"start":{"line":74,"column":33},"end":{"line":74,"column":70}},"type":"binary-expr","locations":[{"start":{"line":74,"column":33},"end":{"line":74,"column":53}},{"start":{"line":74,"column":57},"end":{"line":74,"column":70}}],"line":74},"12":{"loc":{"start":{"line":93,"column":45},"end":{"line":93,"column":61}},"type":"binary-expr","locations":[{"start":{"line":93,"column":45},"end":{"line":93,"column":55}},{"start":{"line":93,"column":59},"end":{"line":93,"column":61}}],"line":93},"13":{"loc":{"start":{"line":122,"column":12},"end":{"line":124,"column":13}},"type":"if","locations":[{"start":{"line":122,"column":12},"end":{"line":124,"column":13}},{"start":{},"end":{}}],"line":122},"14":{"loc":{"start":{"line":126,"column":12},"end":{"line":128,"column":13}},"type":"if","locations":[{"start":{"line":126,"column":12},"end":{"line":128,"column":13}},{"start":{},"end":{}}],"line":126},"15":{"loc":{"start":{"line":137,"column":41},"end":{"line":137,"column":53}},"type":"binary-expr","locations":[{"start":{"line":137,"column":41},"end":{"line":137,"column":47}},{"start":{"line":137,"column":51},"end":{"line":137,"column":53}}],"line":137},"16":{"loc":{"start":{"line":164,"column":33},"end":{"line":164,"column":48}},"type":"default-arg","locations":[{"start":{"line":164,"column":46},"end":{"line":164,"column":48}}],"line":164},"17":{"loc":{"start":{"line":166,"column":12},"end":{"line":168,"column":13}},"type":"if","locations":[{"start":{"line":166,"column":12},"end":{"line":168,"column":13}},{"start":{},"end":{}}],"line":166},"18":{"loc":{"start":{"line":197,"column":48},"end":{"line":197,"column":63}},"type":"default-arg","locations":[{"start":{"line":197,"column":61},"end":{"line":197,"column":63}}],"line":197},"19":{"loc":{"start":{"line":227,"column":40},"end":{"line":227,"column":55}},"type":"default-arg","locations":[{"start":{"line":227,"column":53},"end":{"line":227,"column":55}}],"line":227},"20":{"loc":{"start":{"line":234,"column":30},"end":{"line":234,"column":58}},"type":"binary-expr","locations":[{"start":{"line":234,"column":30},"end":{"line":234,"column":49}},{"start":{"line":234,"column":53},"end":{"line":234,"column":58}}],"line":234},"21":{"loc":{"start":{"line":264,"column":42},"end":{"line":264,"column":56}},"type":"binary-expr","locations":[{"start":{"line":264,"column":42},"end":{"line":264,"column":50}},{"start":{"line":264,"column":54},"end":{"line":264,"column":56}}],"line":264},"22":{"loc":{"start":{"line":290,"column":35},"end":{"line":290,"column":47}},"type":"default-arg","locations":[{"start":{"line":290,"column":45},"end":{"line":290,"column":47}}],"line":290},"23":{"loc":{"start":{"line":292,"column":12},"end":{"line":294,"column":13}},"type":"if","locations":[{"start":{"line":292,"column":12},"end":{"line":294,"column":13}},{"start":{},"end":{}}],"line":292},"24":{"loc":{"start":{"line":337,"column":12},"end":{"line":339,"column":13}},"type":"if","locations":[{"start":{"line":337,"column":12},"end":{"line":339,"column":13}},{"start":{},"end":{}}],"line":337},"25":{"loc":{"start":{"line":377,"column":12},"end":{"line":379,"column":13}},"type":"if","locations":[{"start":{"line":377,"column":12},"end":{"line":379,"column":13}},{"start":{},"end":{}}],"line":377},"26":{"loc":{"start":{"line":409,"column":12},"end":{"line":411,"column":13}},"type":"if","locations":[{"start":{"line":409,"column":12},"end":{"line":411,"column":13}},{"start":{},"end":{}}],"line":409},"27":{"loc":{"start":{"line":417,"column":45},"end":{"line":417,"column":61}},"type":"binary-expr","locations":[{"start":{"line":417,"column":45},"end":{"line":417,"column":55}},{"start":{"line":417,"column":59},"end":{"line":417,"column":61}}],"line":417},"28":{"loc":{"start":{"line":422,"column":43},"end":{"line":422,"column":59}},"type":"binary-expr","locations":[{"start":{"line":422,"column":43},"end":{"line":422,"column":53}},{"start":{"line":422,"column":57},"end":{"line":422,"column":59}}],"line":422},"29":{"loc":{"start":{"line":442,"column":46},"end":{"line":442,"column":55}},"type":"default-arg","locations":[{"start":{"line":442,"column":54},"end":{"line":442,"column":55}}],"line":442},"30":{"loc":{"start":{"line":444,"column":12},"end":{"line":446,"column":13}},"type":"if","locations":[{"start":{"line":444,"column":12},"end":{"line":446,"column":13}},{"start":{},"end":{}}],"line":444},"31":{"loc":{"start":{"line":444,"column":16},"end":{"line":444,"column":36}},"type":"binary-expr","locations":[{"start":{"line":444,"column":16},"end":{"line":444,"column":23}},{"start":{"line":444,"column":27},"end":{"line":444,"column":36}}],"line":444}},"s":{"0":2,"1":2,"2":2,"3":2,"4":0,"5":0,"6":0,"7":0,"8":0,"9":0,"10":0,"11":0,"12":0,"13":0,"14":0,"15":0,"16":0,"17":0,"18":0,"19":0,"20":0,"21":0,"22":0,"23":0,"24":0,"25":0,"26":0,"27":0,"28":0,"29":0,"30":0,"31":0,"32":0,"33":0,"34":0,"35":0,"36":0,"37":0,"38":0,"39":0,"40":0,"41":0,"42":0,"43":0,"44":0,"45":0,"46":0,"47":0,"48":0,"49":0,"50":0,"51":0,"52":0,"53":0,"54":0,"55":0,"56":0,"57":0,"58":0,"59":0,"60":0,"61":0,"62":0,"63":0,"64":0,"65":0,"66":0,"67":0,"68":0,"69":0,"70":0,"71":0,"72":0,"73":0,"74":0,"75":0,"76":0,"77":0,"78":0,"79":0,"80":2},"f":{"0":2,"1":0,"2":0,"3":0,"4":0,"5":0,"6":0,"7":0,"8":0,"9":0,"10":0,"11":0},"b":{"0":[2,2],"1":[2,2],"2":[2,2],"3":[2,2],"4":[2,2],"5":[2,2],"6":[0,0],"7":[0,0],"8":[0,0],"9":[0,0],"10":[0,0],"11":[0,0],"12":[0,0],"13":[0,0],"14":[0,0],"15":[0,0],"16":[0],"17":[0,0],"18":[0],"19":[0],"20":[0,0],"21":[0,0],"22":[0],"23":[0,0],"24":[0,0],"25":[0,0],"26":[0,0],"27":[0,0],"28":[0,0],"29":[0],"30":[0,0],"31":[0,0]},"_coverageSchema":"1a1c01bbd47fc00a2c39e90264f33305004495a9","hash":"b9e306670d9076bdc5e5b60ac0de0706ce55fd6c"}
,"/Users/eolaw/Desktop/insightserenity-platform/servers/customer-services/modules/core-business/authentication/constants/auth-constants.js": {"path":"/Users/eolaw/Desktop/insightserenity-platform/servers/customer-services/modules/core-business/authentication/constants/auth-constants.js","statementMap":{"0":{"start":{"line":11,"column":21},"end":{"line":46,"column":1}},"1":{"start":{"line":51,"column":23},"end":{"line":77,"column":1}},"2":{"start":{"line":82,"column":19},"end":{"line":127,"column":1}},"3":{"start":{"line":132,"column":24},"end":{"line":172,"column":1}},"4":{"start":{"line":177,"column":21},"end":{"line":228,"column":1}},"5":{"start":{"line":233,"column":28},"end":{"line":285,"column":1}},"6":{"start":{"line":290,"column":26},"end":{"line":328,"column":1}},"7":{"start":{"line":333,"column":14},"end":{"line":354,"column":1}},"8":{"start":{"line":359,"column":20},"end":{"line":367,"column":1}},"9":{"start":{"line":372,"column":20},"end":{"line":414,"column":1}},"10":{"start":{"line":419,"column":20},"end":{"line":473,"column":1}},"11":{"start":{"line":478,"column":23},"end":{"line":483,"column":1}},"12":{"start":{"line":488,"column":27},"end":{"line":493,"column":1}},"13":{"start":{"line":498,"column":30},"end":{"line":504,"column":1}},"14":{"start":{"line":509,"column":22},"end":{"line":516,"column":1}},"15":{"start":{"line":521,"column":0},"end":{"line":537,"column":2}}},"fnMap":{},"branchMap":{"0":{"loc":{"start":{"line":13,"column":25},"end":{"line":13,"column":65}},"type":"binary-expr","locations":[{"start":{"line":13,"column":25},"end":{"line":13,"column":56}},{"start":{"line":13,"column":60},"end":{"line":13,"column":65}}],"line":13},"1":{"loc":{"start":{"line":17,"column":26},"end":{"line":17,"column":66}},"type":"binary-expr","locations":[{"start":{"line":17,"column":26},"end":{"line":17,"column":58}},{"start":{"line":17,"column":62},"end":{"line":17,"column":66}}],"line":17},"2":{"loc":{"start":{"line":21,"column":30},"end":{"line":21,"column":75}},"type":"binary-expr","locations":[{"start":{"line":21,"column":30},"end":{"line":21,"column":66}},{"start":{"line":21,"column":70},"end":{"line":21,"column":75}}],"line":21},"3":{"loc":{"start":{"line":25,"column":31},"end":{"line":25,"column":77}},"type":"binary-expr","locations":[{"start":{"line":25,"column":31},"end":{"line":25,"column":68}},{"start":{"line":25,"column":72},"end":{"line":25,"column":77}}],"line":25},"4":{"loc":{"start":{"line":29,"column":27},"end":{"line":29,"column":68}},"type":"binary-expr","locations":[{"start":{"line":29,"column":27},"end":{"line":29,"column":60}},{"start":{"line":29,"column":64},"end":{"line":29,"column":68}}],"line":29},"5":{"loc":{"start":{"line":33,"column":26},"end":{"line":33,"column":66}},"type":"binary-expr","locations":[{"start":{"line":33,"column":26},"end":{"line":33,"column":58}},{"start":{"line":33,"column":62},"end":{"line":33,"column":66}}],"line":33},"6":{"loc":{"start":{"line":37,"column":24},"end":{"line":37,"column":63}},"type":"binary-expr","locations":[{"start":{"line":37,"column":24},"end":{"line":37,"column":54}},{"start":{"line":37,"column":58},"end":{"line":37,"column":63}}],"line":37},"7":{"loc":{"start":{"line":44,"column":16},"end":{"line":44,"column":65}},"type":"binary-expr","locations":[{"start":{"line":44,"column":16},"end":{"line":44,"column":38}},{"start":{"line":44,"column":42},"end":{"line":44,"column":65}}],"line":44},"8":{"loc":{"start":{"line":45,"column":18},"end":{"line":45,"column":63}},"type":"binary-expr","locations":[{"start":{"line":45,"column":18},"end":{"line":45,"column":42}},{"start":{"line":45,"column":46},"end":{"line":45,"column":63}}],"line":45},"9":{"loc":{"start":{"line":53,"column":28},"end":{"line":53,"column":62}},"type":"binary-expr","locations":[{"start":{"line":53,"column":28},"end":{"line":53,"column":54}},{"start":{"line":53,"column":58},"end":{"line":53,"column":62}}],"line":53},"10":{"loc":{"start":{"line":57,"column":29},"end":{"line":57,"column":73}},"type":"binary-expr","locations":[{"start":{"line":57,"column":29},"end":{"line":57,"column":64}},{"start":{"line":57,"column":68},"end":{"line":57,"column":73}}],"line":57},"11":{"loc":{"start":{"line":61,"column":30},"end":{"line":61,"column":75}},"type":"binary-expr","locations":[{"start":{"line":61,"column":30},"end":{"line":61,"column":66}},{"start":{"line":61,"column":70},"end":{"line":61,"column":75}}],"line":61},"12":{"loc":{"start":{"line":65,"column":29},"end":{"line":65,"column":79}},"type":"binary-expr","locations":[{"start":{"line":65,"column":29},"end":{"line":65,"column":74}},{"start":{"line":65,"column":78},"end":{"line":65,"column":79}}],"line":65},"13":{"loc":{"start":{"line":94,"column":16},"end":{"line":94,"column":60}},"type":"binary-expr","locations":[{"start":{"line":94,"column":16},"end":{"line":94,"column":39}},{"start":{"line":94,"column":43},"end":{"line":94,"column":60}}],"line":94},"14":{"loc":{"start":{"line":134,"column":16},"end":{"line":134,"column":62}},"type":"binary-expr","locations":[{"start":{"line":134,"column":16},"end":{"line":134,"column":57}},{"start":{"line":134,"column":61},"end":{"line":134,"column":62}}],"line":134},"15":{"loc":{"start":{"line":135,"column":16},"end":{"line":135,"column":64}},"type":"binary-expr","locations":[{"start":{"line":135,"column":16},"end":{"line":135,"column":57}},{"start":{"line":135,"column":61},"end":{"line":135,"column":64}}],"line":135},"16":{"loc":{"start":{"line":152,"column":25},"end":{"line":152,"column":74}},"type":"binary-expr","locations":[{"start":{"line":152,"column":25},"end":{"line":152,"column":69}},{"start":{"line":152,"column":73},"end":{"line":152,"column":74}}],"line":152},"17":{"loc":{"start":{"line":155,"column":17},"end":{"line":155,"column":65}},"type":"binary-expr","locations":[{"start":{"line":155,"column":17},"end":{"line":155,"column":59}},{"start":{"line":155,"column":63},"end":{"line":155,"column":65}}],"line":155},"18":{"loc":{"start":{"line":156,"column":25},"end":{"line":156,"column":80}},"type":"binary-expr","locations":[{"start":{"line":156,"column":25},"end":{"line":156,"column":75}},{"start":{"line":156,"column":79},"end":{"line":156,"column":80}}],"line":156},"19":{"loc":{"start":{"line":222,"column":23},"end":{"line":222,"column":85}},"type":"binary-expr","locations":[{"start":{"line":222,"column":23},"end":{"line":222,"column":58}},{"start":{"line":222,"column":62},"end":{"line":222,"column":85}}],"line":222},"20":{"loc":{"start":{"line":293,"column":22},"end":{"line":293,"column":67}},"type":"binary-expr","locations":[{"start":{"line":293,"column":22},"end":{"line":293,"column":62}},{"start":{"line":293,"column":66},"end":{"line":293,"column":67}}],"line":293},"21":{"loc":{"start":{"line":294,"column":24},"end":{"line":294,"column":72}},"type":"binary-expr","locations":[{"start":{"line":294,"column":24},"end":{"line":294,"column":66}},{"start":{"line":294,"column":70},"end":{"line":294,"column":72}}],"line":294},"22":{"loc":{"start":{"line":295,"column":25},"end":{"line":295,"column":74}},"type":"binary-expr","locations":[{"start":{"line":295,"column":25},"end":{"line":295,"column":68}},{"start":{"line":295,"column":72},"end":{"line":295,"column":74}}],"line":295},"23":{"loc":{"start":{"line":300,"column":22},"end":{"line":300,"column":74}},"type":"binary-expr","locations":[{"start":{"line":300,"column":22},"end":{"line":300,"column":69}},{"start":{"line":300,"column":73},"end":{"line":300,"column":74}}],"line":300},"24":{"loc":{"start":{"line":301,"column":24},"end":{"line":301,"column":79}},"type":"binary-expr","locations":[{"start":{"line":301,"column":24},"end":{"line":301,"column":73}},{"start":{"line":301,"column":77},"end":{"line":301,"column":79}}],"line":301},"25":{"loc":{"start":{"line":306,"column":22},"end":{"line":306,"column":76}},"type":"binary-expr","locations":[{"start":{"line":306,"column":22},"end":{"line":306,"column":71}},{"start":{"line":306,"column":75},"end":{"line":306,"column":76}}],"line":306},"26":{"loc":{"start":{"line":307,"column":24},"end":{"line":307,"column":81}},"type":"binary-expr","locations":[{"start":{"line":307,"column":24},"end":{"line":307,"column":75}},{"start":{"line":307,"column":79},"end":{"line":307,"column":81}}],"line":307},"27":{"loc":{"start":{"line":312,"column":22},"end":{"line":312,"column":65}},"type":"binary-expr","locations":[{"start":{"line":312,"column":22},"end":{"line":312,"column":60}},{"start":{"line":312,"column":64},"end":{"line":312,"column":65}}],"line":312},"28":{"loc":{"start":{"line":313,"column":24},"end":{"line":313,"column":69}},"type":"binary-expr","locations":[{"start":{"line":313,"column":24},"end":{"line":313,"column":64}},{"start":{"line":313,"column":68},"end":{"line":313,"column":69}}],"line":313},"29":{"loc":{"start":{"line":314,"column":25},"end":{"line":314,"column":72}},"type":"binary-expr","locations":[{"start":{"line":314,"column":25},"end":{"line":314,"column":66}},{"start":{"line":314,"column":70},"end":{"line":314,"column":72}}],"line":314},"30":{"loc":{"start":{"line":319,"column":21},"end":{"line":319,"column":78}},"type":"binary-expr","locations":[{"start":{"line":319,"column":21},"end":{"line":319,"column":73}},{"start":{"line":319,"column":77},"end":{"line":319,"column":78}}],"line":319},"31":{"loc":{"start":{"line":320,"column":24},"end":{"line":320,"column":85}},"type":"binary-expr","locations":[{"start":{"line":320,"column":24},"end":{"line":320,"column":79}},{"start":{"line":320,"column":83},"end":{"line":320,"column":85}}],"line":320}},"s":{"0":0,"1":0,"2":0,"3":0,"4":0,"5":0,"6":0,"7":0,"8":0,"9":0,"10":0,"11":0,"12":0,"13":0,"14":0,"15":0},"f":{},"b":{"0":[0,0],"1":[0,0],"2":[0,0],"3":[0,0],"4":[0,0],"5":[0,0],"6":[0,0],"7":[0,0],"8":[0,0],"9":[0,0],"10":[0,0],"11":[0,0],"12":[0,0],"13":[0,0],"14":[0,0],"15":[0,0],"16":[0,0],"17":[0,0],"18":[0,0],"19":[0,0],"20":[0,0],"21":[0,0],"22":[0,0],"23":[0,0],"24":[0,0],"25":[0,0],"26":[0,0],"27":[0,0],"28":[0,0],"29":[0,0],"30":[0,0],"31":[0,0]}}
,"/Users/eolaw/Desktop/insightserenity-platform/servers/customer-services/modules/core-business/authentication/constants/messages.js": {"path":"/Users/eolaw/Desktop/insightserenity-platform/servers/customer-services/modules/core-business/authentication/constants/messages.js","statementMap":{"0":{"start":{"line":11,"column":22},"end":{"line":56,"column":1}},"1":{"start":{"line":61,"column":26},"end":{"line":107,"column":1}},"2":{"start":{"line":112,"column":21},"end":{"line":158,"column":1}},"3":{"start":{"line":163,"column":25},"end":{"line":191,"column":1}},"4":{"start":{"line":196,"column":23},"end":{"line":225,"column":1}},"5":{"start":{"line":230,"column":30},"end":{"line":271,"column":1}},"6":{"start":{"line":276,"column":28},"end":{"line":314,"column":1}},"7":{"start":{"line":319,"column":25},"end":{"line":329,"column":1}},"8":{"start":{"line":334,"column":22},"end":{"line":344,"column":1}},"9":{"start":{"line":349,"column":25},"end":{"line":358,"column":1}},"10":{"start":{"line":366,"column":22},"end":{"line":375,"column":1}},"11":{"start":{"line":367,"column":27},"end":{"line":367,"column":34}},"12":{"start":{"line":369,"column":4},"end":{"line":372,"column":7}},"13":{"start":{"line":370,"column":22},"end":{"line":370,"column":49}},"14":{"start":{"line":371,"column":8},"end":{"line":371,"column":75}},"15":{"start":{"line":374,"column":4},"end":{"line":374,"column":28}},"16":{"start":{"line":380,"column":0},"end":{"line":392,"column":2}}},"fnMap":{"0":{"name":"(anonymous_0)","decl":{"start":{"line":366,"column":22},"end":{"line":366,"column":23}},"loc":{"start":{"line":366,"column":51},"end":{"line":375,"column":1}},"line":366},"1":{"name":"(anonymous_1)","decl":{"start":{"line":369,"column":35},"end":{"line":369,"column":36}},"loc":{"start":{"line":369,"column":42},"end":{"line":372,"column":5}},"line":369}},"branchMap":{"0":{"loc":{"start":{"line":366,"column":32},"end":{"line":366,"column":46}},"type":"default-arg","locations":[{"start":{"line":366,"column":44},"end":{"line":366,"column":46}}],"line":366}},"s":{"0":0,"1":0,"2":0,"3":0,"4":0,"5":0,"6":0,"7":0,"8":0,"9":0,"10":0,"11":0,"12":0,"13":0,"14":0,"15":0,"16":0},"f":{"0":0,"1":0},"b":{"0":[0]}}
,"/Users/eolaw/Desktop/insightserenity-platform/servers/customer-services/modules/core-business/authentication/controllers/auth-controller.js": {"path":"/Users/eolaw/Desktop/insightserenity-platform/servers/customer-services/modules/core-business/authentication/controllers/auth-controller.js","statementMap":{"0":{"start":{"line":6,"column":26},"end":{"line":6,"column":68}},"1":{"start":{"line":7,"column":21},"end":{"line":7,"column":76}},"2":{"start":{"line":8,"column":29},"end":{"line":8,"column":57}},"3":{"start":{"line":16,"column":8},"end":{"line":79,"column":9}},"4":{"start":{"line":17,"column":27},"end":{"line":17,"column":48}},"5":{"start":{"line":18,"column":12},"end":{"line":20,"column":13}},"6":{"start":{"line":19,"column":16},"end":{"line":19,"column":86}},"7":{"start":{"line":38,"column":16},"end":{"line":38,"column":24}},"8":{"start":{"line":40,"column":29},"end":{"line":55,"column":13}},"9":{"start":{"line":57,"column":28},"end":{"line":63,"column":13}},"10":{"start":{"line":65,"column":27},"end":{"line":69,"column":13}},"11":{"start":{"line":71,"column":12},"end":{"line":75,"column":15}},"12":{"start":{"line":78,"column":12},"end":{"line":78,"column":24}},"13":{"start":{"line":142,"column":8},"end":{"line":210,"column":9}},"14":{"start":{"line":143,"column":50},"end":{"line":143,"column":58}},"15":{"start":{"line":145,"column":12},"end":{"line":149,"column":13}},"16":{"start":{"line":146,"column":16},"end":{"line":148,"column":18}},"17":{"start":{"line":151,"column":32},"end":{"line":154,"column":13}},"18":{"start":{"line":156,"column":28},"end":{"line":161,"column":13}},"19":{"start":{"line":163,"column":27},"end":{"line":163,"column":88}},"20":{"start":{"line":166,"column":12},"end":{"line":176,"column":13}},"21":{"start":{"line":167,"column":16},"end":{"line":175,"column":19}},"22":{"start":{"line":179,"column":12},"end":{"line":186,"column":13}},"23":{"start":{"line":180,"column":16},"end":{"line":185,"column":19}},"24":{"start":{"line":188,"column":12},"end":{"line":192,"column":15}},"25":{"start":{"line":196,"column":12},"end":{"line":207,"column":13}},"26":{"start":{"line":197,"column":16},"end":{"line":206,"column":19}},"27":{"start":{"line":209,"column":12},"end":{"line":209,"column":24}},"28":{"start":{"line":219,"column":8},"end":{"line":271,"column":9}},"29":{"start":{"line":220,"column":12},"end":{"line":222,"column":13}},"30":{"start":{"line":221,"column":16},"end":{"line":221,"column":73}},"31":{"start":{"line":225,"column":32},"end":{"line":225,"column":81}},"32":{"start":{"line":228,"column":33},"end":{"line":228,"column":84}},"33":{"start":{"line":231,"column":34},"end":{"line":237,"column":13}},"34":{"start":{"line":240,"column":12},"end":{"line":246,"column":13}},"35":{"start":{"line":241,"column":16},"end":{"line":245,"column":18}},"36":{"start":{"line":249,"column":12},"end":{"line":255,"column":13}},"37":{"start":{"line":250,"column":16},"end":{"line":254,"column":18}},"38":{"start":{"line":258,"column":12},"end":{"line":262,"column":15}},"39":{"start":{"line":264,"column":12},"end":{"line":267,"column":15}},"40":{"start":{"line":270,"column":12},"end":{"line":270,"column":24}},"41":{"start":{"line":280,"column":8},"end":{"line":334,"column":9}},"42":{"start":{"line":281,"column":12},"end":{"line":283,"column":13}},"43":{"start":{"line":282,"column":16},"end":{"line":282,"column":73}},"44":{"start":{"line":286,"column":32},"end":{"line":286,"column":81}},"45":{"start":{"line":287,"column":33},"end":{"line":287,"column":82}},"46":{"start":{"line":289,"column":34},"end":{"line":292,"column":13}},"47":{"start":{"line":295,"column":12},"end":{"line":301,"column":13}},"48":{"start":{"line":296,"column":16},"end":{"line":300,"column":18}},"49":{"start":{"line":303,"column":12},"end":{"line":309,"column":13}},"50":{"start":{"line":304,"column":16},"end":{"line":308,"column":18}},"51":{"start":{"line":312,"column":38},"end":{"line":315,"column":13}},"52":{"start":{"line":318,"column":12},"end":{"line":322,"column":15}},"53":{"start":{"line":324,"column":12},"end":{"line":330,"column":15}},"54":{"start":{"line":333,"column":12},"end":{"line":333,"column":24}},"55":{"start":{"line":342,"column":8},"end":{"line":362,"column":9}},"56":{"start":{"line":343,"column":12},"end":{"line":345,"column":13}},"57":{"start":{"line":344,"column":16},"end":{"line":344,"column":73}},"58":{"start":{"line":347,"column":29},"end":{"line":347,"column":77}},"59":{"start":{"line":349,"column":12},"end":{"line":351,"column":13}},"60":{"start":{"line":350,"column":16},"end":{"line":350,"column":65}},"61":{"start":{"line":353,"column":12},"end":{"line":358,"column":15}},"62":{"start":{"line":361,"column":12},"end":{"line":361,"column":24}},"63":{"start":{"line":370,"column":8},"end":{"line":387,"column":9}},"64":{"start":{"line":371,"column":37},"end":{"line":371,"column":45}},"65":{"start":{"line":373,"column":12},"end":{"line":375,"column":13}},"66":{"start":{"line":374,"column":16},"end":{"line":374,"column":81}},"67":{"start":{"line":377,"column":27},"end":{"line":377,"column":76}},"68":{"start":{"line":379,"column":12},"end":{"line":383,"column":15}},"69":{"start":{"line":386,"column":12},"end":{"line":386,"column":24}},"70":{"start":{"line":395,"column":8},"end":{"line":411,"column":9}},"71":{"start":{"line":396,"column":30},"end":{"line":396,"column":38}},"72":{"start":{"line":398,"column":12},"end":{"line":400,"column":13}},"73":{"start":{"line":399,"column":16},"end":{"line":399,"column":68}},"74":{"start":{"line":402,"column":12},"end":{"line":402,"column":67}},"75":{"start":{"line":404,"column":12},"end":{"line":407,"column":15}},"76":{"start":{"line":410,"column":12},"end":{"line":410,"column":24}},"77":{"start":{"line":419,"column":8},"end":{"line":435,"column":9}},"78":{"start":{"line":420,"column":30},"end":{"line":420,"column":38}},"79":{"start":{"line":422,"column":12},"end":{"line":424,"column":13}},"80":{"start":{"line":423,"column":16},"end":{"line":423,"column":68}},"81":{"start":{"line":426,"column":12},"end":{"line":426,"column":65}},"82":{"start":{"line":428,"column":12},"end":{"line":431,"column":15}},"83":{"start":{"line":434,"column":12},"end":{"line":434,"column":24}},"84":{"start":{"line":443,"column":8},"end":{"line":465,"column":9}},"85":{"start":{"line":444,"column":60},"end":{"line":444,"column":68}},"86":{"start":{"line":446,"column":12},"end":{"line":450,"column":13}},"87":{"start":{"line":447,"column":16},"end":{"line":449,"column":18}},"88":{"start":{"line":452,"column":12},"end":{"line":454,"column":13}},"89":{"start":{"line":453,"column":16},"end":{"line":453,"column":73}},"90":{"start":{"line":456,"column":12},"end":{"line":456,"column":70}},"91":{"start":{"line":458,"column":12},"end":{"line":461,"column":15}},"92":{"start":{"line":464,"column":12},"end":{"line":464,"column":24}},"93":{"start":{"line":474,"column":8},"end":{"line":508,"column":9}},"94":{"start":{"line":475,"column":33},"end":{"line":475,"column":82}},"95":{"start":{"line":478,"column":35},"end":{"line":478,"column":84}},"96":{"start":{"line":480,"column":12},"end":{"line":482,"column":13}},"97":{"start":{"line":481,"column":16},"end":{"line":481,"column":76}},"98":{"start":{"line":485,"column":27},"end":{"line":488,"column":13}},"99":{"start":{"line":491,"column":12},"end":{"line":498,"column":13}},"100":{"start":{"line":492,"column":16},"end":{"line":497,"column":19}},"101":{"start":{"line":500,"column":12},"end":{"line":504,"column":15}},"102":{"start":{"line":507,"column":12},"end":{"line":507,"column":24}},"103":{"start":{"line":512,"column":0},"end":{"line":512,"column":38}}},"fnMap":{"0":{"name":"(anonymous_0)","decl":{"start":{"line":15,"column":4},"end":{"line":15,"column":5}},"loc":{"start":{"line":15,"column":39},"end":{"line":80,"column":5}},"line":15},"1":{"name":"(anonymous_1)","decl":{"start":{"line":141,"column":4},"end":{"line":141,"column":5}},"loc":{"start":{"line":141,"column":36},"end":{"line":211,"column":5}},"line":141},"2":{"name":"(anonymous_2)","decl":{"start":{"line":218,"column":4},"end":{"line":218,"column":5}},"loc":{"start":{"line":218,"column":37},"end":{"line":272,"column":5}},"line":218},"3":{"name":"(anonymous_3)","decl":{"start":{"line":279,"column":4},"end":{"line":279,"column":5}},"loc":{"start":{"line":279,"column":43},"end":{"line":335,"column":5}},"line":279},"4":{"name":"(anonymous_4)","decl":{"start":{"line":341,"column":4},"end":{"line":341,"column":5}},"loc":{"start":{"line":341,"column":41},"end":{"line":363,"column":5}},"line":341},"5":{"name":"(anonymous_5)","decl":{"start":{"line":369,"column":4},"end":{"line":369,"column":5}},"loc":{"start":{"line":369,"column":38},"end":{"line":388,"column":5}},"line":369},"6":{"name":"(anonymous_6)","decl":{"start":{"line":394,"column":4},"end":{"line":394,"column":5}},"loc":{"start":{"line":394,"column":45},"end":{"line":412,"column":5}},"line":394},"7":{"name":"(anonymous_7)","decl":{"start":{"line":418,"column":4},"end":{"line":418,"column":5}},"loc":{"start":{"line":418,"column":41},"end":{"line":436,"column":5}},"line":418},"8":{"name":"(anonymous_8)","decl":{"start":{"line":442,"column":4},"end":{"line":442,"column":5}},"loc":{"start":{"line":442,"column":40},"end":{"line":466,"column":5}},"line":442},"9":{"name":"(anonymous_9)","decl":{"start":{"line":473,"column":4},"end":{"line":473,"column":5}},"loc":{"start":{"line":473,"column":39},"end":{"line":509,"column":5}},"line":473}},"branchMap":{"0":{"loc":{"start":{"line":18,"column":12},"end":{"line":20,"column":13}},"type":"if","locations":[{"start":{"line":18,"column":12},"end":{"line":20,"column":13}},{"start":{},"end":{}}],"line":18},"1":{"loc":{"start":{"line":28,"column":16},"end":{"line":28,"column":35}},"type":"default-arg","locations":[{"start":{"line":28,"column":27},"end":{"line":28,"column":35}}],"line":28},"2":{"loc":{"start":{"line":58,"column":20},"end":{"line":58,"column":58}},"type":"binary-expr","locations":[{"start":{"line":58,"column":20},"end":{"line":58,"column":26}},{"start":{"line":58,"column":30},"end":{"line":58,"column":58}}],"line":58},"3":{"loc":{"start":{"line":145,"column":12},"end":{"line":149,"column":13}},"type":"if","locations":[{"start":{"line":145,"column":12},"end":{"line":149,"column":13}},{"start":{},"end":{}}],"line":145},"4":{"loc":{"start":{"line":145,"column":16},"end":{"line":145,"column":50}},"type":"binary-expr","locations":[{"start":{"line":145,"column":16},"end":{"line":145,"column":25}},{"start":{"line":145,"column":30},"end":{"line":145,"column":36}},{"start":{"line":145,"column":40},"end":{"line":145,"column":49}}],"line":145},"5":{"loc":{"start":{"line":152,"column":23},"end":{"line":152,"column":40}},"type":"binary-expr","locations":[{"start":{"line":152,"column":23},"end":{"line":152,"column":28}},{"start":{"line":152,"column":32},"end":{"line":152,"column":40}}],"line":152},"6":{"loc":{"start":{"line":157,"column":20},"end":{"line":157,"column":58}},"type":"binary-expr","locations":[{"start":{"line":157,"column":20},"end":{"line":157,"column":26}},{"start":{"line":157,"column":30},"end":{"line":157,"column":58}}],"line":157},"7":{"loc":{"start":{"line":166,"column":12},"end":{"line":176,"column":13}},"type":"if","locations":[{"start":{"line":166,"column":12},"end":{"line":176,"column":13}},{"start":{},"end":{}}],"line":166},"8":{"loc":{"start":{"line":179,"column":12},"end":{"line":186,"column":13}},"type":"if","locations":[{"start":{"line":179,"column":12},"end":{"line":186,"column":13}},{"start":{},"end":{}}],"line":179},"9":{"loc":{"start":{"line":196,"column":12},"end":{"line":207,"column":13}},"type":"if","locations":[{"start":{"line":196,"column":12},"end":{"line":207,"column":13}},{"start":{},"end":{}}],"line":196},"10":{"loc":{"start":{"line":204,"column":42},"end":{"line":204,"column":78}},"type":"binary-expr","locations":[{"start":{"line":204,"column":42},"end":{"line":204,"column":70}},{"start":{"line":204,"column":74},"end":{"line":204,"column":78}}],"line":204},"11":{"loc":{"start":{"line":220,"column":12},"end":{"line":222,"column":13}},"type":"if","locations":[{"start":{"line":220,"column":12},"end":{"line":222,"column":13}},{"start":{},"end":{}}],"line":220},"12":{"loc":{"start":{"line":220,"column":16},"end":{"line":220,"column":41}},"type":"binary-expr","locations":[{"start":{"line":220,"column":16},"end":{"line":220,"column":25}},{"start":{"line":220,"column":29},"end":{"line":220,"column":41}}],"line":220},"13":{"loc":{"start":{"line":228,"column":33},"end":{"line":228,"column":84}},"type":"binary-expr","locations":[{"start":{"line":228,"column":33},"end":{"line":228,"column":58}},{"start":{"line":228,"column":62},"end":{"line":228,"column":84}}],"line":228},"14":{"loc":{"start":{"line":232,"column":20},"end":{"line":232,"column":58}},"type":"binary-expr","locations":[{"start":{"line":232,"column":20},"end":{"line":232,"column":26}},{"start":{"line":232,"column":30},"end":{"line":232,"column":58}}],"line":232},"15":{"loc":{"start":{"line":240,"column":12},"end":{"line":246,"column":13}},"type":"if","locations":[{"start":{"line":240,"column":12},"end":{"line":246,"column":13}},{"start":{},"end":{}}],"line":240},"16":{"loc":{"start":{"line":249,"column":12},"end":{"line":255,"column":13}},"type":"if","locations":[{"start":{"line":249,"column":12},"end":{"line":255,"column":13}},{"start":{},"end":{}}],"line":249},"17":{"loc":{"start":{"line":281,"column":12},"end":{"line":283,"column":13}},"type":"if","locations":[{"start":{"line":281,"column":12},"end":{"line":283,"column":13}},{"start":{},"end":{}}],"line":281},"18":{"loc":{"start":{"line":281,"column":16},"end":{"line":281,"column":41}},"type":"binary-expr","locations":[{"start":{"line":281,"column":16},"end":{"line":281,"column":25}},{"start":{"line":281,"column":29},"end":{"line":281,"column":41}}],"line":281},"19":{"loc":{"start":{"line":287,"column":33},"end":{"line":287,"column":82}},"type":"binary-expr","locations":[{"start":{"line":287,"column":33},"end":{"line":287,"column":57}},{"start":{"line":287,"column":61},"end":{"line":287,"column":82}}],"line":287},"20":{"loc":{"start":{"line":290,"column":20},"end":{"line":290,"column":58}},"type":"binary-expr","locations":[{"start":{"line":290,"column":20},"end":{"line":290,"column":26}},{"start":{"line":290,"column":30},"end":{"line":290,"column":58}}],"line":290},"21":{"loc":{"start":{"line":295,"column":12},"end":{"line":301,"column":13}},"type":"if","locations":[{"start":{"line":295,"column":12},"end":{"line":301,"column":13}},{"start":{},"end":{}}],"line":295},"22":{"loc":{"start":{"line":303,"column":12},"end":{"line":309,"column":13}},"type":"if","locations":[{"start":{"line":303,"column":12},"end":{"line":309,"column":13}},{"start":{},"end":{}}],"line":303},"23":{"loc":{"start":{"line":343,"column":12},"end":{"line":345,"column":13}},"type":"if","locations":[{"start":{"line":343,"column":12},"end":{"line":345,"column":13}},{"start":{},"end":{}}],"line":343},"24":{"loc":{"start":{"line":343,"column":16},"end":{"line":343,"column":41}},"type":"binary-expr","locations":[{"start":{"line":343,"column":16},"end":{"line":343,"column":25}},{"start":{"line":343,"column":29},"end":{"line":343,"column":41}}],"line":343},"25":{"loc":{"start":{"line":349,"column":12},"end":{"line":351,"column":13}},"type":"if","locations":[{"start":{"line":349,"column":12},"end":{"line":351,"column":13}},{"start":{},"end":{}}],"line":349},"26":{"loc":{"start":{"line":373,"column":12},"end":{"line":375,"column":13}},"type":"if","locations":[{"start":{"line":373,"column":12},"end":{"line":375,"column":13}},{"start":{},"end":{}}],"line":373},"27":{"loc":{"start":{"line":398,"column":12},"end":{"line":400,"column":13}},"type":"if","locations":[{"start":{"line":398,"column":12},"end":{"line":400,"column":13}},{"start":{},"end":{}}],"line":398},"28":{"loc":{"start":{"line":422,"column":12},"end":{"line":424,"column":13}},"type":"if","locations":[{"start":{"line":422,"column":12},"end":{"line":424,"column":13}},{"start":{},"end":{}}],"line":422},"29":{"loc":{"start":{"line":446,"column":12},"end":{"line":450,"column":13}},"type":"if","locations":[{"start":{"line":446,"column":12},"end":{"line":450,"column":13}},{"start":{},"end":{}}],"line":446},"30":{"loc":{"start":{"line":446,"column":16},"end":{"line":446,"column":38}},"type":"binary-expr","locations":[{"start":{"line":446,"column":16},"end":{"line":446,"column":22}},{"start":{"line":446,"column":26},"end":{"line":446,"column":38}}],"line":446},"31":{"loc":{"start":{"line":452,"column":12},"end":{"line":454,"column":13}},"type":"if","locations":[{"start":{"line":452,"column":12},"end":{"line":454,"column":13}},{"start":{},"end":{}}],"line":452},"32":{"loc":{"start":{"line":475,"column":33},"end":{"line":475,"column":82}},"type":"binary-expr","locations":[{"start":{"line":475,"column":33},"end":{"line":475,"column":57}},{"start":{"line":475,"column":61},"end":{"line":475,"column":82}}],"line":475},"33":{"loc":{"start":{"line":480,"column":12},"end":{"line":482,"column":13}},"type":"if","locations":[{"start":{"line":480,"column":12},"end":{"line":482,"column":13}},{"start":{},"end":{}}],"line":480},"34":{"loc":{"start":{"line":491,"column":12},"end":{"line":498,"column":13}},"type":"if","locations":[{"start":{"line":491,"column":12},"end":{"line":498,"column":13}},{"start":{},"end":{}}],"line":491}},"s":{"0":1,"1":1,"2":1,"3":0,"4":0,"5":0,"6":0,"7":0,"8":0,"9":0,"10":0,"11":0,"12":0,"13":0,"14":0,"15":0,"16":0,"17":0,"18":0,"19":0,"20":0,"21":0,"22":0,"23":0,"24":0,"25":0,"26":0,"27":0,"28":0,"29":0,"30":0,"31":0,"32":0,"33":0,"34":0,"35":0,"36":0,"37":0,"38":0,"39":0,"40":0,"41":0,"42":0,"43":0,"44":0,"45":0,"46":0,"47":0,"48":0,"49":0,"50":0,"51":0,"52":0,"53":0,"54":0,"55":0,"56":0,"57":0,"58":0,"59":0,"60":0,"61":0,"62":0,"63":0,"64":0,"65":0,"66":0,"67":0,"68":0,"69":0,"70":0,"71":0,"72":0,"73":0,"74":0,"75":0,"76":0,"77":0,"78":0,"79":0,"80":0,"81":0,"82":0,"83":0,"84":0,"85":0,"86":0,"87":0,"88":0,"89":0,"90":0,"91":0,"92":0,"93":0,"94":0,"95":0,"96":0,"97":0,"98":0,"99":0,"100":0,"101":0,"102":0,"103":1},"f":{"0":0,"1":0,"2":0,"3":0,"4":0,"5":0,"6":0,"7":0,"8":0,"9":0},"b":{"0":[0,0],"1":[0],"2":[0,0],"3":[0,0],"4":[0,0,0],"5":[0,0],"6":[0,0],"7":[0,0],"8":[0,0],"9":[0,0],"10":[0,0],"11":[0,0],"12":[0,0],"13":[0,0],"14":[0,0],"15":[0,0],"16":[0,0],"17":[0,0],"18":[0,0],"19":[0,0],"20":[0,0],"21":[0,0],"22":[0,0],"23":[0,0],"24":[0,0],"25":[0,0],"26":[0,0],"27":[0,0],"28":[0,0],"29":[0,0],"30":[0,0],"31":[0,0],"32":[0,0],"33":[0,0],"34":[0,0]},"_coverageSchema":"1a1c01bbd47fc00a2c39e90264f33305004495a9","hash":"ea414a4593294d70f5cee31cdf4676c847fa1014"}
,"/Users/eolaw/Desktop/insightserenity-platform/servers/customer-services/modules/core-business/authentication/controllers/mfa-controller.js": {"path":"/Users/eolaw/Desktop/insightserenity-platform/servers/customer-services/modules/core-business/authentication/controllers/mfa-controller.js","statementMap":{"0":{"start":{"line":6,"column":26},"end":{"line":6,"column":68}},"1":{"start":{"line":7,"column":21},"end":{"line":7,"column":76}},"2":{"start":{"line":8,"column":29},"end":{"line":8,"column":57}},"3":{"start":{"line":16,"column":8},"end":{"line":52,"column":9}},"4":{"start":{"line":17,"column":12},"end":{"line":19,"column":13}},"5":{"start":{"line":18,"column":16},"end":{"line":18,"column":73}},"6":{"start":{"line":21,"column":40},"end":{"line":21,"column":48}},"7":{"start":{"line":23,"column":33},"end":{"line":23,"column":93}},"8":{"start":{"line":24,"column":12},"end":{"line":26,"column":13}},"9":{"start":{"line":25,"column":16},"end":{"line":25,"column":69}},"10":{"start":{"line":29,"column":30},"end":{"line":29,"column":69}},"11":{"start":{"line":30,"column":25},"end":{"line":30,"column":66}},"12":{"start":{"line":32,"column":12},"end":{"line":34,"column":13}},"13":{"start":{"line":33,"column":16},"end":{"line":33,"column":65}},"14":{"start":{"line":37,"column":29},"end":{"line":37,"column":62}},"15":{"start":{"line":39,"column":12},"end":{"line":48,"column":15}},"16":{"start":{"line":51,"column":12},"end":{"line":51,"column":24}},"17":{"start":{"line":60,"column":8},"end":{"line":93,"column":9}},"18":{"start":{"line":61,"column":12},"end":{"line":63,"column":13}},"19":{"start":{"line":62,"column":16},"end":{"line":62,"column":73}},"20":{"start":{"line":65,"column":37},"end":{"line":65,"column":45}},"21":{"start":{"line":67,"column":12},"end":{"line":69,"column":13}},"22":{"start":{"line":68,"column":16},"end":{"line":68,"column":79}},"23":{"start":{"line":72,"column":30},"end":{"line":72,"column":69}},"24":{"start":{"line":73,"column":25},"end":{"line":73,"column":66}},"25":{"start":{"line":75,"column":12},"end":{"line":77,"column":13}},"26":{"start":{"line":76,"column":16},"end":{"line":76,"column":65}},"27":{"start":{"line":80,"column":12},"end":{"line":80,"column":53}},"28":{"start":{"line":82,"column":12},"end":{"line":89,"column":15}},"29":{"start":{"line":92,"column":12},"end":{"line":92,"column":24}},"30":{"start":{"line":101,"column":8},"end":{"line":124,"column":9}},"31":{"start":{"line":102,"column":48},"end":{"line":102,"column":56}},"32":{"start":{"line":104,"column":12},"end":{"line":106,"column":13}},"33":{"start":{"line":105,"column":16},"end":{"line":105,"column":88}},"34":{"start":{"line":112,"column":12},"end":{"line":120,"column":15}},"35":{"start":{"line":123,"column":12},"end":{"line":123,"column":24}},"36":{"start":{"line":132,"column":8},"end":{"line":177,"column":9}},"37":{"start":{"line":133,"column":12},"end":{"line":135,"column":13}},"38":{"start":{"line":134,"column":16},"end":{"line":134,"column":73}},"39":{"start":{"line":137,"column":39},"end":{"line":137,"column":47}},"40":{"start":{"line":139,"column":12},"end":{"line":141,"column":13}},"41":{"start":{"line":140,"column":16},"end":{"line":140,"column":86}},"42":{"start":{"line":144,"column":30},"end":{"line":144,"column":69}},"43":{"start":{"line":145,"column":25},"end":{"line":145,"column":66}},"44":{"start":{"line":147,"column":12},"end":{"line":149,"column":13}},"45":{"start":{"line":148,"column":16},"end":{"line":148,"column":65}},"46":{"start":{"line":152,"column":36},"end":{"line":152,"column":72}},"47":{"start":{"line":153,"column":12},"end":{"line":155,"column":13}},"48":{"start":{"line":154,"column":16},"end":{"line":154,"column":67}},"49":{"start":{"line":158,"column":12},"end":{"line":163,"column":13}},"50":{"start":{"line":159,"column":38},"end":{"line":159,"column":75}},"51":{"start":{"line":159,"column":65},"end":{"line":159,"column":74}},"52":{"start":{"line":160,"column":16},"end":{"line":162,"column":17}},"53":{"start":{"line":161,"column":20},"end":{"line":161,"column":73}},"54":{"start":{"line":166,"column":12},"end":{"line":166,"column":37}},"55":{"start":{"line":167,"column":12},"end":{"line":167,"column":34}},"56":{"start":{"line":168,"column":12},"end":{"line":168,"column":30}},"57":{"start":{"line":170,"column":12},"end":{"line":173,"column":15}},"58":{"start":{"line":176,"column":12},"end":{"line":176,"column":24}},"59":{"start":{"line":185,"column":8},"end":{"line":212,"column":9}},"60":{"start":{"line":186,"column":12},"end":{"line":188,"column":13}},"61":{"start":{"line":187,"column":16},"end":{"line":187,"column":73}},"62":{"start":{"line":191,"column":30},"end":{"line":191,"column":69}},"63":{"start":{"line":192,"column":25},"end":{"line":192,"column":66}},"64":{"start":{"line":194,"column":12},"end":{"line":196,"column":13}},"65":{"start":{"line":195,"column":16},"end":{"line":195,"column":65}},"66":{"start":{"line":198,"column":12},"end":{"line":208,"column":15}},"67":{"start":{"line":202,"column":58},"end":{"line":206,"column":21}},"68":{"start":{"line":211,"column":12},"end":{"line":211,"column":24}},"69":{"start":{"line":220,"column":8},"end":{"line":263,"column":9}},"70":{"start":{"line":221,"column":12},"end":{"line":223,"column":13}},"71":{"start":{"line":222,"column":16},"end":{"line":222,"column":73}},"72":{"start":{"line":225,"column":33},"end":{"line":225,"column":41}},"73":{"start":{"line":227,"column":12},"end":{"line":229,"column":13}},"74":{"start":{"line":228,"column":16},"end":{"line":228,"column":71}},"75":{"start":{"line":232,"column":30},"end":{"line":232,"column":69}},"76":{"start":{"line":233,"column":25},"end":{"line":233,"column":66}},"77":{"start":{"line":235,"column":12},"end":{"line":237,"column":13}},"78":{"start":{"line":236,"column":16},"end":{"line":236,"column":65}},"79":{"start":{"line":240,"column":36},"end":{"line":240,"column":72}},"80":{"start":{"line":241,"column":12},"end":{"line":243,"column":13}},"81":{"start":{"line":242,"column":16},"end":{"line":242,"column":67}},"82":{"start":{"line":246,"column":32},"end":{"line":246,"column":34}},"83":{"start":{"line":247,"column":12},"end":{"line":250,"column":13}},"84":{"start":{"line":247,"column":25},"end":{"line":247,"column":26}},"85":{"start":{"line":248,"column":29},"end":{"line":248,"column":86}},"86":{"start":{"line":249,"column":16},"end":{"line":249,"column":39}},"87":{"start":{"line":252,"column":12},"end":{"line":259,"column":15}},"88":{"start":{"line":262,"column":12},"end":{"line":262,"column":24}},"89":{"start":{"line":267,"column":0},"end":{"line":267,"column":37}}},"fnMap":{"0":{"name":"(anonymous_0)","decl":{"start":{"line":15,"column":4},"end":{"line":15,"column":5}},"loc":{"start":{"line":15,"column":35},"end":{"line":53,"column":5}},"line":15},"1":{"name":"(anonymous_1)","decl":{"start":{"line":59,"column":4},"end":{"line":59,"column":5}},"loc":{"start":{"line":59,"column":41},"end":{"line":94,"column":5}},"line":59},"2":{"name":"(anonymous_2)","decl":{"start":{"line":100,"column":4},"end":{"line":100,"column":5}},"loc":{"start":{"line":100,"column":36},"end":{"line":125,"column":5}},"line":100},"3":{"name":"(anonymous_3)","decl":{"start":{"line":131,"column":4},"end":{"line":131,"column":5}},"loc":{"start":{"line":131,"column":37},"end":{"line":178,"column":5}},"line":131},"4":{"name":"(anonymous_4)","decl":{"start":{"line":159,"column":60},"end":{"line":159,"column":61}},"loc":{"start":{"line":159,"column":65},"end":{"line":159,"column":74}},"line":159},"5":{"name":"(anonymous_5)","decl":{"start":{"line":184,"column":4},"end":{"line":184,"column":5}},"loc":{"start":{"line":184,"column":39},"end":{"line":213,"column":5}},"line":184},"6":{"name":"(anonymous_6)","decl":{"start":{"line":202,"column":52},"end":{"line":202,"column":53}},"loc":{"start":{"line":202,"column":58},"end":{"line":206,"column":21}},"line":202},"7":{"name":"(anonymous_7)","decl":{"start":{"line":219,"column":4},"end":{"line":219,"column":5}},"loc":{"start":{"line":219,"column":46},"end":{"line":264,"column":5}},"line":219}},"branchMap":{"0":{"loc":{"start":{"line":17,"column":12},"end":{"line":19,"column":13}},"type":"if","locations":[{"start":{"line":17,"column":12},"end":{"line":19,"column":13}},{"start":{},"end":{}}],"line":17},"1":{"loc":{"start":{"line":17,"column":16},"end":{"line":17,"column":41}},"type":"binary-expr","locations":[{"start":{"line":17,"column":16},"end":{"line":17,"column":25}},{"start":{"line":17,"column":29},"end":{"line":17,"column":41}}],"line":17},"2":{"loc":{"start":{"line":21,"column":20},"end":{"line":21,"column":35}},"type":"default-arg","locations":[{"start":{"line":21,"column":29},"end":{"line":21,"column":35}}],"line":21},"3":{"loc":{"start":{"line":24,"column":12},"end":{"line":26,"column":13}},"type":"if","locations":[{"start":{"line":24,"column":12},"end":{"line":26,"column":13}},{"start":{},"end":{}}],"line":24},"4":{"loc":{"start":{"line":32,"column":12},"end":{"line":34,"column":13}},"type":"if","locations":[{"start":{"line":32,"column":12},"end":{"line":34,"column":13}},{"start":{},"end":{}}],"line":32},"5":{"loc":{"start":{"line":45,"column":28},"end":{"line":45,"column":75}},"type":"cond-expr","locations":[{"start":{"line":45,"column":48},"end":{"line":45,"column":63}},{"start":{"line":45,"column":66},"end":{"line":45,"column":75}}],"line":45},"6":{"loc":{"start":{"line":61,"column":12},"end":{"line":63,"column":13}},"type":"if","locations":[{"start":{"line":61,"column":12},"end":{"line":63,"column":13}},{"start":{},"end":{}}],"line":61},"7":{"loc":{"start":{"line":61,"column":16},"end":{"line":61,"column":41}},"type":"binary-expr","locations":[{"start":{"line":61,"column":16},"end":{"line":61,"column":25}},{"start":{"line":61,"column":29},"end":{"line":61,"column":41}}],"line":61},"8":{"loc":{"start":{"line":67,"column":12},"end":{"line":69,"column":13}},"type":"if","locations":[{"start":{"line":67,"column":12},"end":{"line":69,"column":13}},{"start":{},"end":{}}],"line":67},"9":{"loc":{"start":{"line":67,"column":16},"end":{"line":67,"column":32}},"type":"binary-expr","locations":[{"start":{"line":67,"column":16},"end":{"line":67,"column":23}},{"start":{"line":67,"column":27},"end":{"line":67,"column":32}}],"line":67},"10":{"loc":{"start":{"line":75,"column":12},"end":{"line":77,"column":13}},"type":"if","locations":[{"start":{"line":75,"column":12},"end":{"line":77,"column":13}},{"start":{},"end":{}}],"line":75},"11":{"loc":{"start":{"line":104,"column":12},"end":{"line":106,"column":13}},"type":"if","locations":[{"start":{"line":104,"column":12},"end":{"line":106,"column":13}},{"start":{},"end":{}}],"line":104},"12":{"loc":{"start":{"line":104,"column":16},"end":{"line":104,"column":35}},"type":"binary-expr","locations":[{"start":{"line":104,"column":16},"end":{"line":104,"column":26}},{"start":{"line":104,"column":30},"end":{"line":104,"column":35}}],"line":104},"13":{"loc":{"start":{"line":133,"column":12},"end":{"line":135,"column":13}},"type":"if","locations":[{"start":{"line":133,"column":12},"end":{"line":135,"column":13}},{"start":{},"end":{}}],"line":133},"14":{"loc":{"start":{"line":133,"column":16},"end":{"line":133,"column":41}},"type":"binary-expr","locations":[{"start":{"line":133,"column":16},"end":{"line":133,"column":25}},{"start":{"line":133,"column":29},"end":{"line":133,"column":41}}],"line":133},"15":{"loc":{"start":{"line":139,"column":12},"end":{"line":141,"column":13}},"type":"if","locations":[{"start":{"line":139,"column":12},"end":{"line":141,"column":13}},{"start":{},"end":{}}],"line":139},"16":{"loc":{"start":{"line":147,"column":12},"end":{"line":149,"column":13}},"type":"if","locations":[{"start":{"line":147,"column":12},"end":{"line":149,"column":13}},{"start":{},"end":{}}],"line":147},"17":{"loc":{"start":{"line":153,"column":12},"end":{"line":155,"column":13}},"type":"if","locations":[{"start":{"line":153,"column":12},"end":{"line":155,"column":13}},{"start":{},"end":{}}],"line":153},"18":{"loc":{"start":{"line":158,"column":12},"end":{"line":163,"column":13}},"type":"if","locations":[{"start":{"line":158,"column":12},"end":{"line":163,"column":13}},{"start":{},"end":{}}],"line":158},"19":{"loc":{"start":{"line":158,"column":16},"end":{"line":158,"column":41}},"type":"binary-expr","locations":[{"start":{"line":158,"column":16},"end":{"line":158,"column":33}},{"start":{"line":158,"column":37},"end":{"line":158,"column":41}}],"line":158},"20":{"loc":{"start":{"line":160,"column":16},"end":{"line":162,"column":17}},"type":"if","locations":[{"start":{"line":160,"column":16},"end":{"line":162,"column":17}},{"start":{},"end":{}}],"line":160},"21":{"loc":{"start":{"line":186,"column":12},"end":{"line":188,"column":13}},"type":"if","locations":[{"start":{"line":186,"column":12},"end":{"line":188,"column":13}},{"start":{},"end":{}}],"line":186},"22":{"loc":{"start":{"line":186,"column":16},"end":{"line":186,"column":41}},"type":"binary-expr","locations":[{"start":{"line":186,"column":16},"end":{"line":186,"column":25}},{"start":{"line":186,"column":29},"end":{"line":186,"column":41}}],"line":186},"23":{"loc":{"start":{"line":194,"column":12},"end":{"line":196,"column":13}},"type":"if","locations":[{"start":{"line":194,"column":12},"end":{"line":196,"column":13}},{"start":{},"end":{}}],"line":194},"24":{"loc":{"start":{"line":201,"column":29},"end":{"line":201,"column":55}},"type":"binary-expr","locations":[{"start":{"line":201,"column":29},"end":{"line":201,"column":46}},{"start":{"line":201,"column":50},"end":{"line":201,"column":55}}],"line":201},"25":{"loc":{"start":{"line":202,"column":29},"end":{"line":206,"column":29}},"type":"binary-expr","locations":[{"start":{"line":202,"column":29},"end":{"line":206,"column":23}},{"start":{"line":206,"column":27},"end":{"line":206,"column":29}}],"line":202},"26":{"loc":{"start":{"line":221,"column":12},"end":{"line":223,"column":13}},"type":"if","locations":[{"start":{"line":221,"column":12},"end":{"line":223,"column":13}},{"start":{},"end":{}}],"line":221},"27":{"loc":{"start":{"line":221,"column":16},"end":{"line":221,"column":41}},"type":"binary-expr","locations":[{"start":{"line":221,"column":16},"end":{"line":221,"column":25}},{"start":{"line":221,"column":29},"end":{"line":221,"column":41}}],"line":221},"28":{"loc":{"start":{"line":227,"column":12},"end":{"line":229,"column":13}},"type":"if","locations":[{"start":{"line":227,"column":12},"end":{"line":229,"column":13}},{"start":{},"end":{}}],"line":227},"29":{"loc":{"start":{"line":235,"column":12},"end":{"line":237,"column":13}},"type":"if","locations":[{"start":{"line":235,"column":12},"end":{"line":237,"column":13}},{"start":{},"end":{}}],"line":235},"30":{"loc":{"start":{"line":241,"column":12},"end":{"line":243,"column":13}},"type":"if","locations":[{"start":{"line":241,"column":12},"end":{"line":243,"column":13}},{"start":{},"end":{}}],"line":241}},"s":{"0":0,"1":0,"2":0,"3":0,"4":0,"5":0,"6":0,"7":0,"8":0,"9":0,"10":0,"11":0,"12":0,"13":0,"14":0,"15":0,"16":0,"17":0,"18":0,"19":0,"20":0,"21":0,"22":0,"23":0,"24":0,"25":0,"26":0,"27":0,"28":0,"29":0,"30":0,"31":0,"32":0,"33":0,"34":0,"35":0,"36":0,"37":0,"38":0,"39":0,"40":0,"41":0,"42":0,"43":0,"44":0,"45":0,"46":0,"47":0,"48":0,"49":0,"50":0,"51":0,"52":0,"53":0,"54":0,"55":0,"56":0,"57":0,"58":0,"59":0,"60":0,"61":0,"62":0,"63":0,"64":0,"65":0,"66":0,"67":0,"68":0,"69":0,"70":0,"71":0,"72":0,"73":0,"74":0,"75":0,"76":0,"77":0,"78":0,"79":0,"80":0,"81":0,"82":0,"83":0,"84":0,"85":0,"86":0,"87":0,"88":0,"89":0},"f":{"0":0,"1":0,"2":0,"3":0,"4":0,"5":0,"6":0,"7":0},"b":{"0":[0,0],"1":[0,0],"2":[0],"3":[0,0],"4":[0,0],"5":[0,0],"6":[0,0],"7":[0,0],"8":[0,0],"9":[0,0],"10":[0,0],"11":[0,0],"12":[0,0],"13":[0,0],"14":[0,0],"15":[0,0],"16":[0,0],"17":[0,0],"18":[0,0],"19":[0,0],"20":[0,0],"21":[0,0],"22":[0,0],"23":[0,0],"24":[0,0],"25":[0,0],"26":[0,0],"27":[0,0],"28":[0,0],"29":[0,0],"30":[0,0]}}
,"/Users/eolaw/Desktop/insightserenity-platform/servers/customer-services/modules/core-business/authentication/controllers/oauth-controller.js": {"path":"/Users/eolaw/Desktop/insightserenity-platform/servers/customer-services/modules/core-business/authentication/controllers/oauth-controller.js","statementMap":{"0":{"start":{"line":6,"column":26},"end":{"line":6,"column":68}},"1":{"start":{"line":7,"column":21},"end":{"line":7,"column":76}},"2":{"start":{"line":15,"column":8},"end":{"line":38,"column":9}},"3":{"start":{"line":16,"column":33},"end":{"line":16,"column":43}},"4":{"start":{"line":17,"column":44},"end":{"line":17,"column":53}},"5":{"start":{"line":19,"column":35},"end":{"line":19,"column":80}},"6":{"start":{"line":20,"column":12},"end":{"line":22,"column":13}},"7":{"start":{"line":21,"column":16},"end":{"line":21,"column":73}},"8":{"start":{"line":25,"column":29},"end":{"line":25,"column":128}},"9":{"start":{"line":27,"column":12},"end":{"line":34,"column":15}},"10":{"start":{"line":37,"column":12},"end":{"line":37,"column":24}},"11":{"start":{"line":46,"column":8},"end":{"line":142,"column":9}},"12":{"start":{"line":47,"column":33},"end":{"line":47,"column":43}},"13":{"start":{"line":48,"column":36},"end":{"line":48,"column":45}},"14":{"start":{"line":50,"column":12},"end":{"line":52,"column":13}},"15":{"start":{"line":51,"column":16},"end":{"line":51,"column":81}},"16":{"start":{"line":59,"column":34},"end":{"line":64,"column":13}},"17":{"start":{"line":67,"column":30},"end":{"line":67,"column":69}},"18":{"start":{"line":68,"column":23},"end":{"line":68,"column":71}},"19":{"start":{"line":70,"column":12},"end":{"line":111,"column":13}},"20":{"start":{"line":72,"column":33},"end":{"line":95,"column":17}},"21":{"start":{"line":97,"column":16},"end":{"line":97,"column":102}},"22":{"start":{"line":100,"column":41},"end":{"line":100,"column":94}},"23":{"start":{"line":100,"column":70},"end":{"line":100,"column":93}},"24":{"start":{"line":102,"column":16},"end":{"line":110,"column":17}},"25":{"start":{"line":103,"column":20},"end":{"line":108,"column":23}},"26":{"start":{"line":109,"column":20},"end":{"line":109,"column":38}},"27":{"start":{"line":114,"column":32},"end":{"line":114,"column":76}},"28":{"start":{"line":115,"column":33},"end":{"line":115,"column":78}},"29":{"start":{"line":118,"column":12},"end":{"line":123,"column":15}},"30":{"start":{"line":125,"column":12},"end":{"line":138,"column":15}},"31":{"start":{"line":141,"column":12},"end":{"line":141,"column":24}},"32":{"start":{"line":150,"column":8},"end":{"line":203,"column":9}},"33":{"start":{"line":151,"column":12},"end":{"line":153,"column":13}},"34":{"start":{"line":152,"column":16},"end":{"line":152,"column":73}},"35":{"start":{"line":155,"column":33},"end":{"line":155,"column":43}},"36":{"start":{"line":156,"column":29},"end":{"line":156,"column":37}},"37":{"start":{"line":158,"column":12},"end":{"line":160,"column":13}},"38":{"start":{"line":159,"column":16},"end":{"line":159,"column":81}},"39":{"start":{"line":166,"column":30},"end":{"line":166,"column":69}},"40":{"start":{"line":167,"column":25},"end":{"line":167,"column":66}},"41":{"start":{"line":169,"column":12},"end":{"line":171,"column":13}},"42":{"start":{"line":170,"column":16},"end":{"line":170,"column":65}},"43":{"start":{"line":174,"column":37},"end":{"line":174,"column":90}},"44":{"start":{"line":174,"column":66},"end":{"line":174,"column":89}},"45":{"start":{"line":175,"column":12},"end":{"line":177,"column":13}},"46":{"start":{"line":176,"column":16},"end":{"line":176,"column":88}},"47":{"start":{"line":180,"column":12},"end":{"line":188,"column":15}},"48":{"start":{"line":190,"column":12},"end":{"line":190,"column":30}},"49":{"start":{"line":192,"column":12},"end":{"line":199,"column":15}},"50":{"start":{"line":202,"column":12},"end":{"line":202,"column":24}},"51":{"start":{"line":211,"column":8},"end":{"line":241,"column":9}},"52":{"start":{"line":212,"column":12},"end":{"line":214,"column":13}},"53":{"start":{"line":213,"column":16},"end":{"line":213,"column":73}},"54":{"start":{"line":216,"column":33},"end":{"line":216,"column":43}},"55":{"start":{"line":218,"column":30},"end":{"line":218,"column":69}},"56":{"start":{"line":219,"column":25},"end":{"line":219,"column":66}},"57":{"start":{"line":221,"column":12},"end":{"line":223,"column":13}},"58":{"start":{"line":222,"column":16},"end":{"line":222,"column":65}},"59":{"start":{"line":226,"column":12},"end":{"line":228,"column":13}},"60":{"start":{"line":227,"column":16},"end":{"line":227,"column":95}},"61":{"start":{"line":231,"column":12},"end":{"line":231,"column":89}},"62":{"start":{"line":231,"column":64},"end":{"line":231,"column":87}},"63":{"start":{"line":232,"column":12},"end":{"line":232,"column":30}},"64":{"start":{"line":234,"column":12},"end":{"line":237,"column":15}},"65":{"start":{"line":240,"column":12},"end":{"line":240,"column":24}},"66":{"start":{"line":249,"column":8},"end":{"line":278,"column":9}},"67":{"start":{"line":250,"column":12},"end":{"line":252,"column":13}},"68":{"start":{"line":251,"column":16},"end":{"line":251,"column":73}},"69":{"start":{"line":254,"column":30},"end":{"line":254,"column":69}},"70":{"start":{"line":255,"column":25},"end":{"line":255,"column":66}},"71":{"start":{"line":257,"column":12},"end":{"line":259,"column":13}},"72":{"start":{"line":258,"column":16},"end":{"line":258,"column":65}},"73":{"start":{"line":261,"column":35},"end":{"line":267,"column":15}},"74":{"start":{"line":261,"column":71},"end":{"line":267,"column":13}},"75":{"start":{"line":269,"column":12},"end":{"line":274,"column":15}},"76":{"start":{"line":277,"column":12},"end":{"line":277,"column":24}},"77":{"start":{"line":282,"column":0},"end":{"line":282,"column":39}}},"fnMap":{"0":{"name":"(anonymous_0)","decl":{"start":{"line":14,"column":4},"end":{"line":14,"column":5}},"loc":{"start":{"line":14,"column":40},"end":{"line":39,"column":5}},"line":14},"1":{"name":"(anonymous_1)","decl":{"start":{"line":45,"column":4},"end":{"line":45,"column":5}},"loc":{"start":{"line":45,"column":46},"end":{"line":143,"column":5}},"line":45},"2":{"name":"(anonymous_2)","decl":{"start":{"line":100,"column":65},"end":{"line":100,"column":66}},"loc":{"start":{"line":100,"column":70},"end":{"line":100,"column":93}},"line":100},"3":{"name":"(anonymous_3)","decl":{"start":{"line":149,"column":4},"end":{"line":149,"column":5}},"loc":{"start":{"line":149,"column":43},"end":{"line":204,"column":5}},"line":149},"4":{"name":"(anonymous_4)","decl":{"start":{"line":174,"column":61},"end":{"line":174,"column":62}},"loc":{"start":{"line":174,"column":66},"end":{"line":174,"column":89}},"line":174},"5":{"name":"(anonymous_5)","decl":{"start":{"line":210,"column":4},"end":{"line":210,"column":5}},"loc":{"start":{"line":210,"column":45},"end":{"line":242,"column":5}},"line":210},"6":{"name":"(anonymous_6)","decl":{"start":{"line":231,"column":59},"end":{"line":231,"column":60}},"loc":{"start":{"line":231,"column":64},"end":{"line":231,"column":87}},"line":231},"7":{"name":"(anonymous_7)","decl":{"start":{"line":248,"column":4},"end":{"line":248,"column":5}},"loc":{"start":{"line":248,"column":44},"end":{"line":279,"column":5}},"line":248},"8":{"name":"(anonymous_8)","decl":{"start":{"line":261,"column":58},"end":{"line":261,"column":59}},"loc":{"start":{"line":261,"column":71},"end":{"line":267,"column":13}},"line":261}},"branchMap":{"0":{"loc":{"start":{"line":20,"column":12},"end":{"line":22,"column":13}},"type":"if","locations":[{"start":{"line":20,"column":12},"end":{"line":22,"column":13}},{"start":{},"end":{}}],"line":20},"1":{"loc":{"start":{"line":50,"column":12},"end":{"line":52,"column":13}},"type":"if","locations":[{"start":{"line":50,"column":12},"end":{"line":52,"column":13}},{"start":{},"end":{}}],"line":50},"2":{"loc":{"start":{"line":70,"column":12},"end":{"line":111,"column":13}},"type":"if","locations":[{"start":{"line":70,"column":12},"end":{"line":111,"column":13}},{"start":{"line":98,"column":19},"end":{"line":111,"column":13}}],"line":70},"3":{"loc":{"start":{"line":76,"column":34},"end":{"line":76,"column":72}},"type":"binary-expr","locations":[{"start":{"line":76,"column":34},"end":{"line":76,"column":66}},{"start":{"line":76,"column":70},"end":{"line":76,"column":72}}],"line":76},"4":{"loc":{"start":{"line":102,"column":16},"end":{"line":110,"column":17}},"type":"if","locations":[{"start":{"line":102,"column":16},"end":{"line":110,"column":17}},{"start":{},"end":{}}],"line":102},"5":{"loc":{"start":{"line":151,"column":12},"end":{"line":153,"column":13}},"type":"if","locations":[{"start":{"line":151,"column":12},"end":{"line":153,"column":13}},{"start":{},"end":{}}],"line":151},"6":{"loc":{"start":{"line":151,"column":16},"end":{"line":151,"column":41}},"type":"binary-expr","locations":[{"start":{"line":151,"column":16},"end":{"line":151,"column":25}},{"start":{"line":151,"column":29},"end":{"line":151,"column":41}}],"line":151},"7":{"loc":{"start":{"line":158,"column":12},"end":{"line":160,"column":13}},"type":"if","locations":[{"start":{"line":158,"column":12},"end":{"line":160,"column":13}},{"start":{},"end":{}}],"line":158},"8":{"loc":{"start":{"line":169,"column":12},"end":{"line":171,"column":13}},"type":"if","locations":[{"start":{"line":169,"column":12},"end":{"line":171,"column":13}},{"start":{},"end":{}}],"line":169},"9":{"loc":{"start":{"line":175,"column":12},"end":{"line":177,"column":13}},"type":"if","locations":[{"start":{"line":175,"column":12},"end":{"line":177,"column":13}},{"start":{},"end":{}}],"line":175},"10":{"loc":{"start":{"line":212,"column":12},"end":{"line":214,"column":13}},"type":"if","locations":[{"start":{"line":212,"column":12},"end":{"line":214,"column":13}},{"start":{},"end":{}}],"line":212},"11":{"loc":{"start":{"line":212,"column":16},"end":{"line":212,"column":41}},"type":"binary-expr","locations":[{"start":{"line":212,"column":16},"end":{"line":212,"column":25}},{"start":{"line":212,"column":29},"end":{"line":212,"column":41}}],"line":212},"12":{"loc":{"start":{"line":221,"column":12},"end":{"line":223,"column":13}},"type":"if","locations":[{"start":{"line":221,"column":12},"end":{"line":223,"column":13}},{"start":{},"end":{}}],"line":221},"13":{"loc":{"start":{"line":226,"column":12},"end":{"line":228,"column":13}},"type":"if","locations":[{"start":{"line":226,"column":12},"end":{"line":228,"column":13}},{"start":{},"end":{}}],"line":226},"14":{"loc":{"start":{"line":226,"column":16},"end":{"line":226,"column":65}},"type":"binary-expr","locations":[{"start":{"line":226,"column":16},"end":{"line":226,"column":30}},{"start":{"line":226,"column":34},"end":{"line":226,"column":65}}],"line":226},"15":{"loc":{"start":{"line":250,"column":12},"end":{"line":252,"column":13}},"type":"if","locations":[{"start":{"line":250,"column":12},"end":{"line":252,"column":13}},{"start":{},"end":{}}],"line":250},"16":{"loc":{"start":{"line":250,"column":16},"end":{"line":250,"column":41}},"type":"binary-expr","locations":[{"start":{"line":250,"column":16},"end":{"line":250,"column":25}},{"start":{"line":250,"column":29},"end":{"line":250,"column":41}}],"line":250},"17":{"loc":{"start":{"line":257,"column":12},"end":{"line":259,"column":13}},"type":"if","locations":[{"start":{"line":257,"column":12},"end":{"line":259,"column":13}},{"start":{},"end":{}}],"line":257}},"s":{"0":0,"1":0,"2":0,"3":0,"4":0,"5":0,"6":0,"7":0,"8":0,"9":0,"10":0,"11":0,"12":0,"13":0,"14":0,"15":0,"16":0,"17":0,"18":0,"19":0,"20":0,"21":0,"22":0,"23":0,"24":0,"25":0,"26":0,"27":0,"28":0,"29":0,"30":0,"31":0,"32":0,"33":0,"34":0,"35":0,"36":0,"37":0,"38":0,"39":0,"40":0,"41":0,"42":0,"43":0,"44":0,"45":0,"46":0,"47":0,"48":0,"49":0,"50":0,"51":0,"52":0,"53":0,"54":0,"55":0,"56":0,"57":0,"58":0,"59":0,"60":0,"61":0,"62":0,"63":0,"64":0,"65":0,"66":0,"67":0,"68":0,"69":0,"70":0,"71":0,"72":0,"73":0,"74":0,"75":0,"76":0,"77":0},"f":{"0":0,"1":0,"2":0,"3":0,"4":0,"5":0,"6":0,"7":0,"8":0},"b":{"0":[0,0],"1":[0,0],"2":[0,0],"3":[0,0],"4":[0,0],"5":[0,0],"6":[0,0],"7":[0,0],"8":[0,0],"9":[0,0],"10":[0,0],"11":[0,0],"12":[0,0],"13":[0,0],"14":[0,0],"15":[0,0],"16":[0,0],"17":[0,0]}}
,"/Users/eolaw/Desktop/insightserenity-platform/servers/customer-services/modules/core-business/authentication/controllers/password-controller.js": {"path":"/Users/eolaw/Desktop/insightserenity-platform/servers/customer-services/modules/core-business/authentication/controllers/password-controller.js","statementMap":{"0":{"start":{"line":6,"column":26},"end":{"line":6,"column":68}},"1":{"start":{"line":7,"column":21},"end":{"line":7,"column":76}},"2":{"start":{"line":8,"column":29},"end":{"line":8,"column":57}},"3":{"start":{"line":9,"column":15},"end":{"line":11,"column":2}},"4":{"start":{"line":19,"column":8},"end":{"line":70,"column":9}},"5":{"start":{"line":20,"column":12},"end":{"line":23,"column":13}},"6":{"start":{"line":21,"column":16},"end":{"line":21,"column":80}},"7":{"start":{"line":22,"column":16},"end":{"line":22,"column":73}},"8":{"start":{"line":25,"column":70},"end":{"line":25,"column":78}},"9":{"start":{"line":27,"column":12},"end":{"line":29,"column":13}},"10":{"start":{"line":28,"column":16},"end":{"line":28,"column":83}},"11":{"start":{"line":31,"column":12},"end":{"line":33,"column":13}},"12":{"start":{"line":32,"column":16},"end":{"line":32,"column":73}},"13":{"start":{"line":35,"column":12},"end":{"line":37,"column":13}},"14":{"start":{"line":36,"column":16},"end":{"line":36,"column":103}},"15":{"start":{"line":40,"column":33},"end":{"line":40,"column":82}},"16":{"start":{"line":42,"column":12},"end":{"line":44,"column":15}},"17":{"start":{"line":47,"column":12},"end":{"line":52,"column":14}},"18":{"start":{"line":54,"column":12},"end":{"line":56,"column":15}},"19":{"start":{"line":58,"column":12},"end":{"line":62,"column":15}},"20":{"start":{"line":65,"column":12},"end":{"line":68,"column":15}},"21":{"start":{"line":69,"column":12},"end":{"line":69,"column":24}},"22":{"start":{"line":78,"column":8},"end":{"line":105,"column":9}},"23":{"start":{"line":79,"column":30},"end":{"line":79,"column":38}},"24":{"start":{"line":81,"column":12},"end":{"line":83,"column":13}},"25":{"start":{"line":82,"column":16},"end":{"line":82,"column":68}},"26":{"start":{"line":85,"column":12},"end":{"line":85,"column":63}},"27":{"start":{"line":87,"column":12},"end":{"line":87,"column":65}},"28":{"start":{"line":90,"column":12},"end":{"line":93,"column":15}},"29":{"start":{"line":96,"column":12},"end":{"line":99,"column":15}},"30":{"start":{"line":101,"column":12},"end":{"line":104,"column":15}},"31":{"start":{"line":113,"column":8},"end":{"line":137,"column":9}},"32":{"start":{"line":114,"column":30},"end":{"line":114,"column":40}},"33":{"start":{"line":116,"column":12},"end":{"line":118,"column":13}},"34":{"start":{"line":117,"column":16},"end":{"line":117,"column":74}},"35":{"start":{"line":122,"column":34},"end":{"line":122,"column":63}},"36":{"start":{"line":124,"column":12},"end":{"line":130,"column":15}},"37":{"start":{"line":133,"column":12},"end":{"line":135,"column":15}},"38":{"start":{"line":136,"column":12},"end":{"line":136,"column":24}},"39":{"start":{"line":145,"column":8},"end":{"line":172,"column":9}},"40":{"start":{"line":146,"column":60},"end":{"line":146,"column":68}},"41":{"start":{"line":148,"column":12},"end":{"line":150,"column":13}},"42":{"start":{"line":149,"column":16},"end":{"line":149,"column":83}},"43":{"start":{"line":152,"column":12},"end":{"line":154,"column":13}},"44":{"start":{"line":153,"column":16},"end":{"line":153,"column":73}},"45":{"start":{"line":156,"column":12},"end":{"line":156,"column":53}},"46":{"start":{"line":158,"column":12},"end":{"line":158,"column":70}},"47":{"start":{"line":160,"column":12},"end":{"line":160,"column":53}},"48":{"start":{"line":162,"column":12},"end":{"line":165,"column":15}},"49":{"start":{"line":168,"column":12},"end":{"line":170,"column":15}},"50":{"start":{"line":171,"column":12},"end":{"line":171,"column":24}},"51":{"start":{"line":180,"column":8},"end":{"line":214,"column":9}},"52":{"start":{"line":181,"column":33},"end":{"line":181,"column":41}},"53":{"start":{"line":183,"column":12},"end":{"line":185,"column":13}},"54":{"start":{"line":184,"column":16},"end":{"line":184,"column":71}},"55":{"start":{"line":187,"column":31},"end":{"line":193,"column":13}},"56":{"start":{"line":195,"column":28},"end":{"line":195,"column":76}},"57":{"start":{"line":195,"column":65},"end":{"line":195,"column":75}},"58":{"start":{"line":197,"column":29},"end":{"line":197,"column":70}},"59":{"start":{"line":199,"
[...]
:{"name":"(anonymous_2)","decl":{"start":{"line":48,"column":2},"end":{"line":48,"column":3}},"loc":{"start":{"line":48,"column":54},"end":{"line":83,"column":3}},"line":48},"3":{"name":"(anonymous_3)","decl":{"start":{"line":56,"column":35},"end":{"line":56,"column":36}},"loc":{"start":{"line":56,"column":43},"end":{"line":56,"column":63}},"line":56},"4":{"name":"(anonymous_4)","decl":{"start":{"line":90,"column":2},"end":{"line":90,"column":3}},"loc":{"start":{"line":90,"column":36},"end":{"line":110,"column":3}},"line":90},"5":{"name":"(anonymous_5)","decl":{"start":{"line":117,"column":2},"end":{"line":117,"column":3}},"loc":{"start":{"line":117,"column":40},"end":{"line":137,"column":3}},"line":117},"6":{"name":"(anonymous_6)","decl":{"start":{"line":145,"column":2},"end":{"line":145,"column":3}},"loc":{"start":{"line":145,"column":54},"end":{"line":183,"column":3}},"line":145},"7":{"name":"(anonymous_7)","decl":{"start":{"line":192,"column":2},"end":{"line":192,"column":3}},"loc":{"start":{"line":192,"column":66},"end":{"line":219,"column":3}},"line":192},"8":{"name":"(anonymous_8)","decl":{"start":{"line":229,"column":2},"end":{"line":229,"column":3}},"loc":{"start":{"line":229,"column":79},"end":{"line":251,"column":3}},"line":229},"9":{"name":"(anonymous_9)","decl":{"start":{"line":258,"column":2},"end":{"line":258,"column":3}},"loc":{"start":{"line":258,"column":46},"end":{"line":271,"column":3}},"line":258},"10":{"name":"(anonymous_10)","decl":{"start":{"line":278,"column":2},"end":{"line":278,"column":3}},"loc":{"start":{"line":278,"column":42},"end":{"line":291,"column":3}},"line":278},"11":{"name":"(anonymous_11)","decl":{"start":{"line":298,"column":2},"end":{"line":298,"column":3}},"loc":{"start":{"line":298,"column":41},"end":{"line":311,"column":3}},"line":298},"12":{"name":"(anonymous_12)","decl":{"start":{"line":318,"column":2},"end":{"line":318,"column":3}},"loc":{"start":{"line":318,"column":37},"end":{"line":331,"column":3}},"line":318},"13":{"name":"(anonymous_13)","decl":{"start":{"line":340,"column":2},"end":{"line":340,"column":3}},"loc":{"start":{"line":340,"column":59},"end":{"line":362,"column":3}},"line":340},"14":{"name":"(anonymous_14)","decl":{"start":{"line":371,"column":2},"end":{"line":371,"column":3}},"loc":{"start":{"line":371,"column":59},"end":{"line":393,"column":3}},"line":371},"15":{"name":"(anonymous_15)","decl":{"start":{"line":402,"column":2},"end":{"line":402,"column":3}},"loc":{"start":{"line":402,"column":50},"end":{"line":424,"column":3}},"line":402},"16":{"name":"(anonymous_16)","decl":{"start":{"line":432,"column":2},"end":{"line":432,"column":3}},"loc":{"start":{"line":432,"column":44},"end":{"line":453,"column":3}},"line":432},"17":{"name":"(anonymous_17)","decl":{"start":{"line":461,"column":2},"end":{"line":461,"column":3}},"loc":{"start":{"line":461,"column":40},"end":{"line":473,"column":3}},"line":461},"18":{"name":"(anonymous_18)","decl":{"start":{"line":481,"column":2},"end":{"line":481,"column":3}},"loc":{"start":{"line":481,"column":61},"end":{"line":501,"column":3}},"line":481},"19":{"name":"(anonymous_19)","decl":{"start":{"line":509,"column":2},"end":{"line":509,"column":3}},"loc":{"start":{"line":509,"column":49},"end":{"line":528,"column":3}},"line":509},"20":{"name":"(anonymous_20)","decl":{"start":{"line":536,"column":2},"end":{"line":536,"column":3}},"loc":{"start":{"line":536,"column":54},"end":{"line":583,"column":3}},"line":536},"21":{"name":"(anonymous_21)","decl":{"start":{"line":589,"column":2},"end":{"line":589,"column":3}},"loc":{"start":{"line":589,"column":24},"end":{"line":604,"column":3}},"line":589},"22":{"name":"(anonymous_22)","decl":{"start":{"line":612,"column":2},"end":{"line":612,"column":3}},"loc":{"start":{"line":612,"column":54},"end":{"line":645,"column":3}},"line":612},"23":{"name":"(anonymous_23)","decl":{"start":{"line":652,"column":2},"end":{"line":652,"column":3}},"loc":{"start":{"line":652,"column":45},"end":{"line":689,"column":3}},"line":652}},"branchMap":{"0":{"loc":{"start":{"line":28,"column":4},"end":{"line":38,"column":5}},"type":"if","locations":[{"start":{"line":28,"column":4},"end":{"line":38,"column":5}},{"start":{},"end":{}}],"line":28},"1":{"loc":{"start":{"line":48,"column":40},"end":{"line":48,"column":52}},"type":"default-arg","locations":[{"start":{"line":48,"column":50},"end":{"line":48,"column":52}}],"line":48},"2":{"loc":{"start":{"line":54,"column":6},"end":{"line":60,"column":7}},"type":"if","locations":[{"start":{"line":54,"column":6},"end":{"line":60,"column":7}},{"start":{},"end":{}}],"line":54},"3":{"loc":{"start":{"line":55,"column":8},"end":{"line":59,"column":9}},"type":"if","locations":[{"start":{"line":55,"column":8},"end":{"line":59,"column":9}},{"start":{"line":57,"column":15},"end":{"line":59,"column":9}}],"line":55},"4":{"loc":{"start":{"line":64,"column":6},"end":{"line":66,"column":7}},"type":"if","locations":[{"start":{"line":64,"column":6},"end":{"line":66,"column":7}},{"start":{},"end":{}}],"line":64},"5":{"loc":{"start":{"line":75,"column":6},"end":{"line":75,"column":49}},"type":"if","locations":[{"start":{"line":75,"column":6},"end":{"line":75,"column":49}},{"start":{},"end":{}}],"line":75},"6":{"loc":{"start":{"line":96,"column":6},"end":{"line":98,"column":7}},"type":"if","locations":[{"start":{"line":96,"column":6},"end":{"line":98,"column":7}},{"start":{},"end":{}}],"line":96},"7":{"loc":{"start":{"line":102,"column":6},"end":{"line":102,"column":49}},"type":"if","locations":[{"start":{"line":102,"column":6},"end":{"line":102,"column":49}},{"start":{},"end":{}}],"line":102},"8":{"loc":{"start":{"line":123,"column":6},"end":{"line":125,"column":7}},"type":"if","locations":[{"start":{"line":123,"column":6},"end":{"line":125,"column":7}},{"start":{},"end":{}}],"line":123},"9":{"loc":{"start":{"line":129,"column":6},"end":{"line":129,"column":49}},"type":"if","locations":[{"start":{"line":129,"column":6},"end":{"line":129,"column":49}},{"start":{},"end":{}}],"line":129},"10":{"loc":{"start":{"line":153,"column":6},"end":{"line":155,"column":7}},"type":"if","locations":[{"start":{"line":153,"column":6},"end":{"line":155,"column":7}},{"start":{},"end":{}}],"line":153},"11":{"loc":{"start":{"line":168,"column":6},"end":{"line":175,"column":7}},"type":"if","locations":[{"start":{"line":168,"column":6},"end":{"line":175,"column":7}},{"start":{},"end":{}}],"line":168},"12":{"loc":{"start":{"line":211,"column":6},"end":{"line":211,"column":49}},"type":"if","locations":[{"start":{"line":211,"column":6},"end":{"line":211,"column":49}},{"start":{},"end":{}}],"line":211},"13":{"loc":{"start":{"line":242,"column":6},"end":{"line":242,"column":49}},"type":"if","locations":[{"start":{"line":242,"column":6},"end":{"line":242,"column":49}},{"start":{},"end":{}}],"line":242},"14":{"loc":{"start":{"line":263,"column":6},"end":{"line":263,"column":49}},"type":"if","locations":[{"start":{"line":263,"column":6},"end":{"line":263,"column":49}},{"start":{},"end":{}}],"line":263},"15":{"loc":{"start":{"line":283,"column":6},"end":{"line":283,"column":49}},"type":"if","locations":[{"start":{"line":283,"column":6},"end":{"line":283,"column":49}},{"start":{},"end":{}}],"line":283},"16":{"loc":{"start":{"line":301,"column":13},"end":{"line":301,"column":54}},"type":"binary-expr","locations":[{"start":{"line":301,"column":13},"end":{"line":301,"column":49}},{"start":{"line":301,"column":53},"end":{"line":301,"column":54}}],"line":301},"17":{"loc":{"start":{"line":303,"column":6},"end":{"line":303,"column":49}},"type":"if","locations":[{"start":{"line":303,"column":6},"end":{"line":303,"column":49}},{"start":{},"end":{}}],"line":303},"18":{"loc":{"start":{"line":321,"column":13},"end":{"line":321,"column":50}},"type":"binary-expr","locations":[{"start":{"line":321,"column":13},"end":{"line":321,"column":45}},{"start":{"line":321,"column":49},"end":{"line":321,"column":50}}],"line":321},"19":{"loc":{"start":{"line":323,"column":6},"end":{"line":323,"column":49}},"type":"if","locations":[{"start":{"line":323,"column":6},"end":{"line":323,"column":49}},{"start":{},"end":{}}],"line":323},"20":{"loc":{"start":{"line":340,"column":47},"end":{"line":340,"column":57}},"type":"default-arg","locations":[{"start":{"line":340,"column":56},"end":{"line":340,"column":57}}],"line":340},"21":{"loc":{"start":{"line":353,"column":6},"end":{"line":353,"column":49}},"type":"if","locations":[{"start":{"line":353,"column":6},"end":{"line":353,"column":49}},{"start":{},"end":{}}],"line":353},"22":{"loc":{"start":{"line":371,"column":47},"end":{"line":371,"column":57}},"type":"default-arg","locations":[{"start":{"line":371,"column":56},"end":{"line":371,"column":57}}],"line":371},"23":{"loc":{"start":{"line":384,"column":6},"end":{"line":384,"column":49}},"type":"if","locations":[{"start":{"line":384,"column":6},"end":{"line":384,"column":49}},{"start":{},"end":{}}],"line":384},"24":{"loc":{"start":{"line":415,"column":6},"end":{"line":415,"column":49}},"type":"if","locations":[{"start":{"line":415,"column":6},"end":{"line":415,"column":49}},{"start":{},"end":{}}],"line":415},"25":{"loc":{"start":{"line":444,"column":6},"end":{"line":444,"column":49}},"type":"if","locations":[{"start":{"line":444,"column":6},"end":{"line":444,"column":49}},{"start":{},"end":{}}],"line":444},"26":{"loc":{"start":{"line":493,"column":6},"end":{"line":493,"column":49}},"type":"if","locations":[{"start":{"line":493,"column":6},"end":{"line":493,"column":49}},{"start":{},"end":{}}],"line":493},"27":{"loc":{"start":{"line":509,"column":35},"end":{"line":509,"column":47}},"type":"default-arg","locations":[{"start":{"line":509,"column":45},"end":{"line":509,"column":47}}],"line":509},"28":{"loc":{"start":{"line":536,"column":26},"end":{"line":536,"column":38}},"type":"default-arg","locations":[{"start":{"line":536,"column":36},"end":{"line":536,"column":38}}],"line":536},"29":{"loc":{"start":{"line":536,"column":40},"end":{"line":536,"column":52}},"type":"default-arg","locations":[{"start":{"line":536,"column":50},"end":{"line":536,"column":52}}],"line":536},"30":{"loc":{"start":{"line":541,"column":8},"end":{"line":541,"column":16}},"type":"default-arg","locations":[{"start":{"line":541,"column":15},"end":{"line":541,"column":16}}],"line":541},"31":{"loc":{"start":{"line":542,"column":8},"end":{"line":542,"column":18}},"type":"default-arg","locations":[{"start":{"line":542,"column":16},"end":{"line":542,"column":18}}],"line":542},"32":{"loc":{"start":{"line":543,"column":8},"end":{"line":543,"column":32}},"type":"default-arg","locations":[{"start":{"line":543,"column":15},"end":{"line":543,"column":32}}],"line":543},"33":{"loc":{"start":{"line":550,"column":6},"end":{"line":552,"column":7}},"type":"if","locations":[{"start":{"line":550,"column":6},"end":{"line":552,"column":7}},{"start":{},"end":{}}],"line":550},"34":{"loc":{"start":{"line":554,"column":6},"end":{"line":556,"column":7}},"type":"if","locations":[{"start":{"line":554,"column":6},"end":{"line":556,"column":7}},{"start":{},"end":{}}],"line":554},"35":{"loc":{"start":{"line":620,"column":6},"end":{"line":620,"column":71}},"type":"if","locations":[{"start":{"line":620,"column":6},"end":{"line":620,"column":71}},{"start":{},"end":{}}],"line":620},"36":{"loc":{"start":{"line":637,"column":6},"end":{"line":637,"column":49}},"type":"if","locations":[{"start":{"line":637,"column":6},"end":{"line":637,"column":49}},{"start":{},"end":{}}],"line":637},"37":{"loc":{"start":{"line":656,"column":6},"end":{"line":663,"column":7}},"type":"if","locations":[{"start":{"line":656,"column":6},"end":{"line":663,"column":7}},{"start":{},"end":{}}],"line":656},"38":{"loc":{"start":{"line":656,"column":10},"end":{"line":656,"column":77}},"type":"binary-expr","locations":[{"start":{"line":656,"column":10},"end":{"line":656,"column":42}},{"start":{"line":656,"column":46},"end":{"line":656,"column":77}}],"line":656},"39":{"loc":{"start":{"line":665,"column":6},"end":{"line":672,"column":7}},"type":"if","locations":[{"start":{"line":665,"column":6},"end":{"line":672,"column":7}},{"start":{},"end":{}}],"line":665},"40":{"loc":{"start":{"line":679,"column":6},"end":{"line":685,"column":7}},"type":"if","locations":[{"start":{"line":679,"column":6},"end":{"line":685,"column":7}},{"start":{},"end":{}}],"line":679}},"s":{"0":0,"1":0,"2":0,"3":0,"4":0,"5":0,"6":0,"7":0,"8":0,"9":0,"10":0,"11":0,"12":0,"13":0,"14":0,"15":0,"16":0,"17":0,"18":0,"19":0,"20":0,"21":0,"22":0,"23":0,"24":0,"25":0,"26":0,"27":0,"28":0,"29":0,"30":0,"31":0,"32":0,"33":0,"34":0,"35":0,"36":0,"37":0,"38":0,"39":0,"40":0,"41":0,"42":0,"43":0,"44":0,"45":0,"46":0,"47":0,"48":0,"49":0,"50":0,"51":0,"52":0,"53":0,"54":0,"55":0,"56":0,"57":0,"58":0,"59":0,"60":0,"61":0,"62":0,"63":0,"64":0,"65":0,"66":0,"67":0,"68":0,"69":0,"70":0,"71":0,"72":0,"73":0,"74":0,"75":0,"76":0,"77":0,"78":0,"79":0,"80":0,"81":0,"82":0,"83":0,"84":0,"85":0,"86":0,"87":0,"88":0,"89":0,"90":0,"91":0,"92":0,"93":0,"94":0,"95":0,"96":0,"97":0,"98":0,"99":0,"100":0,"101":0,"102":0,"103":0,"104":0,"105":0,"106":0,"107":0,"108":0,"109":0,"110":0,"111":0,"112":0,"113":0,"114":0,"115":0,"116":0,"117":0,"118":0,"119":0,"120":0,"121":0,"122":0,"123":0,"124":0,"125":0,"126":0,"127":0,"128":0,"129":0,"130":0,"131":0,"132":0,"133":0,"134":0,"135":0,"136":0,"137":0,"138":0,"139":0,"140":0,"141":0,"142":0,"143":0,"144":0,"145":0,"146":0,"147":0,"148":0,"149":0,"150":0,"151":0,"152":0,"153":0,"154":0,"155":0,"156":0,"157":0,"158":0,"159":0,"160":0,"161":0,"162":0,"163":0,"164":0,"165":0,"166":0,"167":0,"168":0,"169":0,"170":0,"171":0,"172":0,"173":0,"174":0,"175":0,"176":0,"177":0,"178":0,"179":0,"180":0,"181":0,"182":0,"183":0,"184":0,"185":0,"186":0,"187":0,"188":0,"189":0,"190":0,"191":0,"192":0,"193":0,"194":0,"195":0,"196":0,"197":0,"198":0,"199":0,"200":0,"201":0,"202":0,"203":0,"204":0,"205":0,"206":0,"207":0,"208":0,"209":0,"210":0,"211":0,"212":0,"213":0,"214":0,"215":0},"f":{"0":0,"1":0,"2":0,"3":0,"4":0,"5":0,"6":0,"7":0,"8":0,"9":0,"10":0,"11":0,"12":0,"13":0,"14":0,"15":0,"16":0,"17":0,"18":0,"19":0,"20":0,"21":0,"22":0,"23":0},"b":{"0":[0,0],"1":[0],"2":[0,0],"3":[0,0],"4":[0,0],"5":[0,0],"6":[0,0],"7":[0,0],"8":[0,0],"9":[0,0],"10":[0,0],"11":[0,0],"12":[0,0],"13":[0,0],"14":[0,0],"15":[0,0],"16":[0,0],"17":[0,0],"18":[0,0],"19":[0,0],"20":[0],"21":[0,0],"22":[0],"23":[0,0],"24":[0,0],"25":[0,0],"26":[0,0],"27":[0],"28":[0],"29":[0],"30":[0],"31":[0],"32":[0],"33":[0,0],"34":[0,0],"35":[0,0],"36":[0,0],"37":[0,0],"38":[0,0],"39":[0,0],"40":[0,0]}}
,"/Users/eolaw/Desktop/insightserenity-platform/servers/customer-services/modules/hosted-organizations/subscription-management/routes/subscription.routes.js": {"path":"/Users/eolaw/Desktop/insightserenity-platform/servers/customer-services/modules/hosted-organizations/subscription-management/routes/subscription.routes.js","statementMap":{"0":{"start":{"line":1,"column":16},"end":{"line":1,"column":34}},"1":{"start":{"line":1,"column":51},"end":{"line":1,"column":67}},"2":{"start":{"line":1,"column":69},"end":{"line":1,"column":138}},"3":{"start":{"line":1,"column":99},"end":{"line":1,"column":136}},"4":{"start":{"line":1,"column":139},"end":{"line":1,"column":163}}},"fnMap":{"0":{"name":"(anonymous_0)","decl":{"start":{"line":1,"column":85},"end":{"line":1,"column":86}},"loc":{"start":{"line":1,"column":99},"end":{"line":1,"column":136}},"line":1}},"branchMap":{},"s":{"0":0,"1":0,"2":0,"3":0,"4":0},"f":{"0":0},"b":{}}
,"/Users/eolaw/Desktop/insightserenity-platform/servers/customer-services/modules/hosted-organizations/tenant-management/routes/tenant.routes.js": {"path":"/Users/eolaw/Desktop/insightserenity-platform/servers/customer-services/modules/hosted-organizations/tenant-management/routes/tenant.routes.js","statementMap":{"0":{"start":{"line":1,"column":16},"end":{"line":1,"column":34}},"1":{"start":{"line":1,"column":51},"end":{"line":1,"column":67}},"2":{"start":{"line":1,"column":69},"end":{"line":1,"column":132}},"3":{"start":{"line":1,"column":99},"end":{"line":1,"column":130}},"4":{"start":{"line":1,"column":133},"end":{"line":1,"column":157}}},"fnMap":{"0":{"name":"(anonymous_0)","decl":{"start":{"line":1,"column":85},"end":{"line":1,"column":86}},"loc":{"start":{"line":1,"column":99},"end":{"line":1,"column":130}},"line":1}},"branchMap":{},"s":{"0":0,"1":0,"2":0,"3":0,"4":0},"f":{"0":0},"b":{}}
,"/Users/eolaw/Desktop/insightserenity-platform/servers/customer-services/modules/recruitment-services/applications/routes/application.routes.js": {"path":"/Users/eolaw/Desktop/insightserenity-platform/servers/customer-services/modules/recruitment-services/applications/routes/application.routes.js","statementMap":{"0":{"start":{"line":1,"column":16},"end":{"line":1,"column":34}},"1":{"start":{"line":1,"column":51},"end":{"line":1,"column":67}},"2":{"start":{"line":1,"column":69},"end":{"line":1,"column":137}},"3":{"start":{"line":1,"column":99},"end":{"line":1,"column":135}},"4":{"start":{"line":1,"column":138},"end":{"line":1,"column":162}}},"fnMap":{"0":{"name":"(anonymous_0)","decl":{"start":{"line":1,"column":85},"end":{"line":1,"column":86}},"loc":{"start":{"line":1,"column":99},"end":{"line":1,"column":135}},"line":1}},"branchMap":{},"s":{"0":0,"1":0,"2":0,"3":0,"4":0},"f":{"0":0},"b":{}}
,"/Users/eolaw/Desktop/insightserenity-platform/servers/customer-services/modules/recruitment-services/candidates/routes/candidate.routes.js": {"path":"/Users/eolaw/Desktop/insightserenity-platform/servers/customer-services/modules/recruitment-services/candidates/routes/candidate.routes.js","statementMap":{"0":{"start":{"line":1,"column":16},"end":{"line":1,"column":34}},"1":{"start":{"line":1,"column":51},"end":{"line":1,"column":67}},"2":{"start":{"line":1,"column":69},"end":{"line":1,"column":135}},"3":{"start":{"line":1,"column":99},"end":{"line":1,"column":133}},"4":{"start":{"line":1,"column":136},"end":{"line":1,"column":160}}},"fnMap":{"0":{"name":"(anonymous_0)","decl":{"start":{"line":1,"column":85},"end":{"line":1,"column":86}},"loc":{"start":{"line":1,"column":99},"end":{"line":1,"column":133}},"line":1}},"branchMap":{},"s":{"0":0,"1":0,"2":0,"3":0,"4":0},"f":{"0":0},"b":{}}
,"/Users/eolaw/Desktop/insightserenity-platform/servers/customer-services/modules/recruitment-services/jobs/routes/job.routes.js": {"path":"/Users/eolaw/Desktop/insightserenity-platform/servers/customer-services/modules/recruitment-services/jobs/routes/job.routes.js","statementMap":{"0":{"start":{"line":1,"column":16},"end":{"line":1,"column":34}},"1":{"start":{"line":1,"column":51},"end":{"line":1,"column":67}},"2":{"start":{"line":1,"column":69},"end":{"line":1,"column":129}},"3":{"start":{"line":1,"column":99},"end":{"line":1,"column":127}},"4":{"start":{"line":1,"column":130},"end":{"line":1,"column":154}}},"fnMap":{"0":{"name":"(anonymous_0)","decl":{"start":{"line":1,"column":85},"end":{"line":1,"column":86}},"loc":{"start":{"line":1,"column":99},"end":{"line":1,"column":127}},"line":1}},"branchMap":{},"s":{"0":0,"1":0,"2":0,"3":0,"4":0},"f":{"0":0},"b":{}}
,"/Users/eolaw/Desktop/insightserenity-platform/servers/customer-services/modules/recruitment-services/partnerships/routes/partnership.routes.js": {"path":"/Users/eolaw/Desktop/insightserenity-platform/servers/customer-services/modules/recruitment-services/partnerships/routes/partnership.routes.js","statementMap":{"0":{"start":{"line":1,"column":16},"end":{"line":1,"column":34}},"1":{"start":{"line":1,"column":51},"end":{"line":1,"column":67}},"2":{"start":{"line":1,"column":69},"end":{"line":1,"column":137}},"3":{"start":{"line":1,"column":99},"end":{"line":1,"column":135}},"4":{"start":{"line":1,"column":138},"end":{"line":1,"column":162}}},"fnMap":{"0":{"name":"(anonymous_0)","decl":{"start":{"line":1,"column":85},"end":{"line":1,"column":86}},"loc":{"start":{"line":1,"column":99},"end":{"line":1,"column":135}},"line":1}},"branchMap":{},"s":{"0":0,"1":0,"2":0,"3":0,"4":0},"f":{"0":0},"b":{}}
}
