TN:
SF:modules/core-business/analytics/services/analytics-service.js
FN:23,(anonymous_0)
FN:50,(anonymous_1)
FN:120,(anonymous_2)
FN:164,(anonymous_3)
FN:197,(anonymous_4)
FN:227,(anonymous_5)
FN:255,(anonymous_6)
FN:290,(anonymous_7)
FN:333,(anonymous_8)
FN:375,(anonymous_9)
FN:407,(anonymous_10)
FN:442,(anonymous_11)
FNF:12
FNH:1
FNDA:2,(anonymous_0)
FNDA:0,(anonymous_1)
FNDA:0,(anonymous_2)
FNDA:0,(anonymous_3)
FNDA:0,(anonymous_4)
FNDA:0,(anonymous_5)
FNDA:0,(anonymous_6)
FNDA:0,(anonymous_7)
FNDA:0,(anonymous_8)
FNDA:0,(anonymous_9)
FNDA:0,(anonymous_10)
FNDA:0,(anonymous_11)
DA:12,2
DA:15,2
DA:25,2
DA:38,2
DA:51,0
DA:52,0
DA:53,0
DA:54,0
DA:57,0
DA:59,0
DA:60,0
DA:64,0
DA:88,0
DA:90,0
DA:97,0
DA:105,0
DA:110,0
DA:121,0
DA:122,0
DA:123,0
DA:126,0
DA:127,0
DA:135,0
DA:141,0
DA:149,0
DA:153,0
DA:165,0
DA:166,0
DA:167,0
DA:170,0
DA:180,0
DA:185,0
DA:198,0
DA:199,0
DA:210,0
DA:216,0
DA:228,0
DA:229,0
DA:240,0
DA:245,0
DA:256,0
DA:262,0
DA:268,0
DA:276,0
DA:280,0
DA:291,0
DA:292,0
DA:293,0
DA:301,0
DA:307,0
DA:317,0
DA:321,0
DA:334,0
DA:335,0
DA:337,0
DA:338,0
DA:346,0
DA:353,0
DA:362,0
DA:366,0
DA:376,0
DA:377,0
DA:378,0
DA:386,0
DA:391,0
DA:394,0
DA:408,0
DA:409,0
DA:410,0
DA:415,0
DA:420,0
DA:427,0
DA:431,0
DA:443,0
DA:444,0
DA:445,0
DA:450,0
DA:456,0
DA:464,0
DA:469,0
DA:475,2
LF:81
LH:5
BRDA:27,0,0,2
BRDA:27,0,1,2
BRDA:28,1,0,2
BRDA:28,1,1,2
BRDA:29,2,0,2
BRDA:29,2,1,2
BRDA:30,3,0,2
BRDA:30,3,1,2
BRDA:33,4,0,2
BRDA:33,4,1,2
BRDA:34,5,0,2
BRDA:34,5,1,2
BRDA:52,6,0,0
BRDA:52,6,1,0
BRDA:59,7,0,0
BRDA:59,7,1,0
BRDA:66,8,0,0
BRDA:66,8,1,0
BRDA:67,9,0,0
BRDA:67,9,1,0
BRDA:68,10,0,0
BRDA:68,10,1,0
BRDA:74,11,0,0
BRDA:74,11,1,0
BRDA:93,12,0,0
BRDA:93,12,1,0
BRDA:122,13,0,0
BRDA:122,13,1,0
BRDA:126,14,0,0
BRDA:126,14,1,0
BRDA:137,15,0,0
BRDA:137,15,1,0
BRDA:164,16,0,0
BRDA:166,17,0,0
BRDA:166,17,1,0
BRDA:197,18,0,0
BRDA:227,19,0,0
BRDA:234,20,0,0
BRDA:234,20,1,0
BRDA:264,21,0,0
BRDA:264,21,1,0
BRDA:290,22,0,0
BRDA:292,23,0,0
BRDA:292,23,1,0
BRDA:337,24,0,0
BRDA:337,24,1,0
BRDA:377,25,0,0
BRDA:377,25,1,0
BRDA:409,26,0,0
BRDA:409,26,1,0
BRDA:417,27,0,0
BRDA:417,27,1,0
BRDA:422,28,0,0
BRDA:422,28,1,0
BRDA:442,29,0,0
BRDA:444,30,0,0
BRDA:444,30,1,0
BRDA:444,31,0,0
BRDA:444,31,1,0
BRF:59
BRH:12
end_of_record
TN:
SF:modules/core-business/authentication/constants/auth-constants.js
FNF:0
FNH:0
DA:11,0
DA:51,0
DA:82,0
DA:132,0
DA:177,0
DA:233,0
DA:290,0
DA:333,0
DA:359,0
DA:372,0
DA:419,0
DA:478,0
DA:488,0
DA:498,0
DA:509,0
DA:521,0
LF:16
LH:0
BRDA:13,0,0,0
BRDA:13,0,1,0
BRDA:17,1,0,0
BRDA:17,1,1,0
BRDA:21,2,0,0
BRDA:21,2,1,0
BRDA:25,3,0,0
BRDA:25,3,1,0
BRDA:29,4,0,0
BRDA:29,4,1,0
BRDA:33,5,0,0
BRDA:33,5,1,0
BRDA:37,6,0,0
BRDA:37,6,1,0
BRDA:44,7,0,0
BRDA:44,7,1,0
BRDA:45,8,0,0
BRDA:45,8,1,0
BRDA:53,9,0,0
BRDA:53,9,1,0
BRDA:57,10,0,0
BRDA:57,10,1,0
BRDA:61,11,0,0
BRDA:61,11,1,0
BRDA:65,12,0,0
BRDA:65,12,1,0
BRDA:94,13,0,0
BRDA:94,13,1,0
BRDA:134,14,0,0
BRDA:134,14,1,0
BRDA:135,15,0,0
BRDA:135,15,1,0
BRDA:152,16,0,0
BRDA:152,16,1,0
BRDA:155,17,0,0
BRDA:155,17,1,0
BRDA:156,18,0,0
BRDA:156,18,1,0
BRDA:222,19,0,0
BRDA:222,19,1,0
BRDA:293,20,0,0
BRDA:293,20,1,0
BRDA:294,21,0,0
BRDA:294,21,1,0
BRDA:295,22,0,0
BRDA:295,22,1,0
BRDA:300,23,0,0
BRDA:300,23,1,0
BRDA:301,24,0,0
BRDA:301,24,1,0
BRDA:306,25,0,0
BRDA:306,25,1,0
BRDA:307,26,0,0
BRDA:307,26,1,0
BRDA:312,27,0,0
BRDA:312,27,1,0
BRDA:313,28,0,0
BRDA:313,28,1,0
BRDA:314,29,0,0
BRDA:314,29,1,0
BRDA:319,30,0,0
BRDA:319,30,1,0
BRDA:320,31,0,0
BRDA:320,31,1,0
BRF:64
BRH:0
end_of_record
TN:
SF:modules/core-business/authentication/constants/messages.js
FN:366,(anonymous_0)
FN:369,(anonymous_1)
FNF:2
FNH:0
FNDA:0,(anonymous_0)
FNDA:0,(anonymous_1)
DA:11,0
DA:61,0
DA:112,0
DA:163,0
DA:196,0
DA:230,0
DA:276,0
DA:319,0
DA:334,0
DA:349,0
DA:366,0
DA:367,0
DA:369,0
DA:370,0
DA:371,0
DA:374,0
DA:380,0
LF:17
LH:0
BRDA:366,0,0,0
BRF:1
BRH:0
end_of_record
TN:
SF:modules/core-business/authentication/controllers/auth-controller.js
FN:15,(anonymous_0)
FN:141,(anonymous_1)
FN:218,(anonymous_2)
FN:279,(anonymous_3)
FN:341,(anonymous_4)
FN:369,(anonymous_5)
FN:394,(anonymous_6)
FN:418,(anonymous_7)
FN:442,(anonymous_8)
FN:473,(anonymous_9)
FNF:10
FNH:0
FNDA:0,(anonymous_0)
FNDA:0,(anonymous_1)
FNDA:0,(anonymous_2)
FNDA:0,(anonymous_3)
FNDA:0,(anonymous_4)
FNDA:0,(anonymous_5)
FNDA:0,(anonymous_6)
FNDA:0,(anonymous_7)
FNDA:0,(anonymous_8)
FNDA:0,(anonymous_9)
DA:6,1
DA:7,1
DA:8,1
DA:16,0
DA:17,0
DA:18,0
DA:19,0
DA:38,0
DA:40,0
DA:57,0
DA:65,0
DA:71,0
DA:78,0
DA:142,0
DA:143,0
DA:145,0
DA:146,0
DA:151,0
DA:156,0
DA:163,0
DA:166,0
DA:167,0
DA:179,0
DA:180,0
DA:188,0
DA:196,0
DA:197,0
DA:209,0
DA:219,0
DA:220,0
DA:221,0
DA:225,0
DA:228,0
DA:231,0
DA:240,0
DA:241,0
DA:249,0
DA:250,0
DA:258,0
DA:264,0
DA:270,0
DA:280,0
DA:281,0
DA:282,0
DA:286,0
DA:287,0
DA:289,0
DA:295,0
DA:296,0
DA:303,0
DA:304,0
DA:312,0
DA:318,0
DA:324,0
DA:333,0
DA:342,0
DA:343,0
DA:344,0
DA:347,0
DA:349,0
DA:350,0
DA:353,0
DA:361,0
DA:370,0
DA:371,0
DA:373,0
DA:374,0
DA:377,0
DA:379,0
DA:386,0
DA:395,0
DA:396,0
DA:398,0
DA:399,0
DA:402,0
DA:404,0
DA:410,0
DA:419,0
DA:420,0
DA:422,0
DA:423,0
DA:426,0
DA:428,0
DA:434,0
DA:443,0
DA:444,0
DA:446,0
DA:447,0
DA:452,0
DA:453,0
DA:456,0
DA:458,0
DA:464,0
DA:474,0
DA:475,0
DA:478,0
DA:480,0
DA:481,0
DA:485,0
DA:491,0
DA:492,0
DA:500,0
DA:507,0
DA:512,1
LF:104
LH:4
BRDA:18,0,0,0
BRDA:18,0,1,0
BRDA:28,1,0,0
BRDA:58,2,0,0
BRDA:58,2,1,0
BRDA:145,3,0,0
BRDA:145,3,1,0
BRDA:145,4,0,0
BRDA:145,4,1,0
BRDA:145,4,2,0
BRDA:152,5,0,0
BRDA:152,5,1,0
BRDA:157,6,0,0
BRDA:157,6,1,0
BRDA:166,7,0,0
BRDA:166,7,1,0
BRDA:179,8,0,0
BRDA:179,8,1,0
BRDA:196,9,0,0
BRDA:196,9,1,0
BRDA:204,10,0,0
BRDA:204,10,1,0
BRDA:220,11,0,0
BRDA:220,11,1,0
BRDA:220,12,0,0
BRDA:220,12,1,0
BRDA:228,13,0,0
BRDA:228,13,1,0
BRDA:232,14,0,0
BRDA:232,14,1,0
BRDA:240,15,0,0
BRDA:240,15,1,0
BRDA:249,16,0,0
BRDA:249,16,1,0
BRDA:281,17,0,0
BRDA:281,17,1,0
BRDA:281,18,0,0
BRDA:281,18,1,0
BRDA:287,19,0,0
BRDA:287,19,1,0
BRDA:290,20,0,0
BRDA:290,20,1,0
BRDA:295,21,0,0
BRDA:295,21,1,0
BRDA:303,22,0,0
BRDA:303,22,1,0
BRDA:343,23,0,0
BRDA:343,23,1,0
BRDA:343,24,0,0
BRDA:343,24,1,0
BRDA:349,25,0,0
BRDA:349,25,1,0
BRDA:373,26,0,0
BRDA:373,26,1,0
BRDA:398,27,0,0
BRDA:398,27,1,0
BRDA:422,28,0,0
BRDA:422,28,1,0
BRDA:446,29,0,0
BRDA:446,29,1,0
BRDA:446,30,0,0
BRDA:446,30,1,0
BRDA:452,31,0,0
BRDA:452,31,1,0
BRDA:475,32,0,0
BRDA:475,32,1,0
BRDA:480,33,0,0
BRDA:480,33,1,0
BRDA:491,34,0,0
BRDA:491,34,1,0
BRF:70
BRH:0
end_of_record
TN:
SF:modules/core-business/authentication/controllers/mfa-controller.js
FN:15,(anonymous_0)
FN:59,(anonymous_1)
FN:100,(anonymous_2)
FN:131,(anonymous_3)
FN:159,(anonymous_4)
FN:184,(anonymous_5)
FN:202,(anonymous_6)
FN:219,(anonymous_7)
FNF:8
FNH:0
FNDA:0,(anonymous_0)
FNDA:0,(anonymous_1)
FNDA:0,(anonymous_2)
FNDA:0,(anonymous_3)
FNDA:0,(anonymous_4)
FNDA:0,(anonymous_5)
FNDA:0,(anonymous_6)
FNDA:0,(anonymous_7)
DA:6,0
DA:7,0
DA:8,0
DA:16,0
DA:17,0
DA:18,0
DA:21,0
DA:23,0
DA:24,0
DA:25,0
DA:29,0
DA:30,0
DA:32,0
DA:33,0
DA:37,0
DA:39,0
DA:51,0
DA:60,0
DA:61,0
DA:62,0
DA:65,0
DA:67,0
DA:68,0
DA:72,0
DA:73,0
DA:75,0
DA:76,0
DA:80,0
DA:82,0
DA:92,0
DA:101,0
DA:102,0
DA:104,0
DA:105,0
DA:112,0
DA:123,0
DA:132,0
DA:133,0
DA:134,0
DA:137,0
DA:139,0
DA:140,0
DA:144,0
DA:145,0
DA:147,0
DA:148,0
DA:152,0
DA:153,0
DA:154,0
DA:158,0
DA:159,0
DA:160,0
DA:161,0
DA:166,0
DA:167,0
DA:168,0
DA:170,0
DA:176,0
DA:185,0
DA:186,0
DA:187,0
DA:191,0
DA:192,0
DA:194,0
DA:195,0
DA:198,0
DA:202,0
DA:211,0
DA:220,0
DA:221,0
DA:222,0
DA:225,0
DA:227,0
DA:228,0
DA:232,0
DA:233,0
DA:235,0
DA:236,0
DA:240,0
DA:241,0
DA:242,0
DA:246,0
DA:247,0
DA:248,0
DA:249,0
DA:252,0
DA:262,0
DA:267,0
LF:88
LH:0
BRDA:17,0,0,0
BRDA:17,0,1,0
BRDA:17,1,0,0
BRDA:17,1,1,0
BRDA:21,2,0,0
BRDA:24,3,0,0
BRDA:24,3,1,0
BRDA:32,4,0,0
BRDA:32,4,1,0
BRDA:45,5,0,0
BRDA:45,5,1,0
BRDA:61,6,0,0
BRDA:61,6,1,0
BRDA:61,7,0,0
BRDA:61,7,1,0
BRDA:67,8,0,0
BRDA:67,8,1,0
BRDA:67,9,0,0
BRDA:67,9,1,0
BRDA:75,10,0,0
BRDA:75,10,1,0
BRDA:104,11,0,0
BRDA:104,11,1,0
BRDA:104,12,0,0
BRDA:104,12,1,0
BRDA:133,13,0,0
BRDA:133,13,1,0
BRDA:133,14,0,0
BRDA:133,14,1,0
BRDA:139,15,0,0
BRDA:139,15,1,0
BRDA:147,16,0,0
BRDA:147,16,1,0
BRDA:153,17,0,0
BRDA:153,17,1,0
BRDA:158,18,0,0
BRDA:158,18,1,0
BRDA:158,19,0,0
BRDA:158,19,1,0
BRDA:160,20,0,0
BRDA:160,20,1,0
BRDA:186,21,0,0
BRDA:186,21,1,0
BRDA:186,22,0,0
BRDA:186,22,1,0
BRDA:194,23,0,0
BRDA:194,23,1,0
BRDA:201,24,0,0
BRDA:201,24,1,0
BRDA:202,25,0,0
BRDA:202,25,1,0
BRDA:221,26,0,0
BRDA:221,26,1,0
BRDA:221,27,0,0
BRDA:221,27,1,0
BRDA:227,28,0,0
BRDA:227,28,1,0
BRDA:235,29,0,0
BRDA:235,29,1,0
BRDA:241,30,0,0
BRDA:241,30,1,0
BRF:61
BRH:0
end_of_record
TN:
SF:modules/core-business/authentication/controllers/oauth-controller.js
FN:14,(anonymous_0)
FN:45,(anonymous_1)
FN:100,(anonymous_2)
FN:149,(anonymous_3)
FN:174,(anonymous_4)
FN:210,(anonymous_5)
FN:231,(anonymous_6)
FN:248,(anonymous_7)
FN:261,(anonymous_8)
FNF:9
FNH:0
FNDA:0,(anonymous_0)
FNDA:0,(anonymous_1)
FNDA:0,(anonymous_2)
FNDA:0,(anonymous_3)
FNDA:0,(anonymous_4)
FNDA:0,(anonymous_5)
FNDA:0,(anonymous_6)
FNDA:0,(anonymous_7)
FNDA:0,(anonymous_8)
DA:6,0
DA:7,0
DA:15,0
DA:16,0
DA:17,0
DA:19,0
DA:20,0
DA:21,0
DA:25,0
DA:27,0
DA:37,0
DA:46,0
DA:47,0
DA:48,0
DA:50,0
DA:51,0
DA:59,0
DA:67,0
DA:68,0
DA:70,0
DA:72,0
DA:97,0
DA:100,0
DA:102,0
DA:103,0
DA:109,0
DA:114,0
DA:115,0
DA:118,0
DA:125,0
DA:141,0
DA:150,0
DA:151,0
DA:152,0
DA:155,0
DA:156,0
DA:158,0
DA:159,0
DA:166,0
DA:167,0
DA:169,0
DA:170,0
DA:174,0
DA:175,0
DA:176,0
DA:180,0
DA:190,0
DA:192,0
DA:202,0
DA:211,0
DA:212,0
DA:213,0
DA:216,0
DA:218,0
DA:219,0
DA:221,0
DA:222,0
DA:226,0
DA:227,0
DA:231,0
DA:232,0
DA:234,0
DA:240,0
DA:249,0
DA:250,0
DA:251,0
DA:254,0
DA:255,0
DA:257,0
DA:258,0
DA:261,0
DA:269,0
DA:277,0
DA:282,0
LF:74
LH:0
BRDA:20,0,0,0
BRDA:20,0,1,0
BRDA:50,1,0,0
BRDA:50,1,1,0
BRDA:70,2,0,0
BRDA:70,2,1,0
BRDA:76,3,0,0
BRDA:76,3,1,0
BRDA:102,4,0,0
BRDA:102,4,1,0
BRDA:151,5,0,0
BRDA:151,5,1,0
BRDA:151,6,0,0
BRDA:151,6,1,0
BRDA:158,7,0,0
BRDA:158,7,1,0
BRDA:169,8,0,0
BRDA:169,8,1,0
BRDA:175,9,0,0
BRDA:175,9,1,0
BRDA:212,10,0,0
BRDA:212,10,1,0
BRDA:212,11,0,0
BRDA:212,11,1,0
BRDA:221,12,0,0
BRDA:221,12,1,0
BRDA:226,13,0,0
BRDA:226,13,1,0
BRDA:226,14,0,0
BRDA:226,14,1,0
BRDA:250,15,0,0
BRDA:250,15,1,0
BRDA:250,16,0,0
BRDA:250,16,1,0
BRDA:257,17,0,0
BRDA:257,17,1,0
BRF:36
BRH:0
end_of_record
TN:
SF:modules/core-business/authentication/controllers/password-controller.js
FN:18,(anonymous_0)
FN:77,(anonymous_1)
FN:112,(anonymous_2)
FN:144,(anonymous_3)
FN:179,(anonymous_4)
FN:195,(anonymous_5)
FN:221,(anonymous_6)
FN:251,(anonymous_7)
FN:299,(anonymous_8)
FN:316,(anonymous_9)
FNF:10
FNH:0
FNDA:0,(anonymous_0)
FNDA:0,(anonymous_1)
FNDA:0,(anonymous_2)
FNDA:0,(anonymous_3)
FNDA:0,(anonymous_4)
FNDA:0,(anonymous_5)
FNDA:0,(anonymous_6)
FNDA:0,(anonymous_7)
FNDA:0,(anonymous_8)
FNDA:0,(anonymous_9)
DA:6,0
DA:7,0
DA:8,0
DA:9,0
DA:19,0
DA:20,0
DA:21,0
DA:22,0
DA:25,0
DA:27,0
DA:28,0
DA:31,0
DA:32,0
DA:35,0
DA:36,0
DA:40,0
DA:42,0
DA:47,0
DA:54,0
DA:58,0
DA:65,0
DA:69,0
DA:78,0
DA:79,0
DA:81,0
DA:82,0
DA:85,0
DA:87,0
DA:90,0
DA:96,0
DA:101,0
DA:113,0
DA:114,0
DA:116,0
DA:117,0
DA:122,0
DA:124,0
DA:133,0
DA:136,0
DA:145,0
DA:146,0
DA:148,0
DA:149,0
DA:152,0
DA:153,0
DA:156,0
DA:158,0
DA:160,0
DA:162,0
DA:168,0
DA:171,0
DA:180,0
DA:181,0
DA:183,0
DA:184,0
DA:187,0
DA:195,0
DA:197,0
DA:199,0
DA:210,0
DA:213,0
DA:222,0
DA:223,0
DA:234,0
DA:240,0
DA:243,0
DA:252,0
DA:253,0
DA:254,0
DA:257,0
DA:259,0
DA:260,0
DA:263,0
DA:264,0
DA:267,0
DA:272,0
DA:274,0
DA:275,0
DA:280,0
DA:284,0
DA:290,0
DA:294,0
DA:300,0
DA:302,0
DA:303,0
DA:304,0
DA:305,0
DA:306,0
DA:307,0
DA:308,0
DA:310,0
DA:311,0
DA:312,0
DA:313,0
DA:317,0
DA:319,0
DA:320,0
DA:322,0
DA:323,0
DA:325,0
DA:326,0
DA:328,0
DA:329,0
DA:331,0
DA:332,0
DA:335,0
DA:339,0
LF:107
LH:0
BRDA:20,0,0,0
BRDA:20,0,1,0
BRDA:20,1,0,0
BRDA:20,1,1,0
BRDA:27,2,0,0
BRDA:27,2,1,0
BRDA:27,3,0,0
BRDA:27,3,1,0
BRDA:27,3,2,0
BRDA:31,4,0,0
BRDA:31,4,1,0
BRDA:35,5,0,0
BRDA:35,5,1,0
BRDA:81,6,0,0
BRDA:81,6,1,0
BRDA:116,7,0,0
BRDA:116,7,1,0
BRDA:126,8,0,0
BRDA:126,8,1,0
BRDA:148,9,0,0
BRDA:148,9,1,0
BRDA:148,10,0,0
BRDA:148,10,1,0
BRDA:148,10,2,0
BRDA:152,11,0,0
BRDA:152,11,1,0
BRDA:183,12,0,0
BRDA:183,12,1,0
BRDA:253,13,0,0
BRDA:253,13,1,0
BRDA:253,14,0,0
BRDA:253,14,1,0
BRDA:259,15,0,0
BRDA:259,15,1,0
BRDA:259,16,0,0
BRDA:259,16,1,0
BRDA:263,17,0,0
BRDA:263,17,1,0
BRDA:274,18,0,0
BRDA:274,18,1,0
BRDA:302,19,0,0
BRDA:302,19,1,0
BRDA:303,20,0,0
BRDA:303,20,1,0
BRDA:304,21,0,0
BRDA:304,21,1,0
BRDA:305,22,0,0
BRDA:305,22,1,0
BRDA:306,23,0,0
BRDA:306,23,1,0
BRDA:307,24,0,0
BRDA:307,24,1,0
BRDA:308,25,0,0
BRDA:308,25,1,0
BRDA:310,26,0,0
BRDA:310,26,1,0
BRDA:311,27,0,0
BRDA:311,27,1,0
BRDA:312,28,0,0
BRDA:312,28,1,0
BRDA:319,29,0,0
BRDA:319,29,1,0
BRDA:322,30,0,0
BRDA:322,30,1,0
BRDA:325,31,0,0
BRDA:325,31,1,0
BRDA:328,32,0,0
BRDA:328,32,1,0
BRDA:331,33,0,0
BRDA:331,33,1,0
BRF:70
BRH:0
end_of_record
TN:
SF:modules/core-business/authentication/controllers/session-controller.js
FN:14,(anonymous_0)
FN:48,(anonymous_1)
FN:63,(anonymous_2)
FN:65,(anonymous_3)
FN:91,(anonymous_4)
FN:121,(anonymous_5)
FN:147,(anonymous_6)
FN:179,(anonymous_7)
FN:224,(anonymous_8)
FN:241,(anonymous_9)
FN:268,(anonymous_10)
FN:324,(anonymous_11)
FN:341,(anonymous_12)
FN:359,(anonymous_13)
FN:373,(anonymous_14)
FN:374,(anonymous_15)
FNF:16
FNH:0
FNDA:0,(anonymous_0)
FNDA:0,(anonymous_1)
FNDA:0,(anonymous_2)
FNDA:0,(anonymous_3)
FNDA:0,(anonymous_4)
FNDA:0,(anonymous_5)
FNDA:0,(anonymous_6)
FNDA:0,(anonymous_7)
FNDA:0,(anonymous_8)
FNDA:0,(anonymous_9)
FNDA:0,(anonymous_10)
FNDA:0,(anonymous_11)
FNDA:0,(anonymous_12)
FNDA:0,(anonymous_13)
FNDA:0,(anonymous_14)
FNDA:0,(anonymous_15)
DA:6,0
DA:7,0
DA:15,0
DA:16,0
DA:17,0
DA:20,0
DA:21,0
DA:23,0
DA:24,0
DA:27,0
DA:40,0
DA:49,0
DA:50,0
DA:51,0
DA:54,0
DA:55,0
DA:57,0
DA:58,0
DA:62,0
DA:63,0
DA:65,0
DA:74,0
DA:83,0
DA:92,0
DA:93,0
DA:95,0
DA:96,0
DA:102,0
DA:113,0
DA:122,0
DA:124,0
DA:133,0
DA:139,0
DA:148,0
DA:149,0
DA:150,0
DA:153,0
DA:155,0
DA:156,0
DA:165,0
DA:171,0
DA:180,0
DA:181,0
DA:182,0
DA:185,0
DA:187,0
DA:188,0
DA:191,0
DA:192,0
DA:194,0
DA:195,0
DA:199,0
DA:200,0
DA:201,0
DA:210,0
DA:216,0
DA:225,0
DA:226,0
DA:227,0
DA:230,0
DA:232,0
DA:233,0
DA:235,0
DA:236,0
DA:239,0
DA:241,0
DA:250,0
DA:260,0
DA:269,0
DA:270,0
DA:271,0
DA:274,0
DA:276,0
DA:277,0
DA:279,0
DA:280,0
DA:284,0
DA:289,0
DA:290,0
DA:293,0
DA:295,0
DA:304,0
DA:306,0
DA:316,0
DA:325,0
DA:326,0
DA:327,0
DA:330,0
DA:332,0
DA:333,0
DA:335,0
DA:336,0
DA:340,0
DA:341,0
DA:343,0
DA:345,0
DA:351,0
DA:360,0
DA:361,0
DA:362,0
DA:365,0
DA:366,0
DA:368,0
DA:369,0
DA:372,0
DA:373,0
DA:374,0
DA:382,0
DA:390,0
DA:395,0
LF:110
LH:0
BRDA:16,0,0,0
BRDA:16,0,1,0
BRDA:16,1,0,0
BRDA:16,1,1,0
BRDA:23,2,0,0
BRDA:23,2,1,0
BRDA:50,3,0,0
BRDA:50,3,1,0
BRDA:50,4,0,0
BRDA:50,4,1,0
BRDA:57,5,0,0
BRDA:57,5,1,0
BRDA:62,6,0,0
BRDA:62,6,1,0
BRDA:93,7,0,0
BRDA:93,7,1,0
BRDA:95,8,0,0
BRDA:95,8,1,0
BRDA:149,9,0,0
BRDA:149,9,1,0
BRDA:149,10,0,0
BRDA:149,10,1,0
BRDA:155,11,0,0
BRDA:155,11,1,0
BRDA:181,12,0,0
BRDA:181,12,1,0
BRDA:181,13,0,0
BRDA:181,13,1,0
BRDA:187,14,0,0
BRDA:187,14,1,0
BRDA:194,15,0,0
BRDA:194,15,1,0
BRDA:200,16,0,0
BRDA:200,16,1,0
BRDA:226,17,0,0
BRDA:226,17,1,0
BRDA:226,18,0,0
BRDA:226,18,1,0
BRDA:230,19,0,0
BRDA:230,20,0,0
BRDA:235,21,0,0
BRDA:235,21,1,0
BRDA:239,22,0,0
BRDA:239,22,1,0
BRDA:254,23,0,0
BRDA:254,23,1,0
BRDA:255,24,0,0
BRDA:255,24,1,0
BRDA:270,25,0,0
BRDA:270,25,1,0
BRDA:270,26,0,0
BRDA:270,26,1,0
BRDA:279,27,0,0
BRDA:279,27,1,0
BRDA:289,28,0,0
BRDA:289,28,1,0
BRDA:297,29,0,0
BRDA:297,29,1,0
BRDA:326,30,0,0
BRDA:326,30,1,0
BRDA:326,31,0,0
BRDA:326,31,1,0
BRDA:335,32,0,0
BRDA:335,32,1,0
BRDA:340,33,0,0
BRDA:340,33,1,0
BRDA:361,34,0,0
BRDA:361,34,1,0
BRDA:361,35,0,0
BRDA:361,35,1,0
BRDA:368,36,0,0
BRDA:368,36,1,0
BRDA:372,37,0,0
BRDA:372,37,1,0
BRF:74
BRH:0
end_of_record
TN:
SF:modules/core-business/authentication/controllers/verification-controller.js
FN:14,(anonymous_0)
FN:58,(anonymous_1)
FN:117,(anonymous_2)
FN:171,(anonymous_3)
FN:236,(anonymous_4)
FN:277,(anonymous_5)
FN:336,(anonymous_6)
FN:390,(anonymous_7)
FN:427,(anonymous_8)
FNF:9
FNH:0
FNDA:0,(anonymous_0)
FNDA:0,(anonymous_1)
FNDA:0,(anonymous_2)
FNDA:0,(anonymous_3)
FNDA:0,(anonymous_4)
FNDA:0,(anonymous_5)
FNDA:0,(anonymous_6)
FNDA:0,(anonymous_7)
FNDA:0,(anonymous_8)
DA:6,0
DA:7,0
DA:15,0
DA:16,0
DA:18,0
DA:19,0
DA:22,0
DA:26,0
DA:27,0
DA:30,0
DA:33,0
DA:34,0
DA:38,0
DA:40,0
DA:50,0
DA:59,0
DA:60,0
DA:62,0
DA:63,0
DA:66,0
DA:67,0
DA:69,0
DA:71,0
DA:77,0
DA:78,0
DA:82,0
DA:83,0
DA:87,0
DA:88,0
DA:89,0
DA:101,0
DA:109,0
DA:118,0
DA:119,0
DA:120,0
DA:123,0
DA:125,0
DA:126,0
DA:129,0
DA:130,0
DA:132,0
DA:133,0
DA:137,0
DA:139,0
DA:146,0
DA:147,0
DA:155,0
DA:163,0
DA:172,0
DA:173,0
DA:174,0
DA:177,0
DA:179,0
DA:180,0
DA:183,0
DA:184,0
DA:186,0
DA:187,0
DA:190,0
DA:192,0
DA:193,0
DA:196,0
DA:197,0
DA:200,0
DA:201,0
DA:204,0
DA:205,0
DA:206,0
DA:207,0
DA:211,0
DA:217,0
DA:219,0
DA:228,0
DA:237,0
DA:238,0
DA:239,0
DA:242,0
DA:243,0
DA:245,0
DA:246,0
DA:249,0
DA:269,0
DA:278,0
DA:279,0
DA:280,0
DA:283,0
DA:285,0
DA:286,0
DA:288,0
DA:289,0
DA:292,0
DA:293,0
DA:296,0
DA:297,0
DA:299,0
DA:300,0
DA:303,0
DA:304,0
DA:308,0
DA:314,0
DA:316,0
DA:328,0
DA:337,0
DA:338,0
DA:339,0
DA:343,0
DA:345,0
DA:346,0
DA:349,0
DA:350,0
DA:352,0
DA:353,0
DA:357,0
DA:358,0
DA:364,0
DA:370,0
DA:372,0
DA:382,0
DA:391,0
DA:392,0
DA:394,0
DA:395,0
DA:398,0
DA:399,0
DA:401,0
DA:403,0
DA:411,0
DA:419,0
DA:428,0
DA:429,0
DA:430,0
DA:433,0
DA:435,0
DA:436,0
DA:439,0
DA:440,0
DA:442,0
DA:443,0
DA:447,0
DA:448,0
DA:449,0
DA:453,0
DA:460,0
DA:464,0
DA:473,0
DA:478,0
LF:146
LH:0
BRDA:18,0,0,0
BRDA:18,0,1,0
BRDA:26,1,0,0
BRDA:26,1,1,0
BRDA:33,2,0,0
BRDA:33,2,1,0
BRDA:62,3,0,0
BRDA:62,3,1,0
BRDA:69,4,0,0
BRDA:69,4,1,0
BRDA:77,5,0,0
BRDA:77,5,1,0
BRDA:82,6,0,0
BRDA:82,6,1,0
BRDA:105,7,0,0
BRDA:105,7,1,0
BRDA:119,8,0,0
BRDA:119,8,1,0
BRDA:119,9,0,0
BRDA:119,9,1,0
BRDA:125,10,0,0
BRDA:125,10,1,0
BRDA:132,11,0,0
BRDA:132,11,1,0
BRDA:159,12,0,0
BRDA:159,12,1,0
BRDA:173,13,0,0
BRDA:173,13,1,0
BRDA:173,14,0,0
BRDA:173,14,1,0
BRDA:179,15,0,0
BRDA:179,15,1,0
BRDA:186,16,0,0
BRDA:186,16,1,0
BRDA:192,17,0,0
BRDA:192,17,1,0
BRDA:192,18,0,0
BRDA:192,18,1,0
BRDA:196,19,0,0
BRDA:196,19,1,0
BRDA:200,20,0,0
BRDA:200,20,1,0
BRDA:204,21,0,0
BRDA:204,21,1,0
BRDA:238,22,0,0
BRDA:238,22,1,0
BRDA:238,23,0,0
BRDA:238,23,1,0
BRDA:245,24,0,0
BRDA:245,24,1,0
BRDA:253,25,0,0
BRDA:253,25,1,0
BRDA:257,26,0,0
BRDA:257,26,1,0
BRDA:261,27,0,0
BRDA:261,27,1,0
BRDA:279,28,0,0
BRDA:279,28,1,0
BRDA:279,29,0,0
BRDA:279,29,1,0
BRDA:288,30,0,0
BRDA:288,30,1,0
BRDA:292,31,0,0
BRDA:292,31,1,0
BRDA:292,32,0,0
BRDA:292,32,1,0
BRDA:299,33,0,0
BRDA:299,33,1,0
BRDA:303,34,0,0
BRDA:303,34,1,0
BRDA:321,35,0,0
BRDA:321,35,1,0
BRDA:338,36,0,0
BRDA:338,36,1,0
BRDA:338,37,0,0
BRDA:338,37,1,0
BRDA:345,38,0,0
BRDA:345,38,1,0
BRDA:345,39,0,0
BRDA:345,39,1,0
BRDA:352,40,0,0
BRDA:352,40,1,0
BRDA:357,41,0,0
BRDA:357,41,1,0
BRDA:394,42,0,0
BRDA:394,42,1,0
BRDA:401,43,0,0
BRDA:401,43,1,0
BRDA:414,44,0,0
BRDA:414,44,1,0
BRDA:429,45,0,0
BRDA:429,45,1,0
BRDA:429,46,0,0
BRDA:429,46,1,0
BRDA:435,47,0,0
BRDA:435,47,1,0
BRDA:442,48,0,0
BRDA:442,48,1,0
BRDA:448,49,0,0
BRDA:448,49,1,0
BRDA:448,50,0,0
BRDA:448,50,1,0
BRF:102
BRH:0
end_of_record
TN:
SF:modules/core-business/authentication/dto/auth-response.dto.js
FN:21,(anonymous_0)
FN:60,(anonymous_1)
FN:91,(anonymous_2)
FN:111,(anonymous_3)
FN:126,(anonymous_4)
FN:141,(anonymous_5)
FN:155,(anonymous_6)
FN:168,(anonymous_7)
FN:181,(anonymous_8)
FN:195,(anonymous_9)
FN:235,(anonymous_10)
FN:237,(anonymous_11)
FN:265,(anonymous_12)
FN:280,(anonymous_13)
FN:298,(anonymous_14)
FNF:15
FNH:0
FNDA:0,(anonymous_0)
FNDA:0,(anonymous_1)
FNDA:0,(anonymous_2)
FNDA:0,(anonymous_3)
FNDA:0,(anonymous_4)
FNDA:0,(anonymous_5)
FNDA:0,(anonymous_6)
FNDA:0,(anonymous_7)
FNDA:0,(anonymous_8)
FNDA:0,(anonymous_9)
FNDA:0,(anonymous_10)
FNDA:0,(anonymous_11)
FNDA:0,(anonymous_12)
FNDA:0,(anonymous_13)
FNDA:0,(anonymous_14)
DA:8,0
DA:22,0
DA:35,0
DA:36,0
DA:44,0
DA:45,0
DA:48,0
DA:49,0
DA:52,0
DA:61,0
DA:76,0
DA:77,0
DA:84,0
DA:85,0
DA:88,0
DA:89,0
DA:91,0
DA:95,0
DA:96,0
DA:99,0
DA:100,0
DA:103,0
DA:112,0
DA:127,0
DA:142,0
DA:156,0
DA:169,0
DA:182,0
DA:196,0
DA:203,0
DA:204,0
DA:205,0
DA:206,0
DA:209,0
DA:210,0
DA:211,0
DA:214,0
DA:215,0
DA:218,0
DA:219,0
DA:222,0
DA:223,0
DA:226,0
DA:236,0
DA:237,0
DA:266,0
DA:281,0
DA:299,0
DA:308,0
LF:49
LH:0
BRDA:24,0,0,0
BRDA:24,0,1,0
BRDA:28,1,0,0
BRDA:28,1,1,0
BRDA:30,2,0,0
BRDA:30,2,1,0
BRDA:31,3,0,0
BRDA:31,3,1,0
BRDA:35,4,0,0
BRDA:35,4,1,0
BRDA:38,5,0,0
BRDA:38,5,1,0
BRDA:40,6,0,0
BRDA:40,6,1,0
BRDA:44,7,0,0
BRDA:44,7,1,0
BRDA:48,8,0,0
BRDA:48,8,1,0
BRDA:63,9,0,0
BRDA:63,9,1,0
BRDA:67,10,0,0
BRDA:67,10,1,0
BRDA:69,11,0,0
BRDA:69,11,1,0
BRDA:76,12,0,0
BRDA:76,12,1,0
BRDA:84,13,0,0
BRDA:84,13,1,0
BRDA:88,14,0,0
BRDA:88,14,1,0
BRDA:95,15,0,0
BRDA:95,15,1,0
BRDA:99,16,0,0
BRDA:99,16,1,0
BRDA:115,17,0,0
BRDA:115,17,1,0
BRDA:117,18,0,0
BRDA:117,18,1,0
BRDA:131,19,0,0
BRDA:131,19,1,0
BRDA:144,20,0,0
BRDA:144,20,1,0
BRDA:145,21,0,0
BRDA:145,21,1,0
BRDA:171,22,0,0
BRDA:171,22,1,0
BRDA:185,23,0,0
BRDA:185,23,1,0
BRDA:203,24,0,0
BRDA:203,24,1,0
BRDA:209,25,0,0
BRDA:209,25,1,0
BRDA:209,26,0,0
BRDA:209,26,1,0
BRDA:214,27,0,0
BRDA:214,27,1,0
BRDA:218,28,0,0
BRDA:218,28,1,0
BRDA:222,29,0,0
BRDA:222,29,1,0
BRDA:240,30,0,0
BRDA:240,30,1,0
BRDA:269,31,0,0
BRDA:269,31,1,0
BRDA:284,32,0,0
BRDA:284,32,1,0
BRDA:285,33,0,0
BRDA:285,33,1,0
BRDA:286,34,0,0
BRDA:286,34,1,0
BRDA:298,35,0,0
BRF:71
BRH:0
end_of_record
TN:
SF:modules/core-business/authentication/dto/index.js
FNF:0
FNH:0
LF:0
LH:0
BRF:0
BRH:0
end_of_record
TN:
SF:modules/core-business/authentication/dto/user-response.dto.js
FN:19,(anonymous_0)
FN:125,(anonymous_1)
FN:157,(anonymous_2)
FN:189,(anonymous_3)
FN:225,(anonymous_4)
FN:239,(anonymous_5)
FN:239,(anonymous_6)
FN:248,(anonymous_7)
FN:286,(anonymous_8)
FN:307,(anonymous_9)
FN:326,(anonymous_10)
FN:347,(anonymous_11)
FNF:12
FNH:0
FNDA:0,(anonymous_0)
FNDA:0,(anonymous_1)
FNDA:0,(anonymous_2)
FNDA:0,(anonymous_3)
FNDA:0,(anonymous_4)
FNDA:0,(anonymous_5)
FNDA:0,(anonymous_6)
FNDA:0,(anonymous_7)
FNDA:0,(anonymous_8)
FNDA:0,(anonymous_9)
FNDA:0,(anonymous_10)
FNDA:0,(anonymous_11)
DA:20,0
DA:21,0
DA:24,0
DA:126,0
DA:127,0
DA:130,0
DA:158,0
DA:159,0
DA:162,0
DA:190,0
DA:191,0
DA:194,0
DA:226,0
DA:227,0
DA:230,0
DA:237,0
DA:239,0
DA:249,0
DA:251,0
DA:252,0
DA:255,0
DA:256,0
DA:259,0
DA:260,0
DA:266,0
DA:267,0
DA:278,0
DA:287,0
DA:288,0
DA:291,0
DA:308,0
DA:309,0
DA:311,0
DA:312,0
DA:313,0
DA:314,0
DA:315,0
DA:316,0
DA:318,0
DA:327,0
DA:328,0
DA:331,0
DA:332,0
DA:333,0
DA:336,0
DA:337,0
DA:340,0
DA:348,0
DA:349,0
DA:353,0
DA:357,0
LF:51
LH:0
BRDA:20,0,0,0
BRDA:20,0,1,0
BRDA:28,1,0,0
BRDA:28,1,1,0
BRDA:29,2,0,0
BRDA:29,2,1,0
BRDA:29,3,0,0
BRDA:29,3,1,0
BRDA:32,4,0,0
BRDA:32,4,1,0
BRDA:33,5,0,0
BRDA:33,5,1,0
BRDA:35,6,0,0
BRDA:35,6,1,0
BRDA:36,7,0,0
BRDA:36,7,1,0
BRDA:40,8,0,0
BRDA:40,8,1,0
BRDA:40,8,2,0
BRDA:41,9,0,0
BRDA:41,9,1,0
BRDA:41,9,2,0
BRDA:42,10,0,0
BRDA:42,10,1,0
BRDA:51,11,0,0
BRDA:51,11,1,0
BRDA:52,12,0,0
BRDA:52,12,1,0
BRDA:60,13,0,0
BRDA:60,13,1,0
BRDA:60,13,2,0
BRDA:61,14,0,0
BRDA:61,14,1,0
BRDA:64,15,0,0
BRDA:64,15,1,0
BRDA:64,15,2,0
BRDA:65,16,0,0
BRDA:65,16,1,0
BRDA:68,17,0,0
BRDA:68,17,1,0
BRDA:68,17,2,0
BRDA:69,18,0,0
BRDA:69,18,1,0
BRDA:74,19,0,0
BRDA:74,19,1,0
BRDA:75,20,0,0
BRDA:75,20,1,0
BRDA:80,21,0,0
BRDA:80,21,1,0
BRDA:81,22,0,0
BRDA:81,22,1,0
BRDA:82,23,0,0
BRDA:82,23,1,0
BRDA:84,24,0,0
BRDA:84,24,1,0
BRDA:87,25,0,0
BRDA:87,25,1,0
BRDA:88,26,0,0
BRDA:88,26,1,0
BRDA:89,27,0,0
BRDA:89,27,1,0
BRDA:90,28,0,0
BRDA:90,28,1,0
BRDA:91,29,0,0
BRDA:91,29,1,0
BRDA:96,30,0,0
BRDA:96,30,1,0
BRDA:97,31,0,0
BRDA:97,31,1,0
BRDA:98,32,0,0
BRDA:98,32,1,0
BRDA:101,33,0,0
BRDA:101,33,1,0
BRDA:102,34,0,0
BRDA:102,34,1,0
BRDA:112,35,0,0
BRDA:112,35,1,0
BRDA:113,36,0,0
BRDA:113,36,1,0
BRDA:114,37,0,0
BRDA:114,37,1,0
BRDA:115,38,0,0
BRDA:115,38,1,0
BRDA:126,39,0,0
BRDA:126,39,1,0
BRDA:134,40,0,0
BRDA:134,40,1,0
BRDA:136,41,0,0
BRDA:136,41,1,0
BRDA:137,42,0,0
BRDA:137,42,1,0
BRDA:139,43,0,0
BRDA:139,43,1,0
BRDA:142,44,0,0
BRDA:142,44,1,0
BRDA:142,44,2,0
BRDA:143,45,0,0
BRDA:143,45,1,0
BRDA:143,45,2,0
BRDA:147,46,0,0
BRDA:147,46,1,0
BRDA:158,47,0,0
BRDA:158,47,1,0
BRDA:166,48,0,0
BRDA:166,48,1,0
BRDA:167,49,0,0
BRDA:167,49,1,0
BRDA:169,50,0,0
BRDA:169,50,1,0
BRDA:172,51,0,0
BRDA:172,51,1,0
BRDA:172,52,0,0
BRDA:172,52,1,0
BRDA:173,53,0,0
BRDA:173,53,1,0
BRDA:177,54,0,0
BRDA:177,54,1,0
BRDA:177,54,2,0
BRDA:177,54,3,0
BRDA:190,55,0,0
BRDA:190,55,1,0
BRDA:198,56,0,0
BRDA:198,56,1,0
BRDA:200,57,0,0
BRDA:200,57,1,0
BRDA:201,58,0,0
BRDA:201,58,1,0
BRDA:203,59,0,0
BRDA:203,59,1,0
BRDA:206,60,0,0
BRDA:206,60,1,0
BRDA:206,60,2,0
BRDA:209,61,0,0
BRDA:209,61,1,0
BRDA:225,62,0,0
BRDA:226,63,0,0
BRDA:226,63,1,0
BRDA:237,64,0,0
BRDA:237,64,1,0
BRDA:248,65,0,0
BRDA:251,66,0,0
BRDA:251,66,1,0
BRDA:251,67,0,0
BRDA:251,67,1,0
BRDA:255,68,0,0
BRDA:255,68,1,0
BRDA:255,69,0,0
BRDA:255,69,1,0
BRDA:259,70,0,0
BRDA:259,70,1,0
BRDA:259,71,0,0
BRDA:259,71,1,0
BRDA:261,72,0,0
BRDA:261,72,1,0
BRDA:262,73,0,0
BRDA:262,73,1,0
BRDA:266,74,0,0
BRDA:266,74,1,0
BRDA:266,75,0,0
BRDA:266,75,1,0
BRDA:271,76,0,0
BRDA:271,76,1,0
BRDA:287,77,0,0
BRDA:287,77,1,0
BRDA:293,78,0,0
BRDA:293,78,1,0
BRDA:308,79,0,0
BRDA:308,79,1,0
BRDA:308,79,2,0
BRDA:309,80,0,0
BRDA:309,80,1,0
BRDA:309,80,2,0
BRDA:311,81,0,0
BRDA:311,81,1,0
BRDA:311,82,0,0
BRDA:311,82,1,0
BRDA:313,83,0,0
BRDA:313,83,1,0
BRDA:315,84,0,0
BRDA:315,84,1,0
BRDA:318,85,0,0
BRDA:318,85,1,0
BRDA:318,85,2,0
BRDA:327,86,0,0
BRDA:327,86,1,0
BRDA:327,87,0,0
BRDA:327,87,1,0
BRDA:332,88,0,0
BRDA:332,88,1,0
BRDA:332,89,0,0
BRDA:332,89,1,0
BRDA:348,90,0,0
BRDA:348,90,1,0
BRDA:348,91,0,0
BRDA:348,91,1,0
BRF:195
BRH:0
end_of_record
TN:
SF:modules/core-business/authentication/routes/auth-routes.js
FNF:0
FNH:0
DA:7,1
DA:8,1
DA:11,1
DA:20,1
DA:44,1
DA:58,1
DA:68,1
DA:77,1
DA:86,1
DA:97,1
DA:109,1
DA:126,1
DA:145,1
DA:162,1
DA:198,1
LF:15
LH:15
BRF:0
BRH:0
end_of_record
TN:
SF:modules/core-business/authentication/routes/index.js
FNF:0
FNH:0
DA:8,0
DA:9,0
DA:12,0
DA:13,0
DA:14,0
DA:15,0
DA:16,0
DA:17,0
DA:25,0
DA:28,0
DA:31,0
DA:34,0
DA:37,0
DA:38,0
DA:41,0
DA:44,0
LF:16
LH:0
BRF:0
BRH:0
end_of_record
TN:
SF:modules/core-business/authentication/routes/mfa-routes.js
FNF:0
FNH:0
DA:6,0
DA:7,0
DA:10,0
DA:18,0
DA:21,0
DA:22,0
DA:23,0
DA:24,0
DA:25,0
DA:27,0
LF:10
LH:0
BRF:0
BRH:0
end_of_record
TN:
SF:modules/core-business/authentication/routes/oauth-routes.js
FNF:0
FNH:0
DA:6,0
DA:7,0
DA:10,0
DA:18,0
DA:19,0
DA:22,0
DA:23,0
DA:24,0
DA:26,0
LF:9
LH:0
BRF:0
BRH:0
end_of_record
TN:
SF:modules/core-business/authentication/routes/password-routes.js
FNF:0
FNH:0
DA:6,0
DA:7,0
DA:10,0
DA:13,0
DA:27,0
DA:33,0
DA:39,0
DA:45,0
DA:51,0
DA:69,0
DA:82,0
DA:88,0
LF:12
LH:0
BRF:0
BRH:0
end_of_record
TN:
SF:modules/core-business/authentication/routes/session-routes.js
FNF:0
FNH:0
DA:6,0
DA:7,0
DA:10,0
DA:18,0
DA:21,0
DA:22,0
DA:23,0
DA:24,0
DA:25,0
DA:26,0
DA:27,0
DA:28,0
DA:29,0
DA:31,0
LF:14
LH:0
BRF:0
BRH:0
end_of_record
TN:
SF:modules/core-business/authentication/routes/verification-routes.js
FNF:0
FNH:0
DA:6,0
DA:7,0
DA:10,0
DA:18,0
DA:19,0
DA:20,0
DA:23,0
DA:24,0
DA:25,0
DA:26,0
DA:27,0
DA:28,0
DA:30,0
LF:13
LH:0
BRF:0
BRH:0
end_of_record
TN:
SF:modules/core-business/authentication/services/direct-auth-service.js
FN:122,(anonymous_0)
FN:152,(anonymous_1)
FN:163,(anonymous_2)
FN:180,(anonymous_3)
FN:209,(anonymous_4)
FN:236,(anonymous_5)
FN:244,(anonymous_6)
FN:444,(anonymous_7)
FN:573,(anonymous_8)
FN:576,(anonymous_9)
FN:581,(anonymous_10)
FN:620,(anonymous_11)
FN:680,(anonymous_12)
FN:698,(anonymous_13)
FN:706,(anonymous_14)
FN:715,(anonymous_15)
FN:727,(anonymous_16)
FN:738,(anonymous_17)
FN:754,(anonymous_18)
FN:888,(anonymous_19)
FN:905,(anonymous_20)
FN:1045,(anonymous_21)
FN:1064,(anonymous_22)
FN:1097,(anonymous_23)
FN:1123,(anonymous_24)
FN:1144,(anonymous_25)
FN:1221,(anonymous_26)
FN:1256,(anonymous_27)
FN:1294,(anonymous_28)
FN:1327,(anonymous_29)
FN:1392,(anonymous_30)
FN:1453,(anonymous_31)
FN:1463,(anonymous_32)
FN:1491,(anonymous_33)
FN:1506,(anonymous_34)
FN:1532,(anonymous_35)
FN:1544,(anonymous_36)
FN:1550,(anonymous_37)
FN:1570,(anonymous_38)
FN:1581,(anonymous_39)
FN:1590,(anonymous_40)
FN:1596,(anonymous_41)
FN:1612,(anonymous_42)
FN:1630,(anonymous_43)
FN:1648,(anonymous_44)
FN:1666,(anonymous_45)
FN:1684,(anonymous_46)
FN:1688,(anonymous_47)
FN:1705,(anonymous_48)
FN:1709,(anonymous_49)
FN:1724,(anonymous_50)
FN:1735,(anonymous_51)
FN:1743,(anonymous_52)
FN:1747,(anonymous_53)
FN:1762,(anonymous_54)
FN:1774,(anonymous_55)
FNF:56
FNH:1
FNDA:2,(anonymous_0)
FNDA:0,(anonymous_1)
FNDA:0,(anonymous_2)
FNDA:0,(anonymous_3)
FNDA:0,(anonymous_4)
FNDA:0,(anonymous_5)
FNDA:0,(anonymous_6)
FNDA:0,(anonymous_7)
FNDA:0,(anonymous_8)
FNDA:0,(anonymous_9)
FNDA:0,(anonymous_10)
FNDA:0,(anonymous_11)
FNDA:0,(anonymous_12)
FNDA:0,(anonymous_13)
FNDA:0,(anonymous_14)
FNDA:0,(anonymous_15)
FNDA:0,(anonymous_16)
FNDA:0,(anonymous_17)
FNDA:0,(anonymous_18)
FNDA:0,(anonymous_19)
FNDA:0,(anonymous_20)
FNDA:0,(anonymous_21)
FNDA:0,(anonymous_22)
FNDA:0,(anonymous_23)
FNDA:0,(anonymous_24)
FNDA:0,(anonymous_25)
FNDA:0,(anonymous_26)
FNDA:0,(anonymous_27)
FNDA:0,(anonymous_28)
FNDA:0,(anonymous_29)
FNDA:0,(anonymous_30)
FNDA:0,(anonymous_31)
FNDA:0,(anonymous_32)
FNDA:0,(anonymous_33)
FNDA:0,(anonymous_34)
FNDA:0,(anonymous_35)
FNDA:0,(anonymous_36)
FNDA:0,(anonymous_37)
FNDA:0,(anonymous_38)
FNDA:0,(anonymous_39)
FNDA:0,(anonymous_40)
FNDA:0,(anonymous_41)
FNDA:0,(anonymous_42)
FNDA:0,(anonymous_43)
FNDA:0,(anonymous_44)
FNDA:0,(anonymous_45)
FNDA:0,(anonymous_46)
FNDA:0,(anonymous_47)
FNDA:0,(anonymous_48)
FNDA:0,(anonymous_49)
FNDA:0,(anonymous_50)
FNDA:0,(anonymous_51)
FNDA:0,(anonymous_52)
FNDA:0,(anonymous_53)
FNDA:0,(anonymous_54)
FNDA:0,(anonymous_55)
DA:7,2
DA:8,2
DA:11,2
DA:12,2
DA:13,2
DA:14,2
DA:15,2
DA:18,2
DA:21,2
DA:22,2
DA:23,2
DA:26,2
DA:27,2
DA:32,2
DA:43,2
DA:56,2
DA:110,2
DA:123,2
DA:124,2
DA:125,2
DA:128,2
DA:143,2
DA:144,2
DA:145,2
DA:153,0
DA:154,0
DA:156,0
DA:164,0
DA:165,0
DA:166,0
DA:168,0
DA:171,0
DA:181,0
DA:182,0
DA:186,0
DA:189,0
DA:190,0
DA:195,0
DA:196,0
DA:198,0
DA:202,0
DA:210,0
DA:211,0
DA:215,0
DA:217,0
DA:218,0
DA:222,0
DA:223,0
DA:225,0
DA:229,0
DA:237,0
DA:245,0
DA:246,0
DA:247,0
DA:248,0
DA:250,0
DA:252,0
DA:255,0
DA:445,0
DA:446,0
DA:452,0
DA:453,0
DA:455,0
DA:458,0
DA:463,0
DA:464,0
DA:468,0
DA:469,0
DA:472,0
DA:479,0
DA:525,0
DA:528,0
DA:529,0
DA:530,0
DA:533,0
DA:535,0
DA:536,0
DA:543,0
DA:544,0
DA:553,0
DA:567,0
DA:573,0
DA:578,0
DA:582,0
DA:594,0
DA:595,0
DA:596,0
DA:600,0
DA:610,0
DA:614,0
DA:615,0
DA:619,0
DA:621,0
DA:628,0
DA:629,0
DA:630,0
DA:632,0
DA:638,0
DA:639,0
DA:641,0
DA:666,0
DA:672,0
DA:681,0
DA:683,0
DA:686,0
DA:699,0
DA:707,0
DA:717,0
DA:719,0
DA:728,0
DA:729,0
DA:738,0
DA:755,0
DA:756,0
DA:762,0
DA:763,0
DA:765,0
DA:766,0
DA:770,0
DA:773,0
DA:783,0
DA:784,0
DA:786,0
DA:853,0
DA:856,0
DA:857,0
DA:863,0
DA:869,0
DA:872,0
DA:880,0
DA:889,0
DA:890,0
DA:891,0
DA:892,0
DA:894,0
DA:906,0
DA:907,0
DA:909,0
DA:911,0
DA:913,0
DA:918,0
DA:919,0
DA:920,0
DA:923,0
DA:924,0
DA:927,0
DA:928,0
DA:931,0
DA:933,0
DA:934,0
DA:935,0
DA:937,0
DA:938,0
DA:941,0
DA:942,0
DA:947,0
DA:948,0
DA:952,0
DA:953,0
DA:954,0
DA:955,0
DA:956,0
DA:959,0
DA:961,0
DA:967,0
DA:980,0
DA:981,0
DA:982,0
DA:990,0
DA:991,0
DA:999,0
DA:1000,0
DA:1002,0
DA:1004,0
DA:1005,0
DA:1006,0
DA:1011,0
DA:1014,0
DA:1021,0
DA:1037,0
DA:1041,0
DA:1046,0
DA:1047,0
DA:1048,0
DA:1049,0
DA:1051,0
DA:1052,0
DA:1055,0
DA:1057,0
DA:1060,0
DA:1065,0
DA:1066,0
DA:1068,0
DA:1069,0
DA:1070,0
DA:1072,0
DA:1087,0
DA:1089,0
DA:1093,0
DA:1098,0
DA:1099,0
DA:1101,0
DA:1102,0
DA:1108,0
DA:1113,0
DA:1115,0
DA:1119,0
DA:1124,0
DA:1125,0
DA:1126,0
DA:1130,0
DA:1131,0
DA:1134,0
DA:1136,0
DA:1140,0
DA:1145,0
DA:1146,0
DA:1148,0
DA:1149,0
DA:1151,0
DA:1157,0
DA:1158,0
DA:1161,0
DA:1162,0
DA:1169,0
DA:1170,0
DA:1172,0
DA:1173,0
DA:1176,0
DA:1177,0
DA:1182,0
DA:1185,0
DA:1186,0
DA:1189,0
DA:1190,0
DA:1191,0
DA:1192,0
DA:1194,0
DA:1195,0
DA:1196,0
DA:1197,0
DA:1200,0
DA:1202,0
DA:1207,0
DA:1213,0
DA:1217,0
DA:1222,0
DA:1223,0
DA:1225,0
DA:1226,0
DA:1231,0
DA:1232,0
DA:1235,0
DA:1236,0
DA:1239,0
DA:1240,0
DA:1241,0
DA:1243,0
DA:1244,0
DA:1246,0
DA:1248,0
DA:1252,0
DA:1257,0
DA:1258,0
DA:1260,0
DA:1261,0
DA:1266,0
DA:1267,0
DA:1268,0
DA:1271,0
DA:1272,0
DA:1274,0
DA:1275,0
DA:1281,0
DA:1282,0
DA:1284,0
DA:1286,0
DA:1290,0
DA:1295,0
DA:1296,0
DA:1298,0
DA:1299,0
DA:1301,0
DA:1306,0
DA:1307,0
DA:1310,0
DA:1312,0
DA:1313,0
DA:1315,0
DA:1316,0
DA:1318,0
DA:1320,0
DA:1323,0
DA:1328,0
DA:1329,0
DA:1331,0
DA:1332,0
DA:1334,0
DA:1340,0
DA:1341,0
DA:1344,0
DA:1345,0
DA:1348,0
DA:1350,0
DA:1351,0
DA:1354,0
DA:1356,0
DA:1357,0
DA:1359,0
DA:1361,0
DA:1362,0
DA:1363,0
DA:1368,0
DA:1375,0
DA:1376,0
DA:1378,0
DA:1384,0
DA:1388,0
DA:1393,0
DA:1394,0
DA:1396,0
DA:1398,0
DA:1399,0
DA:1402,0
DA:1403,0
DA:1404,0
DA:1407,0
DA:1409,0
DA:1410,0
DA:1412,0
DA:1416,0
DA:1417,0
DA:1418,0
DA:1419,0
DA:1420,0
DA:1425,0
DA:1432,0
DA:1434,0
DA:1443,0
DA:1444,0
DA:1446,0
DA:1447,0
DA:1454,0
DA:1455,0
DA:1456,0
DA:1464,0
DA:1466,0
DA:1467,0
DA:1468,0
DA:1469,0
DA:1472,0
DA:1473,0
DA:1475,0
DA:1478,0
DA:1479,0
DA:1482,0
DA:1483,0
DA:1486,0
DA:1487,0
DA:1492,0
DA:1493,0
DA:1495,0
DA:1496,0
DA:1499,0
DA:1500,0
DA:1507,0
DA:1509,0
DA:1511,0
DA:1512,0
DA:1513,0
DA:1514,0
DA:1516,0
DA:1517,0
DA:1518,0
DA:1520,0
DA:1521,0
DA:1522,0
DA:1524,0
DA:1525,0
DA:1526,0
DA:1529,0
DA:1533,0
DA:1535,0
DA:1541,0
DA:1545,0
DA:1551,0
DA:1553,0
DA:1554,0
DA:1561,0
DA:1567,0
DA:1571,0
DA:1572,0
DA:1578,0
DA:1582,0
DA:1591,0
DA:1597,0
DA:1598,0
DA:1599,0
DA:1601,0
DA:1602,0
DA:1605,0
DA:1613,0
DA:1614,0
DA:1615,0
DA:1626,0
DA:1631,0
DA:1632,0
DA:1633,0
DA:1644,0
DA:1649,0
DA:1650,0
DA:1651,0
DA:1662,0
DA:1667,0
DA:1668,0
DA:1669,0
DA:1680,0
DA:1685,0
DA:1689,0
DA:1690,0
DA:1691,0
DA:1698,0
DA:1700,0
DA:1706,0
DA:1710,0
DA:1725,0
DA:1736,0
DA:1744,0
DA:1748,0
DA:1749,0
DA:1751,0
DA:1753,0
DA:1754,0
DA:1755,0
DA:1756,0
DA:1757,0
DA:1759,0
DA:1763,0
DA:1765,0
DA:1775,0
DA:1784,2
LF:441
LH:25
BRDA:129,0,0,2
BRDA:129,0,1,2
BRDA:131,1,0,2
BRDA:131,1,1,2
BRDA:137,2,0,2
BRDA:137,2,1,0
BRDA:153,3,0,0
BRDA:153,3,1,0
BRDA:181,4,0,0
BRDA:181,4,1,0
BRDA:186,5,0,0
BRDA:186,5,1,0
BRDA:186,6,0,0
BRDA:186,6,1,0
BRDA:186,6,2,0
BRDA:210,7,0,0
BRDA:210,7,1,0
BRDA:215,8,0,0
BRDA:215,8,1,0
BRDA:215,9,0,0
BRDA:215,9,1,0
BRDA:247,10,0,0
BRDA:247,10,1,0
BRDA:247,11,0,0
BRDA:247,11,1,0
BRDA:444,12,0,0
BRDA:463,13,0,0
BRDA:463,13,1,0
BRDA:481,14,0,0
BRDA:481,14,1,0
BRDA:488,15,0,0
BRDA:488,15,1,0
BRDA:515,16,0,0
BRDA:515,16,1,0
BRDA:528,17,0,0
BRDA:528,17,1,0
BRDA:535,18,0,0
BRDA:535,18,1,0
BRDA:543,19,0,0
BRDA:543,19,1,0
BRDA:543,20,0,0
BRDA:543,20,1,0
BRDA:596,21,0,0
BRDA:596,21,1,0
BRDA:596,22,0,0
BRDA:596,22,1,0
BRDA:614,23,0,0
BRDA:614,23,1,0
BRDA:643,24,0,0
BRDA:643,24,1,0
BRDA:656,25,0,0
BRDA:656,25,1,0
BRDA:681,26,0,0
BRDA:681,26,1,0
BRDA:683,27,0,0
BRDA:683,27,1,0
BRDA:688,28,0,0
BRDA:688,28,1,0
BRDA:688,28,2,0
BRDA:699,29,0,0
BRDA:699,29,1,0
BRDA:707,30,0,0
BRDA:707,30,1,0
BRDA:717,31,0,0
BRDA:717,31,1,0
BRDA:731,32,0,0
BRDA:731,32,1,0
BRDA:733,33,0,0
BRDA:733,33,1,0
BRDA:741,34,0,0
BRDA:741,34,1,0
BRDA:757,35,0,0
BRDA:757,35,1,0
BRDA:765,36,0,0
BRDA:765,36,1,0
BRDA:784,37,0,0
BRDA:784,37,1,0
BRDA:788,38,0,0
BRDA:788,38,1,0
BRDA:788,38,2,0
BRDA:801,39,0,0
BRDA:801,39,1,0
BRDA:806,40,0,0
BRDA:806,40,1,0
BRDA:821,41,0,0
BRDA:821,41,1,0
BRDA:822,42,0,0
BRDA:822,42,1,0
BRDA:829,43,0,0
BRDA:829,43,1,0
BRDA:829,43,2,0
BRDA:830,44,0,0
BRDA:830,44,1,0
BRDA:838,45,0,0
BRDA:838,45,1,0
BRDA:858,46,0,0
BRDA:858,46,1,0
BRDA:866,47,0,0
BRDA:866,47,1,0
BRDA:875,48,0,0
BRDA:875,48,1,0
BRDA:905,49,0,0
BRDA:918,50,0,0
BRDA:918,50,1,0
BRDA:923,51,0,0
BRDA:923,51,1,0
BRDA:927,52,0,0
BRDA:927,52,1,0
BRDA:933,53,0,0
BRDA:933,53,1,0
BRDA:934,54,0,0
BRDA:934,54,1,0
BRDA:941,55,0,0
BRDA:941,55,1,0
BRDA:941,56,0,0
BRDA:941,56,1,0
BRDA:943,57,0,0
BRDA:943,57,1,0
BRDA:948,58,0,0
BRDA:948,58,1,0
BRDA:948,58,2,0
BRDA:952,59,0,0
BRDA:952,59,1,0
BRDA:955,60,0,0
BRDA:955,60,1,0
BRDA:963,61,0,0
BRDA:963,61,1,0
BRDA:974,62,0,0
BRDA:974,62,1,0
BRDA:980,63,0,0
BRDA:980,63,1,0
BRDA:981,64,0,0
BRDA:981,64,1,0
BRDA:985,65,0,0
BRDA:985,65,1,0
BRDA:990,66,0,0
BRDA:990,66,1,0
BRDA:1007,67,0,0
BRDA:1007,67,1,0
BRDA:1015,68,0,0
BRDA:1015,68,1,0
BRDA:1051,69,0,0
BRDA:1051,69,1,0
BRDA:1064,70,0,0
BRDA:1097,71,0,0
BRDA:1130,72,0,0
BRDA:1130,72,1,0
BRDA:1157,73,0,0
BRDA:1157,73,1,0
BRDA:1161,74,0,0
BRDA:1161,74,1,0
BRDA:1172,75,0,0
BRDA:1172,75,1,0
BRDA:1176,76,0,0
BRDA:1176,76,1,0
BRDA:1185,77,0,0
BRDA:1185,77,1,0
BRDA:1194,78,0,0
BRDA:1194,78,1,0
BRDA:1203,79,0,0
BRDA:1203,79,1,0
BRDA:1231,80,0,0
BRDA:1231,80,1,0
BRDA:1235,81,0,0
BRDA:1235,81,1,0
BRDA:1241,82,0,0
BRDA:1241,82,1,0
BRDA:1246,83,0,0
BRDA:1246,83,1,0
BRDA:1266,84,0,0
BRDA:1266,84,1,0
BRDA:1274,85,0,0
BRDA:1274,85,1,0
BRDA:1278,86,0,0
BRDA:1278,86,1,0
BRDA:1284,87,0,0
BRDA:1284,87,1,0
BRDA:1306,88,0,0
BRDA:1306,88,1,0
BRDA:1318,89,0,0
BRDA:1318,89,1,0
BRDA:1327,90,0,0
BRDA:1340,91,0,0
BRDA:1340,91,1,0
BRDA:1344,92,0,0
BRDA:1344,92,1,0
BRDA:1350,93,0,0
BRDA:1350,93,1,0
BRDA:1361,94,0,0
BRDA:1361,94,1,0
BRDA:1392,95,0,0
BRDA:1398,96,0,0
BRDA:1398,96,1,0
BRDA:1403,97,0,0
BRDA:1403,97,1,0
BRDA:1416,98,0,0
BRDA:1416,98,1,0
BRDA:1419,99,0,0
BRDA:1419,99,1,0
BRDA:1419,100,0,0
BRDA:1419,100,1,0
BRDA:1443,101,0,0
BRDA:1443,101,1,0
BRDA:1443,102,0,0
BRDA:1443,102,1,0
BRDA:1455,103,0,0
BRDA:1455,103,1,0
BRDA:1466,104,0,0
BRDA:1466,104,1,0
BRDA:1468,105,0,0
BRDA:1468,105,1,0
BRDA:1472,106,0,0
BRDA:1472,106,1,0
BRDA:1478,107,0,0
BRDA:1478,107,1,0
BRDA:1482,108,0,0
BRDA:1482,108,1,0
BRDA:1486,109,0,0
BRDA:1486,109,1,0
BRDA:1491,110,0,0
BRDA:1492,111,0,0
BRDA:1492,111,1,0
BRDA:1495,112,0,0
BRDA:1495,112,1,0
BRDA:1499,113,0,0
BRDA:1499,113,1,0
BRDA:1509,114,0,0
BRDA:1509,114,1,0
BRDA:1509,114,2,0
BRDA:1509,114,3,0
BRDA:1533,115,0,0
BRDA:1533,115,1,0
BRDA:1541,116,0,0
BRDA:1541,116,1,0
BRDA:1545,117,0,0
BRDA:1545,117,1,0
BRDA:1545,117,2,0
BRDA:1553,118,0,0
BRDA:1553,118,1,0
BRDA:1578,119,0,0
BRDA:1578,119,1,0
BRDA:1601,120,0,0
BRDA:1601,120,1,0
BRDA:1602,121,0,0
BRDA:1602,121,1,0
BRDA:1607,122,0,0
BRDA:1607,122,1,0
BRDA:1614,123,0,0
BRDA:1614,123,1,0
BRDA:1619,124,0,0
BRDA:1619,124,1,0
BRDA:1632,125,0,0
BRDA:1632,125,1,0
BRDA:1637,126,0,0
BRDA:1637,126,1,0
BRDA:1650,127,0,0
BRDA:1650,127,1,0
BRDA:1655,128,0,0
BRDA:1655,128,1,0
BRDA:1668,129,0,0
BRDA:1668,129,1,0
BRDA:1671,130,0,0
BRDA:1671,130,1,0
BRDA:1675,131,0,0
BRDA:1675,131,1,0
BRDA:1690,132,0,0
BRDA:1690,132,1,0
BRDA:1712,133,0,0
BRDA:1712,133,1,0
BRDA:1713,134,0,0
BRDA:1713,134,1,0
BRDA:1727,135,0,0
BRDA:1727,135,1,0
BRDA:1748,136,0,0
BRDA:1748,136,1,0
BRDA:1749,137,0,0
BRDA:1749,137,1,0
BRDA:1751,138,0,0
BRDA:1751,138,1,0
BRDA:1763,139,0,0
BRDA:1763,139,1,0
BRDA:1766,140,0,0
BRDA:1766,140,1,0
BRF:283
BRH:5
end_of_record
TN:
SF:modules/core-business/authentication/validators/auth-validators.js
FN:13,(anonymous_0)
FN:19,(anonymous_1)
FN:54,(anonymous_2)
FN:85,(anonymous_3)
FNF:4
FNH:0
FNDA:0,(anonymous_0)
FNDA:0,(anonymous_1)
FNDA:0,(anonymous_2)
FNDA:0,(anonymous_3)
DA:8,0
DA:13,0
DA:14,0
DA:15,0
DA:16,0
DA:19,0
DA:26,0
DA:32,0
DA:54,0
DA:86,0
DA:87,0
DA:110,0
DA:151,0
DA:170,0
LF:14
LH:0
BRDA:15,0,0,0
BRDA:15,0,1,0
BRF:2
BRH:0
end_of_record
TN:
SF:modules/core-business/authentication/validators/mfa-validators.js
FN:13,(anonymous_0)
FN:19,(anonymous_1)
FNF:2
FNH:0
FNDA:0,(anonymous_0)
FNDA:0,(anonymous_1)
DA:8,0
DA:13,0
DA:14,0
DA:15,0
DA:16,0
DA:19,0
DA:26,0
DA:32,0
DA:64,0
DA:103,0
DA:133,0
LF:11
LH:0
BRDA:15,0,0,0
BRDA:15,0,1,0
BRF:2
BRH:0
end_of_record
TN:
SF:modules/core-business/authentication/validators/oauth-validators.js
FN:13,(anonymous_0)
FN:19,(anonymous_1)
FNF:2
FNH:0
FNDA:0,(anonymous_0)
FNDA:0,(anonymous_1)
DA:8,0
DA:13,0
DA:14,0
DA:15,0
DA:16,0
DA:19,0
DA:26,0
DA:32,0
DA:87,0
DA:111,0
LF:10
LH:0
BRDA:15,0,0,0
BRDA:15,0,1,0
BRF:2
BRH:0
end_of_record
TN:
SF:modules/core-business/authentication/validators/password-validators.js
FN:13,(anonymous_0)
FN:19,(anonymous_1)
FN:52,(anonymous_2)
FN:75,(anonymous_3)
FN:81,(anonymous_4)
FNF:5
FNH:0
FNDA:0,(anonymous_0)
FNDA:0,(anonymous_1)
FNDA:0,(anonymous_2)
FNDA:0,(anonymous_3)
FNDA:0,(anonymous_4)
DA:8,0
DA:13,0
DA:14,0
DA:15,0
DA:16,0
DA:19,0
DA:26,0
DA:32,0
DA:52,0
DA:61,0
DA:75,0
DA:81,0
DA:95,0
DA:113,0
DA:134,0
LF:15
LH:0
BRDA:15,0,0,0
BRDA:15,0,1,0
BRF:2
BRH:0
end_of_record
TN:
SF:modules/core-business/authentication/validators/verification-validators.js
FN:13,(anonymous_0)
FN:19,(anonymous_1)
FN:71,(anonymous_2)
FN:78,(anonymous_3)
FN:130,(anonymous_4)
FN:142,(anonymous_5)
FNF:6
FNH:0
FNDA:0,(anonymous_0)
FNDA:0,(anonymous_1)
FNDA:0,(anonymous_2)
FNDA:0,(anonymous_3)
FNDA:0,(anonymous_4)
FNDA:0,(anonymous_5)
DA:8,0
DA:13,0
DA:14,0
DA:15,0
DA:16,0
DA:19,0
DA:26,0
DA:32,0
DA:69,0
DA:71,0
DA:78,0
DA:103,0
DA:131,0
DA:132,0
DA:133,0
DA:143,0
DA:144,0
DA:201,0
LF:18
LH:0
BRDA:15,0,0,0
BRDA:15,0,1,0
BRDA:78,1,0,0
BRDA:78,1,1,0
BRF:4
BRH:0
end_of_record
TN:
SF:modules/core-business/client-management/module-config.js
FN:106,(anonymous_0)
FN:116,(anonymous_1)
FN:134,(anonymous_2)
FN:181,(anonymous_3)
FN:219,(anonymous_4)
FN:228,(anonymous_5)
FN:237,(anonymous_6)
FN:248,(anonymous_7)
FN:256,(anonymous_8)
FN:264,(anonymous_9)
FN:272,(anonymous_10)
FN:306,(anonymous_11)
FN:345,(anonymous_12)
FN:351,(anonymous_13)
FN:357,(anonymous_14)
FN:364,(anonymous_15)
FN:374,(anonymous_16)
FNF:17
FNH:0
FNDA:0,(anonymous_0)
FNDA:0,(anonymous_1)
FNDA:0,(anonymous_2)
FNDA:0,(anonymous_3)
FNDA:0,(anonymous_4)
FNDA:0,(anonymous_5)
FNDA:0,(anonymous_6)
FNDA:0,(anonymous_7)
FNDA:0,(anonymous_8)
FNDA:0,(anonymous_9)
FNDA:0,(anonymous_10)
FNDA:0,(anonymous_11)
FNDA:0,(anonymous_12)
FNDA:0,(anonymous_13)
FNDA:0,(anonymous_14)
FNDA:0,(anonymous_15)
FNDA:0,(anonymous_16)
DA:7,0
DA:14,0
DA:33,0
DA:107,0
DA:108,0
DA:109,0
DA:117,0
DA:135,0
DA:136,0
DA:142,0
DA:145,0
DA:148,0
DA:151,0
DA:153,0
DA:155,0
DA:160,0
DA:169,0
DA:173,0
DA:182,0
DA:185,0
DA:186,0
DA:190,0
DA:191,0
DA:195,0
DA:196,0
DA:199,0
DA:200,0
DA:204,0
DA:205,0
DA:208,0
DA:209,0
DA:212,0
DA:220,0
DA:221,0
DA:229,0
DA:230,0
DA:238,0
DA:249,0
DA:257,0
DA:265,0
DA:273,0
DA:274,0
DA:275,0
DA:277,0
DA:287,0
DA:291,0
DA:307,0
DA:308,0
DA:313,0
DA:315,0
DA:318,0
DA:321,0
DA:329,0
DA:334,0
DA:345,0
DA:351,0
DA:357,0
DA:365,0
DA:366,0
DA:373,0
DA:374,0
DA:375,0
LF:62
LH:0
BRDA:36,0,0,0
BRDA:36,0,1,0
BRDA:37,1,0,0
BRDA:37,1,1,0
BRDA:44,2,0,0
BRDA:44,2,1,0
BRDA:45,3,0,0
BRDA:45,3,1,0
BRDA:51,4,0,0
BRDA:51,4,1,0
BRDA:59,5,0,0
BRDA:59,5,1,0
BRDA:60,6,0,0
BRDA:60,6,1,0
BRDA:62,7,0,0
BRDA:62,7,1,0
BRDA:64,8,0,0
BRDA:64,8,1,0
BRDA:70,9,0,0
BRDA:70,9,1,0
BRDA:71,10,0,0
BRDA:71,10,1,0
BRDA:106,11,0,0
BRDA:185,12,0,0
BRDA:185,12,1,0
BRDA:190,13,0,0
BRDA:190,13,1,0
BRDA:195,14,0,0
BRDA:195,14,1,0
BRDA:199,15,0,0
BRDA:199,15,1,0
BRDA:204,16,0,0
BRDA:204,16,1,0
BRDA:208,17,0,0
BRDA:208,17,1,0
BRDA:364,18,0,0
BRDA:373,19,0,0
BRDA:373,19,1,0
BRDA:373,20,0,0
BRDA:373,20,1,0
BRF:40
BRH:0
end_of_record
TN:
SF:modules/core-business/client-management/controllers/client-contact-controller.js
FN:22,(anonymous_0)
FN:72,(anonymous_1)
FN:104,(anonymous_2)
FN:144,(anonymous_3)
FN:188,(anonymous_4)
FN:232,(anonymous_5)
FN:276,(anonymous_6)
FN:320,(anonymous_7)
FN:387,(anonymous_8)
FN:440,(anonymous_9)
FN:475,(anonymous_10)
FN:479,(anonymous_11)
FN:493,(anonymous_12)
FN:493,(anonymous_13)
FNF:14
FNH:0
FNDA:0,(anonymous_0)
FNDA:0,(anonymous_1)
FNDA:0,(anonymous_2)
FNDA:0,(anonymous_3)
FNDA:0,(anonymous_4)
FNDA:0,(anonymous_5)
FNDA:0,(anonymous_6)
FNDA:0,(anonymous_7)
FNDA:0,(anonymous_8)
FNDA:0,(anonymous_9)
FNDA:0,(anonymous_10)
FNDA:0,(anonymous_11)
FNDA:0,(anonymous_12)
FNDA:0,(anonymous_13)
DA:7,0
DA:8,0
DA:9,0
DA:23,0
DA:24,0
DA:30,0
DA:36,0
DA:44,0
DA:46,0
DA:51,0
DA:60,0
DA:64,0
DA:73,0
DA:74,0
DA:75,0
DA:80,0
DA:82,0
DA:84,0
DA:92,0
DA:96,0
DA:105,0
DA:106,0
DA:107,0
DA:115,0
DA:120,0
DA:122,0
DA:131,0
DA:135,0
DA:145,0
DA:146,0
DA:147,0
DA:149,0
DA:154,0
DA:160,0
DA:162,0
DA:167,0
DA:176,0
DA:180,0
DA:189,0
DA:190,0
DA:191,0
DA:198,0
DA:204,0
DA:206,0
DA:212,0
DA:219,0
DA:223,0
DA:233,0
DA:234,0
DA:242,0
DA:250,0
DA:256,0
DA:258,0
DA:264,0
DA:268,0
DA:277,0
DA:278,0
DA:279,0
DA:281,0
DA:286,0
DA:292,0
DA:294,0
DA:299,0
DA:308,0
DA:312,0
DA:321,0
DA:322,0
DA:324,0
DA:325,0
DA:328,0
DA:333,0
DA:340,0
DA:345,0
DA:346,0
DA:347,0
DA:348,0
DA:354,0
DA:362,0
DA:368,0
DA:375,0
DA:379,0
DA:388,0
DA:389,0
DA:395,0
DA:400,0
DA:406,0
DA:411,0
DA:412,0
DA:413,0
DA:415,0
DA:416,0
DA:418,0
DA:419,0
DA:420,0
DA:428,0
DA:432,0
DA:441,0
DA:442,0
DA:443,0
DA:447,0
DA:452,0
DA:454,0
DA:463,0
DA:467,0
DA:476,0
DA:478,0
DA:479,0
DA:491,0
DA:493,0
DA:496,0
DA:500,0
LF:111
LH:0
BRDA:32,0,0,0
BRDA:32,0,1,0
BRDA:33,1,0,0
BRDA:33,1,1,0
BRDA:40,2,0,0
BRDA:40,2,1,0
BRDA:234,3,0,0
BRDA:234,3,1,0
BRDA:234,4,0,0
BRDA:234,4,1,0
BRDA:239,5,0,0
BRDA:239,5,1,0
BRDA:244,6,0,0
BRDA:244,6,1,0
BRDA:245,7,0,0
BRDA:245,7,1,0
BRDA:324,8,0,0
BRDA:324,8,1,0
BRDA:324,9,0,0
BRDA:324,9,1,0
BRDA:397,10,0,0
BRDA:397,10,1,0
BRDA:411,11,0,0
BRDA:411,11,1,0
BRDA:476,12,0,0
BRDA:476,12,1,0
BRDA:476,13,0,0
BRDA:476,13,1,0
BRDA:480,14,0,0
BRDA:480,14,1,0
BRDA:481,15,0,0
BRDA:481,15,1,0
BRDA:482,16,0,0
BRDA:482,16,1,0
BRDA:483,17,0,0
BRDA:483,17,1,0
BRDA:484,18,0,0
BRDA:484,18,1,0
BRDA:485,19,0,0
BRDA:485,19,1,0
BRDA:486,20,0,0
BRDA:486,20,1,0
BRDA:487,21,0,0
BRDA:487,21,1,0
BRDA:488,22,0,0
BRDA:488,22,1,0
BRF:46
BRH:0
end_of_record
TN:
SF:modules/core-business/client-management/controllers/client-controller.js
FN:22,(anonymous_0)
FN:70,(anonymous_1)
FN:102,(anonymous_2)
FN:135,(anonymous_3)
FN:179,(anonymous_4)
FN:223,(anonymous_5)
FN:269,(anonymous_6)
FN:307,(anonymous_7)
FN:372,(anonymous_8)
FN:429,(anonymous_9)
FN:467,(anonymous_10)
FN:471,(anonymous_11)
FN:484,(anonymous_12)
FN:484,(anonymous_13)
FNF:14
FNH:0
FNDA:0,(anonymous_0)
FNDA:0,(anonymous_1)
FNDA:0,(anonymous_2)
FNDA:0,(anonymous_3)
FNDA:0,(anonymous_4)
FNDA:0,(anonymous_5)
FNDA:0,(anonymous_6)
FNDA:0,(anonymous_7)
FNDA:0,(anonymous_8)
FNDA:0,(anonymous_9)
FNDA:0,(anonymous_10)
FNDA:0,(anonymous_11)
FNDA:0,(anonymous_12)
FNDA:0,(anonymous_13)
DA:7,0
DA:8,0
DA:9,0
DA:23,0
DA:24,0
DA:29,0
DA:35,0
DA:42,0
DA:44,0
DA:49,0
DA:58,0
DA:62,0
DA:71,0
DA:72,0
DA:73,0
DA:78,0
DA:80,0
DA:82,0
DA:90,0
DA:94,0
DA:103,0
DA:104,0
DA:105,0
DA:110,0
DA:112,0
DA:114,0
DA:122,0
DA:126,0
DA:136,0
DA:137,0
DA:138,0
DA:140,0
DA:145,0
DA:151,0
DA:153,0
DA:158,0
DA:167,0
DA:171,0
DA:180,0
DA:181,0
DA:182,0
DA:189,0
DA:195,0
DA:197,0
DA:203,0
DA:210,0
DA:214,0
DA:224,0
DA:225,0
DA:235,0
DA:243,0
DA:249,0
DA:251,0
DA:257,0
DA:261,0
DA:270,0
DA:271,0
DA:276,0
DA:280,0
DA:285,0
DA:287,0
DA:295,0
DA:299,0
DA:308,0
DA:309,0
DA:311,0
DA:312,0
DA:315,0
DA:320,0
DA:327,0
DA:332,0
DA:333,0
DA:334,0
DA:335,0
DA:340,0
DA:347,0
DA:353,0
DA:360,0
DA:364,0
DA:373,0
DA:374,0
DA:381,0
DA:386,0
DA:392,0
DA:397,0
DA:399,0
DA:400,0
DA:403,0
DA:404,0
DA:407,0
DA:408,0
DA:409,0
DA:417,0
DA:421,0
DA:430,0
DA:431,0
DA:432,0
DA:436,0
DA:441,0
DA:446,0
DA:455,0
DA:459,0
DA:468,0
DA:470,0
DA:471,0
DA:482,0
DA:484,0
DA:487,0
DA:491,0
LF:109
LH:0
BRDA:31,0,0,0
BRDA:31,0,1,0
BRDA:32,1,0,0
BRDA:32,1,1,0
BRDA:39,2,0,0
BRDA:39,2,1,0
BRDA:225,3,0,0
BRDA:225,3,1,0
BRDA:225,4,0,0
BRDA:225,4,1,0
BRDA:230,5,0,0
BRDA:230,5,1,0
BRDA:231,6,0,0
BRDA:231,6,1,0
BRDA:232,7,0,0
BRDA:232,7,1,0
BRDA:237,8,0,0
BRDA:237,8,1,0
BRDA:238,9,0,0
BRDA:238,9,1,0
BRDA:311,10,0,0
BRDA:311,10,1,0
BRDA:311,11,0,0
BRDA:311,11,1,0
BRDA:383,12,0,0
BRDA:383,12,1,0
BRDA:397,13,0,0
BRDA:397,13,1,0
BRDA:468,14,0,0
BRDA:468,14,1,0
BRDA:468,15,0,0
BRDA:468,15,1,0
BRDA:472,16,0,0
BRDA:472,16,1,0
BRDA:473,17,0,0
BRDA:473,17,1,0
BRDA:474,18,0,0
BRDA:474,18,1,0
BRDA:475,19,0,0
BRDA:475,19,1,0
BRDA:476,20,0,0
BRDA:476,20,1,0
BRDA:477,21,0,0
BRDA:477,21,1,0
BRDA:478,22,0,0
BRDA:478,22,1,0
BRDA:479,23,0,0
BRDA:479,23,1,0
BRF:48
BRH:0
end_of_record
TN:
SF:modules/core-business/client-management/controllers/client-document-controller.js
FN:22,(anonymous_0)
FN:82,(anonymous_1)
FN:115,(anonymous_2)
FN:158,(anonymous_3)
FN:204,(anonymous_4)
FN:248,(anonymous_5)
FN:294,(anonymous_6)
FN:344,(anonymous_7)
FN:393,(anonymous_8)
FN:430,(anonymous_9)
FN:495,(anonymous_10)
FNF:11
FNH:0
FNDA:0,(anonymous_0)
FNDA:0,(anonymous_1)
FNDA:0,(anonymous_2)
FNDA:0,(anonymous_3)
FNDA:0,(anonymous_4)
FNDA:0,(anonymous_5)
FNDA:0,(anonymous_6)
FNDA:0,(anonymous_7)
FNDA:0,(anonymous_8)
FNDA:0,(anonymous_9)
FNDA:0,(anonymous_10)
DA:7,0
DA:8,0
DA:9,0
DA:23,0
DA:24,0
DA:30,0
DA:37,0
DA:38,0
DA:47,0
DA:54,0
DA:56,0
DA:61,0
DA:70,0
DA:74,0
DA:83,0
DA:84,0
DA:85,0
DA:91,0
DA:93,0
DA:95,0
DA:103,0
DA:107,0
DA:116,0
DA:117,0
DA:118,0
DA:129,0
DA:134,0
DA:136,0
DA:145,0
DA:149,0
DA:159,0
DA:160,0
DA:161,0
DA:163,0
DA:169,0
DA:176,0
DA:178,0
DA:183,0
DA:192,0
DA:196,0
DA:205,0
DA:206,0
DA:207,0
DA:214,0
DA:220,0
DA:222,0
DA:228,0
DA:235,0
DA:239,0
DA:249,0
DA:250,0
DA:260,0
DA:268,0
DA:274,0
DA:276,0
DA:282,0
DA:286,0
DA:295,0
DA:296,0
DA:297,0
DA:299,0
DA:300,0
DA:303,0
DA:309,0
DA:315,0
DA:317,0
DA:323,0
DA:332,0
DA:336,0
DA:345,0
DA:346,0
DA:347,0
DA:352,0
DA:357,0
DA:359,0
DA:360,0
DA:364,0
DA:365,0
DA:369,0
DA:381,0
DA:385,0
DA:394,0
DA:395,0
DA:396,0
DA:401,0
DA:406,0
DA:408,0
DA:418,0
DA:422,0
DA:431,0
DA:432,0
DA:434,0
DA:435,0
DA:438,0
DA:443,0
DA:450,0
DA:455,0
DA:456,0
DA:457,0
DA:458,0
DA:463,0
DA:470,0
DA:476,0
DA:483,0
DA:487,0
DA:496,0
DA:497,0
DA:498,0
DA:503,0
DA:508,0
DA:510,0
DA:520,0
DA:524,0
DA:529,0
LF:114
LH:0
BRDA:32,0,0,0
BRDA:32,0,1,0
BRDA:33,1,0,0
BRDA:33,1,1,0
BRDA:37,2,0,0
BRDA:37,2,1,0
BRDA:43,3,0,0
BRDA:43,3,1,0
BRDA:51,4,0,0
BRDA:51,4,1,0
BRDA:250,5,0,0
BRDA:250,5,1,0
BRDA:250,6,0,0
BRDA:250,6,1,0
BRDA:255,7,0,0
BRDA:255,7,1,0
BRDA:262,8,0,0
BRDA:262,8,1,0
BRDA:263,9,0,0
BRDA:263,9,1,0
BRDA:299,10,0,0
BRDA:299,10,1,0
BRDA:299,11,0,0
BRDA:299,11,1,0
BRDA:359,12,0,0
BRDA:359,12,1,0
BRDA:364,13,0,0
BRDA:364,13,1,0
BRDA:413,14,0,0
BRDA:413,14,1,0
BRDA:434,15,0,0
BRDA:434,15,1,0
BRDA:434,16,0,0
BRDA:434,16,1,0
BRF:34
BRH:0
end_of_record
TN:
SF:modules/core-business/client-management/controllers/client-note-controller.js
FN:22,(anonymous_0)
FN:71,(anonymous_1)
FN:104,(anonymous_2)
FN:150,(anonymous_3)
FN:194,(anonymous_4)
FN:238,(anonymous_5)
FN:286,(anonymous_6)
FN:335,(anonymous_7)
FN:373,(anonymous_8)
FN:407,(anonymous_9)
FN:445,(anonymous_10)
FN:510,(anonymous_11)
FN:565,(anonymous_12)
FN:598,(anonymous_13)
FN:633,(anonymous_14)
FN:637,(anonymous_15)
FN:650,(anonymous_16)
FN:650,(anonymous_17)
FNF:18
FNH:0
FNDA:0,(anonymous_0)
FNDA:0,(anonymous_1)
FNDA:0,(anonymous_2)
FNDA:0,(anonymous_3)
FNDA:0,(anonymous_4)
FNDA:0,(anonymous_5)
FNDA:0,(anonymous_6)
FNDA:0,(anonymous_7)
FNDA:0,(anonymous_8)
FNDA:0,(anonymous_9)
FNDA:0,(anonymous_10)
FNDA:0,(anonymous_11)
FNDA:0,(anonymous_12)
FNDA:0,(anonymous_13)
FNDA:0,(anonymous_14)
FNDA:0,(anonymous_15)
FNDA:0,(anonymous_16)
FNDA:0,(anonymous_17)
DA:7,0
DA:8,0
DA:9,0
DA:23,0
DA:24,0
DA:30,0
DA:36,0
DA:43,0
DA:45,0
DA:50,0
DA:59,0
DA:63,0
DA:72,0
DA:73,0
DA:74,0
DA:80,0
DA:82,0
DA:84,0
DA:92,0
DA:96,0
DA:105,0
DA:106,0
DA:107,0
DA:121,0
DA:126,0
DA:128,0
DA:137,0
DA:141,0
DA:151,0
DA:152,0
DA:153,0
DA:155,0
DA:160,0
DA:166,0
DA:168,0
DA:173,0
DA:182,0
DA:186,0
DA:195,0
DA:196,0
DA:197,0
DA:204,0
DA:210,0
DA:212,0
DA:218,0
DA:225,0
DA:229,0
DA:239,0
DA:240,0
DA:252,0
DA:260,0
DA:266,0
DA:268,0
DA:274,0
DA:278,0
DA:287,0
DA:288,0
DA:289,0
DA:293,0
DA:294,0
DA:297,0
DA:302,0
DA:307,0
DA:309,0
DA:314,0
DA:323,0
DA:327,0
DA:336,0
DA:337,0
DA:338,0
DA:342,0
DA:348,0
DA:353,0
DA:355,0
DA:361,0
DA:365,0
DA:374,0
DA:375,0
DA:376,0
DA:383,0
DA:387,0
DA:389,0
DA:395,0
DA:399,0
DA:408,0
DA:409,0
DA:410,0
DA:414,0
DA:420,0
DA:425,0
DA:427,0
DA:433,0
DA:437,0
DA:446,0
DA:447,0
DA:449,0
DA:450,0
DA:453,0
DA:458,0
DA:465,0
DA:470,0
DA:471,0
DA:472,0
DA:473,0
DA:478,0
DA:485,0
DA:491,0
DA:498,0
DA:502,0
DA:511,0
DA:512,0
DA:520,0
DA:525,0
DA:531,0
DA:536,0
DA:537,0
DA:538,0
DA:540,0
DA:541,0
DA:543,0
DA:544,0
DA:545,0
DA:553,0
DA:557,0
DA:566,0
DA:567,0
DA:573,0
DA:577,0
DA:583,0
DA:589,0
DA:598,0
DA:600,0
DA:603,0
DA:606,0
DA:609,0
DA:610,0
DA:613,0
DA:621,0
DA:625,0
DA:634,0
DA:636,0
DA:637,0
DA:648,0
DA:650,0
DA:653,0
DA:657,0
LF:146
LH:0
BRDA:32,0,0,0
BRDA:32,0,1,0
BRDA:33,1,0,0
BRDA:33,1,1,0
BRDA:40,2,0,0
BRDA:40,2,1,0
BRDA:112,3,0,0
BRDA:112,3,1,0
BRDA:240,4,0,0
BRDA:240,4,1,0
BRDA:240,5,0,0
BRDA:240,5,1,0
BRDA:246,6,0,0
BRDA:246,6,1,0
BRDA:247,7,0,0
BRDA:247,7,1,0
BRDA:254,8,0,0
BRDA:254,8,1,0
BRDA:255,9,0,0
BRDA:255,9,1,0
BRDA:293,10,0,0
BRDA:293,10,1,0
BRDA:344,11,0,0
BRDA:344,11,1,0
BRDA:345,12,0,0
BRDA:345,12,1,0
BRDA:378,13,0,0
BRDA:378,13,1,0
BRDA:416,14,0,0
BRDA:416,14,1,0
BRDA:417,15,0,0
BRDA:417,15,1,0
BRDA:449,16,0,0
BRDA:449,16,1,0
BRDA:449,17,0,0
BRDA:449,17,1,0
BRDA:522,18,0,0
BRDA:522,18,1,0
BRDA:536,19,0,0
BRDA:536,19,1,0
BRDA:600,20,0,0
BRDA:600,20,1,0
BRDA:603,21,0,0
BRDA:603,21,1,0
BRDA:606,22,0,0
BRDA:606,22,1,0
BRDA:609,23,0,0
BRDA:609,23,1,0
BRDA:610,24,0,0
BRDA:610,24,1,0
BRDA:634,25,0,0
BRDA:634,25,1,0
BRDA:634,26,0,0
BRDA:634,26,1,0
BRDA:638,27,0,0
BRDA:638,27,1,0
BRDA:639,28,0,0
BRDA:639,28,1,0
BRDA:640,29,0,0
BRDA:640,29,1,0
BRDA:641,30,0,0
BRDA:641,30,1,0
BRDA:642,31,0,0
BRDA:642,31,1,0
BRDA:643,32,0,0
BRDA:643,32,1,0
BRDA:644,33,0,0
BRDA:644,33,1,0
BRDA:645,34,0,0
BRDA:645,34,1,0
BRF:70
BRH:0
end_of_record
TN:
SF:modules/core-business/client-management/routes/client-contact-routes.js
FNF:0
FNH:0
DA:7,0
DA:8,0
DA:9,0
DA:12,0
DA:13,0
DA:14,0
DA:15,0
DA:18,0
DA:25,0
DA:37,0
DA:49,0
DA:61,0
DA:73,0
DA:85,0
DA:97,0
DA:109,0
DA:121,0
DA:133,0
DA:145,0
DA:152,0
LF:20
LH:0
BRF:0
BRH:0
end_of_record
TN:
SF:modules/core-business/client-management/routes/client-document-routes.js
FNF:0
FNH:0
DA:7,0
DA:8,0
DA:9,0
DA:12,0
DA:13,0
DA:14,0
DA:15,0
DA:18,0
DA:25,0
DA:37,0
DA:49,0
DA:61,0
DA:75,0
DA:87,0
DA:99,0
DA:111,0
DA:123,0
DA:135,0
DA:147,0
DA:159,0
DA:166,0
LF:21
LH:0
BRF:0
BRH:0
end_of_record
TN:
SF:modules/core-business/client-management/routes/client-note-routes.js
FNF:0
FNH:0
DA:7,0
DA:8,0
DA:9,0
DA:12,0
DA:13,0
DA:14,0
DA:15,0
DA:18,0
DA:25,0
DA:37,0
DA:49,0
DA:61,0
DA:73,0
DA:85,0
DA:97,0
DA:109,0
DA:121,0
DA:133,0
DA:145,0
DA:157,0
DA:169,0
DA:181,0
DA:188,0
LF:23
LH:0
BRF:0
BRH:0
end_of_record
TN:
SF:modules/core-business/client-management/routes/client-routes.js
FNF:0
FNH:0
DA:7,0
DA:8,0
DA:9,0
DA:12,0
DA:13,0
DA:14,0
DA:15,0
DA:18,0
DA:25,0
DA:37,0
DA:49,0
DA:61,0
DA:73,0
DA:85,0
DA:97,0
DA:109,0
DA:121,0
DA:133,0
DA:145,0
DA:157,0
DA:164,0
LF:21
LH:0
BRF:0
BRH:0
end_of_record
TN:
SF:modules/core-business/client-management/routes/index.js
FN:81,(anonymous_0)
FN:99,(anonymous_1)
FNF:2
FNH:0
FNDA:0,(anonymous_0)
FNDA:0,(anonymous_1)
DA:7,0
DA:8,0
DA:11,0
DA:12,0
DA:13,0
DA:14,0
DA:17,0
DA:18,0
DA:19,0
DA:22,0
DA:23,0
DA:24,0
DA:29,0
DA:30,0
DA:31,0
DA:32,0
DA:40,0
DA:47,0
DA:59,0
DA:71,0
DA:81,0
DA:82,0
DA:99,0
DA:100,0
DA:178,0
LF:25
LH:0
BRF:0
BRH:0
end_of_record
TN:
SF:modules/core-business/client-management/services/client-contact-service.js
FN:50,(anonymous_0)
FN:71,(anonymous_1)
FN:86,(anonymous_2)
FN:164,(anonymous_3)
FN:214,(anonymous_4)
FN:250,(anonymous_5)
FN:268,(anonymous_6)
FN:330,(anonymous_7)
FN:395,(anonymous_8)
FN:463,(anonymous_9)
FN:490,(anonymous_10)
FN:556,(anonymous_11)
FN:604,(anonymous_12)
FN:631,(anonymous_13)
FN:652,(anonymous_14)
FN:675,(anonymous_15)
FN:703,(anonymous_16)
FN:726,(anonymous_17)
FN:751,(anonymous_18)
FN:773,(anonymous_19)
FN:792,(anonymous_20)
FNF:21
FNH:0
FNDA:0,(anonymous_0)
FNDA:0,(anonymous_1)
FNDA:0,(anonymous_2)
FNDA:0,(anonymous_3)
FNDA:0,(anonymous_4)
FNDA:0,(anonymous_5)
FNDA:0,(anonymous_6)
FNDA:0,(anonymous_7)
FNDA:0,(anonymous_8)
FNDA:0,(anonymous_9)
FNDA:0,(anonymous_10)
FNDA:0,(anonymous_11)
FNDA:0,(anonymous_12)
FNDA:0,(anonymous_13)
FNDA:0,(anonymous_14)
FNDA:0,(anonymous_15)
FNDA:0,(anonymous_16)
FNDA:0,(anonymous_17)
FNDA:0,(anonymous_18)
FNDA:0,(anonymous_19)
FNDA:0,(anonymous_20)
DA:7,0
DA:8,0
DA:11,0
DA:12,0
DA:15,0
DA:18,0
DA:19,0
DA:24,0
DA:38,0
DA:51,0
DA:52,0
DA:53,0
DA:56,0
DA:72,0
DA:73,0
DA:75,0
DA:87,0
DA:88,0
DA:94,0
DA:97,0
DA:100,0
DA:103,0
DA:106,0
DA:107,0
DA:111,0
DA:112,0
DA:113,0
DA:116,0
DA:124,0
DA:130,0
DA:131,0
DA:134,0
DA:135,0
DA:137,0
DA:144,0
DA:146,0
DA:149,0
DA:154,0
DA:165,0
DA:166,0
DA:168,0
DA:169,0
DA:173,0
DA:174,0
DA:176,0
DA:180,0
DA:181,0
DA:184,0
DA:186,0
DA:187,0
DA:193,0
DA:194,0
DA:197,0
DA:200,0
DA:204,0
DA:215,0
DA:216,0
DA:218,0
DA:219,0
DA:221,0
DA:227,0
DA:228,0
DA:232,0
DA:233,0
DA:236,0
DA:239,0
DA:240,0
DA:241,0
DA:243,0
DA:245,0
DA:250,0
DA:253,0
DA:257,0
DA:269,0
DA:270,0
DA:276,0
DA:279,0
DA:281,0
DA:282,0
DA:285,0
DA:292,0
DA:298,0
DA:299,0
DA:302,0
DA:308,0
DA:313,0
DA:316,0
DA:320,0
DA:331,0
DA:332,0
DA:334,0
DA:336,0
DA:337,0
DA:341,0
DA:343,0
DA:357,0
DA:358,0
DA:360,0
DA:363,0
DA:369,0
DA:374,0
DA:381,0
DA:385,0
DA:396,0
DA:397,0
DA:399,0
DA:400,0
DA:403,0
DA:409,0
DA:410,0
DA:413,0
DA:414,0
DA:417,0
DA:418,0
DA:421,0
DA:422,0
DA:425,0
DA:426,0
DA:435,0
DA:436,0
DA:437,0
DA:440,0
DA:441,0
DA:442,0
DA:445,0
DA:456,0
DA:462,0
DA:463,0
DA:475,0
DA:479,0
DA:491,0
DA:492,0
DA:497,0
DA:499,0
DA:500,0
DA:503,0
DA:516,0
DA:531,0
DA:534,0
DA:539,0
DA:542,0
DA:546,0
DA:557,0
DA:560,0
DA:561,0
DA:564,0
DA:565,0
DA:568,0
DA:569,0
DA:573,0
DA:574,0
DA:575,0
DA:577,0
DA:578,0
DA:582,0
DA:583,0
DA:584,0
DA:589,0
DA:590,0
DA:591,0
DA:595,0
DA:596,0
DA:605,0
DA:608,0
DA:609,0
DA:610,0
DA:611,0
DA:616,0
DA:617,0
DA:618,0
DA:622,0
DA:623,0
DA:632,0
DA:633,0
DA:635,0
DA:637,0
DA:638,0
DA:643,0
DA:644,0
DA:653,0
DA:654,0
DA:656,0
DA:661,0
DA:662,0
DA:676,0
DA:677,0
DA:679,0
DA:680,0
DA:686,0
DA:687,0
DA:704,0
DA:705,0
DA:706,0
DA:708,0
DA:711,0
DA:712,0
DA:713,0
DA:715,0
DA:716,0
DA:719,0
DA:727,0
DA:729,0
DA:730,0
DA:734,0
DA:740,0
DA:752,0
DA:753,0
DA:754,0
DA:765,0
DA:774,0
DA:775,0
DA:776,0
DA:784,0
DA:793,0
DA:795,0
DA:798,0
DA:799,0
DA:800,0
DA:801,0
DA:803,0
DA:807,0
LF:221
LH:0
BRDA:57,0,0,0
BRDA:57,0,1,0
BRDA:58,1,0,0
BRDA:58,1,1,0
BRDA:60,2,0,0
BRDA:60,2,1,0
BRDA:72,3,0,0
BRDA:72,3,1,0
BRDA:86,4,0,0
BRDA:106,5,0,0
BRDA:106,5,1,0
BRDA:106,6,0,0
BRDA:106,6,1,0
BRDA:111,7,0,0
BRDA:111,7,1,0
BRDA:112,8,0,0
BRDA:112,8,1,0
BRDA:113,9,0,0
BRDA:113,9,1,0
BRDA:127,10,0,0
BRDA:127,10,1,0
BRDA:164,11,0,0
BRDA:173,12,0,0
BRDA:173,12,1,0
BRDA:180,13,0,0
BRDA:180,13,1,0
BRDA:186,14,0,0
BRDA:186,14,1,0
BRDA:193,15,0,0
BRDA:193,15,1,0
BRDA:193,16,0,0
BRDA:193,16,1,0
BRDA:214,17,0,0
BRDA:223,18,0,0
BRDA:223,18,1,0
BRDA:227,19,0,0
BRDA:227,19,1,0
BRDA:232,20,0,0
BRDA:232,20,1,0
BRDA:239,21,0,0
BRDA:239,21,1,0
BRDA:240,22,0,0
BRDA:240,22,1,0
BRDA:268,23,0,0
BRDA:298,24,0,0
BRDA:298,24,1,0
BRDA:330,25,0,0
BRDA:341,26,0,0
BRDA:341,26,1,0
BRDA:357,27,0,0
BRDA:357,27,1,0
BRDA:377,28,0,0
BRDA:377,28,1,0
BRDA:395,29,0,0
BRDA:395,30,0,0
BRDA:404,31,0,0
BRDA:404,31,1,0
BRDA:409,32,0,0
BRDA:409,32,1,0
BRDA:413,33,0,0
BRDA:413,33,1,0
BRDA:417,34,0,0
BRDA:417,34,1,0
BRDA:421,35,0,0
BRDA:421,35,1,0
BRDA:425,36,0,0
BRDA:425,36,1,0
BRDA:435,37,0,0
BRDA:435,37,1,0
BRDA:436,38,0,0
BRDA:436,38,1,0
BRDA:440,39,0,0
BRDA:440,39,1,0
BRDA:441,40,0,0
BRDA:441,40,1,0
BRDA:490,41,0,0
BRDA:525,42,0,0
BRDA:525,42,1,0
BRDA:560,43,0,0
BRDA:560,43,1,0
BRDA:564,44,0,0
BRDA:564,44,1,0
BRDA:568,45,0,0
BRDA:568,45,1,0
BRDA:573,46,0,0
BRDA:573,46,1,0
BRDA:574,47,0,0
BRDA:574,47,1,0
BRDA:577,48,0,0
BRDA:577,48,1,0
BRDA:582,49,0,0
BRDA:582,49,1,0
BRDA:583,50,0,0
BRDA:583,50,1,0
BRDA:589,51,0,0
BRDA:589,51,1,0
BRDA:590,52,0,0
BRDA:590,52,1,0
BRDA:595,53,0,0
BRDA:595,53,1,0
BRDA:610,54,0,0
BRDA:610,54,1,0
BRDA:616,55,0,0
BRDA:616,55,1,0
BRDA:617,56,0,0
BRDA:617,56,1,0
BRDA:622,57,0,0
BRDA:622,57,1,0
BRDA:637,58,0,0
BRDA:637,58,1,0
BRDA:643,59,0,0
BRDA:643,59,1,0
BRDA:643,60,0,0
BRDA:643,60,1,0
BRDA:661,61,0,0
BRDA:661,61,1,0
BRDA:679,62,0,0
BRDA:679,62,1,0
BRDA:686,63,0,0
BRDA:686,63,1,0
BRDA:715,64,0,0
BRDA:715,64,1,0
BRDA:729,65,0,0
BRDA:729,65,1,0
BRDA:729,66,0,0
BRDA:729,66,1,0
BRDA:736,67,0,0
BRDA:736,67,1,0
BRDA:753,68,0,0
BRDA:753,68,1,0
BRDA:775,69,0,0
BRDA:775,69,1,0
BRDA:778,70,0,0
BRDA:778,70,1,0
BRDA:793,71,0,0
BRDA:793,71,1,0
BRDA:795,72,0,0
BRDA:795,72,1,0
BRF:138
BRH:0
end_of_record
TN:
SF:modules/core-business/client-management/services/client-document-service.js
FN:67,(anonymous_0)
FN:90,(anonymous_1)
FN:105,(anonymous_2)
FN:200,(anonymous_3)
FN:258,(anonymous_4)
FN:308,(anonymous_5)
FN:326,(anonymous_6)
FN:401,(anonymous_7)
FN:469,(anonymous_8)
FN:544,(anonymous_9)
FN:571,(anonymous_10)
FN:629,(anonymous_11)
FN:658,(anonymous_12)
FN:678,(anonymous_13)
FN:693,(anonymous_14)
FN:708,(anonymous_15)
FN:729,(anonymous_16)
FN:754,(anonymous_17)
FN:777,(anonymous_18)
FN:789,(anonymous_19)
FN:810,(anonymous_20)
FN:830,(anonymous_21)
FN:854,(anonymous_22)
FN:873,(anonymous_23)
FNF:24
FNH:0
FNDA:0,(anonymous_0)
FNDA:0,(anonymous_1)
FNDA:0,(anonymous_2)
FNDA:0,(anonymous_3)
FNDA:0,(anonymous_4)
FNDA:0,(anonymous_5)
FNDA:0,(anonymous_6)
FNDA:0,(anonymous_7)
FNDA:0,(anonymous_8)
FNDA:0,(anonymous_9)
FNDA:0,(anonymous_10)
FNDA:0,(anonymous_11)
FNDA:0,(anonymous_12)
FNDA:0,(anonymous_13)
FNDA:0,(anonymous_14)
FNDA:0,(anonymous_15)
FNDA:0,(anonymous_16)
FNDA:0,(anonymous_17)
FNDA:0,(anonymous_18)
FNDA:0,(anonymous_19)
FNDA:0,(anonymous_20)
FNDA:0,(anonymous_21)
FNDA:0,(anonymous_22)
FNDA:0,(anonymous_23)
DA:7,0
DA:8,0
DA:11,0
DA:12,0
DA:13,0
DA:16,0
DA:19,0
DA:20,0
DA:25,0
DA:41,0
DA:54,0
DA:68,0
DA:69,0
DA:70,0
DA:73,0
DA:91,0
DA:92,0
DA:94,0
DA:106,0
DA:107,0
DA:114,0
DA:117,0
DA:120,0
DA:121,0
DA:125,0
DA:126,0
DA:130,0
DA:131,0
DA:135,0
DA:136,0
DA:137,0
DA:140,0
DA:141,0
DA:150,0
DA:151,0
DA:159,0
DA:166,0
DA:167,0
DA:170,0
DA:171,0
DA:173,0
DA:180,0
DA:182,0
DA:185,0
DA:190,0
DA:201,0
DA:202,0
DA:204,0
DA:205,0
DA:209,0
DA:210,0
DA:212,0
DA:216,0
DA:217,0
DA:220,0
DA:222,0
DA:223,0
DA:229,0
DA:230,0
DA:234,0
DA:235,0
DA:239,0
DA:241,0
DA:244,0
DA:248,0
DA:259,0
DA:260,0
DA:262,0
DA:263,0
DA:265,0
DA:272,0
DA:273,0
DA:277,0
DA:278,0
DA:282,0
DA:283,0
DA:286,0
DA:289,0
DA:290,0
DA:291,0
DA:294,0
DA:295,0
DA:296,0
DA:297,0
DA:298,0
DA:301,0
DA:303,0
DA:308,0
DA:311,0
DA:315,0
DA:327,0
DA:328,0
DA:334,0
DA:337,0
DA:342,0
DA:343,0
DA:346,0
DA:353,0
DA:354,0
DA:355,0
DA:358,0
DA:362,0
DA:368,0
DA:369,0
DA:372,0
DA:378,0
DA:384,0
DA:387,0
DA:391,0
DA:402,0
DA:403,0
DA:405,0
DA:410,0
DA:411,0
DA:415,0
DA:417,0
DA:431,0
DA:432,0
DA:434,0
DA:437,0
DA:443,0
DA:448,0
DA:455,0
DA:459,0
DA:470,0
DA:471,0
DA:473,0
DA:474,0
DA:477,0
DA:483,0
DA:484,0
DA:487,0
DA:488,0
DA:491,0
DA:492,0
DA:495,0
DA:496,0
DA:499,0
DA:500,0
DA:508,0
DA:509,0
DA:510,0
DA:511,0
DA:515,0
DA:516,0
DA:517,0
DA:520,0
DA:521,0
DA:522,0
DA:525,0
DA:537,0
DA:543,0
DA:544,0
DA:556,0
DA:560,0
DA:572,0
DA:573,0
DA:578,0
DA:583,0
DA:584,0
DA:587,0
DA:599,0
DA:602,0
DA:608,0
DA:609,0
DA:612,0
DA:615,0
DA:619,0
DA:630,0
DA:633,0
DA:634,0
DA:637,0
DA:638,0
DA:641,0
DA:642,0
DA:645,0
DA:646,0
DA:649,0
DA:650,0
DA:659,0
DA:662,0
DA:663,0
DA:664,0
DA:665,0
DA:669,0
DA:670,0
DA:679,0
DA:680,0
DA:681,0
DA:694,0
DA:695,0
DA:709,0
DA:710,0
DA:712,0
DA:714,0
DA:715,0
DA:720,0
DA:721,0
DA:731,0
DA:732,0
DA:736,0
DA:737,0
DA:741,0
DA:742,0
DA:745,0
DA:755,0
DA:756,0
DA:757,0
DA:759,0
DA:762,0
DA:763,0
DA:764,0
DA:766,0
DA:767,0
DA:770,0
DA:778,0
DA:790,0
DA:791,0
DA:792,0
DA:794,0
DA:802,0
DA:811,0
DA:813,0
DA:819,0
DA:831,0
DA:832,0
DA:833,0
DA:834,0
DA:846,0
DA:855,0
DA:856,0
DA:857,0
DA:865,0
DA:874,0
DA:876,0
DA:879,0
DA:880,0
DA:881,0
DA:882,0
DA:883,0
DA:885,0
DA:889,0
LF:242
LH:0
BRDA:74,0,0,0
BRDA:74,0,1,0
BRDA:75,1,0,0
BRDA:75,1,1,0
BRDA:77,2,0,0
BRDA:77,2,1,0
BRDA:79,3,0,0
BRDA:79,3,1,0
BRDA:81,4,0,0
BRDA:81,4,1,0
BRDA:91,5,0,0
BRDA:91,5,1,0
BRDA:105,6,0,0
BRDA:120,7,0,0
BRDA:120,7,1,0
BRDA:125,8,0,0
BRDA:125,8,1,0
BRDA:130,9,0,0
BRDA:130,9,1,0
BRDA:130,10,0,0
BRDA:130,10,1,0
BRDA:135,11,0,0
BRDA:135,11,1,0
BRDA:136,12,0,0
BRDA:136,12,1,0
BRDA:137,13,0,0
BRDA:137,13,1,0
BRDA:140,14,0,0
BRDA:140,14,1,0
BRDA:150,15,0,0
BRDA:150,15,1,0
BRDA:162,16,0,0
BRDA:162,16,1,0
BRDA:163,17,0,0
BRDA:163,17,1,0
BRDA:200,18,0,0
BRDA:209,19,0,0
BRDA:209,19,1,0
BRDA:216,20,0,0
BRDA:216,20,1,0
BRDA:222,21,0,0
BRDA:222,21,1,0
BRDA:229,22,0,0
BRDA:229,22,1,0
BRDA:229,23,0,0
BRDA:229,23,1,0
BRDA:234,24,0,0
BRDA:234,24,1,0
BRDA:234,25,0,0
BRDA:234,25,1,0
BRDA:258,26,0,0
BRDA:267,27,0,0
BRDA:267,27,1,0
BRDA:272,28,0,0
BRDA:272,28,1,0
BRDA:277,29,0,0
BRDA:277,29,1,0
BRDA:282,30,0,0
BRDA:282,30,1,0
BRDA:289,31,0,0
BRDA:289,31,1,0
BRDA:290,32,0,0
BRDA:290,32,1,0
BRDA:294,33,0,0
BRDA:294,33,1,0
BRDA:295,34,0,0
BRDA:295,34,1,0
BRDA:326,35,0,0
BRDA:353,36,0,0
BRDA:353,36,1,0
BRDA:353,37,0,0
BRDA:353,37,1,0
BRDA:368,38,0,0
BRDA:368,38,1,0
BRDA:401,39,0,0
BRDA:415,40,0,0
BRDA:415,40,1,0
BRDA:431,41,0,0
BRDA:431,41,1,0
BRDA:451,42,0,0
BRDA:451,42,1,0
BRDA:469,43,0,0
BRDA:469,44,0,0
BRDA:478,45,0,0
BRDA:478,45,1,0
BRDA:483,46,0,0
BRDA:483,46,1,0
BRDA:487,47,0,0
BRDA:487,47,1,0
BRDA:491,48,0,0
BRDA:491,48,1,0
BRDA:495,49,0,0
BRDA:495,49,1,0
BRDA:499,50,0,0
BRDA:499,50,1,0
BRDA:508,51,0,0
BRDA:508,51,1,0
BRDA:508,52,0,0
BRDA:508,52,1,0
BRDA:510,53,0,0
BRDA:510,53,1,0
BRDA:511,54,0,0
BRDA:511,54,1,0
BRDA:515,55,0,0
BRDA:515,55,1,0
BRDA:516,56,0,0
BRDA:516,56,1,0
BRDA:520,57,0,0
BRDA:520,57,1,0
BRDA:521,58,0,0
BRDA:521,58,1,0
BRDA:571,59,0,0
BRDA:608,60,0,0
BRDA:608,60,1,0
BRDA:633,61,0,0
BRDA:633,61,1,0
BRDA:637,62,0,0
BRDA:637,62,1,0
BRDA:641,63,0,0
BRDA:641,63,1,0
BRDA:641,64,0,0
BRDA:641,64,1,0
BRDA:645,65,0,0
BRDA:645,65,1,0
BRDA:649,66,0,0
BRDA:649,66,1,0
BRDA:664,67,0,0
BRDA:664,67,1,0
BRDA:669,68,0,0
BRDA:669,68,1,0
BRDA:680,69,0,0
BRDA:680,69,1,0
BRDA:694,70,0,0
BRDA:694,70,1,0
BRDA:714,71,0,0
BRDA:714,71,1,0
BRDA:720,72,0,0
BRDA:720,72,1,0
BRDA:720,73,0,0
BRDA:720,73,1,0
BRDA:731,74,0,0
BRDA:731,74,1,0
BRDA:736,75,0,0
BRDA:736,75,1,0
BRDA:736,76,0,0
BRDA:736,76,1,0
BRDA:741,77,0,0
BRDA:741,77,1,0
BRDA:741,78,0,0
BRDA:741,78,1,0
BRDA:766,79,0,0
BRDA:766,79,1,0
BRDA:815,80,0,0
BRDA:815,80,1,0
BRDA:832,81,0,0
BRDA:832,81,1,0
BRDA:856,82,0,0
BRDA:856,82,1,0
BRDA:859,83,0,0
BRDA:859,83,1,0
BRDA:874,84,0,0
BRDA:874,84,1,0
BRDA:876,85,0,0
BRDA:876,85,1,0
BRF:164
BRH:0
end_of_record
TN:
SF:modules/core-business/client-management/services/client-note-service.js
FN:78,(anonymous_0)
FN:100,(anonymous_1)
FN:115,(anonymous_2)
FN:212,(anonymous_3)
FN:270,(anonymous_4)
FN:332,(anonymous_5)
FN:350,(anonymous_6)
FN:428,(anonymous_7)
FN:495,(anonymous_8)
FN:578,(anonymous_9)
FN:605,(anonymous_10)
FN:656,(anonymous_11)
FN:685,(anonymous_12)
FN:713,(anonymous_13)
FN:734,(anonymous_14)
FN:757,(anonymous_15)
FN:778,(anonymous_16)
FN:801,(anonymous_17)
FN:810,(anonymous_18)
FN:820,(anonymous_19)
FN:833,(anonymous_20)
FN:845,(anonymous_21)
FN:866,(anonymous_22)
FN:891,(anonymous_23)
FN:915,(anonymous_24)
FN:934,(anonymous_25)
FNF:26
FNH:0
FNDA:0,(anonymous_0)
FNDA:0,(anonymous_1)
FNDA:0,(anonymous_2)
FNDA:0,(anonymous_3)
FNDA:0,(anonymous_4)
FNDA:0,(anonymous_5)
FNDA:0,(anonymous_6)
FNDA:0,(anonymous_7)
FNDA:0,(anonymous_8)
FNDA:0,(anonymous_9)
FNDA:0,(anonymous_10)
FNDA:0,(anonymous_11)
FNDA:0,(anonymous_12)
FNDA:0,(anonymous_13)
FNDA:0,(anonymous_14)
FNDA:0,(anonymous_15)
FNDA:0,(anonymous_16)
FNDA:0,(anonymous_17)
FNDA:0,(anonymous_18)
FNDA:0,(anonymous_19)
FNDA:0,(anonymous_20)
FNDA:0,(anonymous_21)
FNDA:0,(anonymous_22)
FNDA:0,(anonymous_23)
FNDA:0,(anonymous_24)
FNDA:0,(anonymous_25)
DA:7,0
DA:8,0
DA:11,0
DA:12,0
DA:15,0
DA:18,0
DA:19,0
DA:24,0
DA:40,0
DA:54,0
DA:65,0
DA:79,0
DA:80,0
DA:81,0
DA:84,0
DA:101,0
DA:102,0
DA:104,0
DA:116,0
DA:117,0
DA:124,0
DA:127,0
DA:130,0
DA:133,0
DA:134,0
DA:138,0
DA:139,0
DA:140,0
DA:141,0
DA:142,0
DA:143,0
DA:146,0
DA:147,0
DA:148,0
DA:149,0
DA:153,0
DA:154,0
DA:158,0
DA:159,0
DA:163,0
DA:171,0
DA:178,0
DA:179,0
DA:182,0
DA:183,0
DA:185,0
DA:192,0
DA:194,0
DA:197,0
DA:202,0
DA:213,0
DA:214,0
DA:216,0
DA:217,0
DA:221,0
DA:222,0
DA:224,0
DA:228,0
DA:229,0
DA:232,0
DA:234,0
DA:235,0
DA:241,0
DA:242,0
DA:246,0
DA:247,0
DA:251,0
DA:253,0
DA:256,0
DA:260,0
DA:271,0
DA:272,0
DA:274,0
DA:275,0
DA:277,0
DA:284,0
DA:285,0
DA:289,0
DA:290,0
DA:294,0
DA:295,0
DA:299,0
DA:300,0
DA:304,0
DA:305,0
DA:306,0
DA:307,0
DA:310,0
DA:313,0
DA:314,0
DA:315,0
DA:318,0
DA:319,0
DA:320,0
DA:321,0
DA:322,0
DA:325,0
DA:327,0
DA:332,0
DA:335,0
DA:339,0
DA:351,0
DA:352,0
DA:358,0
DA:361,0
DA:366,0
DA:367,0
DA:370,0
DA:371,0
DA:375,0
DA:383,0
DA:384,0
DA:385,0
DA:386,0
DA:390,0
DA:396,0
DA:397,0
DA:400,0
DA:406,0
DA:411,0
DA:414,0
DA:418,0
DA:429,0
DA:430,0
DA:432,0
DA:437,0
DA:438,0
DA:442,0
DA:444,0
DA:457,0
DA:458,0
DA:460,0
DA:463,0
DA:469,0
DA:474,0
DA:481,0
DA:485,0
DA:496,0
DA:497,0
DA:499,0
DA:500,0
DA:503,0
DA:509,0
DA:510,0
DA:513,0
DA:514,0
DA:517,0
DA:518,0
DA:521,0
DA:522,0
DA:525,0
DA:526,0
DA:529,0
DA:530,0
DA:533,0
DA:534,0
DA:542,0
DA:543,0
DA:544,0
DA:545,0
DA:549,0
DA:550,0
DA:551,0
DA:554,0
DA:555,0
DA:556,0
DA:559,0
DA:571,0
DA:577,0
DA:578,0
DA:590,0
DA:594,0
DA:606,0
DA:607,0
DA:609,0
DA:614,0
DA:615,0
DA:618,0
DA:628,0
DA:637,0
DA:639,0
DA:642,0
DA:646,0
DA:657,0
DA:660,0
DA:661,0
DA:664,0
DA:665,0
DA:669,0
DA:670,0
DA:676,0
DA:677,0
DA:686,0
DA:689,0
DA:690,0
DA:691,0
DA:692,0
DA:697,0
DA:698,0
DA:704,0
DA:705,0
DA:714,0
DA:715,0
DA:717,0
DA:719,0
DA:720,0
DA:725,0
DA:726,0
DA:735,0
DA:736,0
DA:738,0
DA:743,0
DA:744,0
DA:759,0
DA:760,0
DA:764,0
DA:765,0
DA:769,0
DA:779,0
DA:780,0
DA:781,0
DA:783,0
DA:786,0
DA:787,0
DA:788,0
DA:790,0
DA:791,0
DA:794,0
DA:802,0
DA:803,0
DA:813,0
DA:822,0
DA:834,0
DA:846,0
DA:847,0
DA:848,0
DA:850,0
DA:858,0
DA:867,0
DA:869,0
DA:875,0
DA:876,0
DA:880,0
DA:892,0
DA:893,0
DA:894,0
DA:895,0
DA:907,0
DA:916,0
DA:917,0
DA:918,0
DA:926,0
DA:935,0
DA:937,0
DA:940,0
DA:941,0
DA:942,0
DA:944,0
DA:948,0
LF:259
LH:0
BRDA:85,0,0,0
BRDA:85,0,1,0
BRDA:87,1,0,0
BRDA:87,1,1,0
BRDA:88,2,0,0
BRDA:88,2,1,0
BRDA:101,3,0,0
BRDA:101,3,1,0
BRDA:115,4,0,0
BRDA:133,5,0,0
BRDA:133,5,1,0
BRDA:133,6,0,0
BRDA:133,6,1,0
BRDA:138,7,0,0
BRDA:138,7,1,0
BRDA:139,8,0,0
BRDA:139,8,1,0
BRDA:140,9,0,0
BRDA:140,9,1,0
BRDA:141,10,0,0
BRDA:141,10,1,0
BRDA:142,11,0,0
BRDA:142,11,1,0
BRDA:143,12,0,0
BRDA:143,12,1,0
BRDA:146,13,0,0
BRDA:146,13,1,0
BRDA:153,14,0,0
BRDA:153,14,1,0
BRDA:153,15,0,0
BRDA:153,15,1,0
BRDA:158,16,0,0
BRDA:158,16,1,0
BRDA:158,17,0,0
BRDA:158,17,1,0
BRDA:167,18,0,0
BRDA:167,18,1,0
BRDA:212,19,0,0
BRDA:221,20,0,0
BRDA:221,20,1,0
BRDA:228,21,0,0
BRDA:228,21,1,0
BRDA:234,22,0,0
BRDA:234,22,1,0
BRDA:241,23,0,0
BRDA:241,23,1,0
BRDA:241,24,0,0
BRDA:241,24,1,0
BRDA:246,25,0,0
BRDA:246,25,1,0
BRDA:246,26,0,0
BRDA:246,26,1,0
BRDA:270,27,0,0
BRDA:279,28,0,0
BRDA:279,28,1,0
BRDA:284,29,0,0
BRDA:284,29,1,0
BRDA:289,30,0,0
BRDA:289,30,1,0
BRDA:294,31,0,0
BRDA:294,31,1,0
BRDA:299,32,0,0
BRDA:299,32,1,0
BRDA:300,33,0,0
BRDA:300,33,1,0
BRDA:304,34,0,0
BRDA:304,34,1,0
BRDA:304,35,0,0
BRDA:304,35,1,0
BRDA:306,36,0,0
BRDA:306,36,1,0
BRDA:307,37,0,0
BRDA:307,37,1,0
BRDA:313,38,0,0
BRDA:313,38,1,0
BRDA:314,39,0,0
BRDA:314,39,1,0
BRDA:318,40,0,0
BRDA:318,40,1,0
BRDA:319,41,0,0
BRDA:319,41,1,0
BRDA:350,42,0,0
BRDA:370,43,0,0
BRDA:370,43,1,0
BRDA:370,44,0,0
BRDA:370,44,1,0
BRDA:383,45,0,0
BRDA:383,45,1,0
BRDA:396,46,0,0
BRDA:396,46,1,0
BRDA:428,47,0,0
BRDA:442,48,0,0
BRDA:442,48,1,0
BRDA:457,49,0,0
BRDA:457,49,1,0
BRDA:477,50,0,0
BRDA:477,50,1,0
BRDA:495,51,0,0
BRDA:495,52,0,0
BRDA:504,53,0,0
BRDA:504,53,1,0
BRDA:509,54,0,0
BRDA:509,54,1,0
BRDA:513,55,0,0
BRDA:513,55,1,0
BRDA:517,56,0,0
BRDA:517,56,1,0
BRDA:521,57,0,0
BRDA:521,57,1,0
BRDA:525,58,0,0
BRDA:525,58,1,0
BRDA:529,59,0,0
BRDA:529,59,1,0
BRDA:530,60,0,0
BRDA:530,60,1,0
BRDA:533,61,0,0
BRDA:533,61,1,0
BRDA:542,62,0,0
BRDA:542,62,1,0
BRDA:542,63,0,0
BRDA:542,63,1,0
BRDA:544,64,0,0
BRDA:544,64,1,0
BRDA:545,65,0,0
BRDA:545,65,1,0
BRDA:549,66,0,0
BRDA:549,66,1,0
BRDA:550,67,0,0
BRDA:550,67,1,0
BRDA:554,68,0,0
BRDA:554,68,1,0
BRDA:555,69,0,0
BRDA:555,69,1,0
BRDA:605,70,0,0
BRDA:660,71,0,0
BRDA:660,71,1,0
BRDA:664,72,0,0
BRDA:664,72,1,0
BRDA:669,73,0,0
BRDA:669,73,1,0
BRDA:669,74,0,0
BRDA:669,74,1,0
BRDA:676,75,0,0
BRDA:676,75,1,0
BRDA:691,76,0,0
BRDA:691,76,1,0
BRDA:697,77,0,0
BRDA:697,77,1,0
BRDA:697,78,0,0
BRDA:697,78,1,0
BRDA:704,79,0,0
BRDA:704,79,1,0
BRDA:719,80,0,0
BRDA:719,80,1,0
BRDA:725,81,0,0
BRDA:725,81,1,0
BRDA:725,82,0,0
BRDA:725,82,1,0
BRDA:743,83,0,0
BRDA:743,83,1,0
BRDA:759,84,0,0
BRDA:759,84,1,0
BRDA:760,85,0,0
BRDA:760,85,1,0
BRDA:764,86,0,0
BRDA:764,86,1,0
BRDA:790,87,0,0
BRDA:790,87,1,0
BRDA:802,88,0,0
BRDA:802,88,1,0
BRDA:871,89,0,0
BRDA:871,89,1,0
BRDA:875,90,0,0
BRDA:875,90,1,0
BRDA:875,91,0,0
BRDA:875,91,1,0
BRDA:893,92,0,0
BRDA:893,92,1,0
BRDA:917,93,0,0
BRDA:917,93,1,0
BRDA:920,94,0,0
BRDA:920,94,1,0
BRDA:935,95,0,0
BRDA:935,95,1,0
BRDA:937,96,0,0
BRDA:937,96,1,0
BRF:186
BRH:0
end_of_record
TN:
SF:modules/core-business/client-management/services/client-service.js
FN:49,(anonymous_0)
FN:71,(anonymous_1)
FN:86,(anonymous_2)
FN:163,(anonymous_3)
FN:214,(anonymous_4)
FN:258,(anonymous_5)
FN:327,(anonymous_6)
FN:392,(anonymous_7)
FN:465,(anonymous_8)
FN:491,(anonymous_9)
FN:602,(anonymous_10)
FN:651,(anonymous_11)
FN:678,(anonymous_12)
FN:716,(anonymous_13)
FN:740,(anonymous_14)
FN:768,(anonymous_15)
FN:789,(anonymous_16)
FN:808,(anonymous_17)
FN:821,(anonymous_18)
FN:834,(anonymous_19)
FNF:20
FNH:0
FNDA:0,(anonymous_0)
FNDA:0,(anonymous_1)
FNDA:0,(anonymous_2)
FNDA:0,(anonymous_3)
FNDA:0,(anonymous_4)
FNDA:0,(anonymous_5)
FNDA:0,(anonymous_6)
FNDA:0,(anonymous_7)
FNDA:0,(anonymous_8)
FNDA:0,(anonymous_9)
FNDA:0,(anonymous_10)
FNDA:0,(anonymous_11)
FNDA:0,(anonymous_12)
FNDA:0,(anonymous_13)
FNDA:0,(anonymous_14)
FNDA:0,(anonymous_15)
FNDA:0,(anonymous_16)
FNDA:0,(anonymous_17)
FNDA:0,(anonymous_18)
FNDA:0,(anonymous_19)
DA:7,0
DA:8,0
DA:11,0
DA:12,0
DA:15,0
DA:18,0
DA:19,0
DA:24,0
DA:36,0
DA:50,0
DA:51,0
DA:52,0
DA:55,0
DA:72,0
DA:73,0
DA:75,0
DA:87,0
DA:88,0
DA:94,0
DA:97,0
DA:100,0
DA:101,0
DA:105,0
DA:106,0
DA:109,0
DA:110,0
DA:112,0
DA:113,0
DA:114,0
DA:117,0
DA:129,0
DA:130,0
DA:133,0
DA:134,0
DA:136,0
DA:143,0
DA:145,0
DA:148,0
DA:153,0
DA:164,0
DA:165,0
DA:167,0
DA:168,0
DA:170,0
DA:173,0
DA:174,0
DA:181,0
DA:184,0
DA:186,0
DA:187,0
DA:193,0
DA:194,0
DA:197,0
DA:200,0
DA:204,0
DA:215,0
DA:216,0
DA:218,0
DA:219,0
DA:221,0
DA:226,0
DA:228,0
DA:229,0
DA:232,0
DA:234,0
DA:235,0
DA:240,0
DA:243,0
DA:247,0
DA:259,0
DA:260,0
DA:266,0
DA:269,0
DA:271,0
DA:272,0
DA:275,0
DA:278,0
DA:282,0
DA:289,0
DA:295,0
DA:296,0
DA:299,0
DA:305,0
DA:310,0
DA:313,0
DA:317,0
DA:328,0
DA:329,0
DA:331,0
DA:333,0
DA:334,0
DA:338,0
DA:340,0
DA:354,0
DA:355,0
DA:357,0
DA:360,0
DA:366,0
DA:371,0
DA:378,0
DA:382,0
DA:393,0
DA:394,0
DA:396,0
DA:397,0
DA:400,0
DA:406,0
DA:407,0
DA:410,0
DA:411,0
DA:414,0
DA:415,0
DA:418,0
DA:419,0
DA:422,0
DA:423,0
DA:430,0
DA:431,0
DA:432,0
DA:433,0
DA:437,0
DA:438,0
DA:439,0
DA:442,0
DA:443,0
DA:444,0
DA:447,0
DA:458,0
DA:464,0
DA:465,0
DA:477,0
DA:481,0
DA:492,0
DA:493,0
DA:495,0
DA:496,0
DA:498,0
DA:504,0
DA:505,0
DA:507,0
DA:508,0
DA:509,0
DA:512,0
DA:568,0
DA:570,0
DA:589,0
DA:592,0
DA:603,0
DA:606,0
DA:607,0
DA:610,0
DA:611,0
DA:615,0
DA:616,0
DA:617,0
DA:622,0
DA:623,0
DA:624,0
DA:629,0
DA:630,0
DA:631,0
DA:636,0
DA:637,0
DA:638,0
DA:642,0
DA:643,0
DA:652,0
DA:655,0
DA:656,0
DA:657,0
DA:658,0
DA:663,0
DA:664,0
DA:665,0
DA:669,0
DA:670,0
DA:679,0
DA:680,0
DA:682,0
DA:687,0
DA:688,0
DA:691,0
DA:692,0
DA:697,0
DA:698,0
DA:699,0
DA:700,0
DA:717,0
DA:718,0
DA:719,0
DA:721,0
DA:724,0
DA:725,0
DA:726,0
DA:728,0
DA:730,0
DA:733,0
DA:741,0
DA:743,0
DA:746,0
DA:752,0
DA:753,0
DA:757,0
DA:769,0
DA:770,0
DA:771,0
DA:781,0
DA:790,0
DA:791,0
DA:792,0
DA:800,0
DA:809,0
DA:811,0
DA:813,0
DA:822,0
DA:835,0
DA:837,0
DA:840,0
DA:841,0
DA:842,0
DA:844,0
DA:848,0
LF:222
LH:0
BRDA:56,0,0,0
BRDA:56,0,1,0
BRDA:57,1,0,0
BRDA:57,1,1,0
BRDA:61,2,0,0
BRDA:61,2,1,0
BRDA:62,3,0,0
BRDA:62,3,1,0
BRDA:72,4,0,0
BRDA:72,4,1,0
BRDA:86,5,0,0
BRDA:100,6,0,0
BRDA:100,6,1,0
BRDA:100,7,0,0
BRDA:100,7,1,0
BRDA:105,8,0,0
BRDA:105,8,1,0
BRDA:106,9,0,0
BRDA:106,9,1,0
BRDA:109,10,0,0
BRDA:109,10,1,0
BRDA:112,11,0,0
BRDA:112,11,1,0
BRDA:113,12,0,0
BRDA:113,12,1,0
BRDA:163,13,0,0
BRDA:173,14,0,0
BRDA:173,14,1,0
BRDA:186,15,0,0
BRDA:186,15,1,0
BRDA:193,16,0,0
BRDA:193,16,1,0
BRDA:193,17,0,0
BRDA:193,17,1,0
BRDA:214,18,0,0
BRDA:223,19,0,0
BRDA:223,19,1,0
BRDA:228,20,0,0
BRDA:228,20,1,0
BRDA:234,21,0,0
BRDA:234,21,1,0
BRDA:258,22,0,0
BRDA:275,23,0,0
BRDA:275,23,1,0
BRDA:275,24,0,0
BRDA:275,24,1,0
BRDA:275,24,2,0
BRDA:295,25,0,0
BRDA:295,25,1,0
BRDA:327,26,0,0
BRDA:338,27,0,0
BRDA:338,27,1,0
BRDA:354,28,0,0
BRDA:354,28,1,0
BRDA:374,29,0,0
BRDA:374,29,1,0
BRDA:392,30,0,0
BRDA:392,31,0,0
BRDA:401,32,0,0
BRDA:401,32,1,0
BRDA:406,33,0,0
BRDA:406,33,1,0
BRDA:410,34,0,0
BRDA:410,34,1,0
BRDA:414,35,0,0
BRDA:414,35,1,0
BRDA:418,36,0,0
BRDA:418,36,1,0
BRDA:422,37,0,0
BRDA:422,37,1,0
BRDA:430,38,0,0
BRDA:430,38,1,0
BRDA:430,39,0,0
BRDA:430,39,1,0
BRDA:432,40,0,0
BRDA:432,40,1,0
BRDA:433,41,0,0
BRDA:433,41,1,0
BRDA:437,42,0,0
BRDA:437,42,1,0
BRDA:438,43,0,0
BRDA:438,43,1,0
BRDA:442,44,0,0
BRDA:442,44,1,0
BRDA:443,45,0,0
BRDA:443,45,1,0
BRDA:491,46,0,0
BRDA:491,47,0,0
BRDA:499,48,0,0
BRDA:499,48,1,0
BRDA:504,49,0,0
BRDA:504,49,1,0
BRDA:507,50,0,0
BRDA:507,50,1,0
BRDA:508,51,0,0
BRDA:508,51,1,0
BRDA:571,52,0,0
BRDA:571,52,1,0
BRDA:606,53,0,0
BRDA:606,53,1,0
BRDA:606,54,0,0
BRDA:606,54,1,0
BRDA:610,55,0,0
BRDA:610,55,1,0
BRDA:610,56,0,0
BRDA:610,56,1,0
BRDA:615,57,0,0
BRDA:615,57,1,0
BRDA:616,58,0,0
BRDA:616,58,1,0
BRDA:622,59,0,0
BRDA:622,59,1,0
BRDA:623,60,0,0
BRDA:623,60,1,0
BRDA:629,61,0,0
BRDA:629,61,1,0
BRDA:630,62,0,0
BRDA:630,62,1,0
BRDA:636,63,0,0
BRDA:636,63,1,0
BRDA:637,64,0,0
BRDA:637,64,1,0
BRDA:642,65,0,0
BRDA:642,65,1,0
BRDA:657,66,0,0
BRDA:657,66,1,0
BRDA:663,67,0,0
BRDA:663,67,1,0
BRDA:664,68,0,0
BRDA:664,68,1,0
BRDA:669,69,0,0
BRDA:669,69,1,0
BRDA:687,70,0,0
BRDA:687,70,1,0
BRDA:691,71,0,0
BRDA:691,71,1,0
BRDA:697,72,0,0
BRDA:697,72,1,0
BRDA:699,73,0,0
BRDA:699,73,1,0
BRDA:728,74,0,0
BRDA:728,74,1,0
BRDA:748,75,0,0
BRDA:748,75,1,0
BRDA:752,76,0,0
BRDA:752,76,1,0
BRDA:770,77,0,0
BRDA:770,77,1,0
BRDA:791,78,0,0
BRDA:791,78,1,0
BRDA:794,79,0,0
BRDA:794,79,1,0
BRDA:835,80,0,0
BRDA:835,80,1,0
BRDA:837,81,0,0
BRDA:837,81,1,0
BRF:156
BRH:0
end_of_record
TN:
SF:modules/core-business/client-management/strategies/client-registration-strategy.js
FN:82,(anonymous_0)
FN:211,(anonymous_1)
FN:288,(anonymous_2)
FN:318,(anonymous_3)
FN:347,(anonymous_4)
FN:373,(anonymous_5)
FN:382,(anonymous_6)
FN:403,(anonymous_7)
FN:439,(anonymous_8)
FN:485,(anonymous_9)
FN:496,(anonymous_10)
FN:527,(anonymous_11)
FNF:12
FNH:0
FNDA:0,(anonymous_0)
FNDA:0,(anonymous_1)
FNDA:0,(anonymous_2)
FNDA:0,(anonymous_3)
FNDA:0,(anonymous_4)
FNDA:0,(anonymous_5)
FNDA:0,(anonymous_6)
FNDA:0,(anonymous_7)
FNDA:0,(anonymous_8)
FNDA:0,(anonymous_9)
FNDA:0,(anonymous_10)
FNDA:0,(anonymous_11)
DA:27,0
DA:28,0
DA:29,0
DA:83,0
DA:84,0
DA:91,0
DA:101,0
DA:102,0
DA:104,0
DA:106,0
DA:110,0
DA:169,0
DA:177,0
DA:180,0
DA:185,0
DA:212,0
DA:213,0
DA:215,0
DA:216,0
DA:219,0
DA:220,0
DA:223,0
DA:224,0
DA:225,0
DA:226,0
DA:230,0
DA:231,0
DA:232,0
DA:233,0
DA:237,0
DA:238,0
DA:241,0
DA:242,0
DA:245,0
DA:246,0
DA:249,0
DA:250,0
DA:254,0
DA:255,0
DA:260,0
DA:289,0
DA:290,0
DA:292,0
DA:299,0
DA:319,0
DA:320,0
DA:323,0
DA:324,0
DA:326,0
DA:328,0
DA:333,0
DA:348,0
DA:349,0
DA:350,0
DA:353,0
DA:356,0
DA:357,0
DA:362,0
DA:366,0
DA:374,0
DA:375,0
DA:383,0
DA:384,0
DA:404,0
DA:440,0
DA:441,0
DA:445,0
DA:449,0
DA:450,0
DA:453,0
DA:456,0
DA:462,0
DA:465,0
DA:470,0
DA:486,0
DA:487,0
DA:491,0
DA:495,0
DA:496,0
DA:497,0
DA:498,0
DA:501,0
DA:506,0
DA:509,0
DA:513,0
DA:528,0
DA:529,0
DA:533,0
DA:536,0
DA:540,0
DA:545,0
LF:91
LH:0
BRDA:82,0,0,0
BRDA:101,1,0,0
BRDA:101,1,1,0
BRDA:102,2,0,0
BRDA:102,2,1,0
BRDA:106,3,0,0
BRDA:106,3,1,0
BRDA:106,3,2,0
BRDA:119,4,0,0
BRDA:119,4,1,0
BRDA:120,5,0,0
BRDA:120,5,1,0
BRDA:121,6,0,0
BRDA:121,6,1,0
BRDA:122,7,0,0
BRDA:122,7,1,0
BRDA:123,8,0,0
BRDA:123,8,1,0
BRDA:124,9,0,0
BRDA:124,9,1,0
BRDA:132,10,0,0
BRDA:132,10,1,0
BRDA:139,11,0,0
BRDA:139,11,1,0
BRDA:140,12,0,0
BRDA:140,12,1,0
BRDA:146,13,0,0
BRDA:146,13,1,0
BRDA:146,13,2,0
BRDA:147,14,0,0
BRDA:147,14,1,0
BRDA:158,15,0,0
BRDA:158,15,1,0
BRDA:211,16,0,0
BRDA:215,17,0,0
BRDA:215,17,1,0
BRDA:219,18,0,0
BRDA:219,18,1,0
BRDA:223,19,0,0
BRDA:223,19,1,0
BRDA:225,20,0,0
BRDA:225,20,1,0
BRDA:230,21,0,0
BRDA:230,21,1,0
BRDA:232,22,0,0
BRDA:232,22,1,0
BRDA:237,23,0,0
BRDA:237,23,1,0
BRDA:237,24,0,0
BRDA:237,24,1,0
BRDA:241,25,0,0
BRDA:241,25,1,0
BRDA:241,26,0,0
BRDA:241,26,1,0
BRDA:245,27,0,0
[...]
BRDA:20,0,1,0
BRDA:47,1,0,0
BRDA:47,1,1,0
BRDA:48,2,0,0
BRDA:48,2,1,0
BRDA:49,3,0,0
BRDA:49,3,1,0
BRDA:54,4,0,0
BRDA:54,4,1,0
BRDA:57,5,0,0
BRDA:57,5,1,0
BRDA:60,6,0,0
BRDA:60,6,1,0
BRDA:105,7,0,0
BRDA:105,7,1,0
BRDA:128,8,0,0
BRDA:128,8,1,0
BRDA:157,9,0,0
BRDA:157,9,1,0
BRDA:203,10,0,0
BRDA:203,10,1,0
BRDA:211,11,0,0
BRDA:211,11,1,0
BRDA:235,12,0,0
BRDA:235,12,1,0
BRDA:283,13,0,0
BRDA:283,13,1,0
BRDA:318,14,0,0
BRDA:318,14,1,0
BRDA:318,15,0,0
BRDA:318,15,1,0
BRDA:363,16,0,0
BRDA:369,17,0,0
BRDA:369,17,1,0
BRDA:374,18,0,0
BRDA:374,18,1,0
BRF:37
BRH:0
end_of_record
TN:
SF:modules/core-business/user-management/routes/user-routes.js
FNF:0
FNH:0
DA:6,0
DA:7,0
DA:8,0
DA:11,0
DA:12,0
DA:13,0
DA:14,0
DA:15,0
DA:16,0
DA:18,0
DA:19,0
DA:20,0
DA:21,0
DA:23,0
DA:24,0
DA:26,0
DA:28,0
DA:30,0
LF:18
LH:0
BRF:0
BRH:0
end_of_record
TN:
SF:modules/core-business/user-management/services/user-service.js
FN:45,(anonymous_0)
FN:63,(anonymous_1)
FN:72,(anonymous_2)
FN:266,(anonymous_3)
FN:285,(anonymous_4)
FN:306,(anonymous_5)
FN:327,(anonymous_6)
FN:350,(anonymous_7)
FN:363,(anonymous_8)
FN:380,(anonymous_9)
FN:400,(anonymous_10)
FN:428,(anonymous_11)
FN:512,(anonymous_12)
FN:549,(anonymous_13)
FN:575,(anonymous_14)
FN:606,(anonymous_15)
FN:622,(anonymous_16)
FN:635,(anonymous_17)
FN:642,(anonymous_18)
FN:649,(anonymous_19)
FN:658,(anonymous_20)
FN:673,(anonymous_21)
FN:709,(anonymous_22)
FN:719,(anonymous_23)
FN:743,(anonymous_24)
FN:748,(anonymous_25)
FN:753,(anonymous_26)
FN:757,(anonymous_27)
FN:761,(anonymous_28)
FN:773,(anonymous_29)
FN:784,(anonymous_30)
FN:793,(anonymous_31)
FN:797,(anonymous_32)
FN:801,(anonymous_33)
FN:805,(anonymous_34)
FN:809,(anonymous_35)
FN:813,(anonymous_36)
FNF:37
FNH:0
FNDA:0,(anonymous_0)
FNDA:0,(anonymous_1)
FNDA:0,(anonymous_2)
FNDA:0,(anonymous_3)
FNDA:0,(anonymous_4)
FNDA:0,(anonymous_5)
FNDA:0,(anonymous_6)
FNDA:0,(anonymous_7)
FNDA:0,(anonymous_8)
FNDA:0,(anonymous_9)
FNDA:0,(anonymous_10)
FNDA:0,(anonymous_11)
FNDA:0,(anonymous_12)
FNDA:0,(anonymous_13)
FNDA:0,(anonymous_14)
FNDA:0,(anonymous_15)
FNDA:0,(anonymous_16)
FNDA:0,(anonymous_17)
FNDA:0,(anonymous_18)
FNDA:0,(anonymous_19)
FNDA:0,(anonymous_20)
FNDA:0,(anonymous_21)
FNDA:0,(anonymous_22)
FNDA:0,(anonymous_23)
FNDA:0,(anonymous_24)
FNDA:0,(anonymous_25)
FNDA:0,(anonymous_26)
FNDA:0,(anonymous_27)
FNDA:0,(anonymous_28)
FNDA:0,(anonymous_29)
FNDA:0,(anonymous_30)
FNDA:0,(anonymous_31)
FNDA:0,(anonymous_32)
FNDA:0,(anonymous_33)
FNDA:0,(anonymous_34)
FNDA:0,(anonymous_35)
FNDA:0,(anonymous_36)
DA:7,0
DA:8,0
DA:9,0
DA:10,0
DA:11,0
DA:14,0
DA:16,0
DA:30,0
DA:46,0
DA:47,0
DA:48,0
DA:49,0
DA:50,0
DA:51,0
DA:52,0
DA:53,0
DA:56,0
DA:64,0
DA:65,0
DA:67,0
DA:73,0
DA:74,0
DA:76,0
DA:79,0
DA:80,0
DA:81,0
DA:85,0
DA:243,0
DA:245,0
DA:252,0
DA:255,0
DA:257,0
DA:258,0
DA:259,0
DA:262,0
DA:267,0
DA:268,0
DA:271,0
DA:272,0
DA:275,0
DA:281,0
DA:282,0
DA:283,0
DA:285,0
DA:286,0
DA:287,0
DA:288,0
DA:294,0
DA:303,0
DA:307,0
DA:308,0
DA:309,0
DA:311,0
DA:312,0
DA:316,0
DA:317,0
DA:320,0
DA:323,0
DA:328,0
DA:336,0
DA:338,0
DA:340,0
DA:341,0
DA:350,0
DA:352,0
DA:353,0
DA:356,0
DA:359,0
DA:364,0
DA:365,0
DA:368,0
DA:369,0
DA:370,0
DA:373,0
DA:376,0
DA:380,0
DA:383,0
DA:384,0
DA:386,0
DA:388,0
DA:393,0
DA:396,0
DA:401,0
DA:402,0
DA:404,0
DA:405,0
DA:406,0
DA:409,0
DA:411,0
DA:416,0
DA:422,0
DA:429,0
DA:436,0
DA:438,0
DA:439,0
DA:441,0
DA:442,0
DA:443,0
DA:446,0
DA:447,0
DA:448,0
DA:451,0
DA:452,0
DA:455,0
DA:456,0
DA:459,0
DA:460,0
DA:463,0
DA:464,0
DA:465,0
DA:466,0
DA:469,0
DA:470,0
DA:471,0
DA:473,0
DA:478,0
DA:479,0
DA:482,0
DA:483,0
DA:486,0
DA:498,0
DA:499,0
DA:500,0
DA:501,0
DA:502,0
DA:505,0
DA:508,0
DA:513,0
DA:514,0
DA:515,0
DA:517,0
DA:518,0
DA:521,0
DA:522,0
DA:523,0
DA:526,0
DA:528,0
DA:529,0
DA:533,0
DA:534,0
DA:536,0
DA:537,0
DA:539,0
DA:545,0
DA:550,0
DA:551,0
DA:552,0
DA:554,0
DA:559,0
DA:560,0
DA:563,0
DA:565,0
DA:566,0
DA:568,0
DA:571,0
DA:576,0
DA:577,0
DA:579,0
DA:580,0
DA:582,0
DA:588,0
DA:589,0
DA:592,0
DA:594,0
DA:595,0
DA:597,0
DA:600,0
DA:607,0
DA:612,0
DA:614,0
DA:615,0
DA:622,0
DA:624,0
DA:631,0
DA:636,0
DA:643,0
DA:650,0
DA:659,0
DA:660,0
DA:661,0
DA:663,0
DA:674,0
DA:677,0
DA:678,0
DA:681,0
DA:682,0
DA:686,0
DA:687,0
DA:688,0
DA:689,0
DA:693,0
DA:694,0
DA:696,0
DA:697,0
DA:699,0
DA:700,0
DA:704,0
DA:705,0
DA:710,0
DA:711,0
DA:714,0
DA:715,0
DA:720,0
DA:722,0
DA:723,0
DA:726,0
DA:729,0
DA:730,0
DA:731,0
DA:732,0
DA:733,0
DA:734,0
DA:735,0
DA:736,0
DA:737,0
DA:738,0
DA:740,0
DA:745,0
DA:749,0
DA:750,0
DA:754,0
DA:758,0
DA:762,0
DA:774,0
DA:785,0
DA:794,0
DA:798,0
DA:802,0
DA:806,0
DA:810,0
DA:814,0
DA:815,0
DA:817,0
DA:822,0
LF:234
LH:0
BRDA:64,0,0,0
BRDA:64,0,1,0
BRDA:72,1,0,0
BRDA:80,2,0,0
BRDA:80,2,1,0
BRDA:87,3,0,0
BRDA:87,3,1,0
BRDA:106,4,0,0
BRDA:106,4,1,0
BRDA:121,5,0,0
BRDA:121,5,1,0
BRDA:122,6,0,0
BRDA:122,6,1,0
BRDA:123,7,0,0
BRDA:123,7,1,0
BRDA:126,8,0,0
BRDA:126,8,1,0
BRDA:127,9,0,0
BRDA:127,9,1,0
BRDA:129,10,0,0
BRDA:129,10,1,0
BRDA:130,11,0,0
BRDA:130,11,1,0
BRDA:131,12,0,0
BRDA:131,12,1,0
BRDA:132,13,0,0
BRDA:132,13,1,0
BRDA:133,14,0,0
BRDA:133,14,1,0
BRDA:137,15,0,0
BRDA:137,15,1,0
BRDA:139,16,0,0
BRDA:139,16,1,0
BRDA:140,17,0,0
BRDA:140,17,1,0
BRDA:144,18,0,0
BRDA:144,18,1,0
BRDA:145,19,0,0
BRDA:145,19,1,0
BRDA:148,20,0,0
BRDA:148,20,1,0
BRDA:149,21,0,0
BRDA:149,21,1,0
BRDA:150,22,0,0
BRDA:150,22,1,0
BRDA:154,23,0,0
BRDA:154,23,1,0
BRDA:155,24,0,0
BRDA:155,24,1,0
BRDA:156,25,0,0
BRDA:156,25,1,0
BRDA:157,26,0,0
BRDA:157,26,1,0
BRDA:158,27,0,0
BRDA:158,27,1,0
BRDA:159,28,0,0
BRDA:159,28,1,0
BRDA:161,29,0,0
BRDA:161,29,1,0
BRDA:162,30,0,0
BRDA:162,30,1,0
BRDA:163,31,0,0
BRDA:163,31,1,0
BRDA:169,32,0,0
BRDA:169,32,1,0
BRDA:174,33,0,0
BRDA:174,33,1,0
BRDA:175,34,0,0
BRDA:175,34,1,0
BRDA:178,35,0,0
BRDA:178,35,1,0
BRDA:179,36,0,0
BRDA:179,36,1,0
BRDA:183,37,0,0
BRDA:183,37,1,0
BRDA:184,38,0,0
BRDA:184,38,1,0
BRDA:188,39,0,0
BRDA:188,39,1,0
BRDA:189,40,0,0
BRDA:189,40,1,0
BRDA:191,41,0,0
BRDA:191,41,1,0
BRDA:192,42,0,0
BRDA:192,42,1,0
BRDA:193,43,0,0
BRDA:193,43,1,0
BRDA:200,44,0,0
BRDA:200,44,1,0
BRDA:203,45,0,0
BRDA:203,45,1,0
BRDA:205,46,0,0
BRDA:205,46,1,0
BRDA:206,47,0,0
BRDA:206,47,1,0
BRDA:207,48,0,0
BRDA:207,48,1,0
BRDA:208,49,0,0
BRDA:208,49,1,0
BRDA:252,50,0,0
BRDA:252,50,1,0
BRDA:257,51,0,0
BRDA:257,51,1,0
BRDA:258,52,0,0
BRDA:258,52,1,0
BRDA:258,53,0,0
BRDA:258,53,1,0
BRDA:267,54,0,0
BRDA:267,54,1,0
BRDA:267,55,0,0
BRDA:267,55,1,0
BRDA:271,56,0,0
BRDA:271,56,1,0
BRDA:290,57,0,0
BRDA:290,57,1,0
BRDA:306,58,0,0
BRDA:311,59,0,0
BRDA:311,59,1,0
BRDA:316,60,0,0
BRDA:316,60,1,0
BRDA:320,61,0,0
BRDA:320,61,1,0
BRDA:327,62,0,0
BRDA:330,63,0,0
BRDA:331,64,0,0
BRDA:332,65,0,0
BRDA:333,66,0,0
BRDA:334,67,0,0
BRDA:335,68,0,0
BRDA:352,69,0,0
BRDA:352,69,1,0
BRDA:363,70,0,0
BRDA:369,71,0,0
BRDA:369,71,1,0
BRDA:400,72,0,0
BRDA:405,73,0,0
BRDA:405,73,1,0
BRDA:413,74,0,0
BRDA:413,74,1,0
BRDA:418,75,0,0
BRDA:418,75,1,0
BRDA:428,76,0,0
BRDA:431,77,0,0
BRDA:432,78,0,0
BRDA:433,79,0,0
BRDA:434,80,0,0
BRDA:435,81,0,0
BRDA:441,82,0,0
BRDA:441,82,1,0
BRDA:446,83,0,0
BRDA:446,83,1,0
BRDA:451,84,0,0
BRDA:451,84,1,0
BRDA:455,85,0,0
BRDA:455,85,1,0
BRDA:459,86,0,0
BRDA:459,86,1,0
BRDA:464,87,0,0
BRDA:464,87,1,0
BRDA:465,88,0,0
BRDA:465,88,1,0
BRDA:469,89,0,0
BRDA:469,89,1,0
BRDA:470,90,0,0
BRDA:470,90,1,0
BRDA:482,91,0,0
BRDA:482,91,1,0
BRDA:498,92,0,0
BRDA:498,92,1,0
BRDA:499,93,0,0
BRDA:499,93,1,0
BRDA:517,94,0,0
BRDA:517,94,1,0
BRDA:522,95,0,0
BRDA:522,95,1,0
BRDA:528,96,0,0
BRDA:528,96,1,0
BRDA:559,97,0,0
BRDA:559,97,1,0
BRDA:588,98,0,0
BRDA:588,98,1,0
BRDA:606,99,0,0
BRDA:609,100,0,0
BRDA:610,101,0,0
BRDA:611,102,0,0
BRDA:635,103,0,0
BRDA:642,104,0,0
BRDA:649,105,0,0
BRDA:658,106,0,0
BRDA:677,107,0,0
BRDA:677,107,1,0
BRDA:681,108,0,0
BRDA:681,108,1,0
BRDA:686,109,0,0
BRDA:686,109,1,0
BRDA:688,110,0,0
BRDA:688,110,1,0
BRDA:693,111,0,0
BRDA:693,111,1,0
BRDA:696,112,0,0
BRDA:696,112,1,0
BRDA:699,113,0,0
BRDA:699,113,1,0
BRDA:704,114,0,0
BRDA:704,114,1,0
BRDA:710,115,0,0
BRDA:710,115,1,0
BRDA:714,116,0,0
BRDA:714,116,1,0
BRDA:720,117,0,0
BRDA:720,117,1,0
BRDA:722,118,0,0
BRDA:722,118,1,0
BRDA:726,119,0,0
BRDA:726,119,1,0
BRDA:768,120,0,0
BRDA:768,120,1,0
BRDA:779,121,0,0
BRDA:779,121,1,0
BRDA:787,122,0,0
BRDA:787,122,1,0
BRDA:793,123,0,0
BRF:222
BRH:0
end_of_record
TN:
SF:modules/core-business/user-management/services/user.service.simple.js
FN:11,(anonymous_0)
FN:97,(anonymous_1)
FN:108,(anonymous_2)
FN:207,(anonymous_3)
FN:222,(anonymous_4)
FN:251,(anonymous_5)
FN:266,(anonymous_6)
FNF:7
FNH:0
FNDA:0,(anonymous_0)
FNDA:0,(anonymous_1)
FNDA:0,(anonymous_2)
FNDA:0,(anonymous_3)
FNDA:0,(anonymous_4)
FNDA:0,(anonymous_5)
FNDA:0,(anonymous_6)
DA:5,0
DA:6,0
DA:7,0
DA:8,0
DA:11,0
DA:12,0
DA:13,0
DA:14,0
DA:15,0
DA:20,0
DA:97,0
DA:98,0
DA:99,0
DA:101,0
DA:109,0
DA:110,0
DA:112,0
DA:114,0
DA:115,0
DA:119,0
DA:126,0
DA:127,0
DA:131,0
DA:134,0
DA:181,0
DA:184,0
DA:185,0
DA:186,0
DA:188,0
DA:190,0
DA:193,0
DA:195,0
DA:196,0
DA:197,0
DA:200,0
DA:208,0
DA:209,0
DA:211,0
DA:212,0
DA:213,0
DA:216,0
DA:223,0
DA:224,0
DA:227,0
DA:228,0
DA:229,0
DA:230,0
DA:232,0
DA:241,0
DA:242,0
DA:245,0
DA:252,0
DA:253,0
DA:255,0
DA:256,0
DA:257,0
DA:260,0
DA:267,0
DA:268,0
DA:270,0
DA:272,0
DA:273,0
DA:276,0
DA:277,0
DA:280,0
DA:286,0
DA:290,0
LF:67
LH:0
BRDA:12,0,0,0
BRDA:12,0,1,0
BRDA:13,1,0,0
BRDA:13,1,1,0
BRDA:98,2,0,0
BRDA:98,2,1,0
BRDA:108,3,0,0
BRDA:114,4,0,0
BRDA:114,4,1,0
BRDA:114,5,0,0
BRDA:114,5,1,0
BRDA:114,5,2,0
BRDA:114,5,3,0
BRDA:122,6,0,0
BRDA:122,6,1,0
BRDA:126,7,0,0
BRDA:126,7,1,0
BRDA:137,8,0,0
BRDA:137,8,1,0
BRDA:140,9,0,0
BRDA:140,9,1,0
BRDA:146,10,0,0
BRDA:146,10,1,0
BRDA:147,11,0,0
BRDA:147,11,1,0
BRDA:149,12,0,0
BRDA:149,12,1,0
BRDA:170,13,0,0
BRDA:170,13,1,0
BRDA:173,14,0,0
BRDA:173,14,1,0
BRDA:174,15,0,0
BRDA:174,15,1,0
BRDA:175,16,0,0
BRDA:175,16,1,0
BRDA:176,17,0,0
BRDA:176,17,1,0
BRDA:195,18,0,0
BRDA:195,18,1,0
BRDA:212,19,0,0
BRDA:212,19,1,0
BRDA:241,20,0,0
BRDA:241,20,1,0
BRDA:256,21,0,0
BRDA:256,21,1,0
BRDA:266,22,0,0
BRDA:272,23,0,0
BRDA:272,23,1,0
BRDA:276,24,0,0
BRDA:276,24,1,0
BRDA:282,25,0,0
BRDA:282,25,1,0
BRDA:283,26,0,0
BRDA:283,26,1,0
BRDA:284,27,0,0
BRDA:284,27,1,0
BRF:56
BRH:0
end_of_record
TN:
SF:modules/hosted-organizations/authentication/services/tenant-auth-service.js
FN:43,(anonymous_0)
FN:101,(anonymous_1)
FN:199,(anonymous_2)
FN:282,(anonymous_3)
FN:311,(anonymous_4)
FN:354,(anonymous_5)
FN:395,(anonymous_6)
FN:406,(anonymous_7)
FN:417,(anonymous_8)
FN:428,(anonymous_9)
FN:446,(anonymous_10)
FN:460,(anonymous_11)
FN:482,(anonymous_12)
FN:485,(anonymous_13)
FN:511,(anonymous_14)
FN:545,(anonymous_15)
FN:572,(anonymous_16)
FN:605,(anonymous_17)
FN:624,(anonymous_18)
FN:626,(anonymous_19)
FN:644,(anonymous_20)
FN:681,(anonymous_21)
FN:703,(anonymous_22)
FN:705,(anonymous_23)
FN:713,(anonymous_24)
FN:734,(anonymous_25)
FN:750,(anonymous_26)
FN:766,(anonymous_27)
FN:792,(anonymous_28)
FN:831,(anonymous_29)
FN:857,(anonymous_30)
FN:879,(anonymous_31)
FN:903,(anonymous_32)
FN:924,(anonymous_33)
FN:928,(anonymous_34)
FN:932,(anonymous_35)
FN:936,(anonymous_36)
FNF:37
FNH:0
FNDA:0,(anonymous_0)
FNDA:0,(anonymous_1)
FNDA:0,(anonymous_2)
FNDA:0,(anonymous_3)
FNDA:0,(anonymous_4)
FNDA:0,(anonymous_5)
FNDA:0,(anonymous_6)
FNDA:0,(anonymous_7)
FNDA:0,(anonymous_8)
FNDA:0,(anonymous_9)
FNDA:0,(anonymous_10)
FNDA:0,(anonymous_11)
FNDA:0,(anonymous_12)
FNDA:0,(anonymous_13)
FNDA:0,(anonymous_14)
FNDA:0,(anonymous_15)
FNDA:0,(anonymous_16)
FNDA:0,(anonymous_17)
FNDA:0,(anonymous_18)
FNDA:0,(anonymous_19)
FNDA:0,(anonymous_20)
FNDA:0,(anonymous_21)
FNDA:0,(anonymous_22)
FNDA:0,(anonymous_23)
FNDA:0,(anonymous_24)
FNDA:0,(anonymous_25)
FNDA:0,(anonymous_26)
FNDA:0,(anonymous_27)
FNDA:0,(anonymous_28)
FNDA:0,(anonymous_29)
FNDA:0,(anonymous_30)
FNDA:0,(anonymous_31)
FNDA:0,(anonymous_32)
FNDA:0,(anonymous_33)
FNDA:0,(anonymous_34)
FNDA:0,(anonymous_35)
FNDA:0,(anonymous_36)
DA:9,0
DA:10,0
DA:13,0
DA:16,0
DA:19,0
DA:20,0
DA:21,0
DA:22,0
DA:28,0
DA:45,0
DA:76,0
DA:77,0
DA:78,0
DA:79,0
DA:80,0
DA:83,0
DA:102,0
DA:104,0
DA:107,0
DA:110,0
DA:113,0
DA:126,0
DA:150,0
DA:153,0
DA:160,0
DA:161,0
DA:162,0
DA:168,0
DA:175,0
DA:183,0
DA:188,0
DA:200,0
DA:202,0
DA:205,0
DA:216,0
DA:217,0
DA:221,0
DA:227,0
DA:233,0
DA:239,0
DA:244,0
DA:251,0
DA:266,0
DA:271,0
DA:283,0
DA:285,0
DA:287,0
DA:292,0
DA:295,0
DA:300,0
DA:312,0
DA:314,0
DA:321,0
DA:322,0
DA:329,0
DA:334,0
DA:337,0
DA:342,0
DA:355,0
DA:356,0
DA:364,0
DA:366,0
DA:372,0
DA:379,0
DA:385,0
DA:396,0
DA:407,0
DA:418,0
DA:430,0
DA:431,0
DA:433,0
DA:439,0
DA:448,0
DA:450,0
DA:451,0
DA:453,0
DA:461,0
DA:464,0
DA:465,0
DA:466,0
DA:467,0
DA:469,0
DA:470,0
DA:473,0
DA:475,0
DA:484,0
DA:485,0
DA:488,0
DA:489,0
DA:496,0
DA:497,0
DA:512,0
DA:513,0
DA:515,0
DA:516,0
DA:520,0
DA:522,0
DA:523,0
DA:530,0
DA:533,0
DA:537,0
DA:546,0
DA:547,0
DA:549,0
DA:550,0
DA:557,0
DA:560,0
DA:564,0
DA:574,0
DA:576,0
DA:577,0
DA:578,0
DA:579,0
DA:588,0
DA:589,0
DA:596,0
DA:606,0
DA:609,0
DA:610,0
DA:613,0
DA:614,0
DA:617,0
DA:625,0
DA:626,0
DA:632,0
DA:645,0
DA:647,0
DA:654,0
DA:655,0
DA:659,0
DA:660,0
DA:663,0
DA:669,0
DA:682,0
DA:683,0
DA:689,0
DA:693,0
DA:704,0
DA:705,0
DA:714,0
DA:715,0
DA:716,0
DA:722,0
DA:726,0
DA:735,0
DA:736,0
DA:738,0
DA:742,0
DA:751,0
DA:752,0
DA:754,0
DA:758,0
DA:767,0
DA:768,0
DA:769,0
DA:771,0
DA:780,0
DA:784,0
DA:793,0
DA:795,0
DA:796,0
DA:804,0
DA:805,0
DA:813,0
DA:814,0
DA:822,0
DA:832,0
DA:833,0
DA:835,0
DA:846,0
DA:858,0
DA:859,0
DA:868,0
DA:880,0
DA:881,0
DA:882,0
DA:892,0
DA:904,0
DA:905,0
DA:916,0
DA:925,0
DA:929,0
DA:933,0
DA:937,0
DA:942,0
DA:945,0
LF:186
LH:0
BRDA:49,0,0,0
BRDA:49,0,1,0
BRDA:50,1,0,0
BRDA:50,1,1,0
BRDA:101,2,0,0
BRDA:122,3,0,0
BRDA:122,3,1,0
BRDA:161,4,0,0
BRDA:161,4,1,0
BRDA:199,5,0,0
BRDA:216,6,0,0
BRDA:216,6,1,0
BRDA:256,7,0,0
BRDA:256,7,1,0
BRDA:282,8,0,0
BRDA:311,9,0,0
BRDA:321,10,0,0
BRDA:321,10,1,0
BRDA:354,11,0,0
BRDA:448,12,0,0
BRDA:448,12,1,0
BRDA:461,13,0,0
BRDA:461,13,1,0
BRDA:469,14,0,0
BRDA:469,14,1,0
BRDA:488,15,0,0
BRDA:488,15,1,0
BRDA:496,16,0,0
BRDA:496,16,1,0
BRDA:515,17,0,0
BRDA:515,17,1,0
BRDA:522,18,0,0
BRDA:522,18,1,0
BRDA:549,19,0,0
BRDA:549,19,1,0
BRDA:576,20,0,0
BRDA:576,20,1,0
BRDA:578,21,0,0
BRDA:578,21,1,0
BRDA:588,22,0,0
BRDA:588,22,1,0
BRDA:588,23,0,0
BRDA:588,23,1,0
BRDA:610,24,0,0
BRDA:610,24,1,0
BRDA:613,25,0,0
BRDA:613,25,1,0
BRDA:625,26,0,0
BRDA:625,26,1,0
BRDA:625,27,0,0
BRDA:625,27,1,0
BRDA:633,28,0,0
BRDA:633,28,1,0
BRDA:654,29,0,0
BRDA:654,29,1,0
BRDA:659,30,0,0
BRDA:659,30,1,0
BRDA:718,31,0,0
BRDA:718,31,1,0
BRDA:719,32,0,0
BRDA:719,32,1,0
BRDA:774,33,0,0
BRDA:774,33,1,0
BRDA:776,34,0,0
BRDA:776,34,1,0
BRDA:795,35,0,0
BRDA:795,35,1,0
BRDA:804,36,0,0
BRDA:804,36,1,0
BRDA:813,37,0,0
BRDA:813,37,1,0
BRDA:839,38,0,0
BRDA:839,38,1,0
BRDA:842,39,0,0
BRDA:842,39,1,0
BRDA:925,40,0,0
BRDA:925,40,1,0
BRDA:937,41,0,0
BRDA:937,41,1,0
BRF:79
BRH:0
end_of_record
TN:
SF:modules/hosted-organizations/organization-management/routes/organization.routes.js
FN:1,(anonymous_0)
FNF:1
FNH:0
FNDA:0,(anonymous_0)
DA:1,0
LF:1
LH:0
BRF:0
BRH:0
end_of_record
TN:
SF:modules/hosted-organizations/organization-management/services/organization-service.js
FN:18,(anonymous_0)
FN:27,(anonymous_1)
FN:48,(anonymous_2)
FN:56,(anonymous_3)
FN:90,(anonymous_4)
FN:117,(anonymous_5)
FN:145,(anonymous_6)
FN:192,(anonymous_7)
FN:229,(anonymous_8)
FN:258,(anonymous_9)
FN:278,(anonymous_10)
FN:298,(anonymous_11)
FN:318,(anonymous_12)
FN:340,(anonymous_13)
FN:371,(anonymous_14)
FN:402,(anonymous_15)
FN:432,(anonymous_16)
FN:461,(anonymous_17)
FN:481,(anonymous_18)
FN:509,(anonymous_19)
FN:536,(anonymous_20)
FN:589,(anonymous_21)
FN:612,(anonymous_22)
FN:652,(anonymous_23)
FNF:24
FNH:0
FNDA:0,(anonymous_0)
FNDA:0,(anonymous_1)
FNDA:0,(anonymous_2)
FNDA:0,(anonymous_3)
FNDA:0,(anonymous_4)
FNDA:0,(anonymous_5)
FNDA:0,(anonymous_6)
FNDA:0,(anonymous_7)
FNDA:0,(anonymous_8)
FNDA:0,(anonymous_9)
FNDA:0,(anonymous_10)
FNDA:0,(anonymous_11)
FNDA:0,(anonymous_12)
FNDA:0,(anonymous_13)
FNDA:0,(anonymous_14)
FNDA:0,(anonymous_15)
FNDA:0,(anonymous_16)
FNDA:0,(anonymous_17)
FNDA:0,(anonymous_18)
FNDA:0,(anonymous_19)
FNDA:0,(anonymous_20)
FNDA:0,(anonymous_21)
FNDA:0,(anonymous_22)
FNDA:0,(anonymous_23)
DA:8,0
DA:9,0
DA:10,0
DA:19,0
DA:20,0
DA:28,0
DA:29,0
DA:30,0
DA:31,0
DA:33,0
DA:36,0
DA:39,0
DA:49,0
DA:50,0
DA:52,0
DA:54,0
DA:55,0
DA:56,0
DA:58,0
DA:62,0
DA:64,0
DA:65,0
DA:68,0
DA:73,0
DA:75,0
DA:77,0
DA:81,0
DA:91,0
DA:92,0
DA:94,0
DA:96,0
DA:97,0
DA:100,0
DA:102,0
DA:104,0
DA:108,0
DA:118,0
DA:119,0
DA:121,0
DA:123,0
DA:124,0
DA:127,0
DA:129,0
DA:131,0
DA:135,0
DA:146,0
DA:147,0
DA:150,0
DA:153,0
DA:154,0
DA:157,0
DA:158,0
DA:160,0
DA:166,0
DA:168,0
DA:169,0
DA:170,0
DA:177,0
DA:181,0
DA:193,0
DA:194,0
DA:197,0
DA:198,0
DA:199,0
DA:201,0
DA:202,0
DA:204,0
DA:209,0
DA:211,0
DA:213,0
DA:217,0
DA:230,0
DA:231,0
DA:232,0
DA:234,0
DA:240,0
DA:242,0
DA:244,0
DA:249,0
DA:259,0
DA:260,0
DA:261,0
DA:263,0
DA:265,0
DA:269,0
DA:279,0
DA:280,0
DA:281,0
DA:283,0
DA:285,0
DA:289,0
DA:299,0
DA:300,0
DA:301,0
DA:303,0
DA:305,0
DA:309,0
DA:319,0
DA:320,0
DA:321,0
DA:323,0
DA:325,0
DA:329,0
DA:341,0
DA:342,0
DA:343,0
DA:345,0
DA:351,0
DA:353,0
DA:355,0
DA:360,0
DA:372,0
DA:373,0
DA:374,0
DA:376,0
DA:382,0
DA:384,0
DA:386,0
DA:391,0
DA:403,0
DA:404,0
DA:405,0
DA:407,0
DA:413,0
DA:415,0
DA:417,0
DA:422,0
DA:433,0
DA:434,0
DA:435,0
DA:437,0
DA:442,0
DA:444,0
DA:446,0
DA:451,0
DA:462,0
DA:463,0
DA:464,0
DA:466,0
DA:471,0
DA:482,0
DA:483,0
DA:484,0
DA:486,0
DA:491,0
DA:493,0
DA:495,0
DA:499,0
DA:510,0
DA:511,0
DA:513,0
DA:515,0
DA:520,0
DA:522,0
DA:526,0
DA:537,0
DA:538,0
DA:544,0
DA:546,0
DA:548,0
DA:550,0
DA:551,0
DA:554,0
DA:555,0
DA:558,0
DA:567,0
DA:578,0
DA:581,0
DA:590,0
DA:591,0
DA:593,0
DA:595,0
DA:597,0
DA:599,0
DA:602,0
DA:613,0
DA:614,0
DA:616,0
DA:617,0
DA:618,0
DA:620,0
DA:621,0
DA:628,0
DA:630,0
DA:635,0
DA:637,0
DA:639,0
DA:643,0
DA:653,0
DA:654,0
DA:656,0
DA:657,0
DA:665,0
DA:666,0
DA:674,0
DA:679,0
DA:680,0
DA:687,0
DA:693,0
LF:199
LH:0
BRDA:28,0,0,0
BRDA:28,0,1,0
BRDA:48,1,0,0
BRDA:54,2,0,0
BRDA:54,2,1,0
BRDA:55,3,0,0
BRDA:55,3,1,0
BRDA:64,4,0,0
BRDA:64,4,1,0
BRDA:75,5,0,0
BRDA:75,5,1,0
BRDA:96,6,0,0
BRDA:96,6,1,0
BRDA:102,7,0,0
BRDA:102,7,1,0
BRDA:123,8,0,0
BRDA:123,8,1,0
BRDA:129,9,0,0
BRDA:129,9,1,0
BRDA:153,10,0,0
BRDA:153,10,1,0
BRDA:168,11,0,0
BRDA:168,11,1,0
BRDA:211,12,0,0
BRDA:211,12,1,0
BRDA:242,13,0,0
BRDA:242,13,1,0
BRDA:263,14,0,0
BRDA:263,14,1,0
BRDA:283,15,0,0
BRDA:283,15,1,0
BRDA:301,16,0,0
BRDA:301,16,1,0
BRDA:303,17,0,0
BRDA:303,17,1,0
BRDA:321,18,0,0
BRDA:321,18,1,0
BRDA:323,19,0,0
BRDA:323,19,1,0
BRDA:340,20,0,0
BRDA:353,21,0,0
BRDA:353,21,1,0
BRDA:371,22,0,0
BRDA:384,23,0,0
BRDA:384,23,1,0
BRDA:415,24,0,0
BRDA:415,24,1,0
BRDA:444,25,0,0
BRDA:444,25,1,0
BRDA:493,26,0,0
BRDA:493,26,1,0
BRDA:509,27,0,0
BRDA:536,28,0,0
BRDA:536,29,0,0
BRDA:541,30,0,0
BRDA:542,31,0,0
BRDA:543,32,0,0
BRDA:550,33,0,0
BRDA:550,33,1,0
BRDA:554,34,0,0
BRDA:554,34,1,0
BRDA:620,35,0,0
BRDA:620,35,1,0
BRDA:637,36,0,0
BRDA:637,36,1,0
BRDA:656,37,0,0
BRDA:656,37,1,0
BRDA:656,38,0,0
BRDA:656,38,1,0
BRDA:665,39,0,0
BRDA:665,39,1,0
BRDA:679,40,0,0
BRDA:679,40,1,0
BRF:73
BRH:0
end_of_record
TN:
SF:modules/hosted-organizations/subscription-management/routes/subscription.routes.js
FN:1,(anonymous_0)
FNF:1
FNH:0
FNDA:0,(anonymous_0)
DA:1,0
LF:1
LH:0
BRF:0
BRH:0
end_of_record
TN:
SF:modules/hosted-organizations/tenant-management/routes/tenant.routes.js
FN:1,(anonymous_0)
FNF:1
FNH:0
FNDA:0,(anonymous_0)
DA:1,0
LF:1
LH:0
BRF:0
BRH:0
end_of_record
TN:
SF:modules/recruitment-services/applications/routes/application.routes.js
FN:1,(anonymous_0)
FNF:1
FNH:0
FNDA:0,(anonymous_0)
DA:1,0
LF:1
LH:0
BRF:0
BRH:0
end_of_record
TN:
SF:modules/recruitment-services/candidates/routes/candidate.routes.js
FN:1,(anonymous_0)
FNF:1
FNH:0
FNDA:0,(anonymous_0)
DA:1,0
LF:1
LH:0
BRF:0
BRH:0
end_of_record
TN:
SF:modules/recruitment-services/jobs/routes/job.routes.js
FN:1,(anonymous_0)
FNF:1
FNH:0
FNDA:0,(anonymous_0)
DA:1,0
LF:1
LH:0
BRF:0
BRH:0
end_of_record
TN:
SF:modules/recruitment-services/partnerships/routes/partnership.routes.js
FN:1,(anonymous_0)
FNF:1
FNH:0
FNDA:0,(anonymous_0)
DA:1,0
LF:1
LH:0
BRF:0
BRH:0
end_of_record
