TN:
SF:servers/customer-services/middleware/auth-middleware.js
FN:33,(anonymous_0)
FN:36,(anonymous_1)
FN:190,(anonymous_2)
FN:248,(anonymous_3)
FN:256,(anonymous_4)
FN:342,(anonymous_5)
FN:345,(anonymous_6)
FN:357,(anonymous_7)
FN:390,(anonymous_8)
FN:429,(anonymous_9)
FN:433,(anonymous_10)
FN:442,(anonymous_11)
FNF:12
FNH:0
FNDA:0,(anonymous_0)
FNDA:0,(anonymous_1)
FNDA:0,(anonymous_2)
FNDA:0,(anonymous_3)
FNDA:0,(anonymous_4)
FNDA:0,(anonymous_5)
FNDA:0,(anonymous_6)
FNDA:0,(anonymous_7)
FNDA:0,(anonymous_8)
FNDA:0,(anonymous_9)
FNDA:0,(anonymous_10)
FNDA:0,(anonymous_11)
DA:7,1
DA:8,1
DA:9,1
DA:10,0
DA:11,0
DA:33,0
DA:34,0
DA:36,0
DA:37,0
DA:39,0
DA:40,0
DA:44,0
DA:48,0
DA:49,0
DA:54,0
DA:64,0
DA:66,0
DA:67,0
DA:69,0
DA:70,0
DA:75,0
DA:86,0
DA:87,0
DA:89,0
DA:91,0
DA:92,0
DA:94,0
DA:95,0
DA:100,0
DA:101,0
DA:105,0
DA:115,0
DA:116,0
DA:121,0
DA:130,0
DA:135,0
DA:144,0
DA:185,0
DA:191,0
DA:197,0
DA:199,0
DA:202,0
DA:210,0
DA:221,0
DA:227,0
DA:248,0
DA:249,0
DA:251,0
DA:252,0
DA:256,0
DA:257,0
DA:259,0
DA:260,0
DA:264,0
DA:265,0
DA:266,0
DA:267,0
DA:268,0
DA:273,0
DA:274,0
DA:276,0
DA:278,0
DA:279,0
DA:281,0
DA:282,0
DA:287,0
DA:292,0
DA:296,0
DA:314,0
DA:317,0
DA:320,0
DA:325,0
DA:329,0
DA:342,0
DA:343,0
DA:345,0
DA:346,0
DA:347,0
DA:356,0
DA:357,0
DA:359,0
DA:360,0
DA:367,0
DA:376,0
DA:390,0
DA:391,0
DA:392,0
DA:401,0
DA:402,0
DA:407,0
DA:416,0
DA:429,0
DA:430,0
DA:433,0
DA:434,0
DA:435,0
DA:436,0
DA:437,0
DA:442,0
DA:443,0
DA:444,0
DA:447,0
DA:448,0
DA:450,0
DA:451,0
DA:455,0
DA:458,0
DA:460,0
DA:461,0
DA:462,0
DA:463,0
DA:466,0
DA:467,0
DA:473,0
DA:483,0
DA:484,0
DA:488,0
LF:117
LH:3
BRDA:39,0,0,0
BRDA:39,0,1,0
BRDA:48,1,0,0
BRDA:48,1,1,0
BRDA:58,2,0,0
BRDA:58,2,1,0
BRDA:66,3,0,0
BRDA:66,3,1,0
BRDA:69,4,0,0
BRDA:69,4,1,0
BRDA:71,5,0,0
BRDA:71,5,1,0
BRDA:87,6,0,0
BRDA:87,6,1,0
BRDA:94,7,0,0
BRDA:94,7,1,0
BRDA:100,8,0,0
BRDA:100,8,1,0
BRDA:115,9,0,0
BRDA:115,9,1,0
BRDA:148,10,0,0
BRDA:148,10,1,0
BRDA:149,11,0,0
BRDA:149,11,1,0
BRDA:152,12,0,0
BRDA:152,12,1,0
BRDA:153,13,0,0
BRDA:153,13,1,0
BRDA:154,14,0,0
BRDA:154,14,1,0
BRDA:156,15,0,0
BRDA:156,15,1,0
BRDA:157,16,0,0
BRDA:157,16,1,0
BRDA:160,17,0,0
BRDA:160,17,1,0
BRDA:160,18,0,0
BRDA:160,18,1,0
BRDA:161,19,0,0
BRDA:161,19,1,0
BRDA:161,20,0,0
BRDA:161,20,1,0
BRDA:162,21,0,0
BRDA:162,21,1,0
BRDA:167,22,0,0
BRDA:167,22,1,0
BRDA:167,23,0,0
BRDA:167,23,1,0
BRDA:168,24,0,0
BRDA:168,24,1,0
BRDA:168,25,0,0
BRDA:168,25,1,0
BRDA:172,26,0,0
BRDA:172,26,1,0
BRDA:172,26,2,0
BRDA:173,27,0,0
BRDA:173,27,1,0
BRDA:174,28,0,0
BRDA:174,28,1,0
BRDA:175,29,0,0
BRDA:175,29,1,0
BRDA:181,30,0,0
BRDA:181,30,1,0
BRDA:191,31,0,0
BRDA:191,31,1,0
BRDA:193,32,0,0
BRDA:193,32,1,0
BRDA:205,33,0,0
BRDA:205,33,1,0
BRDA:251,34,0,0
BRDA:251,34,1,0
BRDA:259,35,0,0
BRDA:259,35,1,0
BRDA:259,36,0,0
BRDA:259,36,1,0
BRDA:265,37,0,0
BRDA:265,37,1,0
BRDA:267,38,0,0
BRDA:267,38,1,0
BRDA:274,39,0,0
BRDA:274,39,1,0
BRDA:281,40,0,0
BRDA:281,40,1,0
BRDA:299,41,0,0
BRDA:299,41,1,0
BRDA:300,42,0,0
BRDA:300,42,1,0
BRDA:301,43,0,0
BRDA:301,43,1,0
BRDA:302,44,0,0
BRDA:302,44,1,0
BRDA:303,45,0,0
BRDA:303,45,1,0
BRDA:304,46,0,0
BRDA:304,46,1,0
BRDA:305,47,0,0
BRDA:305,47,1,0
BRDA:306,48,0,0
BRDA:306,48,1,0
BRDA:306,49,0,0
BRDA:306,49,1,0
BRDA:307,50,0,0
BRDA:307,50,1,0
BRDA:307,51,0,0
BRDA:307,51,1,0
BRDA:308,52,0,0
BRDA:308,52,1,0
BRDA:309,53,0,0
BRDA:309,53,1,0
BRDA:309,53,2,0
BRDA:311,54,0,0
BRDA:311,54,1,0
BRDA:343,55,0,0
BRDA:343,55,1,0
BRDA:346,56,0,0
BRDA:346,56,1,0
BRDA:356,57,0,0
BRDA:356,57,1,0
BRDA:359,58,0,0
BRDA:359,58,1,0
BRDA:391,59,0,0
BRDA:391,59,1,0
BRDA:401,60,0,0
BRDA:401,60,1,0
BRDA:429,61,0,0
BRDA:429,62,0,0
BRDA:436,63,0,0
BRDA:436,63,1,0
BRDA:443,64,0,0
BRDA:443,64,1,0
BRDA:443,65,0,0
BRDA:443,65,1,0
BRDA:450,66,0,0
BRDA:450,66,1,0
BRDA:460,67,0,0
BRDA:460,67,1,0
BRDA:466,68,0,0
BRDA:466,68,1,0
BRF:138
BRH:0
end_of_record
TN:
SF:servers/customer-services/middleware/rate-limiter.js
FN:16,(anonymous_0)
FN:26,(anonymous_1)
FN:49,(anonymous_2)
FN:75,(anonymous_3)
FN:83,(anonymous_4)
FN:88,(anonymous_5)
FN:110,(anonymous_6)
FN:121,(anonymous_7)
FN:133,(anonymous_8)
FN:137,(anonymous_9)
FN:155,(anonymous_10)
FN:191,(anonymous_11)
FN:199,(anonymous_12)
FN:216,(anonymous_13)
FN:217,(anonymous_14)
FN:235,(anonymous_15)
FN:238,(anonymous_16)
FN:275,(anonymous_17)
FN:279,(anonymous_18)
FN:315,(anonymous_19)
FN:323,(anonymous_20)
FN:332,(anonymous_21)
FN:347,rateLimiter
FN:374,(anonymous_23)
FN:446,(anonymous_24)
FN:453,(anonymous_25)
FN:484,setRateLimitHeaders
FN:505,createRateLimiter
FN:518,(anonymous_28)
FN:530,(anonymous_29)
FN:541,(anonymous_30)
FN:552,(anonymous_31)
FN:565,(anonymous_32)
FN:578,globalRateLimiter
FN:582,(anonymous_34)
FN:599,perUserRateLimiter
FN:602,(anonymous_36)
FN:617,perTenantRateLimiter
FN:620,(anonymous_38)
FNF:39
FNH:0
FNDA:0,(anonymous_0)
FNDA:0,(anonymous_1)
FNDA:0,(anonymous_2)
FNDA:0,(anonymous_3)
FNDA:0,(anonymous_4)
FNDA:0,(anonymous_5)
FNDA:0,(anonymous_6)
FNDA:0,(anonymous_7)
FNDA:0,(anonymous_8)
FNDA:0,(anonymous_9)
FNDA:0,(anonymous_10)
FNDA:0,(anonymous_11)
FNDA:0,(anonymous_12)
FNDA:0,(anonymous_13)
FNDA:0,(anonymous_14)
FNDA:0,(anonymous_15)
FNDA:0,(anonymous_16)
FNDA:0,(anonymous_17)
FNDA:0,(anonymous_18)
FNDA:0,(anonymous_19)
FNDA:0,(anonymous_20)
FNDA:0,(anonymous_21)
FNDA:0,rateLimiter
FNDA:0,(anonymous_23)
FNDA:0,(anonymous_24)
FNDA:0,(anonymous_25)
FNDA:0,setRateLimitHeaders
FNDA:0,createRateLimiter
FNDA:0,(anonymous_28)
FNDA:0,(anonymous_29)
FNDA:0,(anonymous_30)
FNDA:0,(anonymous_31)
FNDA:0,(anonymous_32)
FNDA:0,globalRateLimiter
FNDA:0,(anonymous_34)
FNDA:0,perUserRateLimiter
FNDA:0,(anonymous_36)
FNDA:0,perTenantRateLimiter
FNDA:0,(anonymous_38)
DA:7,1
DA:8,1
DA:17,0
DA:18,0
DA:27,0
DA:28,0
DA:29,0
DA:32,0
DA:33,0
DA:34,0
DA:37,0
DA:50,0
DA:51,0
DA:53,0
DA:54,0
DA:55,0
DA:59,0
DA:62,0
DA:63,0
DA:64,0
DA:76,0
DA:84,0
DA:85,0
DA:88,0
DA:89,0
DA:90,0
DA:92,0
DA:93,0
DA:94,0
DA:95,0
DA:99,0
DA:100,0
DA:111,0
DA:112,0
DA:113,0
DA:122,0
DA:134,0
DA:138,0
DA:139,0
DA:140,0
DA:141,0
DA:144,0
DA:145,0
DA:150,0
DA:151,0
DA:156,0
DA:157,0
DA:158,0
DA:160,0
DA:161,0
DA:162,0
DA:168,0
DA:171,0
DA:172,0
DA:174,0
DA:181,0
DA:186,0
DA:187,0
DA:192,0
DA:193,0
DA:195,0
DA:200,0
DA:217,0
DA:218,0
DA:220,0
DA:236,0
DA:238,0
DA:239,0
DA:240,0
DA:243,0
DA:244,0
DA:245,0
DA:248,0
DA:249,0
DA:251,0
DA:254,0
DA:256,0
DA:257,0
DA:260,0
DA:276,0
DA:277,0
DA:279,0
DA:280,0
DA:281,0
DA:283,0
DA:284,0
DA:287,0
DA:288,0
DA:289,0
DA:291,0
DA:293,0
DA:294,0
DA:298,0
DA:300,0
DA:316,0
DA:317,0
DA:318,0
DA:319,0
DA:320,0
DA:321,0
DA:322,0
DA:323,0
DA:324,0
DA:325,0
DA:326,0
DA:327,0
DA:328,0
DA:329,0
DA:333,0
DA:338,0
DA:348,0
DA:351,0
DA:352,0
DA:357,0
DA:358,0
DA:360,0
DA:362,0
DA:363,0
DA:365,0
DA:366,0
DA:369,0
DA:370,0
DA:374,0
DA:375,0
DA:377,0
DA:378,0
DA:382,0
DA:385,0
DA:393,0
DA:403,0
DA:404,0
DA:408,0
DA:409,0
DA:419,0
DA:420,0
DA:423,0
DA:424,0
DA:426,0
DA:436,0
DA:444,0
DA:445,0
DA:446,0
DA:447,0
DA:448,0
DA:450,0
DA:453,0
DA:454,0
DA:460,0
DA:464,0
DA:467,0
DA:468,0
DA:470,0
DA:474,0
DA:486,0
DA:487,0
DA:488,0
DA:489,0
DA:493,0
DA:494,0
DA:495,0
DA:496,0
DA:506,0
DA:512,1
DA:518,0
DA:530,0
DA:541,0
DA:552,0
DA:565,0
DA:579,0
DA:584,0
DA:591,0
DA:600,0
DA:603,0
DA:604,0
DA:605,0
DA:607,0
DA:618,0
DA:621,0
DA:622,0
DA:623,0
DA:625,0
DA:630,1
LF:182
LH:4
BRDA:28,0,0,0
BRDA:28,0,1,0
BRDA:32,1,0,0
BRDA:32,1,1,0
BRDA:53,2,0,0
BRDA:53,2,1,0
BRDA:53,3,0,0
BRDA:53,3,1,0
BRDA:83,4,0,0
BRDA:84,5,0,0
BRDA:84,5,1,0
BRDA:93,6,0,0
BRDA:93,6,1,0
BRDA:99,7,0,0
BRDA:99,7,1,0
BRDA:111,8,0,0
BRDA:111,8,1,0
BRDA:140,9,0,0
BRDA:140,9,1,0
BRDA:160,10,0,0
BRDA:160,10,1,0
BRDA:236,11,0,0
BRDA:236,11,1,0
BRDA:256,12,0,0
BRDA:256,12,1,0
BRDA:276,13,0,0
BRDA:276,13,1,0
BRDA:283,14,0,0
BRDA:283,14,1,0
BRDA:284,15,0,0
BRDA:284,15,1,0
BRDA:289,16,0,0
BRDA:289,16,1,0
BRDA:293,17,0,0
BRDA:293,17,1,0
BRDA:305,18,0,0
BRDA:305,18,1,0
BRDA:315,19,0,0
BRDA:316,20,0,0
BRDA:316,20,1,0
BRDA:317,21,0,0
BRDA:317,21,1,0
BRDA:318,22,0,0
BRDA:318,22,1,0
BRDA:319,23,0,0
BRDA:319,23,1,0
BRDA:320,24,0,0
BRDA:320,24,1,0
BRDA:321,25,0,0
BRDA:321,25,1,0
BRDA:322,26,0,0
BRDA:322,26,1,0
BRDA:323,27,0,0
BRDA:323,27,1,0
BRDA:324,28,0,0
BRDA:324,28,1,0
BRDA:325,29,0,0
BRDA:325,29,1,0
BRDA:326,30,0,0
BRDA:326,30,1,0
BRDA:333,31,0,0
BRDA:333,31,1,0
BRDA:333,31,2,0
BRDA:333,31,3,0
BRDA:347,32,0,0
BRDA:351,33,0,0
BRDA:351,33,1,0
BRDA:357,34,0,0
BRDA:357,34,1,0
BRDA:360,35,0,0
BRDA:360,35,1,0
BRDA:360,35,2,0
BRDA:360,35,3,0
BRDA:377,36,0,0
BRDA:377,36,1,0
BRDA:403,37,0,0
BRDA:403,37,1,0
BRDA:408,38,0,0
BRDA:408,38,1,0
BRDA:419,39,0,0
BRDA:419,39,1,0
BRDA:444,40,0,0
BRDA:444,40,1,0
BRDA:444,41,0,0
BRDA:444,41,1,0
BRDA:448,42,0,0
BRDA:448,42,1,0
BRDA:450,43,0,0
BRDA:450,43,1,0
BRDA:450,44,0,0
BRDA:450,44,1,0
BRDA:450,44,2,0
BRDA:450,44,3,0
BRDA:467,45,0,0
BRDA:467,45,1,0
BRDA:486,46,0,0
BRDA:486,46,1,0
BRDA:493,47,0,0
BRDA:493,47,1,0
BRDA:518,48,0,0
BRDA:530,49,0,0
BRDA:541,50,0,0
BRDA:552,51,0,0
BRDA:565,52,0,0
BRDA:578,53,0,0
BRDA:584,54,0,0
BRDA:584,54,1,0
BRDA:584,54,2,0
BRDA:599,55,0,0
BRDA:603,56,0,0
BRDA:603,56,1,0
BRDA:604,57,0,0
BRDA:604,57,1,0
BRDA:617,58,0,0
BRDA:621,59,0,0
BRDA:621,59,1,0
BRDA:622,60,0,0
BRDA:622,60,1,0
BRF:118
BRH:0
end_of_record
TN:
SF:servers/customer-services/modules/core-business/analytics/services/analytics-service.js
FN:23,(anonymous_0)
FN:50,(anonymous_1)
FN:120,(anonymous_2)
FN:164,(anonymous_3)
FN:197,(anonymous_4)
FN:227,(anonymous_5)
FN:255,(anonymous_6)
FN:290,(anonymous_7)
FN:333,(anonymous_8)
FN:375,(anonymous_9)
FN:407,(anonymous_10)
FN:442,(anonymous_11)
FNF:12
FNH:1
FNDA:4,(anonymous_0)
FNDA:0,(anonymous_1)
FNDA:0,(anonymous_2)
FNDA:0,(anonymous_3)
FNDA:0,(anonymous_4)
FNDA:0,(anonymous_5)
FNDA:0,(anonymous_6)
FNDA:0,(anonymous_7)
FNDA:0,(anonymous_8)
FNDA:0,(anonymous_9)
FNDA:0,(anonymous_10)
FNDA:0,(anonymous_11)
DA:12,4
DA:15,4
DA:25,4
DA:38,4
DA:51,0
DA:52,0
DA:53,0
DA:54,0
DA:57,0
DA:59,0
DA:60,0
DA:64,0
DA:88,0
DA:90,0
DA:97,0
DA:105,0
DA:110,0
DA:121,0
DA:122,0
DA:123,0
DA:126,0
DA:127,0
DA:135,0
DA:141,0
DA:149,0
DA:153,0
DA:165,0
DA:166,0
DA:167,0
DA:170,0
DA:180,0
DA:185,0
DA:198,0
DA:199,0
DA:210,0
DA:216,0
DA:228,0
DA:229,0
DA:240,0
DA:245,0
DA:256,0
DA:262,0
DA:268,0
DA:276,0
DA:280,0
DA:291,0
DA:292,0
DA:293,0
DA:301,0
DA:307,0
DA:317,0
DA:321,0
DA:334,0
DA:335,0
DA:337,0
DA:338,0
DA:346,0
DA:353,0
DA:362,0
DA:366,0
DA:376,0
DA:377,0
DA:378,0
DA:386,0
DA:391,0
DA:394,0
DA:408,0
DA:409,0
DA:410,0
DA:415,0
DA:420,0
DA:427,0
DA:431,0
DA:443,0
DA:444,0
DA:445,0
DA:450,0
DA:456,0
DA:464,0
DA:469,0
DA:475,4
LF:81
LH:5
BRDA:27,0,0,4
BRDA:27,0,1,4
BRDA:28,1,0,4
BRDA:28,1,1,4
BRDA:29,2,0,4
BRDA:29,2,1,4
BRDA:30,3,0,4
BRDA:30,3,1,4
BRDA:33,4,0,4
BRDA:33,4,1,4
BRDA:34,5,0,4
BRDA:34,5,1,4
BRDA:52,6,0,0
BRDA:52,6,1,0
BRDA:59,7,0,0
BRDA:59,7,1,0
BRDA:66,8,0,0
BRDA:66,8,1,0
BRDA:67,9,0,0
BRDA:67,9,1,0
BRDA:68,10,0,0
BRDA:68,10,1,0
BRDA:74,11,0,0
BRDA:74,11,1,0
BRDA:93,12,0,0
BRDA:93,12,1,0
BRDA:122,13,0,0
BRDA:122,13,1,0
BRDA:126,14,0,0
BRDA:126,14,1,0
BRDA:137,15,0,0
BRDA:137,15,1,0
BRDA:164,16,0,0
BRDA:166,17,0,0
BRDA:166,17,1,0
BRDA:197,18,0,0
BRDA:227,19,0,0
BRDA:234,20,0,0
BRDA:234,20,1,0
BRDA:264,21,0,0
BRDA:264,21,1,0
BRDA:290,22,0,0
BRDA:292,23,0,0
BRDA:292,23,1,0
BRDA:337,24,0,0
BRDA:337,24,1,0
BRDA:377,25,0,0
BRDA:377,25,1,0
BRDA:409,26,0,0
BRDA:409,26,1,0
BRDA:417,27,0,0
BRDA:417,27,1,0
BRDA:422,28,0,0
BRDA:422,28,1,0
BRDA:442,29,0,0
BRDA:444,30,0,0
BRDA:444,30,1,0
BRDA:444,31,0,0
BRDA:444,31,1,0
BRF:59
BRH:12
end_of_record
TN:
SF:servers/customer-services/modules/core-business/authentication/services/direct-auth-service.js
FN:129,(anonymous_0)
FN:159,(anonymous_1)
FN:170,(anonymous_2)
FN:187,(anonymous_3)
FN:216,(anonymous_4)
FN:243,(anonymous_5)
FN:251,(anonymous_6)
FN:270,(anonymous_7)
FN:281,(anonymous_8)
FN:453,(anonymous_9)
FN:456,(anonymous_10)
FN:460,(anonymous_11)
FN:580,(anonymous_12)
FN:654,(anonymous_13)
FN:672,(anonymous_14)
FN:680,(anonymous_15)
FN:689,(anonymous_16)
FN:701,(anonymous_17)
FN:712,(anonymous_18)
FN:862,(anonymous_19)
FN:1014,(anonymous_20)
FN:1031,(anonymous_21)
FN:1171,(anonymous_22)
FN:1190,(anonymous_23)
FN:1223,(anonymous_24)
FN:1249,(anonymous_25)
FN:1377,(anonymous_26)
FN:1545,(anonymous_27)
FN:1585,(anonymous_28)
FN:1635,(anonymous_29)
FN:1673,(anonymous_30)
FN:1706,(anonymous_31)
FN:1771,(anonymous_32)
FN:1832,(anonymous_33)
FN:1842,(anonymous_34)
FN:1870,(anonymous_35)
FN:1885,(anonymous_36)
FN:1911,(anonymous_37)
FN:1935,(anonymous_38)
FN:1968,(anonymous_39)
FN:1999,(anonymous_40)
FN:2010,(anonymous_41)
FN:2019,(anonymous_42)
FN:2025,(anonymous_43)
FN:2056,(anonymous_44)
FN:2086,(anonymous_45)
FN:2186,(anonymous_46)
FN:2204,(anonymous_47)
FN:2222,(anonymous_48)
FN:2231,(anonymous_49)
FN:2254,(anonymous_50)
FN:2258,(anonymous_51)
FN:2285,(anonymous_52)
FN:2296,(anonymous_53)
FN:2304,(anonymous_54)
FN:2308,(anonymous_55)
FN:2323,(anonymous_56)
FN:2335,(anonymous_57)
FNF:58
FNH:0
FNDA:0,(anonymous_0)
FNDA:0,(anonymous_1)
FNDA:0,(anonymous_2)
FNDA:0,(anonymous_3)
FNDA:0,(anonymous_4)
FNDA:0,(anonymous_5)
FNDA:0,(anonymous_6)
FNDA:0,(anonymous_7)
FNDA:0,(anonymous_8)
FNDA:0,(anonymous_9)
FNDA:0,(anonymous_10)
FNDA:0,(anonymous_11)
FNDA:0,(anonymous_12)
FNDA:0,(anonymous_13)
FNDA:0,(anonymous_14)
FNDA:0,(anonymous_15)
FNDA:0,(anonymous_16)
FNDA:0,(anonymous_17)
FNDA:0,(anonymous_18)
FNDA:0,(anonymous_19)
FNDA:0,(anonymous_20)
FNDA:0,(anonymous_21)
FNDA:0,(anonymous_22)
FNDA:0,(anonymous_23)
FNDA:0,(anonymous_24)
FNDA:0,(anonymous_25)
FNDA:0,(anonymous_26)
FNDA:0,(anonymous_27)
FNDA:0,(anonymous_28)
FNDA:0,(anonymous_29)
FNDA:0,(anonymous_30)
FNDA:0,(anonymous_31)
FNDA:0,(anonymous_32)
FNDA:0,(anonymous_33)
FNDA:0,(anonymous_34)
FNDA:0,(anonymous_35)
FNDA:0,(anonymous_36)
FNDA:0,(anonymous_37)
FNDA:0,(anonymous_38)
FNDA:0,(anonymous_39)
FNDA:0,(anonymous_40)
FNDA:0,(anonymous_41)
FNDA:0,(anonymous_42)
FNDA:0,(anonymous_43)
FNDA:0,(anonymous_44)
FNDA:0,(anonymous_45)
FNDA:0,(anonymous_46)
FNDA:0,(anonymous_47)
FNDA:0,(anonymous_48)
FNDA:0,(anonymous_49)
FNDA:0,(anonymous_50)
FNDA:0,(anonymous_51)
FNDA:0,(anonymous_52)
FNDA:0,(anonymous_53)
FNDA:0,(anonymous_54)
FNDA:0,(anonymous_55)
FNDA:0,(anonymous_56)
FNDA:0,(anonymous_57)
DA:13,1
DA:14,1
DA:17,1
DA:18,1
DA:19,1
DA:20,1
DA:21,1
DA:24,1
DA:27,1
DA:28,1
DA:29,1
DA:30,1
DA:33,0
DA:34,0
DA:39,0
DA:50,0
DA:63,0
DA:117,0
DA:130,0
DA:131,0
DA:132,0
DA:135,0
DA:150,0
DA:151,0
DA:152,0
DA:160,0
DA:161,0
DA:163,0
DA:171,0
DA:172,0
DA:173,0
DA:175,0
DA:178,0
DA:188,0
DA:189,0
DA:193,0
DA:196,0
DA:197,0
DA:202,0
DA:203,0
DA:205,0
DA:209,0
DA:217,0
DA:218,0
DA:222,0
DA:224,0
DA:225,0
DA:229,0
DA:230,0
DA:232,0
DA:236,0
DA:244,0
DA:252,0
DA:253,0
DA:254,0
DA:255,0
DA:257,0
DA:259,0
DA:262,0
DA:271,0
DA:282,0
DA:283,0
DA:289,0
DA:290,0
DA:292,0
DA:295,0
DA:300,0
DA:301,0
DA:305,0
DA:306,0
DA:309,0
DA:316,0
DA:366,0
DA:367,0
DA:370,0
DA:371,0
DA:372,0
DA:378,0
DA:379,0
DA:387,0
DA:388,0
DA:397,0
DA:399,0
DA:400,0
DA:407,0
DA:408,0
DA:415,0
DA:431,0
DA:433,0
DA:447,0
DA:453,0
DA:457,0
DA:461,0
DA:473,0
DA:474,0
DA:475,0
DA:481,0
DA:482,0
DA:487,0
DA:488,0
DA:490,0
DA:491,0
DA:498,0
DA:499,0
DA:501,0
DA:502,0
DA:503,0
DA:508,0
DA:515,0
DA:520,0
DA:529,0
DA:541,0
DA:545,0
DA:546,0
DA:552,0
DA:553,0
DA:554,0
DA:555,0
DA:556,0
DA:558,0
DA:559,0
DA:562,0
DA:564,0
DA:571,0
DA:575,0
DA:579,0
DA:581,0
DA:588,0
DA:589,0
DA:590,0
DA:592,0
DA:598,0
DA:599,0
DA:600,0
DA:601,0
DA:602,0
DA:611,0
DA:628,0
DA:629,0
DA:630,0
DA:632,0
DA:633,0
DA:634,0
DA:637,0
DA:640,0
DA:646,0
DA:655,0
DA:657,0
DA:660,0
DA:673,0
DA:681,0
DA:691,0
DA:693,0
DA:702,0
DA:703,0
DA:712,0
DA:863,0
DA:864,0
DA:870,0
DA:871,0
DA:873,0
DA:874,0
DA:878,0
DA:881,0
DA:891,0
DA:892,0
DA:895,0
DA:896,0
DA:902,0
DA:965,0
DA:967,0
DA:975,0
DA:976,0
DA:982,0
DA:983,0
DA:987,0
DA:990,0
DA:995,0
DA:998,0
DA:1006,0
DA:1015,0
DA:1016,0
DA:1017,0
DA:1018,0
DA:1020,0
DA:1032,0
DA:1033,0
DA:1035,0
DA:1037,0
DA:1039,0
DA:1044,0
DA:1045,0
DA:1046,0
DA:1049,0
DA:1050,0
DA:1053,0
DA:1054,0
DA:1057,0
DA:1059,0
DA:1060,0
DA:1061,0
DA:1063,0
DA:1064,0
DA:1067,0
DA:1068,0
DA:1073,0
DA:1074,0
DA:1078,0
DA:1079,0
DA:1080,0
DA:1081,0
DA:1082,0
DA:1085,0
DA:1087,0
DA:1093,0
DA:1106,0
DA:1107,0
DA:1108,0
DA:1116,0
DA:1117,0
DA:1125,0
DA:1126,0
DA:1128,0
DA:1130,0
DA:1131,0
DA:1132,0
DA:1137,0
DA:1140,0
DA:1147,0
DA:1163,0
DA:1167,0
DA:1172,0
DA:1173,0
DA:1174,0
DA:1175,0
DA:1177,0
DA:1178,0
DA:1181,0
DA:1183,0
DA:1186,0
DA:1191,0
DA:1192,0
DA:1194,0
DA:1195,0
DA:1196,0
DA:1198,0
DA:1213,0
DA:1215,0
DA:1219,0
DA:1224,0
DA:1225,0
DA:1227,0
DA:1228,0
DA:1234,0
DA:1239,0
DA:1241,0
DA:1245,0
DA:1250,0
DA:1251,0
DA:1252,0
DA:1256,0
DA:1257,0
DA:1260,0
DA:1262,0
DA:1266,0
DA:1378,0
DA:1379,0
DA:1385,0
DA:1386,0
DA:1391,0
DA:1393,0
DA:1399,0
DA:1400,0
DA:1401,0
DA:1404,0
DA:1410,0
DA:1412,0
DA:1418,0
DA:1419,0
DA:1420,0
DA:1423,0
DA:1430,0
DA:1431,0
DA:1435,0
DA:1442,0
DA:1443,0
DA:1446,0
DA:1447,0
DA:1451,0
DA:1455,0
DA:1456,0
DA:1462,0
DA:1466,0
DA:1467,0
DA:1472,0
DA:1476,0
DA:1477,0
DA:1478,0
DA:1479,0
DA:1482,0
DA:1483,0
DA:1484,0
DA:1485,0
DA:1488,0
DA:1490,0
DA:1497,0
DA:1498,0
DA:1499,0
DA:1500,0
DA:1504,0
DA:1511,0
DA:1512,0
DA:1513,0
DA:1514,0
DA:1519,0
DA:1528,0
DA:1534,0
DA:1541,0
DA:1546,0
DA:1547,0
DA:1549,0
DA:1550,0
DA:1555,0
DA:1556,0
DA:1559,0
DA:1560,0
DA:1563,0
DA:1564,0
DA:1565,0
DA:1567,0
DA:1568,0
DA:1570,0
DA:1572,0
DA:1576,0
DA:1586,0
DA:1587,0
DA:1589,0
DA:1592,0
DA:1598,0
DA:1599,0
DA:1600,0
DA:1607,0
DA:1609,0
DA:1615,0
DA:1621,0
DA:1628,0
DA:1636,0
DA:1637,0
DA:1639,0
DA:1640,0
DA:1645,0
DA:1646,0
DA:1647,0
DA:1650,0
DA:1651,0
DA:1653,0
DA:1654,0
DA:1660,0
DA:1661,0
DA:1663,0
DA:1665,0
DA:1669,0
DA:1674,0
DA:1675,0
DA:1677,0
DA:1678,0
DA:1680,0
DA:1685,0
DA:1686,0
DA:1689,0
DA:1691,0
DA:1692,0
DA:1694,0
DA:1695,0
DA:1697,0
DA:1699,0
DA:1702,0
DA:1707,0
DA:1708,0
DA:1710,0
DA:1711,0
DA:1713,0
DA:1719,0
DA:1720,0
DA:1723,0
DA:1724,0
DA:1727,0
DA:1729,0
DA:1730,0
DA:1733,0
DA:1735,0
DA:1736,0
DA:1738,0
DA:1740,0
DA:1741,0
DA:1742,0
DA:1747,0
DA:1754,0
DA:1755,0
DA:1757,0
DA:1763,0
DA:1767,0
DA:1772,0
DA:1773,0
DA:1775,0
DA:1777,0
DA:1778,0
DA:1781,0
DA:1782,0
DA:1783,0
DA:1786,0
DA:1788,0
DA:1789,0
DA:1791,0
DA:1795,0
DA:1796,0
DA:1797,0
DA:1798,0
DA:1799,0
DA:1804,0
DA:1811,0
DA:1813,0
DA:1822,0
DA:1823,0
DA:1825,0
DA:1826,0
DA:1833,0
DA:1834,0
DA:1835,0
DA:1843,0
DA:1845,0
DA:1846,0
DA:1847,0
DA:1848,0
DA:1851,0
DA:1852,0
DA:1854,0
DA:1857,0
DA:1858,0
DA:1861,0
DA:1862,0
DA:1865,0
DA:1866,0
DA:1871,0
DA:1872,0
DA:1874,0
DA:1875,0
DA:1878,0
DA:1879,0
DA:1886,0
DA:1888,0
DA:1890,0
DA:1891,0
DA:1892,0
DA:1893,0
DA:1895,0
DA:1896,0
DA:1897,0
DA:1899,0
DA:1900,0
DA:1901,0
DA:1903,0
DA:1904,0
DA:1905,0
DA:1908,0
DA:1912,0
DA:1914,0
DA:1920,0
DA:1938,0
DA:1939,0
DA:1942,0
DA:1943,0
DA:1946,0
DA:1947,0
DA:1950,0
DA:1951,0
DA:1955,0
DA:1956,0
DA:1960,0
DA:1961,0
DA:1965,0
DA:1969,0
DA:1971,0
DA:1972,0
DA:1979,0
DA:1985,0
DA:2000,0
DA:2001,0
DA:2007,0
DA:2011,0
DA:2020,0
DA:2026,0
DA:2029,0
DA:2030,0
DA:2031,0
DA:2036,0
DA:2037,0
DA:2043,0
DA:2045,0
DA:2046,0
DA:2049,0
DA:2057,0
DA:2058,0
DA:2059,0
DA:2070,0
DA:2087,0
DA:2089,0
DA:2092,0
DA:2093,0
DA:2099,0
DA:2102,0
DA:2103,0
DA:2110,0
DA:2114,0
DA:2117,0
DA:2127,0
DA:2128,0
DA:2133,0
DA:2137,0
DA:2150,0
DA:2161,0
DA:2163,0
DA:2169,0
DA:2172,0
DA:2182,0
DA:2187,0
DA:2188,0
DA:2189,0
DA:2200,0
DA:2205,0
DA:2206,0
DA:2207,0
DA:2218,0
DA:2223,0
DA:2232,0
DA:2233,0
DA:2234,0
DA:2242,0
DA:2249,0
DA:2255,0
DA:2259,0
DA:2269,0
DA:2270,0
DA:2274,0
DA:2275,0
DA:2278,0
DA:2286,0
DA:2297,0
DA:2305,0
DA:2309,0
DA:2310,0
DA:2312,0
DA:2314,0
DA:2315,0
DA:2316,0
DA:2317,0
DA:2318,0
DA:2320,0
DA:2324,0
DA:2326,0
DA:2336,0
DA:2345,0
LF:562
LH:12
BRDA:136,0,0,0
BRDA:136,0,1,0
BRDA:138,1,0,0
BRDA:138,1,1,0
BRDA:144,2,0,0
BRDA:144,2,1,0
BRDA:160,3,0,0
BRDA:160,3,1,0
BRDA:188,4,0,0
BRDA:188,4,1,0
BRDA:193,5,0,0
BRDA:193,5,1,0
BRDA:193,6,0,0
BRDA:193,6,1,0
BRDA:193,6,2,0
BRDA:217,7,0,0
BRDA:217,7,1,0
BRDA:222,8,0,0
BRDA:222,8,1,0
BRDA:222,9,0,0
BRDA:222,9,1,0
BRDA:254,10,0,0
BRDA:254,10,1,0
BRDA:254,11,0,0
BRDA:254,11,1,0
BRDA:281,12,0,0
BRDA:300,13,0,0
BRDA:300,13,1,0
BRDA:318,14,0,0
BRDA:318,14,1,0
BRDA:325,15,0,0
BRDA:325,15,1,0
BRDA:336,16,0,0
BRDA:336,16,1,0
BRDA:337,17,0,0
BRDA:337,17,1,0
BRDA:340,18,0,0
BRDA:340,18,1,0
BRDA:345,19,0,0
BRDA:345,19,1,0
BRDA:346,20,0,0
BRDA:346,20,1,0
BRDA:347,21,0,0
BRDA:347,21,1,0
BRDA:356,22,0,0
BRDA:356,22,1,0
BRDA:370,23,0,0
BRDA:370,23,1,0
BRDA:378,24,0,0
BRDA:378,24,1,0
BRDA:379,25,0,0
BRDA:379,25,1,0
BRDA:379,25,2,0
BRDA:379,25,3,0
BRDA:379,25,4,0
BRDA:387,26,0,0
BRDA:387,26,1,0
BRDA:399,27,0,0
BRDA:399,27,1,0
BRDA:407,28,0,0
BRDA:407,28,1,0
BRDA:407,29,0,0
BRDA:407,29,1,0
BRDA:422,30,0,0
BRDA:422,30,1,0
BRDA:423,31,0,0
BRDA:423,31,1,0
BRDA:475,32,0,0
BRDA:475,32,1,0
BRDA:475,33,0,0
BRDA:475,33,1,0
BRDA:481,34,0,0
BRDA:481,34,1,0
BRDA:481,35,0,0
BRDA:481,35,1,0
BRDA:490,36,0,0
BRDA:490,36,1,0
BRDA:501,37,0,0
BRDA:501,37,1,0
BRDA:501,38,0,0
BRDA:501,38,1,0
BRDA:537,39,0,0
BRDA:537,39,1,0
BRDA:545,40,0,0
BRDA:545,40,1,0
BRDA:558,41,0,0
BRDA:558,41,1,0
BRDA:599,42,0,0
BRDA:599,42,1,0
BRDA:599,43,0,0
BRDA:599,43,1,0
BRDA:613,44,0,0
BRDA:613,44,1,0
BRDA:628,45,0,0
BRDA:628,45,1,0
BRDA:655,46,0,0
BRDA:655,46,1,0
BRDA:657,47,0,0
BRDA:657,47,1,0
BRDA:662,48,0,0
BRDA:662,48,1,0
BRDA:662,48,2,0
BRDA:673,49,0,0
BRDA:673,49,1,0
BRDA:681,50,0,0
BRDA:681,50,1,0
BRDA:691,51,0,0
BRDA:691,51,1,0
BRDA:705,52,0,0
BRDA:705,52,1,0
BRDA:707,53,0,0
BRDA:707,53,1,0
BRDA:715,54,0,0
BRDA:715,54,1,0
BRDA:865,55,0,0
BRDA:865,55,1,0
BRDA:873,56,0,0
BRDA:873,56,1,0
BRDA:892,57,0,0
BRDA:892,57,1,0
BRDA:895,58,0,0
BRDA:895,58,1,0
BRDA:904,59,0,0
BRDA:904,59,1,0
BRDA:904,59,2,0
BRDA:914,60,0,0
BRDA:914,60,1,0
BRDA:919,61,0,0
BRDA:919,61,1,0
BRDA:934,62,0,0
BRDA:934,62,1,0
BRDA:935,63,0,0
BRDA:935,63,1,0
BRDA:941,64,0,0
BRDA:941,64,1,0
BRDA:941,64,2,0
BRDA:942,65,0,0
BRDA:942,65,1,0
BRDA:949,66,0,0
BRDA:949,66,1,0
BRDA:970,67,0,0
BRDA:970,67,1,0
BRDA:977,68,0,0
BRDA:977,68,1,0
BRDA:982,69,0,0
BRDA:982,69,1,0
BRDA:984,70,0,0
BRDA:984,70,1,0
BRDA:1001,71,0,0
BRDA:1001,71,1,0
BRDA:1031,72,0,0
BRDA:1044,73,0,0
BRDA:1044,73,1,0
BRDA:1049,74,0,0
BRDA:1049,74,1,0
BRDA:1053,75,0,0
BRDA:1053,75,1,0
BRDA:1059,76,0,0
BRDA:1059,76,1,0
BRDA:1060,77,0,0
BRDA:1060,77,1,0
BRDA:1067,78,0,0
BRDA:1067,78,1,0
BRDA:1067,79,0,0
BRDA:1067,79,1,0
BRDA:1069,80,0,0
BRDA:1069,80,1,0
BRDA:1074,81,0,0
BRDA:1074,81,1,0
BRDA:1074,81,2,0
BRDA:1078,82,0,0
BRDA:1078,82,1,0
BRDA:1081,83,0,0
BRDA:1081,83,1,0
BRDA:1089,84,0,0
BRDA:1089,84,1,0
BRDA:1100,85,0,0
BRDA:1100,85,1,0
BRDA:1106,86,0,0
BRDA:1106,86,1,0
BRDA:1107,87,0,0
BRDA:1107,87,1,0
BRDA:1111,88,0,0
BRDA:1111,88,1,0
BRDA:1116,89,0,0
BRDA:1116,89,1,0
BRDA:1133,90,0,0
BRDA:1133,90,1,0
BRDA:1141,91,0,0
BRDA:1141,91,1,0
BRDA:1177,92,0,0
BRDA:1177,92,1,0
BRDA:1190,93,0,0
BRDA:1223,94,0,0
BRDA:1256,95,0,0
BRDA:1256,95,1,0
BRDA:1391,96,0,0
BRDA:1391,96,1,0
BRDA:1399,97,0,0
BRDA:1399,97,1,0
BRDA:1405,98,0,0
BRDA:1405,98,1,0
BRDA:1418,99,0,0
BRDA:1418,99,1,0
BRDA:1424,100,0,0
BRDA:1424,100,1,0
BRDA:1425,101,0,0
BRDA:1425,101,1,0
BRDA:1430,102,0,0
BRDA:1430,102,1,0
BRDA:1432,103,0,0
BRDA:1432,103,1,0
BRDA:1446,104,0,0
BRDA:1446,104,1,0
BRDA:1448,105,0,0
BRDA:1448,105,1,0
BRDA:1455,106,0,0
BRDA:1455,106,1,0
BRDA:1460,107,0,0
BRDA:1460,107,1,0
BRDA:1466,108,0,0
BRDA:1466,108,1,0
BRDA:1470,109,0,0
BRDA:1470,109,1,0
BRDA:1482,110,0,0
BRDA:1482,110,1,0
BRDA:1491,111,0,0
BRDA:1491,111,1,0
BRDA:1501,112,0,0
BRDA:1501,112,1,0
BRDA:1506,113,0,0
BRDA:1506,113,1,0
BRDA:1511,114,0,0
BRDA:1511,114,1,0
BRDA:1511,115,0,0
BRDA:1511,115,1,0
BRDA:1511,115,2,0
BRDA:1516,116,0,0
BRDA:1516,116,1,0
BRDA:1522,117,0,0
BRDA:1522,117,1,0
BRDA:1555,118,0,0
BRDA:1555,118,1,0
BRDA:1559,119,0,0
BRDA:1559,119,1,0
BRDA:1565,120,0,0
BRDA:1565,120,1,0
BRDA:1570,121,0,0
BRDA:1570,121,1,0
BRDA:1598,122,0,0
BRDA:1598,122,1,0
BRDA:1607,123,0,0
BRDA:1607,123,1,0
BRDA:1645,124,0,0
BRDA:1645,124,1,0
BRDA:1653,125,0,0
BRDA:1653,125,1,0
BRDA:1657,126,0,0
BRDA:1657,126,1,0
BRDA:1663,127,0,0
BRDA:1663,127,1,0
BRDA:1685,128,0,0
BRDA:1685,128,1,0
BRDA:1697,129,0,0
BRDA:1697,129,1,0
BRDA:1706,130,0,0
BRDA:1719,131,0,0
BRDA:1719,131,1,0
BRDA:1723,132,0,0
BRDA:1723,132,1,0
BRDA:1729,133,0,0
BRDA:1729,133,1,0
BRDA:1740,134,0,0
BRDA:1740,134,1,0
BRDA:1771,135,0,0
BRDA:1777,136,0,0
BRDA:1777,136,1,0
BRDA:1782,137,0,0
BRDA:1782,137,1,0
BRDA:1795,138,0,0
BRDA:1795,138,1,0
BRDA:1798,139,0,0
BRDA:1798,139,1,0
BRDA:1798,140,0,0
BRDA:1798,140,1,0
BRDA:1822,141,0,0
BRDA:1822,141,1,0
BRDA:1822,142,0,0
BRDA:1822,142,1,0
BRDA:1834,143,0,0
BRDA:1834,143,1,0
BRDA:1845,144,0,0
BRDA:1845,144,1,0
BRDA:1847,145,0,0
BRDA:1847,145,1,0
BRDA:1851,146,0,0
BRDA:1851,146,1,0
BRDA:1857,147,0,0
BRDA:1857,147,1,0
BRDA:1861,148,0,0
BRDA:1861,148,1,0
BRDA:1865,149,0,0
BRDA:1865,149,1,0
BRDA:1870,150,0,0
BRDA:1871,151,0,0
BRDA:1871,151,1,0
BRDA:1874,152,0,0
BRDA:1874,152,1,0
BRDA:1878,153,0,0
BRDA:1878,153,1,0
BRDA:1888,154,0,0
BRDA:1888,154,1,0
BRDA:1888,154,2,0
BRDA:1888,154,3,0
BRDA:1912,155,0,0
BRDA:1912,155,1,0
BRDA:1920,156,0,0
BRDA:1920,156,1,0
BRDA:1938,157,0,0
BRDA:1938,157,1,0
BRDA:1942,158,0,0
BRDA:1942,158,1,0
BRDA:1946,159,0,0
BRDA:1946,159,1,0
BRDA:1950,160,0,0
BRDA:1950,160,1,0
BRDA:1955,161,0,0
BRDA:1955,161,1,0
BRDA:1960,162,0,0
BRDA:1960,162,1,0
BRDA:1971,163,0,0
BRDA:1971,163,1,0
BRDA:2007,164,0,0
BRDA:2007,164,1,0
BRDA:2029,165,0,0
BRDA:2029,165,1,0
BRDA:2029,166,0,0
BRDA:2029,166,1,0
BRDA:2032,167,0,0
BRDA:2032,167,1,0
BRDA:2038,168,0,0
BRDA:2038,168,1,0
BRDA:2045,169,0,0
BRDA:2045,169,1,0
BRDA:2046,170,0,0
BRDA:2046,170,1,0
BRDA:2051,171,0,0
BRDA:2051,171,1,0
BRDA:2058,172,0,0
BRDA:2058,172,1,0
BRDA:2063,173,0,0
BRDA:2063,173,1,0
BRDA:2092,174,0,0
BRDA:2092,174,1,0
BRDA:2102,175,0,0
BRDA:2102,175,1,0
BRDA:2127,176,0,0
BRDA:2127,176,1,0
BRDA:2141,177,0,0
BRDA:2141,177,1,0
BRDA:2142,178,0,0
BRDA:2142,178,1,0
BRDA:2188,179,0,0
BRDA:2188,179,1,0
BRDA:2193,180,0,0
BRDA:2193,180,1,0
BRDA:2206,181,0,0
BRDA:2206,181,1,0
BRDA:2209,182,0,0
BRDA:2209,182,1,0
BRDA:2213,183,0,0
BRDA:2213,183,1,0
BRDA:2233,184,0,0
BRDA:2233,184,1,0
BRDA:2260,185,0,0
BRDA:2260,185,1,0
BRDA:2261,186,0,0
BRDA:2261,186,1,0
BRDA:2269,187,0,0
BRDA:2269,187,1,0
BRDA:2274,188,0,0
BRDA:2274,188,1,0
BRDA:2288,189,0,0
BRDA:2288,189,1,0
BRDA:2309,190,0,0
BRDA:2309,190,1,0
BRDA:2310,191,0,0
BRDA:2310,191,1,0
BRDA:2312,192,0,0
BRDA:2312,192,1,0
BRDA:2324,193,0,0
BRDA:2324,193,1,0
BRDA:2327,194,0,0
BRDA:2327,194,1,0
BRF:394
BRH:0
end_of_record
TN:
SF:servers/customer-services/modules/core-business/authentication/validators/auth-validators.js
FN:13,(anonymous_0)
FN:19,(anonymous_1)
FN:54,(anonymous_2)
FN:85,(anonymous_3)
FNF:4
FNH:3
FNDA:2,(anonymous_0)
FNDA:10,(anonymous_1)
FNDA:39,(anonymous_2)
FNDA:0,(anonymous_3)
DA:8,1
DA:13,1
DA:14,2
DA:15,2
DA:16,1
DA:19,10
DA:26,1
DA:32,1
DA:54,39
DA:86,0
DA:87,0
DA:110,1
DA:151,1
DA:170,1
LF:14
LH:12
BRDA:15,0,0,1
BRDA:15,0,1,1
BRF:2
BRH:2
end_of_record
TN:
SF:servers/customer-services/modules/core-business/billing-management/services/payment-service.js
FN:26,(anonymous_0)
FN:53,(anonymous_1)
FN:68,(anonymous_2)
FN:106,(anonymous_3)
FN:149,(anonymous_4)
FN:218,(anonymous_5)
FN:337,(anonymous_6)
FN:449,(anonymous_7)
FN:506,(anonymous_8)
FN:526,(anonymous_9)
FN:575,(anonymous_10)
FN:625,(anonymous_11)
FN:661,(anonymous_12)
FN:698,(anonymous_13)
FN:708,(anonymous_14)
FNF:15
FNH:6
FNDA:16,(anonymous_0)
FNDA:9,(anonymous_1)
FNDA:0,(anonymous_2)
FNDA:0,(anonymous_3)
FNDA:3,(anonymous_4)
FNDA:3,(anonymous_5)
FNDA:3,(anonymous_6)
FNDA:0,(anonymous_7)
FNDA:0,(anonymous_8)
FNDA:0,(anonymous_9)
FNDA:3,(anonymous_10)
FNDA:0,(anonymous_11)
FNDA:0,(anonymous_12)
FNDA:0,(anonymous_13)
FNDA:0,(anonymous_14)
DA:8,4
DA:9,4
DA:12,4
DA:15,4
DA:18,4
DA:27,16
DA:30,16
DA:54,9
DA:55,9
DA:57,9
DA:69,0
DA:70,0
DA:71,0
DA:73,0
DA:75,0
DA:76,0
DA:79,0
DA:82,0
DA:83,0
DA:85,0
DA:94,0
DA:95,0
DA:107,0
DA:108,0
DA:109,0
DA:111,0
DA:113,0
DA:114,0
DA:117,0
DA:118,0
DA:121,0
DA:122,0
DA:125,0
DA:126,0
DA:127,0
DA:128,0
DA:130,0
DA:132,0
DA:134,0
DA:137,0
DA:138,0
DA:150,3
DA:152,3
DA:153,0
DA:154,0
DA:157,0
DA:160,0
DA:168,3
DA:187,0
DA:188,0
DA:190,0
DA:191,0
DA:193,0
DA:198,0
DA:201,3
DA:202,3
DA:219,3
DA:220,3
DA:221,3
DA:222,3
DA:225,3
DA:226,3
DA:227,0
DA:231,3
DA:234,0
DA:235,0
DA:236,0
DA:237,0
DA:240,0
DA:258,0
DA:261,0
DA:309,0
DA:311,0
DA:317,0
DA:326,3
DA:327,3
DA:338,3
DA:339,3
DA:340,3
DA:341,3
DA:344,3
DA:346,0
DA:347,0
DA:351,0
DA:355,0
DA:356,0
DA:360,0
DA:367,0
DA:368,0
DA:369,0
DA:371,0
DA:372,0
DA:374,0
DA:375,0
DA:379,0
DA:380,0
DA:383,0
DA:384,0
DA:387,0
DA:391,0
DA:404,0
DA:405,0
DA:407,0
DA:409,0
DA:412,0
DA:415,0
DA:417,0
DA:425,0
DA:430,0
DA:437,3
DA:438,3
DA:450,0
DA:451,0
DA:452,0
DA:454,0
DA:455,0
DA:456,0
DA:460,0
DA:462,0
DA:463,0
DA:472,0
DA:474,0
DA:475,0
DA:485,0
DA:494,0
DA:495,0
DA:507,0
DA:508,0
DA:509,0
DA:511,0
DA:512,0
DA:513,0
DA:516,0
DA:518,0
DA:519,0
DA:523,0
DA:526,0
DA:527,0
DA:530,0
DA:531,0
DA:532,0
DA:534,0
DA:535,0
DA:540,0
DA:541,0
DA:543,0
DA:545,0
DA:547,0
DA:549,0
DA:551,0
DA:557,0
DA:560,0
DA:561,0
DA:576,3
DA:577,3
DA:578,3
DA:580,3
DA:582,3
DA:583,0
DA:586,3
DA:587,3
DA:591,0
DA:594,0
DA:605,0
DA:606,0
DA:607,0
DA:608,0
DA:611,0
DA:612,0
DA:613,0
DA:614,0
DA:615,0
DA:617,0
DA:619,0
DA:625,0
DA:626,0
DA:628,0
DA:629,0
DA:632,0
DA:636,0
DA:642,0
DA:649,3
DA:650,3
DA:662,0
DA:663,0
DA:664,0
DA:666,0
DA:668,0
DA:669,0
DA:673,0
DA:675,0
DA:686,0
DA:687,0
DA:699,0
DA:700,0
DA:701,0
DA:703,0
DA:708,0
DA:709,0
DA:712,0
DA:713,0
DA:718,0
DA:727,0
DA:728,0
DA:731,0
DA:738,0
DA:746,0
DA:747,0
DA:753,4
LF:209
LH:41
BRDA:31,0,0,16
BRDA:31,0,1,16
BRDA:32,1,0,16
BRDA:32,1,1,16
BRDA:33,2,0,16
BRDA:33,2,1,16
BRDA:34,3,0,16
BRDA:34,3,1,16
BRDA:40,4,0,16
BRDA:40,4,1,16
BRDA:41,5,0,16
BRDA:41,5,1,16
BRDA:44,6,0,16
BRDA:44,6,1,16
BRDA:45,7,0,16
BRDA:45,7,1,16
BRDA:54,8,0,9
BRDA:54,8,1,0
BRDA:68,9,0,0
BRDA:75,10,0,0
BRDA:75,10,1,0
BRDA:79,11,0,0
BRDA:79,11,1,0
BRDA:83,12,0,0
BRDA:83,12,1,0
BRDA:86,13,0,0
BRDA:86,13,1,0
BRDA:87,14,0,0
BRDA:87,14,1,0
BRDA:106,15,0,0
BRDA:113,16,0,0
BRDA:113,16,1,0
BRDA:117,17,0,0
BRDA:117,17,1,0
BRDA:121,18,0,0
BRDA:121,18,1,0
BRDA:152,19,0,0
BRDA:152,19,1,3
BRDA:176,20,0,0
BRDA:176,20,1,0
BRDA:187,21,0,0
BRDA:187,21,1,0
BRDA:218,22,0,3
BRDA:226,23,0,0
BRDA:226,23,1,3
BRDA:246,24,0,0
BRDA:246,24,1,0
BRDA:247,25,0,0
BRDA:247,25,1,0
BRDA:250,26,0,0
BRDA:250,26,1,0
BRDA:271,27,0,0
BRDA:271,27,1,0
BRDA:272,28,0,0
BRDA:272,28,1,0
BRDA:337,29,0,3
BRDA:346,30,0,0
BRDA:346,30,1,0
BRDA:355,31,0,0
BRDA:355,31,1,0
BRDA:367,32,0,0
BRDA:367,32,1,0
BRDA:371,33,0,0
BRDA:371,33,1,0
BRDA:374,34,0,0
BRDA:374,34,1,0
BRDA:379,35,0,0
BRDA:379,35,1,0
BRDA:383,36,0,0
BRDA:383,36,1,0
BRDA:387,37,0,0
BRDA:387,37,1,0
BRDA:404,38,0,0
BRDA:404,38,1,0
BRDA:408,39,0,0
BRDA:408,39,1,0
BRDA:410,40,0,0
BRDA:410,40,1,0
BRDA:449,41,0,0
BRDA:455,42,0,0
BRDA:455,42,1,0
BRDA:462,43,0,0
BRDA:462,43,1,0
BRDA:462,44,0,0
BRDA:462,44,1,0
BRDA:472,45,0,0
BRDA:472,45,1,0
BRDA:474,46,0,0
BRDA:474,46,1,0
BRDA:506,47,0,0
BRDA:512,48,0,0
BRDA:512,48,1,0
BRDA:516,49,0,0
BRDA:516,49,1,0
BRDA:518,50,0,0
BRDA:518,50,1,0
BRDA:527,51,0,0
BRDA:527,51,1,0
BRDA:530,52,0,0
BRDA:530,52,1,0
BRDA:534,53,0,0
BRDA:534,53,1,0
BRDA:540,54,0,0
BRDA:540,54,1,0
BRDA:544,55,0,0
BRDA:544,55,1,0
BRDA:546,56,0,0
BRDA:546,56,1,0
BRDA:575,57,0,3
BRDA:582,58,0,0
BRDA:582,58,1,3
BRDA:586,59,0,3
BRDA:586,59,1,0
BRDA:591,60,0,0
BRDA:591,60,1,0
BRDA:597,61,0,0
BRDA:597,61,1,0
BRDA:611,62,0,0
BRDA:611,62,1,0
BRDA:617,63,0,0
BRDA:617,63,1,0
BRDA:617,64,0,0
BRDA:617,64,1,0
BRDA:621,65,0,0
BRDA:621,65,1,0
BRDA:628,66,0,0
BRDA:628,66,1,0
BRDA:668,67,0,0
BRDA:668,67,1,0
BRDA:698,68,0,0
BRDA:704,69,0,0
BRDA:704,69,1,0
BRDA:712,70,0,0
BRDA:712,70,1,0
BRF:134
BRH:24
end_of_record
TN:
SF:servers/customer-services/modules/core-business/billing/services/credit-management-service.js
FN:18,(anonymous_0)
FN:86,(anonymous_1)
FN:156,(anonymous_2)
FN:162,(anonymous_3)
FN:233,(anonymous_4)
FN:275,(anonymous_5)
FN:296,(anonymous_6)
FN:354,(anonymous_7)
FN:396,(anonymous_8)
FN:404,(anonymous_9)
FN:407,(anonymous_10)
FN:419,(anonymous_11)
FN:442,(anonymous_12)
FN:462,(anonymous_13)
FN:481,(anonymous_14)
FN:503,(anonymous_15)
FNF:16
FNH:0
FNDA:0,(anonymous_0)
FNDA:0,(anonymous_1)
FNDA:0,(anonymous_2)
FNDA:0,(anonymous_3)
FNDA:0,(anonymous_4)
FNDA:0,(anonymous_5)
FNDA:0,(anonymous_6)
FNDA:0,(anonymous_7)
FNDA:0,(anonymous_8)
FNDA:0,(anonymous_9)
FNDA:0,(anonymous_10)
FNDA:0,(anonymous_11)
FNDA:0,(anonymous_12)
FNDA:0,(anonymous_13)
FNDA:0,(anonymous_14)
FNDA:0,(anonymous_15)
DA:1,19
DA:4,19
DA:5,0
DA:6,0
DA:7,0
DA:19,0
DA:20,0
DA:22,0
DA:23,0
DA:24,0
DA:28,0
DA:29,0
DA:30,0
DA:33,0
DA:34,0
DA:35,0
DA:39,0
DA:46,0
DA:47,0
DA:48,0
DA:52,0
DA:53,0
DA:56,0
DA:57,0
DA:62,0
DA:64,0
DA:67,0
DA:69,0
DA:77,0
DA:78,0
DA:87,0
DA:88,0
DA:90,0
DA:94,0
DA:95,0
DA:99,0
DA:100,0
DA:101,0
DA:105,0
DA:106,0
DA:107,0
DA:110,0
DA:111,0
DA:112,0
DA:116,0
DA:119,0
DA:120,0
DA:121,0
DA:124,0
DA:128,0
DA:129,0
DA:130,0
DA:131,0
DA:132,0
DA:133,0
DA:135,0
DA:137,0
DA:144,0
DA:149,0
DA:150,0
DA:154,0
DA:155,0
DA:156,0
DA:159,0
DA:161,0
DA:162,0
DA:165,0
DA:166,0
DA:169,0
DA:170,0
DA:172,0
DA:173,0
DA:177,0
DA:178,0
DA:179,0
DA:181,0
DA:182,0
DA:187,0
DA:190,0
DA:191,0
DA:199,0
DA:200,0
DA:202,0
DA:205,0
DA:206,0
DA:207,0
DA:208,0
DA:210,0
DA:213,0
DA:214,0
DA:217,0
DA:225,0
DA:226,0
DA:234,0
DA:235,0
DA:236,0
DA:237,0
DA:241,0
DA:242,0
DA:244,0
DA:246,0
DA:253,0
DA:259,0
DA:268,0
DA:269,0
DA:275,0
DA:280,0
DA:288,0
DA:289,0
DA:297,0
DA:298,0
DA:300,0
DA:301,0
DA:306,0
DA:307,0
DA:309,0
DA:310,0
DA:312,0
DA:313,0
DA:314,0
DA:316,0
DA:317,0
DA:320,0
DA:322,0
DA:323,0
DA:324,0
DA:326,0
DA:329,0
DA:333,0
DA:334,0
DA:338,0
DA:340,0
DA:346,0
DA:347,0
DA:355,0
DA:356,0
DA:358,0
DA:359,0
DA:361,0
DA:362,0
DA:364,0
DA:372,0
DA:373,0
DA:374,0
DA:379,0
DA:384,0
DA:386,0
DA:388,0
DA:389,0
DA:397,0
DA:398,0
DA:399,0
DA:400,0
DA:403,0
DA:404,0
DA:407,0
DA:408,0
DA:409,0
DA:412,0
DA:419,0
DA:436,0
DA:437,0
DA:443,0
DA:444,0
DA:446,0
DA:458,0
DA:463,0
DA:464,0
DA:466,0
DA:477,0
DA:482,0
DA:483,0
DA:485,0
DA:499,0
DA:504,0
DA:505,0
DA:507,0
DA:519,0
DA:524,0
LF:179
LH:2
BRDA:23,0,0,0
BRDA:23,0,1,0
BRDA:28,1,0,0
BRDA:28,1,1,0
BRDA:33,2,0,0
BRDA:33,2,1,0
BRDA:42,3,0,0
BRDA:42,3,1,0
BRDA:46,4,0,0
BRDA:46,4,1,0
BRDA:94,5,0,0
BRDA:94,5,1,0
BRDA:99,6,0,0
BRDA:99,6,1,0
BRDA:105,7,0,0
BRDA:105,7,1,0
BRDA:111,8,0,0
BRDA:111,8,1,0
BRDA:119,9,0,0
BRDA:119,9,1,0
BRDA:121,10,0,0
BRDA:121,10,1,0
BRDA:128,11,0,0
BRDA:128,11,1,0
BRDA:128,12,0,0
BRDA:128,12,1,0
BRDA:129,13,0,0
BRDA:129,13,1,0
BRDA:149,14,0,0
BRDA:149,14,1,0
BRDA:156,15,0,0
BRDA:156,15,1,0
BRDA:156,15,2,0
BRDA:159,16,0,0
BRDA:159,16,1,0
BRDA:162,17,0,0
BRDA:162,17,1,0
BRDA:165,18,0,0
BRDA:165,18,1,0
BRDA:172,19,0,0
BRDA:172,19,1,0
BRDA:181,20,0,0
BRDA:181,20,1,0
BRDA:190,21,0,0
BRDA:190,21,1,0
BRDA:207,22,0,0
BRDA:207,22,1,0
BRDA:213,23,0,0
BRDA:213,23,1,0
BRDA:213,24,0,0
BRDA:213,24,1,0
BRDA:233,25,0,0
BRDA:233,26,0,0
BRDA:236,27,0,0
BRDA:236,27,1,0
BRDA:241,28,0,0
BRDA:241,28,1,0
BRDA:242,29,0,0
BRDA:242,29,1,0
BRDA:242,30,0,0
BRDA:242,30,1,0
BRDA:244,31,0,0
BRDA:244,31,1,0
BRDA:244,32,0,0
BRDA:244,32,1,0
BRDA:268,33,0,0
BRDA:268,33,1,0
BRDA:275,34,0,0
BRDA:275,34,1,0
BRDA:313,35,0,0
BRDA:313,35,1,0
BRDA:313,36,0,0
BRDA:313,36,1,0
BRDA:333,37,0,0
BRDA:333,37,1,0
BRDA:354,38,0,0
BRDA:374,39,0,0
BRDA:374,39,1,0
BRDA:374,40,0,0
BRDA:374,40,1,0
BRDA:374,40,2,0
BRDA:374,40,3,0
BRDA:399,41,0,0
BRDA:399,41,1,0
BRDA:404,42,0,0
BRDA:404,42,1,0
BRDA:409,43,0,0
BRDA:409,43,1,0
BRDA:428,44,0,0
BRDA:428,44,1,0
BRF:90
BRH:0
end_of_record
TN:
SF:servers/customer-services/modules/core-business/consultation-management/controllers/consultation-controller.js
FN:25,(anonymous_0)
FN:54,(anonymous_1)
FN:71,(anonymous_2)
FN:77,(anonymous_3)
FN:94,(anonymous_4)
FN:108,(anonymous_5)
FN:112,(anonymous_6)
FN:116,(anonymous_7)
FN:120,(anonymous_8)
FN:124,(anonymous_9)
FN:129,(anonymous_10)
FN:145,(anonymous_11)
FN:190,(anonymous_12)
FN:254,(anonymous_13)
FN:274,(anonymous_14)
FN:305,(anonymous_15)
FN:349,(anonymous_16)
FN:376,(anonymous_17)
FN:403,(anonymous_18)
FN:426,(anonymous_19)
FN:451,(anonymous_20)
FN:476,(anonymous_21)
FN:503,(anonymous_22)
FN:528,(anonymous_23)
FN:554,(anonymous_24)
FN:579,(anonymous_25)
FN:606,(anonymous_26)
FN:631,(anonymous_27)
FN:656,(anonymous_28)
FN:682,(anonymous_29)
FN:707,(anonymous_30)
FN:733,(anonymous_31)
FNF:32
FNH:1
FNDA:1,(anonymous_0)
FNDA:0,(anonymous_1)
FNDA:0,(anonymous_2)
FNDA:0,(anonymous_3)
FNDA:0,(anonymous_4)
FNDA:0,(anonymous_5)
FNDA:0,(anonymous_6)
FNDA:0,(anonymous_7)
FNDA:0,(anonymous_8)
FNDA:0,(anonymous_9)
FNDA:0,(anonymous_10)
FNDA:0,(anonymous_11)
FNDA:0,(anonymous_12)
FNDA:0,(anonymous_13)
FNDA:0,(anonymous_14)
FNDA:0,(anonymous_15)
FNDA:0,(anonymous_16)
FNDA:0,(anonymous_17)
FNDA:0,(anonymous_18)
FNDA:0,(anonymous_19)
FNDA:0,(anonymous_20)
FNDA:0,(anonymous_21)
FNDA:0,(anonymous_22)
FNDA:0,(anonymous_23)
FNDA:0,(anonymous_24)
FNDA:0,(anonymous_25)
FNDA:0,(anonymous_26)
FNDA:0,(anonymous_27)
FNDA:0,(anonymous_28)
FNDA:0,(anonymous_29)
FNDA:0,(anonymous_30)
FNDA:0,(anonymous_31)
DA:7,2
DA:8,2
DA:13,1
DA:14,1
DA:15,1
DA:27,1
DA:28,1
DA:29,1
DA:30,1
DA:31,1
DA:32,1
DA:33,1
DA:34,1
DA:35,1
DA:36,1
DA:37,1
DA:38,1
DA:39,1
DA:40,1
DA:41,1
DA:42,1
DA:43,1
DA:44,1
DA:45,1
DA:46,1
DA:47,1
DA:55,0
DA:72,0
DA:78,0
DA:95,0
DA:109,0
DA:113,0
DA:117,0
DA:121,0
DA:122,0
DA:123,0
DA:124,0
DA:130,0
DA:146,0
DA:147,0
DA:149,0
DA:171,0
DA:179,0
DA:182,0
DA:191,0
DA:192,0
DA:195,0
DA:198,0
DA:199,0
DA:210,0
DA:222,0
DA:229,0
DA:237,0
DA:240,0
DA:246,0
DA:255,0
DA:256,0
DA:258,0
DA:263,0
DA:266,0
DA:275,0
DA:276,0
DA:277,0
DA:288,0
DA:294,0
DA:297,0
DA:306,0
DA:307,0
DA:308,0
DA:310,0
DA:320,0
DA:322,0
DA:327,0
DA:329,0
DA:335,0
DA:338,0
DA:341,0
DA:350,0
DA:351,0
DA:352,0
DA:359,0
DA:365,0
DA:368,0
DA:377,0
DA:378,0
DA:380,0
DA:381,0
DA:383,0
DA:392,0
DA:395,0
DA:404,0
DA:405,0
DA:407,0
DA:415,0
DA:418,0
DA:427,0
DA:428,0
DA:429,0
DA:431,0
DA:440,0
DA:443,0
DA:452,0
DA:453,0
DA:454,0
DA:456,0
DA:465,0
DA:468,0
DA:477,0
DA:478,0
DA:479,0
DA:481,0
DA:492,0
DA:495,0
DA:504,0
DA:505,0
DA:506,0
DA:508,0
DA:517,0
DA:520,0
DA:529,0
DA:530,0
DA:531,0
DA:533,0
DA:543,0
DA:546,0
DA:555,0
DA:556,0
DA:557,0
DA:559,0
DA:568,0
DA:571,0
DA:580,0
DA:581,0
DA:583,0
DA:584,0
DA:586,0
DA:595,0
DA:598,0
DA:607,0
DA:608,0
DA:609,0
DA:611,0
DA:620,0
DA:623,0
DA:632,0
DA:633,0
DA:634,0
DA:639,0
DA:645,0
DA:648,0
DA:657,0
DA:658,0
DA:659,0
DA:661,0
DA:662,0
DA:665,0
DA:671,0
DA:674,0
DA:683,0
DA:684,0
DA:685,0
DA:687,0
DA:696,0
DA:699,0
DA:708,0
DA:709,0
DA:710,0
DA:712,0
DA:722,0
DA:725,0
DA:734,0
DA:735,0
DA:737,0
DA:745,0
DA:748,0
DA:753,1
LF:176
LH:27
BRDA:109,0,0,0
BRDA:109,0,1,0
BRDA:109,0,2,0
BRDA:113,1,0,0
BRDA:113,1,1,0
BRDA:113,1,2,0
BRDA:122,2,0,0
BRDA:122,2,1,0
BRDA:129,3,0,0
BRDA:129,4,0,0
BRDA:195,5,0,0
BRDA:195,5,1,0
BRDA:198,6,0,0
BRDA:198,6,1,0
BRDA:216,7,0,0
BRDA:216,7,1,0
BRDA:218,8,0,0
BRDA:218,8,1,0
BRDA:219,9,0,0
BRDA:219,9,1,0
BRDA:320,10,0,0
BRDA:320,10,1,0
BRDA:327,11,0,0
BRDA:327,11,1,0
BRDA:658,12,0,0
BRDA:658,12,1,0
BRDA:659,13,0,0
BRDA:659,13,1,0
BRDA:661,14,0,0
BRDA:661,14,1,0
BRF:30
BRH:0
end_of_record
TN:
SF:servers/customer-services/modules/core-business/consultation-management/routes/consultation-routes.js
FNF:0
FNH:0
DA:7,12
DA:8,12
DA:9,12
DA:10,12
DA:11,12
DA:23,12
DA:34,12
DA:47,12
DA:60,12
DA:73,12
DA:85,12
DA:97,12
DA:109,0
DA:121,0
DA:134,0
DA:150,0
DA:162,0
DA:174,0
DA:186,0
DA:202,0
DA:214,0
DA:230,0
DA:246,0
DA:259,0
DA:275,0
DA:287,0
DA:303,0
DA:315,0
DA:322,0
LF:29
LH:12
BRF:0
BRH:0
end_of_record
TN:
SF:servers/customer-services/modules/core-business/consultation-management/services/consultation-service.js
FN:99,(anonymous_0)
FN:127,(anonymous_1)
FN:150,(anonymous_2)
FN:396,(anonymous_3)
FN:566,(anonymous_4)
FN:605,(anonymous_5)
FN:683,(anonymous_6)
FN:743,(anonymous_7)
FN:765,(anonymous_8)
FN:796,(anonymous_9)
FN:838,(anonymous_10)
FN:900,(anonymous_11)
FN:950,(anonymous_12)
FN:1054,(anonymous_13)
FN:1100,(anonymous_14)
FN:1129,(anonymous_15)
FN:1152,(anonymous_16)
FN:1175,(anonymous_17)
FN:1205,(anonymous_18)
FN:1232,(anonymous_19)
FN:1262,(anonymous_20)
FN:1291,(anonymous_21)
FN:1317,(anonymous_22)
FN:1341,(anonymous_23)
FN:1374,(anonymous_24)
FN:1375,(anonymous_25)
FN:1385,(anonymous_26)
FN:1420,(anonymous_27)
FN:1431,(anonymous_28)
FN:1439,(anonymous_29)
FN:1454,(anonymous_30)
FN:1469,(anonymous_31)
FN:1483,(anonymous_32)
FN:1497,(anonymous_33)
FN:1512,(anonymous_34)
FN:1526,(anonymous_35)
FN:1541,(anonymous_36)
FN:1553,(anonymous_37)
FN:1565,(anonymous_38)
FN:1577,(anonymous_39)
FNF:40
FNH:0
FNDA:0,(anonymous_0)
FNDA:0,(anonymous_1)
FNDA:0,(anonymous_2)
FNDA:0,(anonymous_3)
FNDA:0,(anonymous_4)
FNDA:0,(anonymous_5)
FNDA:0,(anonymous_6)
FNDA:0,(anonymous_7)
FNDA:0,(anonymous_8)
FNDA:0,(anonymous_9)
FNDA:0,(anonymous_10)
FNDA:0,(anonymous_11)
FNDA:0,(anonymous_12)
FNDA:0,(anonymous_13)
FNDA:0,(anonymous_14)
FNDA:0,(anonymous_15)
FNDA:0,(anonymous_16)
FNDA:0,(anonymous_17)
FNDA:0,(anonymous_18)
FNDA:0,(anonymous_19)
FNDA:0,(anonymous_20)
FNDA:0,(anonymous_21)
FNDA:0,(anonymous_22)
FNDA:0,(anonymous_23)
FNDA:0,(anonymous_24)
FNDA:0,(anonymous_25)
FNDA:0,(anonymous_26)
FNDA:0,(anonymous_27)
FNDA:0,(anonymous_28)
FNDA:0,(anonymous_29)
FNDA:0,(anonymous_30)
FNDA:0,(anonymous_31)
FNDA:0,(anonymous_32)
FNDA:0,(anonymous_33)
FNDA:0,(anonymous_34)
FNDA:0,(anonymous_35)
FNDA:0,(anonymous_36)
FNDA:0,(anonymous_37)
FNDA:0,(anonymous_38)
FNDA:0,(anonymous_39)
DA:8,18
DA:9,18
DA:12,18
DA:13,18
DA:16,18
DA:19,18
DA:20,18
DA:21,18
DA:22,18
DA:23,0
DA:24,0
DA:29,0
DA:43,0
DA:61,0
DA:72,0
DA:85,0
DA:100,0
DA:101,0
DA:102,0
DA:103,0
DA:106,0
DA:128,0
DA:129,0
DA:131,0
DA:151,0
DA:152,0
DA:159,0
DA:168,0
DA:169,0
DA:170,0
DA:171,0
DA:174,0
DA:175,0
DA:176,0
DA:179,0
DA:180,0
DA:184,0
DA:185,0
DA:186,0
DA:190,0
DA:197,0
DA:204,0
DA:210,0
DA:211,0
DA:216,0
DA:227,0
DA:234,0
DA:239,0
DA:242,0
DA:302,0
DA:304,0
DA:311,0
DA:312,0
DA:313,0
DA:315,0
DA:318,0
DA:336,0
DA:346,0
DA:347,0
DA:349,0
DA:356,0
DA:365,0
DA:366,0
DA:367,0
DA:372,0
DA:380,0
DA:382,0
DA:385,0
DA:386,0
DA:397,0
DA:408,0
DA:410,0
DA:418,0
DA:419,0
DA:420,0
DA:423,0
DA:432,0
DA:433,0
DA:436,0
DA:443,0
DA:444,0
DA:445,0
DA:449,0
DA:451,0
DA:453,0
DA:454,0
DA:457,0
DA:458,0
DA:461,0
DA:465,0
DA:471,0
DA:472,0
DA:474,0
DA:475,0
DA:487,0
DA:498,0
DA:501,0
DA:504,0
DA:507,0
DA:509,0
DA:517,0
DA:533,0
DA:535,0
DA:541,0
DA:552,0
DA:556,0
DA:567,0
DA:568,0
DA:569,0
DA:571,0
DA:576,0
DA:577,0
DA:580,0
DA:586,0
DA:587,0
DA:590,0
DA:593,0
DA:594,0
DA:606,0
DA:607,0
DA:608,0
DA:610,0
DA:615,0
DA:616,0
DA:620,0
DA:621,0
DA:624,0
DA:625,0
DA:628,0
DA:629,0
DA:630,0
DA:633,0
DA:634,0
DA:637,0
DA:638,0
DA:639,0
DA:640,0
DA:642,0
DA:643,0
DA:647,0
DA:648,0
DA:649,0
DA:651,0
DA:659,0
DA:671,0
DA:672,0
DA:684,0
DA:685,0
DA:686,0
DA:688,0
DA:693,0
DA:694,0
DA:698,0
DA:699,0
DA:702,0
DA:703,0
DA:704,0
DA:707,0
DA:708,0
DA:709,0
DA:711,0
DA:719,0
DA:731,0
DA:732,0
DA:744,0
DA:745,0
DA:747,0
DA:750,0
DA:751,0
DA:755,0
DA:765,0
DA:766,0
DA:767,0
DA:768,0
DA:770,0
DA:776,0
DA:778,0
DA:780,0
DA:782,0
DA:785,0
DA:786,0
DA:797,0
DA:798,0
DA:800,0
DA:802,0
DA:804,0
DA:807,0
DA:809,0
DA:812,0
DA:813,0
DA:814,0
DA:816,0
DA:823,0
DA:826,0
DA:827,0
DA:839,0
DA:840,0
DA:842,0
DA:844,0
DA:847,0
DA:850,0
DA:852,0
DA:855,0
DA:856,0
DA:857,0
DA:863,0
DA:871,0
DA:872,0
DA:873,0
DA:875,0
DA:883,0
DA:885,0
DA:888,0
DA:889,0
DA:901,0
DA:902,0
DA:904,0
DA:906,0
DA:908,0
DA:912,0
DA:913,0
DA:914,0
DA:920,0
DA:922,0
DA:926,0
DA:927,0
DA:928,0
DA:929,0
DA:931,0
DA:933,0
DA:936,0
DA:938,0
DA:939,0
DA:940,0
DA:941,0
DA:943,0
DA:950,0
DA:951,0
DA:954,0
DA:956,0
DA:957,0
DA:958,0
DA:960,0
DA:968,0
DA:969,0
DA:974,0
DA:976,0
DA:984,0
DA:985,0
DA:986,0
DA:991,0
DA:998,0
DA:999,0
DA:1000,0
DA:1004,0
DA:1009,0
DA:1019,0
DA:1020,0
DA:1025,0
DA:1027,0
DA:1035,0
DA:1037,0
DA:1040,0
DA:1041,0
DA:1055,0
DA:1056,0
DA:1058,0
DA:1060,0
DA:1062,0
DA:1066,0
DA:1073,0
DA:1075,0
DA:1078,0
DA:1081,0
DA:1082,0
DA:1085,0
DA:1088,0
DA:1089,0
DA:1101,0
DA:1102,0
DA:1104,0
DA:1106,0
DA:1109,0
DA:1110,0
DA:1113,0
DA:1116,0
DA:1117,0
DA:1130,0
DA:1131,0
DA:1133,0
DA:1135,0
DA:1137,0
DA:1140,0
DA:1141,0
DA:1153,0
DA:1154,0
DA:1156,0
DA:1158,0
DA:1160,0
DA:1163,0
DA:1164,0
DA:1176,0
DA:1177,0
DA:1179,0
DA:1180,0
DA:1183,0
DA:1185,0
DA:1188,0
DA:1190,0
DA:1193,0
DA:1194,0
DA:1206,0
DA:1207,0
DA:1209,0
DA:1210,0
DA:1213,0
DA:1215,0
DA:1217,0
DA:1220,0
DA:1221,0
DA:1233,0
DA:1234,0
DA:1235,0
DA:1237,0
DA:1238,0
DA:1240,0
DA:1247,0
DA:1250,0
DA:1251,0
DA:1263,0
DA:1264,0
DA:1265,0
DA:1267,0
DA:1273,0
DA:1276,0
DA:1277,0
DA:1292,0
DA:1293,0
DA:1295,0
DA:1297,0
DA:1299,0
DA:1301,0
DA:1304,0
DA:1305,0
DA:1318,0
DA:1319,0
DA:1321,0
DA:1323,0
DA:1325,0
DA:1327,0
DA:1330,0
DA:1331,0
DA:1342,0
DA:1343,0
DA:1345,0
DA:1347,0
DA:1348,0
DA:1351,0
DA:1352,0
DA:1353,0
DA:1354,0
DA:1356,0
DA:1358,0
DA:1360,0
DA:1363,0
DA:1364,0
DA:1375,0
DA:1376,0
DA:1377,0
DA:1386,0
DA:1387,0
DA:1389,0
DA:1403,0
DA:1404,0
DA:1407,0
DA:1409,0
DA:1410,0
DA:1421,0
DA:1422,0
DA:1424,0
DA:1432,0
DA:1440,0
DA:1442,0
DA:1446,0
DA:1455,0
DA:1457,0
DA:1461,0
DA:1470,0
DA:1471,0
DA:1475,0
DA:1484,0
DA:1485,0
DA:1489,0
DA:1498,0
DA:1499,0
DA:1504,0
DA:1513,0
DA:1514,0
DA:1518,0
DA:1527,0
DA:1528,0
DA:1533,0
DA:1542,0
DA:1545,0
DA:1554,0
DA:1557,0
DA:1566,0
DA:1569,0
DA:1578,0
DA:1581,0
DA:1587,0
DA:1590,0
DA:1591,0
DA:1592,0
DA:1593,0
DA:1594,0
LF:416
LH:9
BRDA:107,0,0,0
BRDA:107,0,1,0
BRDA:108,1,0,0
BRDA:108,1,1,0
BRDA:109,2,0,0
BRDA:109,2,1,0
BRDA:110,3,0,0
BRDA:110,3,1,0
BRDA:111,4,0,0
BRDA:111,4,1,0
BRDA:112,5,0,0
BRDA:112,5,1,0
BRDA:113,6,0,0
BRDA:113,6,1,0
BRDA:114,7,0,0
BRDA:114,7,1,0
BRDA:115,8,0,0
BRDA:115,8,1,0
BRDA:116,9,0,0
BRDA:116,9,1,0
BRDA:117,10,0,0
BRDA:117,10,1,0
BRDA:118,11,0,0
BRDA:118,11,1,0
BRDA:128,12,0,0
BRDA:128,12,1,0
BRDA:150,13,0,0
BRDA:175,14,0,0
BRDA:175,14,1,0
BRDA:179,15,0,0
BRDA:179,15,1,0
BRDA:179,16,0,0
BRDA:179,16,1,0
BRDA:185,17,0,0
BRDA:185,17,1,0
BRDA:207,18,0,0
BRDA:207,18,1,0
BRDA:210,19,0,0
BRDA:210,19,1,0
BRDA:235,20,0,0
BRDA:235,20,1,0
BRDA:244,21,0,0
BRDA:244,21,1,0
BRDA:257,22,0,0
BRDA:257,22,1,0
BRDA:258,23,0,0
BRDA:258,23,1,0
BRDA:259,24,0,0
BRDA:259,24,1,0
BRDA:260,25,0,0
BRDA:260,25,1,0
BRDA:261,26,0,0
BRDA:261,26,1,0
BRDA:273,27,0,0
BRDA:273,27,1,0
BRDA:274,28,0,0
BRDA:274,28,1,0
BRDA:275,29,0,0
BRDA:275,29,1,0
BRDA:276,30,0,0
BRDA:276,30,1,0
BRDA:281,31,0,0
BRDA:281,31,1,0
BRDA:282,32,0,0
BRDA:282,32,1,0
BRDA:295,33,0,0
BRDA:295,33,1,0
BRDA:297,34,0,0
BRDA:297,34,1,0
BRDA:312,35,0,0
BRDA:312,35,1,0
BRDA:312,36,0,0
BRDA:312,36,1,0
BRDA:320,37,0,0
BRDA:320,37,1,0
BRDA:323,38,0,0
BRDA:323,38,1,0
BRDA:324,39,0,0
BRDA:324,39,1,0
BRDA:343,40,0,0
BRDA:343,40,1,0
BRDA:396,41,0,0
BRDA:432,42,0,0
BRDA:432,42,1,0
BRDA:444,43,0,0
BRDA:444,43,1,0
BRDA:451,44,0,0
BRDA:451,44,1,0
BRDA:453,45,0,0
BRDA:453,45,1,0
BRDA:457,46,0,0
BRDA:457,46,1,0
BRDA:472,47,0,0
BRDA:472,47,1,0
BRDA:474,48,0,0
BRDA:474,48,1,0
BRDA:499,49,0,0
BRDA:499,49,1,0
BRDA:502,50,0,0
BRDA:502,50,1,0
BRDA:505,51,0,0
BRDA:505,51,1,0
BRDA:520,52,0,0
BRDA:520,52,1,0
BRDA:521,53,0,0
BRDA:521,53,1,0
BRDA:522,54,0,0
BRDA:522,54,1,0
BRDA:525,55,0,0
BRDA:525,55,1,0
BRDA:546,56,0,0
BRDA:546,56,1,0
BRDA:547,57,0,0
BRDA:547,57,1,0
BRDA:566,58,0,0
BRDA:576,59,0,0
BRDA:576,59,1,0
BRDA:586,60,0,0
BRDA:586,60,1,0
BRDA:605,61,0,0
BRDA:605,62,0,0
BRDA:615,63,0,0
BRDA:615,63,1,0
BRDA:620,64,0,0
BRDA:620,64,1,0
BRDA:624,65,0,0
BRDA:624,65,1,0
BRDA:628,66,0,0
BRDA:628,66,1,0
BRDA:633,67,0,0
BRDA:633,67,1,0
BRDA:637,68,0,0
BRDA:637,68,1,0
BRDA:637,69,0,0
BRDA:637,69,1,0
BRDA:639,70,0,0
BRDA:639,70,1,0
BRDA:642,71,0,0
BRDA:642,71,1,0
BRDA:647,72,0,0
BRDA:647,72,1,0
BRDA:648,73,0,0
BRDA:648,73,1,0
BRDA:683,74,0,0
BRDA:683,75,0,0
BRDA:693,76,0,0
BRDA:693,76,1,0
BRDA:698,77,0,0
BRDA:698,77,1,0
BRDA:702,78,0,0
BRDA:702,78,1,0
BRDA:707,79,0,0
BRDA:707,79,1,0
BRDA:708,80,0,0
BRDA:708,80,1,0
BRDA:743,81,0,0
BRDA:750,82,0,0
BRDA:750,82,1,0
BRDA:766,83,0,0
BRDA:766,83,1,0
BRDA:767,84,0,0
BRDA:767,84,1,0
BRDA:767,85,0,0
BRDA:767,85,1,0
BRDA:796,86,0,0
BRDA:802,87,0,0
BRDA:802,87,1,0
BRDA:802,88,0,0
BRDA:802,88,1,0
BRDA:838,89,0,0
BRDA:838,90,0,0
BRDA:844,91,0,0
BRDA:844,91,1,0
BRDA:844,92,0,0
BRDA:844,92,1,0
BRDA:844,92,2,0
BRDA:900,93,0,0
BRDA:906,94,0,0
BRDA:906,94,1,0
BRDA:906,95,0,0
BRDA:906,95,1,0
BRDA:913,96,0,0
BRDA:913,96,1,0
BRDA:913,97,0,0
BRDA:913,97,1,0
BRDA:931,98,0,0
BRDA:931,98,1,0
BRDA:936,99,0,0
BRDA:936,99,1,0
BRDA:936,100,0,0
BRDA:936,100,1,0
BRDA:951,101,0,0
BRDA:951,101,1,0
BRDA:954,102,0,0
BRDA:954,102,1,0
BRDA:954,103,0,0
BRDA:954,103,1,0
BRDA:974,104,0,0
BRDA:974,104,1,0
BRDA:974,105,0,0
BRDA:974,105,1,0
BRDA:998,106,0,0
BRDA:998,106,1,0
BRDA:998,107,0,0
BRDA:998,107,1,0
BRDA:1022,108,0,0
BRDA:1022,108,1,0
BRDA:1054,109,0,0
BRDA:1060,110,0,0
BRDA:1060,110,1,0
BRDA:1060,111,0,0
BRDA:1060,111,1,0
BRDA:1081,112,0,0
BRDA:1081,112,1,0
BRDA:1100,113,0,0
BRDA:1109,114,0,0
BRDA:1109,114,1,0
BRDA:1129,115,0,0
BRDA:1152,116,0,0
BRDA:1175,117,0,0
BRDA:1179,118,0,0
BRDA:1179,118,1,0
BRDA:1205,119,0,0
BRDA:1209,120,0,0
BRDA:1209,120,1,0
BRDA:1232,121,0,0
BRDA:1232,122,0,0
BRDA:1237,123,0,0
BRDA:1237,123,1,0
BRDA:1238,124,0,0
BRDA:1238,124,1,0
BRDA:1241,125,0,0
BRDA:1241,125,1,0
BRDA:1262,126,0,0
BRDA:1262,127,0,0
BRDA:1268,128,0,0
BRDA:1268,128,1,0
BRDA:1291,129,0,0
BRDA:1317,130,0,0
BRDA:1341,131,0,0
BRDA:1347,132,0,0
BRDA:1347,132,1,0
BRDA:1376,133,0,0
BRDA:1376,133,1,0
BRDA:1385,134,0,0
BRDA:1403,135,0,0
BRDA:1403,135,1,0
BRDA:1409,136,0,0
BRDA:1409,136,1,0
BRF:249
BRH:0
end_of_record
TN:
SF:servers/customer-services/modules/core-business/notifications/services/notification-service.js
FN:34,(anonymous_0)
FN:79,(anonymous_1)
FN:156,(anonymous_2)
FN:188,(anonymous_3)
FN:243,(anonymous_4)
FN:285,(anonymous_5)
FN:297,(anonymous_6)
FN:303,(anonymous_7)
FN:316,(anonymous_8)
FN:339,(anonymous_9)
FN:481,(anonymous_10)
FN:494,(anonymous_11)
FN:505,(anonymous_12)
FN:511,(anonymous_13)
FN:534,(anonymous_14)
FN:578,(anonymous_15)
FN:619,(anonymous_16)
FN:649,(anonymous_17)
FN:687,(anonymous_18)
FN:715,(anonymous_19)
FN:727,(anonymous_20)
FNF:21
FNH:2
FNDA:4,(anonymous_0)
FNDA:4,(anonymous_1)
FNDA:0,(anonymous_2)
FNDA:0,(anonymous_3)
FNDA:0,(anonymous_4)
FNDA:0,(anonymous_5)
FNDA:0,(anonymous_6)
FNDA:0,(anonymous_7)
FNDA:0,(anonymous_8)
FNDA:0,(anonymous_9)
FNDA:0,(anonymous_10)
FNDA:0,(anonymous_11)
FNDA:0,(anonymous_12)
FNDA:0,(anonymous_13)
FNDA:0,(anonymous_14)
FNDA:0,(anonymous_15)
FNDA:0,(anonymous_16)
FNDA:0,(anonymous_17)
FNDA:0,(anonymous_18)
FNDA:0,(anonymous_19)
FNDA:0,(anonymous_20)
DA:20,4
DA:21,4
DA:22,4
DA:23,4
DA:26,4
DA:36,4
DA:51,4
DA:54,4
DA:61,4
DA:71,4
DA:72,4
DA:81,4
DA:82,0
DA:86,0
DA:90,4
DA:91,4
DA:94,4
DA:95,4
DA:98,0
DA:100,0
DA:104,0
DA:106,0
DA:122,0
DA:126,0
DA:128,0
DA:141,0
DA:146,0
DA:151,0
DA:152,0
DA:156,0
DA:157,0
DA:158,0
DA:162,0
DA:163,0
DA:165,0
DA:173,0
DA:177,0
DA:178,0
DA:189,0
DA:191,0
DA:192,0
DA:195,0
DA:199,0
DA:200,0
DA:201,0
DA:205,0
DA:208,0
DA:213,0
DA:216,0
DA:218,0
DA:223,0
DA:226,0
DA:233,0
DA:244,0
DA:249,0
DA:286,0
DA:289,0
DA:297,0
DA:298,0
DA:299,0
DA:303,0
DA:304,0
DA:307,0
DA:317,0
DA:326,0
DA:340,0
DA:341,0
DA:343,0
DA:344,0
DA:347,0
DA:348,0
DA:352,0
DA:355,0
DA:358,0
DA:359,0
DA:362,0
DA:363,0
DA:372,0
DA:373,0
DA:379,0
DA:380,0
DA:385,0
DA:387,0
DA:397,0
DA:398,0
DA:406,0
DA:416,0
DA:418,0
DA:427,0
DA:429,0
DA:440,0
DA:448,0
DA:451,0
DA:452,0
DA:457,0
DA:458,0
DA:463,0
DA:464,0
DA:471,0
DA:482,0
DA:495,0
DA:496,0
DA:506,0
DA:507,0
DA:511,0
DA:512,0
DA:515,0
DA:517,0
DA:521,0
DA:535,0
DA:536,0
DA:538,0
DA:539,0
DA:542,0
DA:543,0
DA:548,0
DA:553,0
DA:561,0
DA:565,0
DA:579,0
DA:580,0
DA:582,0
DA:583,0
DA:586,0
DA:587,0
DA:592,0
DA:597,0
DA:605,0
DA:609,0
DA:620,0
DA:621,0
DA:622,0
DA:627,0
DA:632,0
DA:635,0
DA:639,0
DA:650,0
DA:651,0
DA:652,0
DA:655,0
DA:656,0
DA:661,0
DA:666,0
DA:673,0
DA:677,0
DA:688,0
DA:691,0
DA:696,0
DA:703,0
DA:707,0
DA:716,0
DA:728,0
DA:729,0
DA:730,0
DA:741,0
DA:742,0
DA:754,0
DA:756,0
DA:769,0
DA:779,4
LF:160
LH:17
BRDA:37,0,0,4
BRDA:37,0,1,4
BRDA:43,1,0,4
BRDA:43,1,1,4
BRDA:43,1,2,4
BRDA:44,2,0,4
BRDA:44,2,1,4
BRDA:46,3,0,4
BRDA:46,3,1,4
BRDA:81,4,0,0
BRDA:81,4,1,4
BRDA:90,5,0,4
BRDA:90,5,1,0
BRDA:100,6,0,0
BRDA:100,6,1,0
BRDA:100,6,2,0
BRDA:104,7,0,0
BRDA:104,7,1,0
BRDA:126,8,0,0
BRDA:126,8,1,0
BRDA:157,9,0,0
BRDA:157,9,1,0
BRDA:191,10,0,0
BRDA:191,10,1,0
BRDA:200,11,0,0
BRDA:200,11,1,0
BRDA:299,12,0,0
BRDA:299,12,1,0
BRDA:304,13,0,0
BRDA:304,13,1,0
BRDA:326,14,0,0
BRDA:326,14,1,0
BRDA:343,15,0,0
BRDA:343,15,1,0
BRDA:347,16,0,0
BRDA:347,16,1,0
BRDA:355,17,0,0
BRDA:355,17,1,0
BRDA:358,18,0,0
BRDA:358,18,1,0
BRDA:359,19,0,0
BRDA:359,19,1,0
BRDA:362,20,0,0
BRDA:362,20,1,0
BRDA:372,21,0,0
BRDA:372,21,1,0
BRDA:372,22,0,0
BRDA:372,22,1,0
BRDA:379,23,0,0
BRDA:379,23,1,0
BRDA:379,24,0,0
BRDA:379,24,1,0
BRDA:397,25,0,0
BRDA:397,25,1,0
BRDA:451,26,0,0
BRDA:451,26,1,0
BRDA:457,27,0,0
BRDA:457,27,1,0
BRDA:463,28,0,0
BRDA:463,28,1,0
BRDA:538,29,0,0
BRDA:538,29,1,0
BRDA:542,30,0,0
BRDA:542,30,1,0
BRDA:582,31,0,0
BRDA:582,31,1,0
BRDA:586,32,0,0
BRDA:586,32,1,0
BRDA:586,33,0,0
BRDA:586,33,1,0
BRDA:619,34,0,0
BRDA:621,35,0,0
BRDA:621,35,1,0
BRDA:651,36,0,0
BRDA:651,36,1,0
BRDA:655,37,0,0
BRDA:655,37,1,0
BRDA:655,38,0,0
BRDA:655,38,1,0
BRDA:729,39,0,0
BRDA:729,39,1,0
BRDA:741,40,0,0
BRDA:741,40,1,0
BRDA:748,41,0,0
BRDA:748,41,1,0
BRF:85
BRH:11
end_of_record
TN:
SF:servers/customer-services/modules/core-business/onboarding/services/onboarding-service.js
FN:23,(anonymous_0)
FN:89,(anonymous_1)
FN:162,(anonymous_2)
FN:195,(anonymous_3)
FN:235,(anonymous_4)
FN:272,(anonymous_5)
FN:307,(anonymous_6)
FN:341,(anonymous_7)
FN:377,(anonymous_8)
FN:378,(anonymous_9)
FN:393,(anonymous_10)
FN:398,(anonymous_11)
FN:408,(anonymous_12)
FN:418,(anonymous_13)
FN:423,(anonymous_14)
FN:433,(anonymous_15)
FNF:16
FNH:1
FNDA:1,(anonymous_0)
FNDA:0,(anonymous_1)
FNDA:0,(anonymous_2)
FNDA:0,(anonymous_3)
FNDA:0,(anonymous_4)
FNDA:0,(anonymous_5)
FNDA:0,(anonymous_6)
FNDA:0,(anonymous_7)
FNDA:0,(anonymous_8)
FNDA:0,(anonymous_9)
FNDA:0,(anonymous_10)
FNDA:0,(anonymous_11)
FNDA:0,(anonymous_12)
FNDA:0,(anonymous_13)
FNDA:0,(anonymous_14)
FNDA:0,(anonymous_15)
DA:12,1
DA:15,1
DA:25,1
DA:35,1
DA:90,0
DA:91,0
DA:92,0
DA:93,0
DA:96,0
DA:98,0
DA:99,0
DA:104,0
DA:106,0
DA:107,0
DA:112,0
DA:117,0
DA:133,0
DA:142,0
DA:145,0
DA:152,0
DA:163,0
DA:164,0
DA:165,0
DA:169,0
DA:172,0
DA:177,0
DA:180,0
DA:184,0
DA:196,0
DA:197,0
DA:198,0
DA:201,0
DA:203,0
DA:209,0
DA:219,0
DA:224,0
DA:236,0
DA:237,0
DA:238,0
DA:241,0
DA:243,0
DA:249,0
DA:257,0
DA:262,0
DA:273,0
DA:274,0
DA:275,0
DA:278,0
DA:280,0
DA:285,0
DA:293,0
DA:297,0
DA:308,0
DA:309,0
DA:310,0
DA:313,0
DA:315,0
DA:320,0
DA:327,0
DA:331,0
DA:342,0
DA:343,0
DA:345,0
DA:350,0
DA:363,0
DA:367,0
DA:378,0
DA:394,0
DA:395,0
DA:398,0
DA:399,0
DA:409,0
DA:419,0
DA:420,0
DA:423,0
DA:435,0
DA:440,1
LF:77
LH:5
BRDA:31,0,0,1
BRDA:31,0,1,1
BRDA:91,1,0,0
BRDA:91,1,1,0
BRDA:98,2,0,0
BRDA:98,2,1,0
BRDA:104,3,0,0
BRDA:104,3,1,0
BRDA:106,4,0,0
BRDA:106,4,1,0
BRDA:112,5,0,0
BRDA:112,5,1,0
BRDA:122,6,0,0
BRDA:122,6,1,0
BRDA:164,7,0,0
BRDA:164,7,1,0
BRDA:169,8,0,0
BRDA:169,8,1,0
BRDA:197,9,0,0
BRDA:197,9,1,0
BRDA:197,10,0,0
BRDA:197,10,1,0
BRDA:201,11,0,0
BRDA:201,11,1,0
BRDA:237,12,0,0
BRDA:237,12,1,0
BRDA:237,13,0,0
BRDA:237,13,1,0
BRDA:241,14,0,0
BRDA:241,14,1,0
BRDA:274,15,0,0
BRDA:274,15,1,0
BRDA:278,16,0,0
BRDA:278,16,1,0
BRDA:309,17,0,0
BRDA:309,17,1,0
BRDA:313,18,0,0
BRDA:313,18,1,0
BRDA:341,19,0,0
BRDA:343,20,0,0
BRDA:343,20,1,0
BRDA:394,21,0,0
BRDA:394,21,1,0
BRDA:394,22,0,0
BRDA:394,22,1,0
BRDA:419,23,0,0
BRDA:419,23,1,0
BRDA:419,24,0,0
BRDA:419,24,1,0
BRDA:423,25,0,0
BRDA:423,25,1,0
BRDA:423,26,0,0
BRDA:423,26,1,0
BRF:53
BRH:2
end_of_record
TN:
SF:servers/customer-services/modules/core-business/user-management/services/user-service.js
FN:45,(anonymous_0)
FN:63,(anonymous_1)
FN:72,(anonymous_2)
FN:266,(anonymous_3)
FN:285,(anonymous_4)
FN:306,(anonymous_5)
FN:327,(anonymous_6)
FN:350,(anonymous_7)
FN:363,(anonymous_8)
FN:380,(anonymous_9)
FN:400,(anonymous_10)
FN:428,(anonymous_11)
FN:512,(anonymous_12)
FN:549,(anonymous_13)
FN:575,(anonymous_14)
FN:606,(anonymous_15)
FN:622,(anonymous_16)
FN:635,(anonymous_17)
FN:642,(anonymous_18)
FN:649,(anonymous_19)
FN:658,(anonymous_20)
FN:673,(anonymous_21)
FN:709,(anonymous_22)
FN:719,(anonymous_23)
FN:743,(anonymous_24)
FN:748,(anonymous_25)
FN:753,(anonymous_26)
FN:757,(anonymous_27)
FN:761,(anonymous_28)
FN:773,(anonymous_29)
FN:784,(anonymous_30)
FN:793,(anonymous_31)
FN:797,(anonymous_32)
FN:801,(anonymous_33)
FN:805,(anonymous_34)
FN:809,(anonymous_35)
FN:813,(anonymous_36)
FNF:37
FNH:1
FNDA:1,(anonymous_0)
FNDA:0,(anonymous_1)
FNDA:0,(anonymous_2)
FNDA:0,(anonymous_3)
FNDA:0,(anonymous_4)
FNDA:0,(anonymous_5)
FNDA:0,(anonymous_6)
FNDA:0,(anonymous_7)
FNDA:0,(anonymous_8)
FNDA:0,(anonymous_9)
FNDA:0,(anonymous_10)
FNDA:0,(anonymous_11)
FNDA:0,(anonymous_12)
FNDA:0,(anonymous_13)
FNDA:0,(anonymous_14)
FNDA:0,(anonymous_15)
FNDA:0,(anonymous_16)
FNDA:0,(anonymous_17)
FNDA:0,(anonymous_18)
FNDA:0,(anonymous_19)
FNDA:0,(anonymous_20)
FNDA:0,(anonymous_21)
FNDA:0,(anonymous_22)
FNDA:0,(anonymous_23)
FNDA:0,(anonymous_24)
FNDA:0,(anonymous_25)
FNDA:0,(anonymous_26)
FNDA:0,(anonymous_27)
FNDA:0,(anonymous_28)
FNDA:0,(anonymous_29)
FNDA:0,(anonymous_30)
FNDA:0,(anonymous_31)
FNDA:0,(anonymous_32)
FNDA:0,(anonymous_33)
FNDA:0,(anonymous_34)
FNDA:0,(anonymous_35)
FNDA:0,(anonymous_36)
DA:7,1
DA:8,1
DA:9,1
DA:10,1
DA:11,1
DA:14,1
DA:16,1
DA:30,1
DA:46,1
DA:47,1
DA:48,1
DA:49,1
DA:50,1
DA:51,1
DA:52,1
DA:53,1
DA:56,1
DA:64,0
DA:65,0
DA:67,0
DA:73,0
DA:74,0
DA:76,0
DA:79,0
DA:80,0
DA:81,0
DA:85,0
DA:243,0
DA:245,0
DA:252,0
DA:255,0
DA:257,0
DA:258,0
DA:259,0
DA:262,0
DA:267,0
DA:268,0
DA:271,0
DA:272,0
DA:275,0
DA:281,0
DA:282,0
DA:283,0
DA:285,0
DA:286,0
DA:287,0
DA:288,0
DA:294,0
DA:303,0
DA:307,0
DA:308,0
DA:309,0
DA:311,0
DA:312,0
DA:316,0
DA:317,0
DA:320,0
DA:323,0
DA:328,0
DA:336,0
DA:338,0
DA:340,0
DA:341,0
DA:350,0
DA:352,0
DA:353,0
DA:356,0
DA:359,0
DA:364,0
DA:365,0
DA:368,0
DA:369,0
DA:370,0
DA:373,0
DA:376,0
DA:380,0
DA:383,0
DA:384,0
DA:386,0
DA:388,0
DA:393,0
DA:396,0
DA:401,0
DA:402,0
DA:404,0
DA:405,0
DA:406,0
DA:409,0
DA:411,0
DA:416,0
DA:422,0
DA:429,0
DA:436,0
DA:438,0
DA:439,0
DA:441,0
DA:442,0
DA:443,0
DA:446,0
DA:447,0
DA:448,0
DA:451,0
DA:452,0
DA:455,0
DA:456,0
DA:459,0
DA:460,0
DA:463,0
DA:464,0
DA:465,0
DA:466,0
DA:469,0
DA:470,0
DA:471,0
DA:473,0
DA:478,0
DA:479,0
DA:482,0
DA:483,0
DA:486,0
DA:498,0
DA:499,0
DA:500,0
DA:501,0
DA:502,0
DA:505,0
DA:508,0
DA:513,0
DA:514,0
DA:515,0
DA:517,0
DA:518,0
DA:521,0
DA:522,0
DA:523,0
DA:526,0
DA:528,0
DA:529,0
DA:533,0
DA:534,0
DA:536,0
DA:537,0
DA:539,0
DA:545,0
DA:550,0
DA:551,0
DA:552,0
DA:554,0
DA:559,0
DA:560,0
DA:563,0
DA:565,0
DA:566,0
DA:568,0
DA:571,0
DA:576,0
DA:577,0
DA:579,0
DA:580,0
DA:582,0
DA:588,0
DA:589,0
DA:592,0
DA:594,0
DA:595,0
DA:597,0
DA:600,0
DA:607,0
DA:612,0
DA:614,0
DA:615,0
DA:622,0
DA:624,0
DA:631,0
DA:636,0
DA:643,0
DA:650,0
DA:659,0
DA:660,0
DA:661,0
DA:663,0
DA:674,0
DA:677,0
DA:678,0
DA:681,0
DA:682,0
DA:686,0
DA:687,0
DA:688,0
DA:689,0
DA:693,0
DA:694,0
DA:696,0
DA:697,0
DA:699,0
DA:700,0
DA:704,0
DA:705,0
DA:710,0
DA:711,0
DA:714,0
DA:715,0
DA:720,0
DA:722,0
DA:723,0
DA:726,0
DA:729,0
DA:730,0
DA:731,0
DA:732,0
DA:733,0
DA:734,0
DA:735,0
DA:736,0
DA:737,0
DA:738,0
DA:740,0
DA:745,0
DA:749,0
DA:750,0
DA:754,0
DA:758,0
DA:762,0
DA:774,0
DA:785,0
DA:794,0
DA:798,0
DA:802,0
DA:806,0
DA:810,0
DA:814,0
DA:815,0
DA:817,0
DA:822,1
LF:234
LH:18
BRDA:64,0,0,0
BRDA:64,0,1,0
BRDA:72,1,0,0
BRDA:80,2,0,0
BRDA:80,2,1,0
BRDA:87,3,0,0
BRDA:87,3,1,0
BRDA:106,4,0,0
BRDA:106,4,1,0
BRDA:121,5,0,0
BRDA:121,5,1,0
BRDA:122,6,0,0
BRDA:122,6,1,0
BRDA:123,7,0,0
BRDA:123,7,1,0
BRDA:126,8,0,0
BRDA:126,8,1,0
BRDA:127,9,0,0
BRDA:127,9,1,0
BRDA:129,10,0,0
BRDA:129,10,1,0
BRDA:130,11,0,0
BRDA:130,11,1,0
BRDA:131,12,0,0
BRDA:131,12,1,0
BRDA:132,13,0,0
BRDA:132,13,1,0
BRDA:133,14,0,0
BRDA:133,14,1,0
BRDA:137,15,0,0
BRDA:137,15,1,0
BRDA:139,16,0,0
BRDA:139,16,1,0
BRDA:140,17,0,0
BRDA:140,17,1,0
BRDA:144,18,0,0
BRDA:144,18,1,0
BRDA:145,19,0,0
BRDA:145,19,1,0
BRDA:148,20,0,0
BRDA:148,20,1,0
BRDA:149,21,0,0
BRDA:149,21,1,0
BRDA:150,22,0,0
BRDA:150,22,1,0
BRDA:154,23,0,0
BRDA:154,23,1,0
BRDA:155,24,0,0
BRDA:155,24,1,0
BRDA:156,25,0,0
BRDA:156,25,1,0
BRDA:157,26,0,0
BRDA:157,26,1,0
BRDA:158,27,0,0
BRDA:158,27,1,0
BRDA:159,28,0,0
BRDA:159,28,1,0
BRDA:161,29,0,0
BRDA:161,29,1,0
BRDA:162,30,0,0
BRDA:162,30,1,0
BRDA:163,31,0,0
BRDA:163,31,1,0
BRDA:169,32,0,0
BRDA:169,32,1,0
BRDA:174,33,0,0
BRDA:174,33,1,0
BRDA:175,34,0,0
BRDA:175,34,1,0
BRDA:178,35,0,0
BRDA:178,35,1,0
BRDA:179,36,0,0
BRDA:179,36,1,0
BRDA:183,37,0,0
BRDA:183,37,1,0
BRDA:184,38,0,0
BRDA:184,38,1,0
BRDA:188,39,0,0
BRDA:188,39,1,0
BRDA:189,40,0,0
BRDA:189,40,1,0
BRDA:191,41,0,0
BRDA:191,41,1,0
BRDA:192,42,0,0
BRDA:192,42,1,0
BRDA:193,43,0,0
BRDA:193,43,1,0
BRDA:200,44,0,0
BRDA:200,44,1,0
BRDA:203,45,0,0
BRDA:203,45,1,0
BRDA:205,46,0,0
BRDA:205,46,1,0
BRDA:206,47,0,0
BRDA:206,47,1,0
BRDA:207,48,0,0
BRDA:207,48,1,0
BRDA:208,49,0,0
BRDA:208,49,1,0
BRDA:252,50,0,0
BRDA:252,50,1,0
BRDA:257,51,0,0
BRDA:257,51,1,0
BRDA:258,52,0,0
BRDA:258,52,1,0
BRDA:258,53,0,0
BRDA:258,53,1,0
BRDA:267,54,0,0
BRDA:267,54,1,0
BRDA:267,55,0,0
BRDA:267,55,1,0
BRDA:271,56,0,0
BRDA:271,56,1,0
BRDA:290,57,0,0
BRDA:290,57,1,0
BRDA:306,58,0,0
BRDA:311,59,0,0
BRDA:311,59,1,0
BRDA:316,60,0,0
BRDA:316,60,1,0
BRDA:320,61,0,0
BRDA:320,61,1,0
BRDA:327,62,0,0
BRDA:330,63,0,0
BRDA:331,64,0,0
BRDA:332,65,0,0
BRDA:333,66,0,0
BRDA:334,67,0,0
BRDA:335,68,0,0
BRDA:352,69,0,0
BRDA:352,69,1,0
BRDA:363,70,0,0
BRDA:369,71,0,0
BRDA:369,71,1,0
BRDA:400,72,0,0
BRDA:405,73,0,0
BRDA:405,73,1,0
BRDA:413,74,0,0
BRDA:413,74,1,0
BRDA:418,75,0,0
BRDA:418,75,1,0
BRDA:428,76,0,0
BRDA:431,77,0,0
BRDA:432,78,0,0
BRDA:433,79,0,0
BRDA:434,80,0,0
BRDA:435,81,0,0
BRDA:441,82,0,0
BRDA:441,82,1,0
BRDA:446,83,0,0
BRDA:446,83,1,0
BRDA:451,84,0,0
BRDA:451,84,1,0
BRDA:455,85,0,0
BRDA:455,85,1,0
BRDA:459,86,0,0
BRDA:459,86,1,0
BRDA:464,87,0,0
BRDA:464,87,1,0
BRDA:465,88,0,0
BRDA:465,88,1,0
BRDA:469,89,0,0
BRDA:469,89,1,0
BRDA:470,90,0,0
BRDA:470,90,1,0
BRDA:482,91,0,0
BRDA:482,91,1,0
BRDA:498,92,0,0
BRDA:498,92,1,0
BRDA:499,93,0,0
BRDA:499,93,1,0
BRDA:517,94,0,0
BRDA:517,94,1,0
BRDA:522,95,0,0
BRDA:522,95,1,0
BRDA:528,96,0,0
BRDA:528,96,1,0
BRDA:559,97,0,0
BRDA:559,97,1,0
BRDA:588,98,0,0
BRDA:588,98,1,0
BRDA:606,99,0,0
BRDA:609,100,0,0
BRDA:610,101,0,0
BRDA:611,102,0,0
BRDA:635,103,0,0
BRDA:642,104,0,0
BRDA:649,105,0,0
BRDA:658,106,0,0
BRDA:677,107,0,0
BRDA:677,107,1,0
BRDA:681,108,0,0
BRDA:681,108,1,0
BRDA:686,109,0,0
BRDA:686,109,1,0
BRDA:688,110,0,0
BRDA:688,110,1,0
BRDA:693,111,0,0
BRDA:693,111,1,0
BRDA:696,112,0,0
BRDA:696,112,1,0
BRDA:699,113,0,0
BRDA:699,113,1,0
BRDA:704,114,0,0
BRDA:704,114,1,0
BRDA:710,115,0,0
BRDA:710,115,1,0
BRDA:714,116,0,0
BRDA:714,116,1,0
BRDA:720,117,0,0
BRDA:720,117,1,0
BRDA:722,118,0,0
BRDA:722,118,1,0
BRDA:726,119,0,0
BRDA:726,119,1,0
BRDA:768,120,0,0
BRDA:768,120,1,0
BRDA:779,121,0,0
BRDA:779,121,1,0
BRDA:787,122,0,0
BRDA:787,122,1,0
BRDA:793,123,0,0
BRF:222
BRH:0
end_of_record
TN:
SF:shared/lib/database/connection-manager.js
FN:34,(anonymous_0)
FN:86,(anonymous_1)
FN:105,(anonymous_2)
FN:129,(anonymous_3)
FN:175,(anonymous_4)
FN:177,(anonymous_5)
FN:182,(anonymous_6)
FN:187,(anonymous_7)
FN:191,(anonymous_8)
FN:197,(anonymous_9)
FN:202,(anonymous_10)
FN:206,(anonymous_11)
FN:211,(anonymous_12)
FN:216,(anonymous_13)
FN:225,(anonymous_14)
FN:227,(anonymous_15)
FN:256,(anonymous_16)
FN:368,(anonymous_17)
FN:383,(anonymous_18)
FN:387,(anonymous_19)
FN:402,(anonymous_20)
FN:408,(anonymous_21)
FN:414,(anonymous_22)
FN:419,(anonymous_23)
FN:434,(anonymous_24)
FN:462,(anonymous_25)
FN:487,(anonymous_26)
FN:531,(anonymous_27)
FN:533,(anonymous_28)
FN:547,(anonymous_29)
FN:609,(anonymous_30)
FN:611,(anonymous_31)
FN:625,(anonymous_32)
FN:656,(anonymous_33)
FN:685,(anonymous_34)
FN:703,(anonymous_35)
FN:724,(anonymous_36)
FN:739,(anonymous_37)
FN:857,(anonymous_38)
FN:867,(anonymous_39)
FN:876,(anonymous_40)
FN:886,(anonymous_41)
FN:916,(anonymous_42)
FN:979,(anonymous_43)
FN:999,(anonymous_44)
FN:1013,(anonymous_45)
FN:1031,(anonymous_46)
FN:1040,(anonymous_47)
FN:1049,(anonymous_48)
FN:1063,(anonymous_49)
FN:1072,(anonymous_50)
FN:1082,(anonymous_51)
FN:1090,(anonymous_52)
FN:1131,(anonymous_53)
FNF:54
FNH:0
FNDA:0,(anonymous_0)
FNDA:0,(anonymous_1)
FNDA:0,(anonymous_2)
FNDA:0,(anonymous_3)
FNDA:0,(anonymous_4)
FNDA:0,(anonymous_5)
FNDA:0,(anonymous_6)
FNDA:0,(anonymous_7)
FNDA:0,(anonymous_8)
FNDA:0,(anonymous_9)
FNDA:0,(anonymous_10)
FNDA:0,(anonymous_11)
FNDA:0,(anonymous_12)
FNDA:0,(anonymous_13)
FNDA:0,(anonymous_14)
FNDA:0,(anonymous_15)
FNDA:0,(anonymous_16)
FNDA:0,(anonymous_17)
FNDA:0,(anonymous_18)
FNDA:0,(anonymous_19)
FNDA:0,(anonymous_20)
FNDA:0,(anonymous_21)
FNDA:0,(anonymous_22)
FNDA:0,(anonymous_23)
FNDA:0,(anonymous_24)
FNDA:0,(anonymous_25)
FNDA:0,(anonymous_26)
FNDA:0,(anonymous_27)
FNDA:0,(anonymous_28)
FNDA:0,(anonymous_29)
FNDA:0,(anonymous_30)
FNDA:0,(anonymous_31)
FNDA:0,(anonymous_32)
FNDA:0,(anonymous_33)
FNDA:0,(anonymous_34)
FNDA:0,(anonymous_35)
FNDA:0,(anonymous_36)
FNDA:0,(anonymous_37)
FNDA:0,(anonymous_38)
FNDA:0,(anonymous_39)
FNDA:0,(anonymous_40)
FNDA:0,(anonymous_41)
FNDA:0,(anonymous_42)
FNDA:0,(anonymous_43)
FNDA:0,(anonymous_44)
FNDA:0,(anonymous_45)
FNDA:0,(anonymous_46)
FNDA:0,(anonymous_47)
FNDA:0,(anonymous_48)
FNDA:0,(anonymous_49)
FNDA:0,(anonymous_50)
FNDA:0,(anonymous_51)
FNDA:0,(anonymous_52)
FNDA:0,(anonymous_53)
DA:11,6
DA:12,6
DA:13,6
DA:14,6
DA:15,6
DA:16,6
DA:17,6
DA:18,6
DA:35,0
DA:38,0
DA:41,0
DA:51,0
DA:54,0
DA:66,0
DA:79,0
DA:82,0
DA:85,0
DA:86,0
DA:87,0
DA:94,0
DA:106,0
DA:131,0
DA:139,0
DA:154,0
DA:168,0
DA:177,0
DA:178,0
DA:179,0
DA:182,0
DA:183,0
DA:184,0
DA:187,0
DA:188,0
DA:191,0
DA:192,0
DA:193,0
DA:197,0
DA:198,0
DA:199,0
DA:202,0
DA:203,0
DA:206,0
DA:207,0
DA:211,0
DA:212,0
DA:213,0
DA:216,0
DA:217,0
DA:227,0
DA:228,0
DA:233,0
DA:240,0
DA:241,0
DA:244,0
DA:247,0
DA:248,0
DA:249,0
DA:257,0
DA:260,0
DA:261,0
DA:262,0
DA:266,0
DA:267,0
DA:268,0
DA:271,0
DA:273,0
DA:274,0
DA:277,0
DA:278,0
DA:279,0
DA:283,0
DA:286,0
DA:287,0
DA:291,0
DA:292,0
DA:296,0
DA:297,0
DA:301,0
DA:304,0
DA:305,0
DA:306,0
DA:309,0
DA:315,0
DA:321,0
DA:328,0
DA:329,0
DA:335,0
DA:342,0
DA:343,0
DA:344,0
DA:345,0
DA:346,0
DA:350,0
DA:355,0
DA:369,0
DA:371,0
DA:372,0
DA:374,0
DA:376,0
DA:377,0
DA:378,0
DA:382,0
DA:384,0
DA:385,0
DA:388,0
DA:391,0
DA:394,0
DA:395,0
DA:399,0
DA:402,0
DA:403,0
DA:406,0
DA:407,0
DA:408,0
DA:409,0
DA:412,0
DA:413,0
DA:414,0
DA:419,0
DA:420,0
DA:435,0
DA:437,0
DA:439,0
DA:440,0
DA:441,0
DA:444,0
DA:449,0
DA:450,0
DA:451,0
DA:452,0
DA:453,0
DA:455,0
DA:459,0
DA:462,0
DA:466,0
DA:467,0
DA:468,0
DA:469,0
DA:470,0
DA:472,0
DA:473,0
DA:474,0
DA:478,0
DA:482,0
DA:484,0
DA:485,0
DA:487,0
DA:488,0
DA:490,0
DA:493,0
DA:497,0
DA:498,0
DA:499,0
DA:501,0
DA:502,0
DA:511,0
DA:519,0
DA:533,0
DA:534,0
DA:538,0
DA:540,0
DA:548,0
DA:556,0
DA:558,0
DA:559,0
DA:562,0
DA:563,0
DA:564,0
DA:569,0
DA:570,0
DA:578,0
DA:586,0
DA:589,0
DA:590,0
DA:594,0
DA:598,0
DA:599,0
DA:602,0
DA:611,0
DA:612,0
DA:616,0
DA:618,0
DA:626,0
DA:641,0
DA:644,0
DA:645,0
DA:648,0
DA:657,0
DA:659,0
DA:661,0
DA:662,0
DA:666,0
DA:667,0
DA:670,0
DA:673,0
DA:686,0
DA:689,0
DA:692,0
DA:695,0
DA:704,0
DA:706,0
DA:708,0
DA:709,0
DA:710,0
DA:712,0
DA:726,0
DA:727,0
DA:730,0
DA:731,0
DA:733,0
DA:734,0
DA:736,0
DA:739,0
DA:741,0
DA:743,0
DA:744,0
DA:745,0
DA:748,0
DA:751,0
DA:752,0
DA:756,0
DA:757,0
DA:760,0
DA:763,0
DA:765,0
DA:766,0
DA:768,0
DA:772,0
DA:775,0
DA:776,0
DA:777,0
DA:779,0
DA:786,0
DA:787,0
DA:790,0
DA:791,0
DA:795,0
DA:796,0
DA:797,0
DA:798,0
DA:800,0
DA:806,0
DA:811,0
DA:818,0
DA:819,0
DA:823,0
DA:827,0
DA:828,0
DA:829,0
DA:832,0
DA:837,0
DA:846,0
DA:858,0
DA:868,0
DA:877,0
DA:887,0
DA:889,0
DA:890,0
DA:893,0
DA:894,0
DA:896,0
DA:899,0
DA:902,0
DA:906,0
DA:917,0
DA:919,0
DA:921,0
DA:922,0
DA:923,0
DA:924,0
DA:927,0
DA:928,0
DA:932,0
DA:933,0
DA:937,0
DA:940,0
DA:941,0
DA:944,0
DA:948,0
DA:949,0
DA:950,0
DA:952,0
DA:958,0
DA:962,0
DA:963,0
DA:964,0
DA:966,0
DA:980,0
DA:981,0
DA:983,0
DA:984,0
DA:991,0
DA:1000,0
DA:1002,0
DA:1014,0
DA:1032,0
DA:1041,0
DA:1050,0
DA:1053,0
DA:1054,0
DA:1064,0
DA:1073,0
DA:1083,0
DA:1091,0
DA:1093,0
DA:1095,0
DA:1096,0
DA:1098,0
DA:1099,0
DA:1103,0
DA:1104,0
DA:1105,0
DA:1108,0
DA:1109,0
DA:1112,0
DA:1114,0
DA:1117,0
DA:1121,0
DA:1132,0
DA:1133,0
DA:1135,0
DA:1140,6
LF:322
LH:9
BRDA:34,0,0,0
BRDA:38,1,0,0
BRDA:38,1,1,0
BRDA:67,2,0,0
BRDA:67,2,1,0
BRDA:67,2,2,0
BRDA:73,3,0,0
BRDA:73,3,1,0
BRDA:74,4,0,0
BRDA:74,4,1,0
BRDA:85,5,0,0
BRDA:85,5,1,0
BRDA:107,6,0,0
BRDA:107,6,1,0
BRDA:240,7,0,0
BRDA:240,7,1,0
BRDA:260,8,0,0
BRDA:260,8,1,0
BRDA:266,9,0,0
BRDA:266,9,1,0
BRDA:278,10,0,0
BRDA:278,10,1,0
BRDA:286,11,0,0
BRDA:286,11,1,0
BRDA:291,12,0,0
BRDA:291,12,1,0
BRDA:296,13,0,0
BRDA:296,13,1,0
BRDA:342,14,0,0
BRDA:342,14,1,0
BRDA:342,15,0,0
BRDA:342,15,1,0
BRDA:376,16,0,0
BRDA:376,16,1,0
BRDA:403,17,0,0
BRDA:403,17,1,0
BRDA:403,17,2,0
BRDA:406,18,0,0
BRDA:406,18,1,0
BRDA:412,19,0,0
BRDA:412,19,1,0
BRDA:414,20,0,0
BRDA:414,20,1,0
BRDA:423,21,0,0
BRDA:423,21,1,0
BRDA:439,22,0,0
BRDA:439,22,1,0
BRDA:450,23,0,0
BRDA:450,23,1,0
BRDA:451,24,0,0
BRDA:451,24,1,0
BRDA:453,25,0,0
BRDA:453,25,1,0
BRDA:455,26,0,0
BRDA:455,26,1,0
BRDA:469,27,0,0
BRDA:469,27,1,0
BRDA:469,28,0,0
BRDA:469,28,1,0
BRDA:469,28,2,0
BRDA:469,28,3,0
BRDA:473,29,0,0
BRDA:473,29,1,0
BRDA:482,30,0,0
BRDA:482,30,1,0
BRDA:482,31,0,0
BRDA:482,31,1,0
BRDA:485,32,0,0
BRDA:485,32,1,0
BRDA:563,33,0,0
BRDA:563,33,1,0
BRDA:573,34,0,0
BRDA:573,34,1,0
BRDA:589,35,0,0
BRDA:589,35,1,0
BRDA:644,36,0,0
BRDA:644,36,1,0
BRDA:661,37,0,0
BRDA:661,37,1,0
BRDA:666,38,0,0
BRDA:666,38,1,0
BRDA:726,39,0,0
BRDA:726,39,1,0
BRDA:751,40,0,0
BRDA:751,40,1,0
BRDA:756,41,0,0
BRDA:756,41,1,0
BRDA:766,42,0,0
BRDA:766,42,1,0
BRDA:766,43,0,0
BRDA:766,43,1,0
BRDA:775,44,0,0
BRDA:775,44,1,0
BRDA:786,45,0,0
BRDA:786,45,1,0
BRDA:790,46,0,0
BRDA:790,46,1,0
BRDA:827,47,0,0
BRDA:827,47,1,0
BRDA:893,48,0,0
BRDA:893,48,1,0
BRDA:923,49,0,0
BRDA:923,49,1,0
BRDA:1040,50,0,0
BRDA:1053,51,0,0
BRDA:1053,51,1,0
BRDA:1053,52,0,0
BRDA:1053,52,1,0
BRDA:1072,53,0,0
BRDA:1082,54,0,0
BRDA:1095,55,0,0
BRDA:1095,55,1,0
BRDA:1098,56,0,0
BRDA:1098,56,1,0
BRDA:1132,57,0,0
BRDA:1132,57,1,0
BRF:116
BRH:0
end_of_record
TN:
SF:shared/lib/database/database-manager.js
FN:31,(anonymous_0)
FN:138,(anonymous_1)
FN:162,(anonymous_2)
FN:175,(anonymous_3)
FN:185,(anonymous_4)
FN:211,(anonymous_5)
FN:298,(anonymous_6)
FN:344,(anonymous_7)
FN:374,(anonymous_8)
FN:375,(anonymous_9)
FN:379,(anonymous_10)
FN:384,(anonymous_11)
FN:399,(anonymous_12)
FN:433,(anonymous_13)
FN:435,(anonymous_14)
FN:442,(anonymous_15)
FN:449,(anonymous_16)
FN:459,(anonymous_17)
FN:466,(anonymous_18)
FN:473,(anonymous_19)
FN:483,(anonymous_20)
FN:488,(anonymous_21)
FN:493,(anonymous_22)
FN:498,(anonymous_23)
FN:503,(anonymous_24)
FN:508,(anonymous_25)
FN:520,(anonymous_26)
FN:536,(anonymous_27)
FN:555,(anonymous_28)
FN:571,(anonymous_29)
FN:588,(anonymous_30)
FN:621,(anonymous_31)
FN:659,(anonymous_32)
FN:666,(anonymous_33)
FN:681,(anonymous_34)
FN:794,(anonymous_35)
FN:827,(anonymous_36)
FN:849,(anonymous_37)
FN:859,(anonymous_38)
FN:908,(anonymous_39)
FN:924,(anonymous_40)
FN:959,(anonymous_41)
FN:980,(anonymous_42)
FN:1002,(anonymous_43)
FN:1034,(anonymous_44)
FN:1060,(anonymous_45)
FN:1086,(anonymous_46)
FN:1097,(anonymous_47)
FN:1132,(anonymous_48)
FN:1167,(anonymous_49)
FN:1188,(anonymous_50)
FN:1199,(anonymous_51)
FN:1200,(anonymous_52)
FN:1207,(anonymous_53)
FN:1208,(anonymous_54)
FN:1240,(anonymous_55)
FN:1241,(anonymous_56)
FN:1242,(anonymous_57)
FN:1251,(anonymous_58)
FN:1312,(anonymous_59)
FNF:60
FNH:0
FNDA:0,(anonymous_0)
FNDA:0,(anonymous_1)
FNDA:0,(anonymous_2)
FNDA:0,(anonymous_3)
FNDA:0,(anonymous_4)
FNDA:0,(anonymous_5)
FNDA:0,(anonymous_6)
FNDA:0,(anonymous_7)
FNDA:0,(anonymous_8)
FNDA:0,(anonymous_9)
FNDA:0,(anonymous_10)
FNDA:0,(anonymous_11)
FNDA:0,(anonymous_12)
FNDA:0,(anonymous_13)
FNDA:0,(anonymous_14)
FNDA:0,(anonymous_15)
FNDA:0,(anonymous_16)
FNDA:0,(anonymous_17)
FNDA:0,(anonymous_18)
FNDA:0,(anonymous_19)
FNDA:0,(anonymous_20)
FNDA:0,(anonymous_21)
FNDA:0,(anonymous_22)
FNDA:0,(anonymous_23)
FNDA:0,(anonymous_24)
FNDA:0,(anonymous_25)
FNDA:0,(anonymous_26)
FNDA:0,(anonymous_27)
FNDA:0,(anonymous_28)
FNDA:0,(anonymous_29)
FNDA:0,(anonymous_30)
FNDA:0,(anonymous_31)
FNDA:0,(anonymous_32)
FNDA:0,(anonymous_33)
FNDA:0,(anonymous_34)
FNDA:0,(anonymous_35)
FNDA:0,(anonymous_36)
FNDA:0,(anonymous_37)
FNDA:0,(anonymous_38)
FNDA:0,(anonymous_39)
FNDA:0,(anonymous_40)
FNDA:0,(anonymous_41)
FNDA:0,(anonymous_42)
FNDA:0,(anonymous_43)
FNDA:0,(anonymous_44)
FNDA:0,(anonymous_45)
FNDA:0,(anonymous_46)
FNDA:0,(anonymous_47)
FNDA:0,(anonymous_48)
FNDA:0,(anonymous_49)
FNDA:0,(anonymous_50)
FNDA:0,(anonymous_51)
FNDA:0,(anonymous_52)
FNDA:0,(anonymous_53)
FNDA:0,(anonymous_54)
FNDA:0,(anonymous_55)
FNDA:0,(anonymous_56)
FNDA:0,(anonymous_57)
FNDA:0,(anonymous_58)
FNDA:0,(anonymous_59)
DA:10,6
DA:11,6
DA:12,6
DA:13,6
DA:14,6
DA:15,6
DA:32,0
DA:35,0
DA:36,0
DA:37,0
DA:40,0
DA:41,0
DA:42,0
DA:43,0
DA:46,0
DA:55,0
DA:62,0
DA:70,0
DA:78,0
DA:118,0
DA:121,0
DA:124,0
DA:126,0
DA:139,0
DA:163,0
DA:174,0
DA:175,0
DA:176,0
DA:186,0
DA:195,0
DA:212,0
DA:214,0
DA:216,0
DA:217,0
DA:221,0
DA:222,0
DA:223,0
DA:227,0
DA:230,0
DA:231,0
DA:235,0
DA:238,0
DA:241,0
DA:244,0
DA:247,0
DA:250,0
DA:251,0
DA:255,0
DA:256,0
DA:259,0
DA:262,0
DA:264,0
DA:270,0
DA:273,0
DA:274,0
DA:275,0
DA:278,0
DA:280,0
DA:287,0
DA:300,0
DA:301,0
DA:303,0
DA:304,0
DA:306,0
DA:307,0
DA:308,0
DA:309,0
DA:313,0
DA:316,0
DA:318,0
DA:321,0
DA:322,0
DA:324,0
DA:328,0
DA:329,0
DA:334,0
DA:346,0
DA:347,0
DA:350,0
DA:371,0
DA:374,0
DA:375,0
DA:376,0
DA:379,0
DA:380,0
DA:381,0
DA:384,0
DA:385,0
DA:386,0
DA:390,0
DA:400,0
DA:401,0
DA:404,0
DA:405,0
DA:409,0
DA:410,0
DA:411,0
DA:414,0
DA:435,0
DA:436,0
DA:437,0
DA:438,0
DA:442,0
DA:443,0
DA:444,0
DA:445,0
DA:449,0
DA:450,0
DA:451,0
DA:455,0
DA:459,0
DA:460,0
DA:461,0
DA:462,0
DA:466,0
DA:467,0
DA:468,0
DA:469,0
DA:473,0
DA:474,0
DA:475,0
DA:476,0
DA:480,0
DA:481,0
DA:483,0
DA:484,0
DA:488,0
DA:489,0
DA:493,0
DA:494,0
DA:498,0
DA:499,0
DA:503,0
DA:504,0
DA:508,0
DA:509,0
DA:521,0
DA:533,0
DA:536,0
DA:537,0
DA:538,0
DA:543,0
DA:544,0
DA:546,0
DA:556,0
DA:557,0
DA:558,0
DA:561,0
DA:562,0
DA:564,0
DA:565,0
DA:567,0
DA:568,0
DA:569,0
DA:571,0
DA:572,0
DA:573,0
DA:574,0
DA:575,0
DA:576,0
DA:580,0
DA:581,0
DA:582,0
DA:583,0
DA:584,0
DA:587,0
DA:588,0
DA:589,0
DA:592,0
DA:593,0
DA:599,0
DA:600,0
DA:608,0
DA:622,0
DA:623,0
DA:625,0
DA:627,0
DA:628,0
DA:629,0
DA:630,0
DA:633,0
DA:634,0
DA:637,0
DA:638,0
DA:639,0
DA:641,0
DA:644,0
DA:645,0
DA:648,0
DA:649,0
DA:661,0
DA:662,0
DA:666,0
DA:667,0
DA:670,0
DA:673,0
DA:682,0
DA:684,0
DA:685,0
DA:687,0
DA:688,0
DA:696,0
DA:698,0
DA:699,0
DA:707,0
DA:709,0
DA:711,0
DA:714,0
DA:725,0
DA:727,0
DA:731,0
DA:732,0
DA:734,0
DA:736,0
DA:746,0
DA:747,0
DA:749,0
DA:754,0
DA:756,0
DA:762,0
DA:763,0
DA:766,0
DA:773,0
DA:774,0
DA:777,0
DA:783,0
DA:784,0
DA:795,0
DA:796,0
DA:803,0
DA:804,0
DA:810,0
DA:811,0
DA:816,0
DA:817,0
DA:828,0
DA:830,0
DA:831,0
DA:832,0
DA:836,0
DA:837,0
DA:842,0
DA:850,0
DA:860,0
DA:862,0
DA:863,0
DA:864,0
DA:867,0
DA:868,0
DA:871,0
DA:872,0
DA:873,0
DA:877,0
DA:878,0
DA:879,0
DA:883,0
DA:886,0
DA:887,0
DA:888,0
DA:889,0
DA:891,0
DA:892,0
DA:895,0
DA:899,0
DA:909,0
DA:911,0
DA:912,0
DA:915,0
DA:917,0
DA:925,0
DA:932,0
DA:933,0
DA:934,0
DA:935,0
DA:937,0
DA:952,0
DA:960,0
DA:981,0
DA:983,0
DA:984,0
DA:988,0
DA:990,0
DA:991,0
DA:994,0
DA:1003,0
DA:1005,0
DA:1006,0
DA:1011,0
DA:1014,0
DA:1016,0
DA:1017,0
DA:1018,0
DA:1020,0
DA:1025,0
DA:1035,0
DA:1037,0
DA:1038,0
DA:1039,0
DA:1040,0
DA:1041,0
DA:1043,0
DA:1044,0
DA:1045,0
DA:1061,0
DA:1062,0
DA:1064,0
DA:1067,0
DA:1068,0
DA:1069,0
DA:1070,0
DA:1074,0
DA:1076,0
DA:1077,0
DA:1087,0
DA:1099,0
DA:1100,0
DA:1103,0
DA:1104,0
DA:1107,0
DA:1108,0
DA:1111,0
DA:1112,0
DA:1115,0
DA:1116,0
DA:1120,0
DA:1121,0
DA:1122,0
DA:1124,0
DA:1133,0
DA:1140,0
DA:1141,0
DA:1142,0
DA:1144,0
DA:1153,0
DA:1156,0
DA:1157,0
DA:1168,0
DA:1170,0
DA:1171,0
DA:1173,0
DA:1175,0
DA:1176,0
DA:1179,0
DA:1190,0
DA:1200,0
DA:1208,0
DA:1209,0
DA:1211,0
DA:1213,0
DA:1214,0
DA:1218,0
DA:1219,0
DA:1220,0
DA:1225,0
DA:1227,0
DA:1228,0
DA:1231,0
DA:1235,0
DA:1240,0
DA:1241,0
DA:1242,0
DA:1252,0
DA:1253,0
DA:1255,0
DA:1256,0
DA:1258,0
DA:1259,0
DA:1262,0
DA:1263,0
DA:1267,0
DA:1270,0
DA:1273,0
DA:1276,0
DA:1279,0
DA:1280,0
DA:1284,0
DA:1287,0
DA:1290,0
DA:1293,0
DA:1295,0
DA:1301,0
DA:1313,0
DA:1314,0
DA:1323,0
DA:1324,0
DA:1325,0
DA:1326,0
DA:1327,0
DA:1329,0
DA:1333,6
LF:390
LH:7
BRDA:31,0,0,0
BRDA:35,1,0,0
BRDA:35,1,1,0
BRDA:36,2,0,0
BRDA:36,2,1,0
BRDA:37,3,0,0
BRDA:37,3,1,0
BRDA:47,4,0,0
BRDA:47,4,1,0
BRDA:48,5,0,0
BRDA:48,5,1,0
BRDA:49,6,0,0
BRDA:49,6,1,0
BRDA:50,7,0,0
BRDA:50,7,1,0
BRDA:56,8,0,0
BRDA:56,8,1,0
BRDA:57,9,0,0
BRDA:57,9,1,0
BRDA:64,10,0,0
BRDA:64,10,1,0
BRDA:65,11,0,0
BRDA:65,11,1,0
BRDA:140,12,0,0
BRDA:140,12,1,0
BRDA:174,13,0,0
BRDA:174,13,1,0
BRDA:177,14,0,0
BRDA:177,14,1,0
BRDA:216,15,0,0
BRDA:216,15,1,0
BRDA:216,16,0,0
BRDA:216,16,1,0
BRDA:221,17,0,0
BRDA:221,17,1,0
BRDA:230,18,0,0
BRDA:230,18,1,0
BRDA:250,19,0,0
BRDA:250,19,1,0
BRDA:306,20,0,0
BRDA:306,20,1,0
BRDA:328,21,0,0
BRDA:328,21,1,0
BRDA:346,22,0,0
BRDA:346,22,1,0
BRDA:347,23,0,0
BRDA:347,23,1,0
BRDA:357,24,0,0
BRDA:357,24,1,0
BRDA:359,25,0,0
BRDA:359,25,1,0
BRDA:361,26,0,0
BRDA:361,26,1,0
BRDA:365,27,0,0
BRDA:365,27,1,0
BRDA:366,28,0,0
BRDA:366,28,1,0
BRDA:400,29,0,0
BRDA:400,29,1,0
BRDA:400,30,0,0
BRDA:400,30,1,0
BRDA:404,31,0,0
BRDA:404,31,1,0
BRDA:404,32,0,0
BRDA:404,32,1,0
BRDA:410,33,0,0
BRDA:410,33,1,0
BRDA:416,34,0,0
BRDA:416,34,1,0
BRDA:418,35,0,0
BRDA:418,35,1,0
BRDA:481,36,0,0
BRDA:481,36,1,0
BRDA:537,37,0,0
BRDA:537,37,1,0
BRDA:543,38,0,0
BRDA:543,38,1,0
BRDA:558,39,0,0
BRDA:558,39,1,0
BRDA:562,40,0,0
BRDA:562,40,1,0
BRDA:565,41,0,0
BRDA:565,41,1,0
BRDA:572,42,0,0
BRDA:572,42,1,0
BRDA:572,43,0,0
BRDA:572,43,1,0
BRDA:574,44,0,0
BRDA:574,44,1,0
BRDA:575,45,0,0
BRDA:575,45,1,0
BRDA:576,46,0,0
BRDA:576,46,1,0
BRDA:581,47,0,0
BRDA:581,47,1,0
BRDA:587,48,0,0
BRDA:587,48,1,0
BRDA:592,49,0,0
BRDA:592,49,1,0
BRDA:599,50,0,0
BRDA:599,50,1,0
BRDA:623,51,0,0
BRDA:623,51,1,0
BRDA:625,52,0,0
BRDA:625,52,1,0
BRDA:625,52,2,0
BRDA:625,52,3,0
BRDA:637,53,0,0
BRDA:637,53,1,0
BRDA:661,54,0,0
BRDA:661,54,1,0
BRDA:687,55,0,0
BRDA:687,55,1,0
BRDA:698,56,0,0
BRDA:698,56,1,0
BRDA:719,57,0,0
BRDA:719,57,1,0
BRDA:720,58,0,0
BRDA:720,58,1,0
BRDA:762,59,0,0
BRDA:762,59,1,0
BRDA:795,60,0,0
BRDA:795,60,1,0
BRDA:810,61,0,0
BRDA:810,61,1,0
BRDA:810,62,0,0
BRDA:810,62,1,0
BRDA:816,63,0,0
BRDA:816,63,1,0
BRDA:830,64,0,0
BRDA:830,64,1,0
BRDA:836,65,0,0
BRDA:836,65,1,0
BRDA:859,66,0,0
BRDA:862,67,0,0
BRDA:862,67,1,0
BRDA:871,68,0,0
BRDA:871,68,1,0
BRDA:877,69,0,0
BRDA:877,69,1,0
BRDA:877,70,0,0
BRDA:877,70,1,0
BRDA:908,71,0,0
BRDA:928,72,0,0
BRDA:928,72,1,0
BRDA:933,73,0,0
BRDA:933,73,1,0
BRDA:934,74,0,0
BRDA:934,74,1,0
BRDA:940,75,0,0
BRDA:940,75,1,0
BRDA:942,76,0,0
BRDA:942,76,1,0
BRDA:943,77,0,0
BRDA:943,77,1,0
BRDA:944,78,0,0
BRDA:944,78,1,0
BRDA:945,79,0,0
BRDA:945,79,1,0
BRDA:946,80,0,0
BRDA:946,80,1,0
BRDA:948,81,0,0
BRDA:948,81,1,0
BRDA:983,82,0,0
BRDA:983,82,1,0
BRDA:983,83,0,0
BRDA:983,83,1,0
BRDA:988,84,0,0
BRDA:988,84,1,0
BRDA:1005,85,0,0
BRDA:1005,85,1,0
BRDA:1016,86,0,0
BRDA:1016,86,1,0
BRDA:1037,87,0,0
BRDA:1037,87,1,0
BRDA:1043,88,0,0
BRDA:1043,88,1,0
BRDA:1067,89,0,0
BRDA:1067,89,1,0
BRDA:1067,90,0,0
BRDA:1067,90,1,0
BRDA:1068,91,0,0
BRDA:1068,91,1,0
BRDA:1087,92,0,0
BRDA:1087,92,1,0
BRDA:1099,93,0,0
BRDA:1099,93,1,0
BRDA:1107,94,0,0
BRDA:1107,94,1,0
BRDA:1115,95,0,0
BRDA:1115,95,1,0
BRDA:1121,96,0,0
BRDA:1121,96,1,0
BRDA:1141,97,0,0
BRDA:1141,97,1,0
BRDA:1142,98,0,0
BRDA:1142,98,1,0
BRDA:1147,99,0,0
BRDA:1147,99,1,0
BRDA:1148,100,0,0
BRDA:1148,100,1,0
BRDA:1156,101,0,0
BRDA:1156,101,1,0
BRDA:1173,102,0,0
BRDA:1173,102,1,0
BRDA:1218,103,0,0
BRDA:1218,103,1,0
BRDA:1258,104,0,0
BRDA:1258,104,1,0
BRDA:1262,105,0,0
BRDA:1262,105,1,0
BRDA:1279,106,0,0
BRDA:1279,106,1,0
BRDA:1313,107,0,0
BRDA:1313,107,1,0
BRF:215
BRH:0
end_of_record
TN:
SF:shared/lib/database/environment-config.js
FN:34,(anonymous_0)
FN:129,(anonymous_1)
FN:154,(anonymous_2)
FN:224,(anonymous_3)
FN:237,(anonymous_4)
FN:406,(anonymous_5)
FN:488,(anonymous_6)
FN:549,(anonymous_7)
FN:587,(anonymous_8)
FN:604,(anonymous_9)
FN:689,(anonymous_10)
[...]
DA:401,53
DA:402,53
DA:403,53
DA:404,53
DA:405,53
DA:406,53
DA:414,53
DA:415,0
DA:425,53
DA:428,53
DA:429,53
DA:435,53
DA:436,53
DA:440,53
DA:445,53
DA:446,16
DA:449,16
DA:450,0
DA:460,16
DA:463,53
DA:466,53
DA:469,53
DA:470,53
DA:480,53
DA:482,0
DA:493,0
DA:503,0
DA:504,0
DA:517,53
DA:534,0
DA:542,0
DA:550,0
DA:557,0
DA:566,0
DA:574,0
DA:584,0
DA:595,0
DA:603,0
DA:615,0
DA:623,0
DA:635,0
DA:639,0
DA:647,0
DA:659,0
DA:668,0
DA:670,0
DA:671,0
DA:679,0
DA:681,0
DA:682,0
DA:685,0
DA:687,0
DA:688,0
DA:689,0
DA:690,0
DA:692,0
DA:703,0
DA:704,0
DA:712,0
DA:713,0
DA:714,0
DA:724,16
DA:725,0
DA:726,0
DA:727,0
DA:732,16
DA:733,0
DA:739,0
DA:743,16
DA:744,0
DA:745,0
DA:749,16
DA:750,0
DA:754,16
DA:755,0
DA:759,16
DA:762,16
DA:770,16
DA:771,0
DA:775,16
DA:776,0
DA:780,16
DA:783,16
DA:784,0
DA:793,0
DA:795,0
DA:796,0
DA:801,12
DA:802,12
DA:803,0
DA:808,4
DA:812,0
DA:816,0
DA:820,0
DA:828,0
DA:835,0
DA:836,0
DA:838,0
DA:839,0
DA:850,0
DA:861,0
DA:862,0
DA:872,0
DA:873,0
DA:883,0
DA:885,0
DA:886,0
DA:887,0
DA:892,0
DA:893,0
DA:900,0
DA:910,0
DA:913,0
DA:914,0
DA:917,0
DA:926,0
DA:927,0
DA:928,0
DA:929,0
DA:931,0
DA:939,0
DA:948,0
DA:950,0
DA:951,0
DA:952,0
DA:955,0
DA:958,0
DA:959,0
DA:968,0
DA:969,0
DA:970,0
DA:972,0
DA:981,0
DA:984,0
DA:994,0
DA:996,0
DA:1006,0
DA:1017,0
DA:1032,0
DA:1040,0
DA:1041,0
DA:1042,0
DA:1044,0
DA:1045,0
DA:1046,0
DA:1047,0
DA:1050,0
DA:1053,0
DA:1062,0
DA:1063,0
DA:1071,0
DA:1072,0
DA:1074,0
DA:1089,0
DA:1093,0
DA:1107,0
DA:1111,0
DA:1119,0
DA:1120,0
DA:1121,0
DA:1131,0
DA:1139,0
DA:1140,0
DA:1143,0
DA:1152,0
DA:1153,0
DA:1154,0
DA:1155,0
DA:1156,0
DA:1157,0
DA:1158,0
DA:1159,0
DA:1171,0
DA:1180,0
DA:1194,0
DA:1195,0
DA:1197,0
DA:1198,0
DA:1199,0
DA:1200,0
DA:1201,0
DA:1202,0
DA:1204,0
DA:1205,0
DA:1211,0
DA:1219,9
DA:1227,0
DA:1228,0
DA:1230,0
DA:1239,53
DA:1243,9
DA:1251,9
DA:1252,9
DA:1253,9
DA:1254,9
DA:1255,9
DA:1262,9
DA:1263,0
DA:1264,0
DA:1272,9
DA:1273,0
DA:1274,0
DA:1276,0
DA:1285,9
DA:1286,0
LF:356
LH:83
BRDA:35,0,0,9
BRDA:35,0,1,9
BRDA:36,1,0,9
BRDA:36,1,1,0
BRDA:37,2,0,9
BRDA:37,2,1,9
BRDA:45,3,0,0
BRDA:46,4,0,0
BRDA:46,4,1,0
BRDA:47,5,0,0
BRDA:47,5,1,0
BRDA:60,6,0,0
BRDA:62,7,0,0
BRDA:62,7,1,0
BRDA:63,8,0,0
BRDA:63,8,1,0
BRDA:64,9,0,0
BRDA:64,9,1,0
BRDA:67,10,0,0
BRDA:67,10,1,0
BRDA:78,11,0,0
BRDA:78,11,1,0
BRDA:84,12,0,0
BRDA:84,12,1,0
BRDA:101,13,0,0
BRDA:101,13,1,0
BRDA:112,14,0,0
BRDA:115,15,0,0
BRDA:115,15,1,0
BRDA:116,16,0,0
BRDA:116,16,1,0
BRDA:117,17,0,0
BRDA:117,17,1,0
BRDA:119,18,0,0
BRDA:119,18,1,0
BRDA:123,19,0,0
BRDA:123,19,1,0
BRDA:125,20,0,0
BRDA:125,20,1,0
BRDA:139,21,0,0
BRDA:139,21,1,0
BRDA:150,22,0,0
BRDA:151,23,0,0
BRDA:151,23,1,0
BRDA:152,24,0,0
BRDA:152,24,1,0
BRDA:153,25,0,0
BRDA:153,25,1,0
BRDA:154,26,0,0
BRDA:154,26,1,0
BRDA:159,27,0,0
BRDA:159,27,1,0
BRDA:159,28,0,0
BRDA:159,28,1,0
BRDA:165,29,0,0
BRDA:165,29,1,0
BRDA:171,30,0,0
BRDA:171,30,1,0
BRDA:174,31,0,0
BRDA:174,31,1,0
BRDA:179,32,0,0
BRDA:179,32,1,0
BRDA:184,33,0,0
BRDA:184,33,1,0
BRDA:193,34,0,0
BRDA:193,34,1,0
BRDA:215,35,0,0
BRDA:215,35,1,0
BRDA:220,36,0,0
BRDA:220,36,1,0
BRDA:223,37,0,0
BRDA:223,37,1,0
BRDA:223,38,0,0
BRDA:223,38,1,0
BRDA:228,39,0,0
BRDA:228,39,1,0
BRDA:237,40,0,0
BRDA:237,40,1,0
BRDA:238,41,0,0
BRDA:238,41,1,0
BRDA:250,42,0,0
BRDA:250,42,1,0
BRDA:263,43,0,0
BRDA:263,43,1,0
BRDA:272,44,0,0
BRDA:272,44,1,0
BRDA:273,45,0,0
BRDA:273,45,1,0
BRDA:304,46,0,0
BRDA:304,46,1,0
BRDA:326,47,0,0
BRDA:326,47,1,0
BRDA:342,48,0,0
BRDA:343,49,0,53
BRDA:343,49,1,0
BRDA:343,49,2,0
BRDA:344,50,0,53
BRDA:344,50,1,53
BRDA:344,50,2,53
BRDA:345,51,0,53
BRDA:345,51,1,53
BRDA:345,51,2,53
BRDA:347,52,0,53
BRDA:347,52,1,53
BRDA:349,53,0,53
BRDA:349,53,1,53
BRDA:352,54,0,53
BRDA:352,54,1,53
BRDA:353,55,0,53
BRDA:353,55,1,53
BRDA:354,56,0,53
BRDA:354,56,1,53
BRDA:355,57,0,53
BRDA:355,57,1,53
BRDA:358,58,0,53
BRDA:358,58,1,53
BRDA:359,59,0,53
BRDA:359,59,1,53
BRDA:373,60,0,0
BRDA:373,60,1,53
BRDA:376,61,0,0
BRDA:376,61,1,53
BRDA:379,62,0,53
BRDA:379,62,1,53
BRDA:383,63,0,53
BRDA:383,63,1,53
BRDA:384,64,0,53
BRDA:384,64,1,53
BRDA:396,65,0,0
BRDA:396,65,1,53
BRDA:414,66,0,0
BRDA:414,66,1,53
BRDA:414,67,0,53
BRDA:414,67,1,0
BRDA:428,68,0,53
BRDA:428,68,1,0
BRDA:435,69,0,53
BRDA:435,69,1,0
BRDA:446,70,0,16
BRDA:446,70,1,0
BRDA:446,71,0,16
BRDA:446,71,1,0
BRDA:449,72,0,0
BRDA:449,72,1,16
BRDA:469,73,0,53
BRDA:469,73,1,0
BRDA:480,74,0,0
BRDA:480,74,1,53
BRDA:503,75,0,0
BRDA:503,75,1,0
BRDA:583,76,0,0
BRDA:606,77,0,0
BRDA:606,77,1,0
BRDA:609,78,0,0
BRDA:609,78,1,0
BRDA:610,79,0,0
BRDA:610,79,1,0
BRDA:626,80,0,0
BRDA:626,80,1,0
BRDA:635,81,0,0
BRDA:635,81,1,0
BRDA:636,82,0,0
BRDA:636,82,1,0
BRDA:637,83,0,0
BRDA:637,83,1,0
BRDA:656,84,0,0
BRDA:656,84,1,0
BRDA:670,85,0,0
BRDA:670,85,1,0
BRDA:679,86,0,0
BRDA:679,86,1,0
BRDA:688,87,0,0
BRDA:688,87,1,0
BRDA:712,88,0,0
BRDA:712,88,1,0
BRDA:722,89,0,0
BRDA:724,90,0,0
BRDA:724,90,1,16
BRDA:726,91,0,0
BRDA:726,91,1,0
BRDA:732,92,0,0
BRDA:732,92,1,16
BRDA:743,93,0,0
BRDA:743,93,1,16
BRDA:749,94,0,0
BRDA:749,94,1,16
BRDA:754,95,0,0
BRDA:754,95,1,16
BRDA:770,96,0,0
BRDA:770,96,1,16
BRDA:775,97,0,0
BRDA:775,97,1,16
BRDA:783,98,0,0
BRDA:783,98,1,16
BRDA:784,99,0,0
BRDA:784,99,1,0
BRDA:792,100,0,0
BRDA:795,101,0,0
BRDA:795,101,1,0
BRDA:800,102,0,0
BRDA:802,103,0,0
BRDA:802,103,1,12
BRDA:807,104,0,0
BRDA:811,105,0,0
BRDA:815,106,0,0
BRDA:819,107,0,0
BRDA:835,108,0,0
BRDA:835,108,1,0
BRDA:835,109,0,0
BRDA:835,109,1,0
BRDA:838,110,0,0
BRDA:838,110,1,0
BRDA:849,111,0,0
BRDA:861,112,0,0
BRDA:861,112,1,0
BRDA:871,113,0,0
BRDA:872,114,0,0
BRDA:872,114,1,0
BRDA:885,115,0,0
BRDA:892,116,0,0
BRDA:892,116,1,0
BRDA:913,117,0,0
BRDA:913,117,1,0
BRDA:950,118,0,0
BRDA:950,118,1,0
BRDA:970,119,0,0
BRDA:970,119,1,0
BRDA:993,120,0,0
BRDA:1029,121,0,0
BRDA:1041,122,0,0
BRDA:1041,122,1,0
BRDA:1046,123,0,0
BRDA:1046,123,1,0
BRDA:1071,124,0,0
BRDA:1071,124,1,0
BRDA:1082,125,0,0
BRDA:1088,126,0,0
BRDA:1101,127,0,0
BRDA:1103,128,0,0
BRDA:1104,129,0,0
BRDA:1105,130,0,0
BRDA:1106,131,0,0
BRDA:1120,132,0,0
BRDA:1120,132,1,0
BRDA:1120,133,0,0
BRDA:1120,133,1,0
BRDA:1139,134,0,0
BRDA:1139,134,1,0
BRDA:1170,135,0,0
BRDA:1170,136,0,0
BRDA:1193,137,0,0
BRDA:1226,138,0,0
BRDA:1227,139,0,0
BRDA:1227,139,1,0
BRDA:1238,140,0,0
BRDA:1273,141,0,0
BRDA:1273,141,1,0
BRF:257
BRH:55
end_of_record
TN:
SF:shared/lib/utils/validators/common-validators.js
FN:19,(anonymous_0)
FN:23,(anonymous_1)
FN:27,(anonymous_2)
FN:31,(anonymous_3)
FN:35,(anonymous_4)
FN:39,(anonymous_5)
FN:43,(anonymous_6)
FN:47,(anonymous_7)
FN:51,(anonymous_8)
FN:55,(anonymous_9)
FN:59,(anonymous_10)
FN:63,(anonymous_11)
FN:67,(anonymous_12)
FN:71,(anonymous_13)
FN:75,(anonymous_14)
FN:79,(anonymous_15)
FN:83,(anonymous_16)
FN:87,(anonymous_17)
FN:91,(anonymous_18)
FN:95,(anonymous_19)
FN:99,(anonymous_20)
FN:111,(anonymous_21)
FN:123,(anonymous_22)
FN:140,(anonymous_23)
FN:160,(anonymous_24)
FN:172,(anonymous_25)
FN:184,(anonymous_26)
FN:199,(anonymous_27)
FN:221,(anonymous_28)
FN:250,(anonymous_29)
FN:259,(anonymous_30)
FN:274,(anonymous_31)
FN:282,(anonymous_32)
FN:305,(anonymous_33)
FN:324,(anonymous_34)
FN:338,(anonymous_35)
FN:363,(anonymous_36)
FN:379,(anonymous_37)
FN:401,(anonymous_38)
FN:414,(anonymous_39)
FN:427,(anonymous_40)
FN:450,(anonymous_41)
FN:463,(anonymous_42)
FN:486,(anonymous_43)
FN:493,(anonymous_44)
FN:512,(anonymous_45)
FN:535,(anonymous_46)
FN:552,(anonymous_47)
FN:568,(anonymous_48)
FN:580,(anonymous_49)
FN:591,(anonymous_50)
FN:602,(anonymous_51)
FN:614,(anonymous_52)
FN:635,(anonymous_53)
FN:646,(anonymous_54)
FN:660,(anonymous_55)
FN:676,(anonymous_56)
FN:711,(anonymous_57)
FN:736,(anonymous_58)
FN:769,(anonymous_59)
FN:793,(anonymous_60)
FN:799,(anonymous_61)
FN:813,(anonymous_62)
FN:847,(anonymous_63)
FN:889,(anonymous_64)
FN:915,(anonymous_65)
FN:939,(anonymous_66)
FN:957,(anonymous_67)
FN:980,(anonymous_68)
FN:1012,(anonymous_69)
FN:1013,(anonymous_70)
FN:1017,(anonymous_71)
FN:1042,(anonymous_72)
FNF:73
FNH:0
FNDA:0,(anonymous_0)
FNDA:0,(anonymous_1)
FNDA:0,(anonymous_2)
FNDA:0,(anonymous_3)
FNDA:0,(anonymous_4)
FNDA:0,(anonymous_5)
FNDA:0,(anonymous_6)
FNDA:0,(anonymous_7)
FNDA:0,(anonymous_8)
FNDA:0,(anonymous_9)
FNDA:0,(anonymous_10)
FNDA:0,(anonymous_11)
FNDA:0,(anonymous_12)
FNDA:0,(anonymous_13)
FNDA:0,(anonymous_14)
FNDA:0,(anonymous_15)
FNDA:0,(anonymous_16)
FNDA:0,(anonymous_17)
FNDA:0,(anonymous_18)
FNDA:0,(anonymous_19)
FNDA:0,(anonymous_20)
FNDA:0,(anonymous_21)
FNDA:0,(anonymous_22)
FNDA:0,(anonymous_23)
FNDA:0,(anonymous_24)
FNDA:0,(anonymous_25)
FNDA:0,(anonymous_26)
FNDA:0,(anonymous_27)
FNDA:0,(anonymous_28)
FNDA:0,(anonymous_29)
FNDA:0,(anonymous_30)
FNDA:0,(anonymous_31)
FNDA:0,(anonymous_32)
FNDA:0,(anonymous_33)
FNDA:0,(anonymous_34)
FNDA:0,(anonymous_35)
FNDA:0,(anonymous_36)
FNDA:0,(anonymous_37)
FNDA:0,(anonymous_38)
FNDA:0,(anonymous_39)
FNDA:0,(anonymous_40)
FNDA:0,(anonymous_41)
FNDA:0,(anonymous_42)
FNDA:0,(anonymous_43)
FNDA:0,(anonymous_44)
FNDA:0,(anonymous_45)
FNDA:0,(anonymous_46)
FNDA:0,(anonymous_47)
FNDA:0,(anonymous_48)
FNDA:0,(anonymous_49)
FNDA:0,(anonymous_50)
FNDA:0,(anonymous_51)
FNDA:0,(anonymous_52)
FNDA:0,(anonymous_53)
FNDA:0,(anonymous_54)
FNDA:0,(anonymous_55)
FNDA:0,(anonymous_56)
FNDA:0,(anonymous_57)
FNDA:0,(anonymous_58)
FNDA:0,(anonymous_59)
FNDA:0,(anonymous_60)
FNDA:0,(anonymous_61)
FNDA:0,(anonymous_62)
FNDA:0,(anonymous_63)
FNDA:0,(anonymous_64)
FNDA:0,(anonymous_65)
FNDA:0,(anonymous_66)
FNDA:0,(anonymous_67)
FNDA:0,(anonymous_68)
FNDA:0,(anonymous_69)
FNDA:0,(anonymous_70)
FNDA:0,(anonymous_71)
FNDA:0,(anonymous_72)
DA:9,4
DA:10,4
DA:20,0
DA:24,0
DA:28,0
DA:32,0
DA:36,0
DA:40,0
DA:44,0
DA:48,0
DA:52,0
DA:56,0
DA:60,0
DA:64,0
DA:68,0
DA:72,0
DA:76,0
DA:80,0
DA:84,0
DA:88,0
DA:92,0
DA:96,0
DA:100,0
DA:112,0
DA:124,0
DA:125,0
DA:126,0
DA:127,0
DA:141,0
DA:142,0
DA:144,0
DA:145,0
DA:148,0
DA:149,0
DA:151,0
DA:161,0
DA:162,0
DA:173,0
DA:174,0
DA:175,0
DA:185,0
DA:200,0
DA:201,0
DA:203,0
DA:205,0
DA:206,0
DA:207,0
DA:208,0
DA:210,0
DA:222,0
DA:224,0
DA:225,0
DA:228,0
DA:229,0
DA:230,0
DA:231,0
DA:233,0
DA:234,0
DA:237,0
DA:251,0
DA:253,0
DA:255,0
DA:256,0
DA:258,0
DA:259,0
DA:262,0
DA:275,0
DA:276,0
DA:279,0
DA:281,0
DA:282,0
DA:283,0
DA:286,0
DA:287,0
DA:288,0
DA:289,0
DA:294,0
DA:306,0
DA:307,0
DA:309,0
DA:310,0
DA:313,0
DA:325,0
DA:326,0
DA:339,0
DA:341,0
DA:343,0
DA:344,0
DA:346,0
DA:347,0
DA:350,0
DA:352,0
DA:364,0
DA:365,0
DA:366,0
DA:380,0
DA:382,0
DA:384,0
DA:385,0
DA:386,0
DA:387,0
DA:388,0
DA:390,0
DA:402,0
DA:403,0
DA:404,0
DA:405,0
DA:415,0
DA:416,0
DA:428,0
DA:430,0
DA:431,0
DA:433,0
DA:434,0
DA:435,0
DA:436,0
DA:437,0
DA:441,0
DA:451,0
DA:452,0
DA:464,0
DA:466,0
DA:468,0
DA:469,0
DA:470,0
DA:471,0
DA:474,0
DA:487,0
DA:489,0
DA:491,0
DA:492,0
DA:493,0
DA:494,0
DA:498,0
DA:513,0
DA:515,0
DA:517,0
DA:518,0
DA:520,0
DA:521,0
DA:523,0
DA:524,0
DA:526,0
DA:536,0
DA:538,0
DA:539,0
DA:540,0
DA:542,0
DA:553,0
DA:554,0
DA:556,0
DA:557,0
DA:559,0
DA:569,0
DA:570,0
DA:571,0
DA:581,0
DA:582,0
DA:592,0
DA:593,0
DA:603,0
DA:604,0
DA:615,0
DA:617,0
DA:619,0
DA:621,0
DA:623,0
DA:625,0
DA:636,0
DA:637,0
DA:647,0
DA:648,0
DA:661,0
DA:664,0
DA:677,0
DA:679,0
DA:681,0
DA:682,0
DA:686,0
DA:689,0
DA:693,0
DA:694,0
DA:701,0
DA:712,0
DA:714,0
DA:716,0
DA:717,0
DA:721,0
DA:724,0
DA:741,0
DA:743,0
DA:745,0
DA:746,0
DA:750,0
DA:753,0
DA:775,0
DA:777,0
DA:779,0
DA:780,0
DA:784,0
DA:787,0
DA:791,0
DA:792,0
DA:793,0
DA:797,0
DA:798,0
DA:799,0
DA:803,0
DA:819,0
DA:821,0
DA:823,0
DA:824,0
DA:828,0
DA:831,0
DA:832,0
DA:835,0
DA:853,0
DA:855,0
DA:857,0
DA:858,0
DA:862,0
DA:865,0
DA:869,0
DA:870,0
DA:874,0
DA:879,0
DA:890,0
DA:892,0
DA:894,0
DA:895,0
DA:899,0
DA:902,0
DA:921,0
DA:923,0
DA:925,0
DA:926,0
DA:930,0
DA:933,0
DA:937,0
DA:938,0
DA:940,0
DA:941,0
DA:946,0
DA:958,0
DA:960,0
DA:962,0
DA:963,0
DA:967,0
DA:970,0
DA:981,0
DA:1013,0
DA:1014,0
DA:1016,0
DA:1017,0
DA:1024,0
DA:1032,0
DA:1043,0
DA:1050,4
LF:258
LH:3
BRDA:112,0,0,0
BRDA:112,0,1,0
BRDA:123,1,0,0
BRDA:124,2,0,0
BRDA:125,3,0,0
BRDA:125,3,1,0
BRDA:126,4,0,0
BRDA:126,4,1,0
BRDA:140,5,0,0
BRDA:141,6,0,0
BRDA:141,6,1,0
BRDA:144,7,0,0
BRDA:144,7,1,0
BRDA:148,8,0,0
BRDA:148,8,1,0
BRDA:148,9,0,0
BRDA:148,9,1,0
BRDA:149,10,0,0
BRDA:149,10,1,0
BRDA:149,11,0,0
BRDA:149,11,1,0
BRDA:161,12,0,0
BRDA:161,12,1,0
BRDA:172,13,0,0
BRDA:173,14,0,0
BRDA:173,14,1,0
BRDA:199,15,0,0
BRDA:201,16,0,0
BRDA:201,16,1,0
BRDA:203,17,0,0
BRDA:203,18,0,0
BRDA:205,19,0,0
BRDA:205,19,1,0
BRDA:205,20,0,0
BRDA:205,20,1,0
BRDA:206,21,0,0
BRDA:206,21,1,0
BRDA:206,22,0,0
BRDA:206,22,1,0
BRDA:207,23,0,0
BRDA:207,23,1,0
BRDA:207,24,0,0
BRDA:207,24,1,0
BRDA:208,25,0,0
BRDA:208,25,1,0
BRDA:208,26,0,0
BRDA:208,26,1,0
BRDA:221,27,0,0
BRDA:222,28,0,0
BRDA:224,29,0,0
BRDA:224,29,1,0
BRDA:228,30,0,0
BRDA:228,30,1,0
BRDA:229,31,0,0
BRDA:229,31,1,0
BRDA:233,32,0,0
BRDA:233,32,1,0
BRDA:234,33,0,0
BRDA:234,33,1,0
BRDA:250,34,0,0
BRDA:251,35,0,0
BRDA:251,35,1,0
BRDA:255,36,0,0
BRDA:255,36,1,0
BRDA:255,37,0,0
BRDA:255,37,1,0
BRDA:256,38,0,0
BRDA:256,38,1,0
BRDA:256,39,0,0
BRDA:256,39,1,0
BRDA:258,40,0,0
BRDA:258,40,1,0
BRDA:258,41,0,0
BRDA:258,41,1,0
BRDA:274,42,0,0
BRDA:275,43,0,0
BRDA:275,43,1,0
BRDA:275,44,0,0
BRDA:275,44,1,0
BRDA:275,44,2,0
BRDA:281,45,0,0
BRDA:281,45,1,0
BRDA:281,46,0,0
BRDA:281,46,1,0
BRDA:283,47,0,0
BRDA:283,47,1,0
BRDA:286,48,0,0
BRDA:286,48,1,0
BRDA:286,49,0,0
BRDA:286,49,1,0
BRDA:288,50,0,0
BRDA:288,50,1,0
BRDA:288,51,0,0
BRDA:288,51,1,0
BRDA:305,52,0,0
BRDA:306,53,0,0
BRDA:306,53,1,0
BRDA:307,54,0,0
BRDA:309,55,0,0
BRDA:309,55,1,0
BRDA:324,56,0,0
BRDA:325,57,0,0
BRDA:325,57,1,0
BRDA:338,58,0,0
BRDA:339,59,0,0
BRDA:339,59,1,0
BRDA:341,60,0,0
BRDA:341,61,0,0
BRDA:346,62,0,0
BRDA:346,62,1,0
BRDA:346,63,0,0
BRDA:346,63,1,0
BRDA:364,64,0,0
BRDA:364,64,1,0
BRDA:365,65,0,0
BRDA:365,65,1,0
BRDA:379,66,0,0
BRDA:380,67,0,0
BRDA:380,67,1,0
BRDA:382,68,0,0
BRDA:382,69,0,0
BRDA:382,70,0,0
BRDA:385,71,0,0
BRDA:385,71,1,0
BRDA:386,72,0,0
BRDA:386,72,1,0
BRDA:387,73,0,0
BRDA:387,73,1,0
BRDA:401,74,0,0
BRDA:402,75,0,0
BRDA:402,75,1,0
BRDA:403,76,0,0
BRDA:404,77,0,0
BRDA:404,77,1,0
BRDA:415,78,0,0
BRDA:415,78,1,0
BRDA:427,79,0,0
BRDA:428,80,0,0
BRDA:428,80,1,0
BRDA:428,81,0,0
BRDA:428,81,1,0
BRDA:431,82,0,0
BRDA:431,82,1,0
BRDA:434,83,0,0
BRDA:434,83,1,0
BRDA:436,84,0,0
BRDA:436,84,1,0
BRDA:436,85,0,0
BRDA:436,85,1,0
BRDA:451,86,0,0
BRDA:451,86,1,0
BRDA:463,87,0,0
BRDA:464,88,0,0
BRDA:464,88,1,0
BRDA:468,89,0,0
BRDA:468,89,1,0
BRDA:470,90,0,0
BRDA:470,90,1,0
BRDA:474,91,0,0
BRDA:474,91,1,0
BRDA:486,92,0,0
BRDA:487,93,0,0
BRDA:487,93,1,0
BRDA:489,94,0,0
BRDA:491,95,0,0
BRDA:491,95,1,0
BRDA:491,96,0,0
BRDA:491,96,1,0
BRDA:494,97,0,0
BRDA:494,97,1,0
BRDA:512,98,0,0
BRDA:513,99,0,0
BRDA:513,99,1,0
BRDA:515,100,0,0
BRDA:515,100,1,0
BRDA:517,101,0,0
BRDA:517,102,0,0
BRDA:520,103,0,0
BRDA:520,103,1,0
BRDA:520,104,0,0
BRDA:520,104,1,0
BRDA:521,105,0,0
BRDA:521,105,1,0
BRDA:521,106,0,0
BRDA:521,106,1,0
BRDA:523,107,0,0
BRDA:523,107,1,0
BRDA:523,108,0,0
BRDA:523,108,1,0
BRDA:524,109,0,0
BRDA:524,109,1,0
BRDA:524,110,0,0
BRDA:524,110,1,0
BRDA:536,111,0,0
BRDA:536,111,1,0
BRDA:553,112,0,0
BRDA:553,112,1,0
BRDA:556,113,0,0
BRDA:556,113,1,0
BRDA:557,114,0,0
BRDA:557,114,1,0
BRDA:569,115,0,0
BRDA:569,115,1,0
BRDA:581,116,0,0
BRDA:581,116,1,0
BRDA:592,117,0,0
BRDA:592,117,1,0
BRDA:603,118,0,0
BRDA:603,118,1,0
BRDA:614,119,0,0
BRDA:615,120,0,0
BRDA:615,120,1,0
BRDA:617,121,0,0
BRDA:617,121,1,0
BRDA:617,121,2,0
BRDA:617,121,3,0
BRDA:636,122,0,0
BRDA:636,122,1,0
BRDA:647,123,0,0
BRDA:647,123,1,0
BRDA:660,124,0,0
BRDA:661,125,0,0
BRDA:661,125,1,0
BRDA:662,126,0,0
BRDA:662,126,1,0
BRDA:676,127,0,0
BRDA:676,128,0,0
BRDA:677,129,0,0
BRDA:677,130,0,0
BRDA:681,131,0,0
BRDA:681,131,1,0
BRDA:693,132,0,0
BRDA:693,132,1,0
BRDA:711,133,0,0
BRDA:711,134,0,0
BRDA:712,135,0,0
BRDA:712,136,0,0
BRDA:716,137,0,0
BRDA:716,137,1,0
BRDA:736,138,0,0
BRDA:736,139,0,0
BRDA:738,140,0,0
BRDA:739,141,0,0
BRDA:740,142,0,0
BRDA:745,143,0,0
BRDA:745,143,1,0
BRDA:769,144,0,0
BRDA:771,145,0,0
BRDA:772,146,0,0
BRDA:773,147,0,0
BRDA:774,148,0,0
BRDA:779,149,0,0
BRDA:779,149,1,0
BRDA:791,150,0,0
BRDA:791,150,1,0
BRDA:797,151,0,0
BRDA:797,151,1,0
BRDA:813,152,0,0
BRDA:815,153,0,0
BRDA:816,154,0,0
BRDA:817,155,0,0
BRDA:818,156,0,0
BRDA:823,157,0,0
BRDA:823,157,1,0
BRDA:831,158,0,0
BRDA:831,158,1,0
BRDA:847,159,0,0
BRDA:849,160,0,0
BRDA:850,161,0,0
BRDA:851,162,0,0
BRDA:852,163,0,0
BRDA:857,164,0,0
BRDA:857,164,1,0
BRDA:869,165,0,0
BRDA:869,165,1,0
BRDA:889,166,0,0
BRDA:890,167,0,0
BRDA:894,168,0,0
BRDA:894,168,1,0
BRDA:915,169,0,0
BRDA:917,170,0,0
BRDA:918,171,0,0
BRDA:919,172,0,0
BRDA:920,173,0,0
BRDA:925,174,0,0
BRDA:925,174,1,0
BRDA:937,175,0,0
BRDA:937,175,1,0
BRDA:957,176,0,0
BRDA:958,177,0,0
BRDA:962,178,0,0
BRDA:962,178,1,0
BRDA:1016,179,0,0
BRDA:1016,179,1,0
BRDA:1018,180,0,0
BRDA:1018,180,1,0
BRF:296
BRH:0
end_of_record
TN:
SF:tests/fixtures/consultation.fixtures.js
FN:8,(anonymous_0)
FN:181,(anonymous_1)
FN:190,(anonymous_2)
FN:199,(anonymous_3)
FN:208,(anonymous_4)
FNF:5
FNH:1
FNDA:24,(anonymous_0)
FNDA:0,(anonymous_1)
FNDA:0,(anonymous_2)
FNDA:0,(anonymous_3)
FNDA:0,(anonymous_4)
DA:6,3
DA:8,24
DA:13,3
DA:44,3
DA:64,3
DA:92,3
DA:135,3
DA:165,3
DA:181,3
DA:190,3
DA:199,3
DA:208,3
DA:214,3
LF:13
LH:13
BRDA:181,0,0,0
BRDA:190,1,0,0
BRDA:199,2,0,0
BRDA:208,3,0,0
BRF:4
BRH:0
end_of_record
TN:
SF:tests/mocks/database.mock.js
FN:11,(anonymous_0)
FN:15,(anonymous_1)
FN:64,(anonymous_2)
FN:82,(anonymous_3)
FN:94,(anonymous_4)
FN:118,(anonymous_5)
FN:128,(anonymous_6)
FNF:7
FNH:3
FNDA:87,(anonymous_0)
FNDA:0,(anonymous_1)
FNDA:0,(anonymous_2)
FNDA:0,(anonymous_3)
FNDA:0,(anonymous_4)
FNDA:7,(anonymous_5)
FNDA:130,(anonymous_6)
DA:6,3
DA:11,3
DA:12,87
DA:15,87
DA:16,0
DA:17,0
DA:18,0
DA:19,0
DA:20,0
DA:21,0
DA:25,87
DA:35,87
DA:42,87
DA:49,87
DA:56,87
DA:57,87
DA:58,87
DA:59,87
DA:60,87
DA:61,87
DA:62,87
DA:63,87
DA:64,87
DA:65,87
DA:68,87
DA:73,87
DA:74,87
DA:76,87
DA:82,3
DA:94,3
DA:118,3
DA:119,7
DA:120,0
DA:122,7
DA:128,130
DA:140,3
LF:36
LH:29
BRDA:11,0,0,0
BRDA:119,1,0,0
BRDA:119,1,1,7
BRDA:119,2,0,7
BRDA:119,2,1,0
BRDA:130,3,0,130
BRDA:130,3,1,0
BRF:7
BRH:3
end_of_record
TN:
SF:tests/mocks/express.mock.js
FN:9,(anonymous_0)
FN:19,(anonymous_1)
FN:20,(anonymous_2)
FN:42,(anonymous_3)
FN:66,(anonymous_4)
FN:71,(anonymous_5)
FN:76,(anonymous_6)
FN:87,(anonymous_7)
FN:95,(anonymous_8)
FN:102,(anonymous_9)
FN:109,(anonymous_10)
FN:116,(anonymous_11)
FN:130,(anonymous_12)
FNF:13
FNH:0
FNDA:0,(anonymous_0)
FNDA:0,(anonymous_1)
FNDA:0,(anonymous_2)
FNDA:0,(anonymous_3)
FNDA:0,(anonymous_4)
FNDA:0,(anonymous_5)
FNDA:0,(anonymous_6)
FNDA:0,(anonymous_7)
FNDA:0,(anonymous_8)
FNDA:0,(anonymous_9)
FNDA:0,(anonymous_10)
FNDA:0,(anonymous_11)
FNDA:0,(anonymous_12)
DA:9,1
DA:10,0
DA:19,0
DA:20,0
DA:36,0
DA:42,1
DA:43,0
DA:66,0
DA:67,0
DA:68,0
DA:71,0
DA:72,0
DA:73,0
DA:76,0
DA:77,0
DA:78,0
DA:81,0
DA:87,1
DA:88,0
DA:89,0
DA:95,1
DA:96,0
DA:102,1
DA:103,0
DA:109,1
DA:110,0
DA:116,1
DA:130,1
DA:142,1
LF:29
LH:9
BRDA:9,0,0,0
BRDA:11,1,0,0
BRDA:11,1,1,0
BRDA:12,2,0,0
BRDA:12,2,1,0
BRDA:13,3,0,0
BRDA:13,3,1,0
BRDA:14,4,0,0
BRDA:14,4,1,0
BRDA:15,5,0,0
BRDA:15,5,1,0
BRDA:16,6,0,0
BRDA:16,6,1,0
BRDA:17,7,0,0
BRDA:17,7,1,0
BRDA:18,8,0,0
BRDA:18,8,1,0
BRDA:21,9,0,0
BRDA:21,9,1,0
BRDA:22,10,0,0
BRDA:22,10,1,0
BRDA:23,11,0,0
BRDA:23,11,1,0
BRDA:24,12,0,0
BRDA:24,12,1,0
BRDA:25,13,0,0
BRDA:25,13,1,0
BRDA:26,14,0,0
BRDA:26,14,1,0
BRDA:27,15,0,0
BRDA:27,15,1,0
BRDA:28,16,0,0
BRDA:28,16,1,0
BRDA:29,17,0,0
BRDA:29,17,1,0
BRDA:30,18,0,0
BRDA:30,18,1,0
BRDA:31,19,0,0
BRDA:31,19,1,0
BRDA:32,20,0,0
BRDA:32,20,1,0
BRDA:33,21,0,0
BRDA:33,21,1,0
BRDA:96,22,0,0
BRDA:96,22,1,0
BRDA:96,22,2,0
BRDA:103,23,0,0
BRDA:103,23,1,0
BRDA:116,24,0,0
BRDA:117,25,0,0
BRDA:117,25,1,0
BRDA:118,26,0,0
BRDA:118,26,1,0
BRDA:119,27,0,0
BRDA:119,27,1,0
BRDA:120,28,0,0
BRDA:120,28,1,0
BRDA:121,29,0,0
BRDA:121,29,1,0
BRDA:122,30,0,0
BRDA:122,30,1,0
BRDA:123,31,0,0
BRDA:123,31,1,0
BRDA:130,32,0,0
BRDA:131,33,0,0
BRDA:131,33,1,0
BRDA:132,34,0,0
BRDA:132,34,1,0
BRDA:133,35,0,0
BRDA:133,35,1,0
BRDA:134,36,0,0
BRDA:134,36,1,0
BRDA:135,37,0,0
BRDA:135,37,1,0
BRDA:136,38,0,0
BRDA:136,38,1,0
BRDA:137,39,0,0
BRDA:137,39,1,0
BRDA:138,40,0,0
BRDA:138,40,1,0
BRF:80
BRH:0
end_of_record
